NAME: 	Alexey_2day_rhand
Completed cycles:	38
Failed cycles:	1
1	1	1047
1	2	271
1	3	296
1	4	276
1	5	222
1	6	178
1	7	227
1	8	329
1	9	237
1	10	179
1	11	210
1	12	260
1	13	281
1	14	204
1	15	263
1	16	302
1	17	254
1	18	258
1	19	239
1	20	242
1	21	305
1	22	291
1	23	243
1	24	237
1	25	228
1	26	285
1	27	235
1	28	309
1	29	217
1	30	323
2	1	256
2	2	339
2	3	227
2	4	247
2	5	364
2	6	258
2	7	182
2	8	276
2	9	221
2	10	237
2	11	193
2	12	264
2	13	238
2	14	300
2	15	277
2	16	276
2	17	321
2	18	297
2	19	304
2	20	318
2	21	387
2	22	242
2	23	264
2	24	234
2	25	301
2	26	340
2	27	250
2	28	247
2	29	244
2	30	274
3	1	232
3	2	257
3	3	270
3	4	271
3	5	238
3	6	269
3	7	231
3	8	365
3	9	347
3	10	318
3	11	299
3	12	270
3	13	224
3	14	304
3	15	282
3	16	276
3	17	281
3	18	310
3	19	300
3	20	264
3	21	231
3	22	308
3	23	241
3	24	316
3	25	280
3	26	293
3	27	364
3	28	285
3	29	310
3	30	239
4	1	467
4	2	294
4	3	342
4	4	260
4	5	230
4	6	272
4	7	230
4	8	253
4	9	229
4	10	243
4	11	298
4	12	333
4	13	257
4	14	302
4	15	276
4	16	433
4	17	237
4	18	214
4	19	317
4	20	288
4	21	243
4	22	245
4	23	258
4	24	296
4	25	328
4	26	257
4	27	297
4	28	343
4	29	282
4	30	291
5	1	281
5	2	286
5	3	290
5	4	294
5	5	273
5	6	322
5	7	411
5	8	426
5	9	268
5	10	223
5	11	289
5	12	275
5	13	308
5	14	274
5	15	319
5	16	241
5	17	312
5	18	258
5	19	306
5	20	323
5	21	243
5	22	293
5	23	266
5	24	313
5	25	243
5	26	237
5	27	242
5	28	300
5	29	235
5	30	218
6	1	235
6	2	497
6	3	404
6	4	351
6	5	280
6	6	318
6	7	298
6	8	346
6	9	257
6	10	314
6	11	423
6	12	274
6	13	289
6	14	243
6	15	333
6	16	237
6	17	340
6	18	318
6	19	246
6	20	296
6	21	219
6	22	235
6	23	204
6	24	318
6	25	245
6	26	250
6	27	265
6	28	268
6	29	227
6	30	263
7	1	257
7	2	316
7	3	199
7	4	189
7	5	239
7	6	305
7	7	335
7	8	299
7	9	184
7	10	282
7	11	322
7	12	449
7	13	309
7	14	357
7	15	256
7	16	232
7	17	256
7	18	246
7	19	292
7	20	292
7	21	200
7	22	241
7	23	323
7	24	293
7	25	245
7	26	289
7	27	256
7	28	232
7	29	290
7	30	248
8	1	267
8	2	307
8	3	347
8	4	204
8	5	315
8	6	228
8	7	275
8	8	257
8	9	302
8	10	241
8	11	307
8	12	281
8	13	368
8	14	306
8	15	278
8	16	366
8	17	279
8	18	305
8	19	311
8	20	333
8	21	235
8	22	253
8	23	223
8	24	364
8	25	218
8	26	300
8	27	284
8	28	265
8	29	248
8	30	275
9	1	355
9	2	340
9	3	235
9	4	228
9	5	259
9	6	258
9	7	317
9	8	329
9	9	353
9	10	305
9	11	272
9	12	337
9	13	220
9	14	343
9	15	371
9	16	336
9	17	338
9	18	255
9	19	382
9	20	341
9	21	247
9	22	296
9	23	343
9	24	245
9	25	446
9	26	271
9	27	241
9	28	248
9	29	279
9	30	275
10	1	254
10	2	471
10	3	356
10	4	323
10	5	327
10	6	294
10	7	237
10	8	300
10	9	271
10	10	234
10	11	236
10	12	292
10	13	334
10	14	253
10	15	253
10	16	373
10	17	236
10	18	249
10	19	254
10	20	397
10	21	314
10	22	325
10	23	316
10	24	243
10	25	338
10	26	280
10	27	292
10	28	276
10	29	252
10	30	287
11	1	321
11	2	240
11	3	329
11	4	279
11	5	271
11	6	230
11	7	284
11	8	228
11	9	335
11	10	203
11	11	433
11	12	244
11	13	238
11	14	253
11	15	276
11	16	278
11	17	232
11	18	264
11	19	293
11	20	289
11	21	257
11	22	300
11	23	293
11	24	279
11	25	291
11	26	220
11	27	228
11	28	375
11	29	271
11	30	291
12	1	347
12	2	263
12	3	241
12	4	307
12	5	350
12	6	271
12	7	211
12	8	267
12	9	244
12	10	288
12	11	323
12	12	229
12	13	245
12	14	313
12	15	257
12	16	307
12	17	222
12	18	245
12	19	280
12	20	308
12	21	230
12	22	302
12	23	247
12	24	307
12	25	394
12	26	293
12	27	248
12	28	318
12	29	199
12	30	237
13	1	309
13	2	280
13	3	259
13	4	230
13	5	314
13	6	275
13	7	223
13	8	312
13	9	260
13	10	272
13	11	241
13	12	395
13	13	277
13	14	323
13	15	216
13	16	260
13	17	259
13	18	244
13	19	257
13	20	237
13	21	351
13	22	451
13	23	361
13	24	233
13	25	318
13	26	280
13	27	288
13	28	285
13	29	329
13	30	230
14	1	364
14	2	256
14	3	281
14	4	342
14	5	319
14	6	282
14	7	380
14	8	273
14	9	280
14	10	316
14	11	264
14	12	271
14	13	367
14	14	514
14	15	230
14	16	249
14	17	246
14	18	302
14	19	260
14	20	276
14	21	316
14	22	252
14	23	251
14	24	238
14	25	339
14	26	315
14	27	237
14	28	233
14	29	244
14	30	412
15	1	246
15	2	298
15	3	322
15	4	265
15	5	261
15	6	333
15	7	237
15	8	279
15	9	346
15	10	322
15	11	243
15	12	258
15	13	279
15	14	246
15	15	272
15	16	308
15	17	207
15	18	253
15	19	208
15	20	302
15	21	283
15	22	249
15	23	191
15	24	313
15	25	264
15	26	298
15	27	230
15	28	321
15	29	217
15	30	309
16	1	220
16	2	420
16	3	360
16	4	360
16	5	265
16	6	278
16	7	235
16	8	268
16	9	337
16	10	259
16	11	346
16	12	256
16	13	293
16	14	214
16	15	269
16	16	250
16	17	281
16	18	296
16	19	228
16	20	356
16	21	214
16	22	302
16	23	337
16	24	240
16	25	291
16	26	260
16	27	207
16	28	232
16	29	314
16	30	322
17	1	335
17	2	256
17	3	222
17	4	288
17	5	264
17	6	294
17	7	288
17	8	238
17	9	303
17	10	216
17	11	386
17	12	253
17	13	228
17	14	214
17	15	269
17	16	331
17	17	249
17	18	242
17	19	220
17	20	249
17	21	264
17	22	285
17	23	260
17	24	265
17	25	263
17	26	309
17	27	247
17	28	327
17	29	224
17	30	261
18	1	336
18	2	214
18	3	291
18	4	291
18	5	379
18	6	419
18	7	295
18	8	224
18	9	229
18	10	227
18	11	326
18	12	290
18	13	305
18	14	337
18	15	217
18	16	349
18	17	349
18	18	321
18	19	202
18	20	218
18	21	308
18	22	331
18	23	343
18	24	320
18	25	146
18	26	249
18	27	236
18	28	359
18	29	362
18	30	330
19	1	329
19	2	284
19	3	213
19	4	221
19	5	229
19	6	220
19	7	309
19	8	218
19	9	207
19	10	228
19	11	270
19	12	174
19	13	249
19	14	233
19	15	208
19	16	219
19	17	204
19	18	270
19	19	210
19	20	171
19	21	192
19	22	243
19	23	396
19	24	201
19	25	256
19	26	226
19	27	325
19	28	352
19	29	384
19	30	235
20	1	328
20	2	337
20	3	213
20	4	397
20	5	206
20	6	328
20	7	301
20	8	258
20	9	322
20	10	185
20	11	260
20	12	252
20	13	233
20	14	263
20	15	315
20	16	290
20	17	191
20	18	213
20	19	349
20	20	347
20	21	255
20	22	274
20	23	315
20	24	317
20	25	338
20	26	313
20	27	316
20	28	289
20	29	309
20	30	248
21	1	317
21	2	369
21	3	281
21	4	287
21	5	198
21	6	250
21	7	242
21	8	415
21	9	406
21	10	275
21	11	290
21	12	398
21	13	253
21	14	318
21	15	223
21	16	245
21	17	400
21	18	213
21	19	379
21	20	369
21	21	454
21	22	242
21	23	244
21	24	370
21	25	348
21	26	237
21	27	228
21	28	251
21	29	288
21	30	235
22	1	338
22	2	244
22	3	318
22	4	348
22	5	345
22	6	303
22	7	279
22	8	253
22	9	213
22	10	317
22	11	274
22	12	237
22	13	220
22	14	245
22	15	459
22	16	257
22	17	255
22	18	417
22	19	226
22	20	214
22	21	246
22	22	317
22	23	240
22	24	256
22	25	319
22	26	261
22	27	318
22	28	236
22	29	226
22	30	288
23	1	227
23	2	229
23	3	234
23	4	205
23	5	237
23	6	356
23	7	264
23	8	259
23	9	270
23	10	301
23	11	228
23	12	279
23	13	360
23	14	246
23	15	341
23	16	222
23	17	219
23	18	239
23	19	221
23	20	230
23	21	302
23	22	240
23	23	216
23	24	227
23	25	316
23	26	348
23	27	277
23	28	208
23	29	334
23	30	219
24	1	349
24	2	227
24	3	219
24	4	357
24	5	218
24	6	166
24	7	289
24	8	325
24	9	240
24	10	248
24	11	204
24	12	324
24	13	274
24	14	227
24	15	232
24	16	157
24	17	211
24	18	241
24	19	178
24	20	349
24	21	207
24	22	207
24	23	204
24	24	238
24	25	166
24	26	206
24	27	246
24	28	368
24	29	341
24	30	333
25	1	197
25	2	184
25	3	305
25	4	253
25	5	243
25	6	254
25	7	211
25	8	223
25	9	292
25	10	239
25	11	280
25	12	175
25	13	212
25	14	234
25	15	219
25	16	253
25	17	218
25	18	213
25	19	331
25	20	223
25	21	311
25	22	209
25	23	240
25	24	231
25	25	231
25	26	265
25	27	365
25	28	228
25	29	244
25	30	233
26	1	319
26	2	272
26	3	262
26	4	311
26	5	242
26	6	195
26	7	285
26	8	244
26	9	304
26	10	243
26	11	249
26	12	331
26	13	194
26	14	264
26	15	222
26	16	335
26	17	207
26	18	222
26	19	214
26	20	239
26	21	430
26	22	298
26	23	259
26	24	206
26	25	361
26	26	272
26	27	241
26	28	224
26	29	396
26	30	319
27	1	284
27	2	320
27	3	236
27	4	332
27	5	247
27	6	266
27	7	326
27	8	233
27	9	251
27	10	216
27	11	248
27	12	230
27	13	228
27	14	230
27	15	328
27	16	359
27	17	244
27	18	212
27	19	228
27	20	220
27	21	284
27	22	338
27	23	291
27	24	357
27	25	187
27	26	359
27	27	218
27	28	229
27	29	262
27	30	363
28	1	208
28	2	315
28	3	230
28	4	321
28	5	348
28	6	254
28	7	225
28	8	229
28	9	285
28	10	253
28	11	245
28	12	246
28	13	249
28	14	275
28	15	269
28	16	326
28	17	337
28	18	237
28	19	201
28	20	244
28	21	247
28	22	257
28	23	264
28	24	311
28	25	242
28	26	259
28	27	310
28	28	232
28	29	203
28	30	269
29	1	197
29	2	305
29	3	215
29	4	218
29	5	220
29	6	289
29	7	185
29	8	201
29	9	211
29	10	286
29	11	236
29	12	161
29	13	322
29	14	210
29	15	226
29	16	208
29	17	191
29	18	223
29	19	344
29	20	212
29	21	257
29	22	295
29	23	244
29	24	235
29	25	315
29	26	300
29	27	240
29	28	194
29	29	262
29	30	314
30	1	289
30	2	363
30	3	227
30	4	345
30	5	225
30	6	313
30	7	289
30	8	263
30	9	259
30	10	236
30	11	218
30	12	219
30	13	300
30	14	287
30	15	285
30	16	366
30	17	211
30	18	303
30	19	315
30	20	184
30	21	304
30	22	233
30	23	307
30	24	250
30	25	248
30	26	341
30	27	310
30	28	246
30	29	311
30	30	246
31	1	268
31	2	274
31	3	226
31	4	237
31	5	235
31	6	266
31	7	307
31	8	231
31	9	277
31	10	161
31	11	286
31	12	256
31	13	278
31	14	254
31	15	258
31	16	205
31	17	392
31	18	225
31	19	229
31	20	285
31	21	43
31	22	357
31	23	314
31	24	234
31	25	235
31	26	271
31	27	317
31	28	277
31	29	282
31	30	266
32	1	224
32	2	379
32	3	271
32	4	294
32	5	235
32	6	316
32	7	288
32	8	262
32	9	263
32	10	281
32	11	310
32	12	298
32	13	246
32	14	266
32	15	340
32	16	228
32	17	249
32	18	281
32	19	281
32	20	298
32	21	279
32	22	329
32	23	301
32	24	254
32	25	284
32	26	278
32	27	255
32	28	278
32	29	276
32	30	255
33	1	254
33	2	264
33	3	323
33	4	212
33	5	233
33	6	265
33	7	242
33	8	290
33	9	242
33	10	229
33	11	277
33	12	328
33	13	243
33	14	246
33	15	203
33	16	216
33	17	283
33	18	289
33	19	312
33	20	207
33	21	243
33	22	250
33	23	203
33	24	286
33	25	364
33	26	198
33	27	351
33	28	349
33	29	342
33	30	202
34	1	366
34	2	178
34	3	268
34	4	246
34	5	221
34	6	222
34	7	282
34	8	223
34	9	233
34	10	145
34	11	320
34	12	314
34	13	219
34	14	331
34	15	339
34	16	205
34	17	212
34	18	226
34	19	295
34	20	211
34	21	198
34	22	216
34	23	247
34	24	296
34	25	355
34	26	222
34	27	326
34	28	189
34	29	233
34	30	321
35	1	282
35	2	166
35	3	273
35	4	229
35	5	245
35	6	210
35	7	277
35	8	273
35	9	234
35	10	224
35	11	298
35	12	234
35	13	229
35	14	248
35	15	235
35	16	215
35	17	331
35	18	330
35	19	373
35	20	380
35	21	391
35	22	224
35	23	348
35	24	282
35	25	219
35	26	252
35	27	310
35	28	318
35	29	219
35	30	374
36	1	308
36	2	471
36	3	288
36	4	223
36	5	337
36	6	217
36	7	282
36	8	365
36	9	196
36	10	333
36	11	243
36	12	210
36	13	308
36	14	652
36	15	249
36	16	271
36	17	201
36	18	219
36	19	204
36	20	322
36	21	235
36	22	241
36	23	369
36	24	264
36	25	231
36	26	347
36	27	176
36	28	349
36	29	183
36	30	236
37	1	216
37	2	382
37	3	266
37	4	176
37	5	222
37	6	340
37	7	229
37	8	316
37	9	237
37	10	269
37	11	226
37	12	302
37	13	229
37	14	332
37	15	236
37	16	295
37	17	218
37	18	346
37	19	348
37	20	430
37	21	383
37	22	234
37	23	228
37	24	289
37	25	326
37	26	286
37	27	306
37	28	266
37	29	288
37	30	285
38	1	264
38	2	253
38	3	265
38	4	307
38	5	308
38	6	293
38	7	262
38	8	275
38	9	229
38	10	328
38	11	240
38	12	292
38	13	200
38	14	240
38	15	345
38	16	226
38	17	312
38	18	189
38	19	260
38	20	206
38	21	281
38	22	208
38	23	209
38	24	287
38	25	249
38	26	232
38	27	187
38	28	368
38	29	188
38	30	329
39	1	325
39	2	176
39	3	301
39	4	252
39	5	241
39	6	191
39	7	223
39	8	238
39	9	310
39	10	328
39	11	270
39	12	282
39	13	276
39	14	279
39	15	269
39	16	334
39	17	268
39	18	332
39	19	332
39	20	267
39	21	358
