NAME: 	Alexandra_2day_rhand
Completed cycles:	33
Failed cycles:	1
1	1	598
1	2	317
1	3	332
1	4	354
1	5	217
1	6	441
1	7	367
1	8	303
1	9	361
1	10	339
1	11	394
1	12	483
1	13	276
1	14	339
1	15	323
1	16	335
1	17	306
1	18	274
1	19	370
1	20	304
1	21	226
1	22	316
1	23	303
1	24	263
1	25	323
1	26	367
1	27	446
1	28	338
1	29	311
1	30	242
2	1	269
2	2	481
2	3	453
2	4	241
2	5	306
2	6	325
2	7	378
2	8	299
2	9	249
2	10	381
2	11	332
2	12	350
2	13	295
2	14	586
2	15	332
2	16	263
2	17	287
2	18	395
2	19	405
2	20	320
2	21	337
2	22	298
2	23	371
2	24	365
2	25	363
2	26	450
2	27	352
2	28	294
2	29	391
2	30	352
3	1	413
3	2	364
3	3	321
3	4	279
3	5	332
3	6	342
3	7	369
3	8	658
3	9	307
3	10	371
3	11	354
3	12	402
3	13	324
3	14	299
3	15	338
3	16	327
3	17	287
3	18	365
3	19	412
3	20	330
3	21	335
3	22	390
3	23	326
3	24	350
3	25	403
3	26	279
3	27	298
3	28	399
3	29	278
3	30	280
4	1	406
4	2	464
4	3	525
4	4	325
4	5	413
4	6	324
4	7	392
4	8	296
4	9	324
4	10	285
4	11	392
4	12	328
4	13	403
4	14	368
4	15	280
4	16	378
4	17	376
4	18	349
4	19	440
4	20	354
4	21	293
4	22	361
4	23	423
4	24	316
4	25	315
4	26	258
4	27	423
4	28	353
4	29	327
4	30	400
5	1	457
5	2	416
5	3	416
5	4	369
5	5	340
5	6	365
5	7	326
5	8	368
5	9	308
5	10	333
5	11	359
5	12	328
5	13	331
5	14	412
5	15	357
5	16	332
5	17	355
5	18	286
5	19	358
5	20	287
5	21	361
5	22	329
5	23	300
5	24	302
5	25	351
5	26	229
5	27	322
5	28	432
5	29	316
5	30	294
6	1	336
6	2	395
6	3	370
6	4	330
6	5	404
6	6	420
6	7	370
6	8	501
6	9	428
6	10	371
6	11	319
6	12	361
6	13	381
6	14	414
6	15	345
6	16	340
6	17	386
6	18	391
6	19	392
6	20	393
6	21	384
6	22	404
6	23	413
6	24	358
6	25	348
6	26	359
6	27	361
6	28	345
6	29	366
6	30	472
7	1	427
7	2	469
7	3	414
7	4	345
7	5	499
7	6	433
7	7	364
7	8	334
7	9	404
7	10	823
7	11	335
7	12	345
7	13	358
7	14	437
7	15	342
7	16	329
7	17	390
7	18	436
7	19	311
7	20	369
7	21	309
7	22	544
7	23	415
7	24	493
7	25	408
7	26	321
7	27	328
7	28	273
7	29	437
7	30	290
8	1	524
8	2	351
8	3	393
8	4	277
8	5	324
8	6	478
8	7	351
8	8	475
8	9	468
8	10	431
8	11	373
8	12	382
8	13	292
8	14	286
8	15	415
8	16	442
8	17	299
8	18	432
8	19	268
8	20	382
8	21	341
8	22	492
8	23	335
8	24	274
8	25	350
8	26	338
8	27	271
8	28	344
8	29	362
8	30	305
9	1	380
9	2	397
9	3	359
9	4	349
9	5	315
9	6	376
9	7	395
9	8	346
9	9	377
9	10	329
9	11	348
9	12	315
9	13	426
9	14	385
9	15	329
9	16	298
9	17	360
9	18	397
9	19	314
9	20	321
9	21	414
9	22	405
9	23	315
9	24	323
9	25	319
9	26	438
9	27	370
9	28	395
9	29	382
9	30	342
10	1	352
10	2	360
10	3	383
10	4	323
10	5	302
10	6	324
10	7	399
10	8	324
10	9	312
10	10	337
10	11	401
10	12	324
10	13	347
10	14	411
10	15	358
10	16	441
10	17	337
10	18	428
10	19	362
10	20	310
10	21	428
10	22	491
10	23	351
10	24	608
10	25	341
10	26	344
10	27	372
10	28	346
10	29	270
10	30	289
11	1	317
11	2	310
11	3	285
11	4	272
11	5	317
11	6	439
11	7	289
11	8	284
11	9	448
11	10	414
11	11	285
11	12	235
11	13	338
11	14	320
11	15	420
11	16	277
11	17	276
11	18	404
11	19	334
11	20	283
11	21	290
11	22	263
11	23	324
11	24	359
11	25	470
11	26	400
11	27	397
11	28	273
11	29	375
11	30	431
12	1	374
12	2	338
12	3	299
12	4	363
12	5	394
12	6	321
12	7	373
12	8	336
12	9	342
12	10	249
12	11	339
12	12	414
12	13	366
12	14	328
12	15	322
12	16	428
12	17	387
12	18	469
12	19	312
12	20	284
12	21	281
12	22	441
12	23	436
12	24	387
12	25	375
12	26	374
12	27	408
12	28	408
12	29	443
12	30	383
13	1	313
13	2	398
13	3	397
13	4	352
13	5	400
13	6	405
13	7	358
13	8	305
13	9	364
13	10	409
13	11	334
13	12	316
13	13	343
13	14	333
13	15	387
13	16	331
13	17	251
13	18	309
13	19	331
13	20	307
13	21	268
13	22	312
13	23	425
13	24	322
13	25	283
13	26	359
13	27	386
13	28	325
13	29	322
13	30	509
14	1	445
14	2	712
14	3	397
14	4	344
14	5	400
14	6	382
14	7	282
14	8	312
14	9	309
14	10	317
14	11	330
14	12	358
14	13	301
14	14	327
14	15	332
14	16	335
14	17	437
14	18	397
14	19	399
14	20	352
14	21	312
14	22	346
14	23	309
14	24	315
14	25	313
14	26	340
14	27	370
14	28	324
14	29	312
14	30	321
15	1	299
15	2	616
15	3	371
15	4	343
15	5	349
15	6	286
15	7	271
15	8	459
15	9	289
15	10	454
15	11	368
15	12	279
15	13	311
15	14	475
15	15	560
15	16	375
15	17	308
15	18	464
15	19	280
15	20	404
15	21	378
15	22	359
15	23	289
15	24	375
15	25	406
15	26	304
15	27	304
15	28	308
15	29	423
15	30	355
16	1	385
16	2	349
16	3	440
16	4	320
16	5	356
16	6	347
16	7	371
16	8	657
16	9	312
16	10	317
16	11	393
16	12	287
16	13	270
16	14	357
16	15	362
16	16	316
16	17	444
16	18	519
16	19	473
16	20	338
16	21	344
16	22	311
16	23	440
16	24	343
16	25	394
16	26	285
16	27	374
16	28	301
16	29	341
16	30	281
17	1	409
17	2	329
17	3	264
17	4	409
17	5	351
17	6	260
17	7	371
17	8	312
17	9	627
17	10	339
17	11	293
17	12	334
17	13	318
17	14	270
17	15	409
17	16	319
17	17	387
17	18	372
17	19	282
17	20	468
17	21	337
17	22	392
17	23	307
17	24	316
17	25	285
17	26	367
17	27	326
17	28	310
17	29	424
17	30	301
18	1	360
18	2	282
18	3	355
18	4	327
18	5	336
18	6	306
18	7	345
18	8	291
18	9	299
18	10	302
18	11	417
18	12	292
18	13	346
18	14	313
18	15	370
18	16	259
18	17	285
18	18	338
18	19	331
18	20	387
18	21	327
18	22	381
18	23	333
18	24	280
18	25	341
18	26	306
18	27	313
18	28	397
18	29	339
18	30	304
19	1	397
19	2	312
19	3	351
19	4	433
19	5	309
19	6	273
19	7	448
19	8	404
19	9	348
19	10	268
19	11	310
19	12	307
19	13	318
19	14	327
19	15	386
19	16	347
19	17	343
19	18	348
19	19	308
19	20	289
19	21	388
19	22	301
19	23	321
19	24	339
19	25	427
19	26	351
19	27	301
19	28	345
19	29	341
19	30	379
20	1	681
20	2	408
20	3	397
20	4	404
20	5	364
20	6	362
20	7	315
20	8	337
20	9	348
20	10	314
20	11	387
20	12	315
20	13	393
20	14	294
20	15	328
20	16	356
20	17	393
20	18	413
20	19	364
20	20	329
20	21	356
20	22	315
20	23	318
20	24	335
20	25	280
20	26	354
20	27	350
20	28	338
20	29	365
20	30	388
21	1	328
21	2	345
21	3	311
21	4	347
21	5	300
21	6	410
21	7	413
21	8	329
21	9	313
21	10	353
21	11	376
21	12	318
21	13	393
21	14	387
21	15	294
21	16	356
21	17	450
21	18	368
21	19	288
21	20	315
21	21	435
21	22	341
21	23	386
21	24	394
21	25	475
21	26	543
21	27	412
21	28	428
21	29	351
21	30	430
22	1	321
22	2	501
22	3	397
22	4	353
22	5	310
22	6	372
22	7	278
22	8	379
22	9	432
22	10	338
22	11	311
22	12	338
22	13	361
22	14	330
22	15	510
22	16	296
22	17	354
22	18	412
22	19	362
22	20	386
22	21	299
22	22	291
22	23	364
22	24	318
22	25	430
22	26	350
22	27	267
22	28	458
22	29	326
22	30	410
23	1	398
23	2	315
23	3	340
23	4	362
23	5	531
23	6	387
23	7	306
23	8	321
23	9	379
23	10	345
23	11	338
23	12	399
23	13	423
23	14	381
23	15	364
23	16	413
23	17	363
23	18	348
23	19	393
23	20	361
23	21	332
23	22	436
23	23	364
23	24	364
23	25	398
23	26	331
23	27	380
23	28	570
23	29	365
23	30	409
24	1	457
24	2	372
24	3	406
24	4	382
24	5	448
24	6	365
24	7	357
24	8	334
24	9	388
24	10	385
24	11	376
24	12	349
24	13	355
24	14	405
24	15	336
24	16	331
24	17	357
24	18	357
24	19	335
24	20	428
24	21	371
24	22	402
24	23	330
24	24	410
24	25	422
24	26	343
24	27	354
24	28	432
24	29	351
24	30	403
25	1	419
25	2	353
25	3	438
25	4	408
25	5	310
25	6	368
25	7	479
25	8	396
25	9	449
25	10	401
25	11	405
25	12	377
25	13	355
25	14	484
25	15	370
25	16	410
25	17	372
25	18	420
25	19	447
25	20	443
25	21	333
25	22	366
25	23	307
25	24	361
25	25	491
25	26	357
25	27	381
25	28	366
25	29	311
25	30	383
26	1	402
26	2	434
26	3	566
26	4	323
26	5	401
26	6	397
26	7	327
26	8	331
26	9	371
26	10	410
26	11	359
26	12	306
26	13	377
26	14	370
26	15	340
26	16	381
26	17	334
26	18	359
26	19	363
26	20	369
26	21	383
26	22	439
26	23	387
26	24	448
26	25	384
26	26	456
26	27	594
26	28	390
26	29	578
26	30	458
27	1	448
27	2	386
27	3	309
27	4	317
27	5	372
27	6	378
27	7	368
27	8	349
27	9	379
27	10	346
27	11	378
27	12	369
27	13	352
27	14	305
27	15	324
27	16	374
27	17	359
27	18	471
27	19	383
27	20	356
27	21	342
27	22	382
27	23	399
27	24	307
27	25	372
27	26	403
27	27	380
27	28	376
27	29	324
27	30	377
28	1	389
28	2	484
28	3	296
28	4	369
28	5	385
28	6	327
28	7	320
28	8	276
28	9	417
28	10	472
28	11	378
28	12	452
28	13	368
28	14	330
28	15	384
28	16	418
28	17	342
28	18	343
28	19	302
28	20	406
28	21	379
28	22	363
28	23	387
28	24	372
28	25	298
28	26	406
28	27	387
28	28	342
28	29	324
28	30	385
29	1	361
29	2	395
29	3	504
29	4	380
29	5	326
29	6	438
29	7	389
29	8	366
29	9	340
29	10	400
29	11	324
29	12	411
29	13	328
29	14	349
29	15	395
29	16	0
29	17	178
29	18	315
29	19	354
29	20	342
29	21	360
29	22	403
29	23	344
29	24	462
29	25	391
29	26	377
29	27	491
29	28	300
29	29	535
29	30	404
30	1	394
30	2	474
30	3	361
30	4	396
30	5	414
30	6	423
30	7	358
30	8	413
30	9	401
30	10	396
30	11	364
30	12	318
30	13	403
30	14	337
30	15	360
30	16	386
30	17	425
30	18	382
30	19	402
30	20	419
30	21	364
30	22	367
30	23	488
30	24	467
30	25	496
30	26	348
30	27	399
30	28	431
30	29	357
30	30	341
31	1	420
31	2	447
31	3	374
31	4	473
31	5	404
31	6	388
31	7	395
31	8	383
31	9	411
31	10	572
31	11	391
31	12	416
31	13	433
31	14	376
31	15	449
31	16	330
31	17	345
31	18	369
31	19	386
31	20	393
31	21	618
31	22	345
31	23	337
31	24	417
31	25	380
31	26	372
31	27	393
31	28	355
31	29	378
31	30	309
32	1	387
32	2	351
32	3	378
32	4	388
32	5	455
32	6	314
32	7	362
32	8	401
32	9	440
32	10	373
32	11	364
32	12	386
32	13	356
32	14	291
32	15	327
32	16	421
32	17	424
32	18	393
32	19	416
32	20	439
32	21	330
32	22	474
32	23	385
32	24	369
32	25	464
32	26	353
32	27	310
32	28	24
32	29	431
32	30	371
33	1	479
33	2	395
33	3	782
33	4	528
33	5	514
33	6	294
33	7	392
33	8	371
33	9	433
33	10	336
33	11	339
33	12	343
33	13	437
33	14	322
33	15	385
33	16	359
33	17	389
33	18	335
33	19	406
33	20	358
33	21	393
33	22	365
33	23	362
33	24	409
33	25	360
33	26	336
33	27	345
33	28	420
33	29	328
33	30	289
34	1	376
34	2	467
34	3	387
34	4	614
34	5	395
34	6	403
34	7	621
34	8	58
