NAME: 	Alexey_3day_lhand
Completed cycles:	38
Failed cycles:	1
1	1	697
1	2	275
1	3	228
1	4	227
1	5	285
1	6	210
1	7	251
1	8	272
1	9	232
1	10	244
1	11	231
1	12	333
1	13	226
1	14	203
1	15	229
1	16	322
1	17	348
1	18	244
1	19	273
1	20	241
1	21	247
1	22	260
1	23	267
1	24	300
1	25	280
1	26	210
1	27	245
1	28	315
1	29	205
1	30	221
2	1	290
2	2	312
2	3	229
2	4	296
2	5	202
2	6	287
2	7	224
2	8	302
2	9	235
2	10	231
2	11	300
2	12	271
2	13	287
2	14	255
2	15	202
2	16	251
2	17	304
2	18	246
2	19	312
2	20	238
2	21	268
2	22	369
2	23	294
2	24	239
2	25	312
2	26	308
2	27	262
2	28	248
2	29	257
2	30	242
3	1	254
3	2	224
3	3	264
3	4	245
3	5	276
3	6	313
3	7	193
3	8	268
3	9	267
3	10	255
3	11	282
3	12	284
3	13	349
3	14	197
3	15	252
3	16	221
3	17	204
3	18	251
3	19	284
3	20	233
3	21	296
3	22	305
3	23	239
3	24	284
3	25	238
3	26	253
3	27	308
3	28	185
3	29	334
3	30	237
4	1	256
4	2	230
4	3	257
4	4	298
4	5	256
4	6	274
4	7	317
4	8	276
4	9	307
4	10	356
4	11	265
4	12	229
4	13	220
4	14	214
4	15	230
4	16	279
4	17	228
4	18	354
4	19	232
4	20	208
4	21	206
4	22	202
4	23	206
4	24	223
4	25	210
4	26	300
4	27	216
4	28	227
4	29	232
4	30	184
5	1	227
5	2	205
5	3	225
5	4	222
5	5	293
5	6	220
5	7	201
5	8	215
5	9	396
5	10	213
5	11	276
5	12	244
5	13	220
5	14	296
5	15	258
5	16	202
5	17	365
5	18	181
5	19	316
5	20	208
5	21	195
5	22	253
5	23	230
5	24	318
5	25	229
5	26	325
5	27	251
5	28	282
5	29	421
5	30	288
6	1	250
6	2	327
6	3	261
6	4	296
6	5	269
6	6	231
6	7	317
6	8	343
6	9	247
6	10	343
6	11	227
6	12	197
6	13	334
6	14	278
6	15	256
6	16	184
6	17	321
6	18	321
6	19	232
6	20	355
6	21	238
6	22	238
6	23	264
6	24	213
6	25	395
6	26	235
6	27	405
6	28	347
6	29	231
6	30	261
7	1	264
7	2	345
7	3	319
7	4	356
7	5	265
7	6	252
7	7	256
7	8	282
7	9	281
7	10	211
7	11	290
7	12	231
7	13	366
7	14	235
7	15	227
7	16	242
7	17	251
7	18	229
7	19	241
7	20	289
7	21	348
7	22	222
7	23	254
7	24	322
7	25	188
7	26	300
7	27	330
7	28	211
7	29	284
7	30	412
8	1	250
8	2	229
8	3	304
8	4	254
8	5	231
8	6	305
8	7	210
8	8	244
8	9	365
8	10	267
8	11	352
8	12	231
8	13	399
8	14	358
8	15	300
8	16	503
8	17	385
8	18	325
8	19	343
8	20	365
8	21	366
8	22	318
8	23	213
8	24	294
8	25	247
8	26	327
8	27	210
8	28	203
8	29	218
8	30	268
9	1	208
9	2	250
9	3	367
9	4	282
9	5	325
9	6	355
9	7	390
9	8	240
9	9	296
9	10	282
9	11	232
9	12	336
9	13	342
9	14	225
9	15	271
9	16	324
9	17	327
9	18	301
9	19	317
9	20	340
9	21	260
9	22	294
9	23	317
9	24	238
9	25	280
9	26	377
9	27	346
9	28	206
9	29	334
9	30	247
10	1	336
10	2	389
10	3	239
10	4	301
10	5	214
10	6	269
10	7	226
10	8	230
10	9	252
10	10	289
10	11	256
10	12	358
10	13	303
10	14	208
10	15	202
10	16	244
10	17	271
10	18	193
10	19	255
10	20	236
10	21	355
10	22	367
10	23	197
10	24	197
10	25	298
10	26	238
10	27	548
10	28	240
10	29	395
10	30	258
11	1	343
11	2	320
11	3	245
11	4	296
11	5	264
11	6	258
11	7	223
11	8	291
11	9	315
11	10	190
11	11	243
11	12	298
11	13	224
11	14	425
11	15	345
11	16	224
11	17	229
11	18	216
11	19	336
11	20	211
11	21	243
11	22	262
11	23	345
11	24	210
11	25	235
11	26	336
11	27	223
11	28	295
11	29	234
11	30	320
12	1	237
12	2	240
12	3	316
12	4	190
12	5	300
12	6	209
12	7	356
12	8	166
12	9	212
12	10	284
12	11	225
12	12	201
12	13	193
12	14	253
12	15	217
12	16	244
12	17	520
12	18	272
12	19	237
12	20	202
12	21	322
12	22	235
12	23	256
12	24	333
12	25	192
12	26	235
12	27	191
12	28	229
12	29	246
12	30	233
13	1	332
13	2	464
13	3	354
13	4	211
13	5	293
13	6	240
13	7	194
13	8	333
13	9	402
13	10	152
13	11	170
13	12	202
13	13	322
13	14	229
13	15	221
13	16	251
13	17	309
13	18	266
13	19	279
13	20	309
13	21	221
13	22	286
13	23	275
13	24	236
13	25	225
13	26	282
13	27	298
13	28	350
13	29	357
13	30	171
14	1	329
14	2	249
14	3	296
14	4	379
14	5	210
14	6	303
14	7	231
14	8	335
14	9	325
14	10	360
14	11	246
14	12	217
14	13	261
14	14	309
14	15	233
14	16	249
14	17	183
14	18	293
14	19	4
14	20	253
14	21	294
14	22	367
14	23	301
14	24	248
14	25	253
14	26	274
14	27	261
14	28	231
14	29	260
14	30	325
15	1	251
15	2	298
15	3	269
15	4	263
15	5	224
15	6	302
15	7	334
15	8	300
15	9	250
15	10	333
15	11	265
15	12	251
15	13	183
15	14	306
15	15	235
15	16	384
15	17	340
15	18	246
15	19	189
15	20	276
15	21	236
15	22	224
15	23	200
15	24	366
15	25	223
15	26	321
15	27	225
15	28	256
15	29	271
15	30	218
16	1	234
16	2	227
16	3	137
16	4	271
16	5	313
16	6	350
16	7	264
16	8	291
16	9	254
16	10	233
16	11	223
16	12	226
16	13	325
16	14	250
16	15	209
16	16	245
16	17	248
16	18	290
16	19	285
16	20	266
16	21	236
16	22	339
16	23	270
16	24	325
16	25	212
16	26	261
16	27	258
16	28	222
16	29	277
16	30	383
17	1	210
17	2	250
17	3	409
17	4	226
17	5	234
17	6	468
17	7	270
17	8	313
17	9	257
17	10	406
17	11	308
17	12	245
17	13	288
17	14	221
17	15	303
17	16	211
17	17	293
17	18	228
17	19	330
17	20	260
17	21	320
17	22	253
17	23	199
17	24	211
17	25	251
17	26	285
17	27	294
17	28	287
17	29	225
17	30	203
18	1	250
18	2	303
18	3	295
18	4	284
18	5	259
18	6	232
18	7	239
18	8	229
18	9	305
18	10	197
18	11	263
18	12	328
18	13	297
18	14	264
18	15	335
18	16	224
18	17	320
18	18	269
18	19	295
18	20	274
18	21	245
18	22	297
18	23	239
18	24	227
18	25	297
18	26	351
18	27	267
18	28	294
18	29	221
18	30	333
19	1	347
19	2	374
19	3	196
19	4	316
19	5	293
19	6	304
19	7	280
19	8	341
19	9	276
19	10	242
19	11	283
19	12	265
19	13	263
19	14	272
19	15	271
19	16	313
19	17	311
19	18	399
19	19	237
19	20	387
19	21	221
19	22	263
19	23	325
19	24	325
19	25	310
19	26	286
19	27	292
19	28	466
19	29	321
19	30	356
20	1	406
20	2	348
20	3	304
20	4	280
20	5	225
20	6	267
20	7	296
20	8	302
20	9	306
20	10	237
20	11	252
20	12	231
20	13	220
20	14	315
20	15	326
20	16	241
20	17	303
20	18	310
20	19	269
20	20	314
20	21	243
20	22	450
20	23	190
20	24	338
20	25	337
20	26	234
20	27	229
20	28	325
20	29	252
20	30	224
21	1	409
21	2	380
21	3	334
21	4	183
21	5	199
21	6	227
21	7	360
21	8	231
21	9	228
21	10	342
21	11	203
21	12	185
21	13	225
21	14	392
21	15	372
21	16	227
21	17	295
21	18	294
21	19	329
21	20	289
21	21	233
21	22	208
21	23	260
21	24	234
21	25	221
21	26	255
21	27	179
21	28	239
21	29	240
21	30	214
22	1	255
22	2	332
22	3	292
22	4	246
22	5	264
22	6	305
22	7	249
22	8	272
22	9	220
22	10	253
22	11	225
22	12	233
22	13	283
22	14	285
22	15	202
22	16	322
22	17	189
22	18	305
22	19	235
22	20	175
22	21	319
22	22	343
22	23	198
22	24	190
22	25	235
22	26	208
22	27	216
22	28	208
22	29	291
22	30	318
23	1	343
23	2	187
23	3	365
23	4	205
23	5	255
23	6	241
23	7	442
23	8	232
23	9	311
23	10	267
23	11	282
23	12	413
23	13	223
23	14	378
23	15	247
23	16	223
23	17	357
23	18	223
23	19	328
23	20	218
23	21	185
23	22	224
23	23	189
23	24	323
23	25	273
23	26	317
23	27	189
23	28	182
23	29	317
23	30	160
24	1	332
24	2	237
24	3	215
24	4	361
24	5	379
24	6	272
24	7	287
24	8	340
24	9	228
24	10	244
24	11	302
24	12	208
24	13	266
24	14	238
24	15	252
24	16	476
24	17	229
24	18	212
24	19	337
24	20	288
24	21	198
24	22	247
24	23	350
24	24	344
24	25	231
24	26	211
24	27	301
24	28	260
24	29	312
24	30	221
25	1	289
25	2	340
25	3	239
25	4	270
25	5	202
25	6	292
25	7	285
25	8	280
25	9	343
25	10	246
25	11	296
25	12	290
25	13	260
25	14	207
25	15	282
25	16	347
25	17	341
25	18	379
25	19	309
25	20	336
25	21	307
25	22	259
25	23	262
25	24	377
25	25	221
25	26	307
25	27	317
25	28	248
25	29	264
25	30	283
26	1	302
26	2	245
26	3	262
26	4	333
26	5	287
26	6	336
26	7	344
26	8	417
26	9	250
26	10	215
26	11	294
26	12	289
26	13	220
26	14	280
26	15	261
26	16	392
26	17	356
26	18	288
26	19	250
26	20	313
26	21	244
26	22	295
26	23	277
26	24	269
26	25	232
26	26	237
26	27	235
26	28	307
26	29	359
26	30	282
27	1	272
27	2	402
27	3	321
27	4	284
27	5	222
27	6	211
27	7	329
27	8	259
27	9	319
27	10	266
27	11	262
27	12	265
27	13	237
27	14	318
27	15	286
27	16	363
27	17	250
27	18	331
27	19	235
27	20	248
27	21	262
27	22	329
27	23	293
27	24	217
27	25	220
27	26	218
27	27	148
27	28	199
27	29	354
27	30	313
28	1	148
28	2	214
28	3	293
28	4	171
28	5	293
28	6	200
28	7	297
28	8	167
28	9	287
28	10	348
28	11	373
28	12	175
28	13	295
28	14	368
28	15	230
28	16	232
28	17	224
28	18	304
28	19	270
28	20	338
28	21	240
28	22	219
28	23	370
28	24	205
28	25	263
28	26	247
28	27	256
28	28	238
28	29	298
28	30	251
29	1	290
29	2	297
29	3	266
29	4	301
29	5	279
29	6	306
29	7	317
29	8	215
29	9	341
29	10	204
29	11	229
29	12	217
29	13	328
29	14	301
29	15	202
29	16	238
29	17	207
29	18	224
29	19	179
29	20	212
29	21	205
29	22	366
29	23	165
29	24	188
29	25	228
29	26	211
29	27	154
29	28	189
29	29	215
29	30	291
30	1	216
30	2	343
30	3	383
30	4	216
30	5	227
30	6	277
30	7	219
30	8	204
30	9	278
30	10	265
30	11	337
30	12	340
30	13	253
30	14	212
30	15	226
30	16	274
30	17	214
30	18	401
30	19	263
30	20	373
30	21	332
30	22	202
30	23	346
30	24	335
30	25	215
30	26	204
30	27	290
30	28	335
30	29	226
30	30	304
31	1	235
31	2	265
31	3	293
31	4	322
31	5	223
31	6	208
31	7	312
31	8	240
31	9	188
31	10	289
31	11	157
31	12	200
31	13	271
31	14	194
31	15	210
31	16	325
31	17	242
31	18	436
31	19	278
31	20	479
31	21	360
31	22	159
31	23	217
31	24	769
31	25	353
31	26	269
31	27	275
31	28	207
31	29	313
31	30	229
32	1	260
32	2	300
32	3	252
32	4	227
32	5	301
32	6	205
32	7	205
32	8	285
32	9	223
32	10	280
32	11	229
32	12	282
32	13	202
32	14	360
32	15	218
32	16	226
32	17	331
32	18	224
32	19	266
32	20	250
32	21	331
32	22	342
32	23	349
32	24	195
32	25	234
32	26	324
32	27	363
32	28	229
32	29	338
32	30	217
33	1	239
33	2	276
33	3	286
33	4	327
33	5	208
33	6	221
33	7	302
33	8	236
33	9	303
33	10	345
33	11	257
33	12	332
33	13	201
33	14	272
33	15	292
33	16	345
33	17	294
33	18	249
33	19	324
33	20	294
33	21	322
33	22	247
33	23	336
33	24	299
33	25	371
33	26	373
33	27	270
33	28	240
33	29	288
33	30	370
34	1	199
34	2	231
34	3	182
34	4	194
34	5	320
34	6	246
34	7	304
34	8	186
34	9	269
34	10	254
34	11	281
34	12	496
34	13	319
34	14	326
34	15	230
34	16	277
34	17	269
34	18	415
34	19	272
34	20	381
34	21	303
34	22	365
34	23	326
34	24	279
34	25	305
34	26	222
34	27	248
34	28	330
34	29	249
34	30	247
35	1	257
35	2	288
35	3	260
35	4	276
35	5	282
35	6	339
35	7	321
35	8	329
35	9	229
35	10	291
35	11	264
35	12	271
35	13	300
35	14	227
35	15	227
35	16	224
35	17	375
35	18	199
35	19	209
35	20	227
35	21	223
35	22	326
35	23	359
35	24	232
35	25	305
35	26	265
35	27	235
35	28	271
35	29	202
35	30	202
36	1	250
36	2	321
36	3	278
36	4	239
36	5	316
36	6	327
36	7	273
36	8	249
36	9	238
36	10	295
36	11	212
36	12	280
36	13	314
36	14	252
36	15	304
36	16	336
36	17	320
36	18	246
36	19	222
36	20	249
36	21	225
36	22	253
36	23	223
36	24	336
36	25	222
36	26	303
36	27	219
36	28	194
36	29	266
36	30	203
37	1	295
37	2	239
37	3	270
37	4	251
37	5	166
37	6	295
37	7	207
37	8	185
37	9	263
37	10	344
37	11	199
37	12	204
37	13	251
37	14	320
37	15	252
37	16	279
37	17	301
37	18	281
37	19	281
37	20	241
37	21	289
37	22	371
37	23	215
37	24	254
37	25	200
37	26	312
37	27	228
37	28	332
37	29	190
37	30	456
38	1	400
38	2	382
38	3	223
38	4	390
38	5	226
38	6	290
38	7	319
38	8	305
38	9	301
38	10	377
38	11	255
38	12	348
38	13	244
38	14	294
38	15	269
38	16	324
38	17	234
38	18	285
38	19	183
38	20	266
38	21	225
38	22	234
38	23	291
38	24	318
38	25	246
38	26	277
38	27	315
38	28	280
38	29	235
38	30	280
39	1	331
39	2	339
39	3	202
39	4	294
39	5	248
39	6	227
39	7	356
39	8	248
39	9	248
39	10	380
39	11	210
39	12	382
39	13	298
39	14	268
39	15	184
39	16	346
39	17	399
39	18	168
39	19	284
39	20	231
39	21	238
39	22	307
