NAME: 	AlexandraP_1day_lhand
Completed cycles:	30
Failed cycles:	1
1	1	625
1	2	372
1	3	374
1	4	440
1	5	328
1	6	293
1	7	414
1	8	317
1	9	292
1	10	394
1	11	318
1	12	309
1	13	354
1	14	343
1	15	307
1	16	770
1	17	408
1	18	290
1	19	420
1	20	525
1	21	437
1	22	340
1	23	326
1	24	348
1	25	387
1	26	353
1	27	350
1	28	338
1	29	429
1	30	359
2	1	373
2	2	347
2	3	485
2	4	325
2	5	360
2	6	411
2	7	396
2	8	395
2	9	379
2	10	417
2	11	376
2	12	419
2	13	351
2	14	398
2	15	329
2	16	343
2	17	359
2	18	377
2	19	343
2	20	400
2	21	402
2	22	377
2	23	445
2	24	307
2	25	257
2	26	280
2	27	311
2	28	318
2	29	355
2	30	489
3	1	354
3	2	383
3	3	313
3	4	332
3	5	325
3	6	391
3	7	379
3	8	386
3	9	305
3	10	322
3	11	520
3	12	366
3	13	381
3	14	374
3	15	677
3	16	364
3	17	358
3	18	377
3	19	304
3	20	328
3	21	402
3	22	391
3	23	346
3	24	366
3	25	596
3	26	365
3	27	341
3	28	427
3	29	530
3	30	395
4	1	440
4	2	449
4	3	510
4	4	327
4	5	336
4	6	443
4	7	458
4	8	362
4	9	347
4	10	318
4	11	372
4	12	363
4	13	643
4	14	328
4	15	348
4	16	372
4	17	309
4	18	416
4	19	311
4	20	364
4	21	394
4	22	347
4	23	366
4	24	354
4	25	293
4	26	377
4	27	361
4	28	344
4	29	358
4	30	530
5	1	424
5	2	392
5	3	330
5	4	382
5	5	371
5	6	924
5	7	323
5	8	292
5	9	365
5	10	394
5	11	353
5	12	283
5	13	335
5	14	392
5	15	376
5	16	338
5	17	413
5	18	409
5	19	369
5	20	290
5	21	340
5	22	296
5	23	341
5	24	635
5	25	391
5	26	368
5	27	436
5	28	431
5	29	395
5	30	389
6	1	309
6	2	356
6	3	355
6	4	301
6	5	405
6	6	376
6	7	427
6	8	417
6	9	327
6	10	384
6	11	338
6	12	378
6	13	442
6	14	355
6	15	334
6	16	350
6	17	319
6	18	341
6	19	332
6	20	380
6	21	373
6	22	322
6	23	401
6	24	350
6	25	315
6	26	433
6	27	366
6	28	454
6	29	346
6	30	429
7	1	273
7	2	380
7	3	318
7	4	355
7	5	296
7	6	387
7	7	306
7	8	323
7	9	411
7	10	400
7	11	787
7	12	414
7	13	428
7	14	378
7	15	366
7	16	374
7	17	391
7	18	349
7	19	430
7	20	289
7	21	449
7	22	310
7	23	365
7	24	400
7	25	327
7	26	452
7	27	390
7	28	872
7	29	365
7	30	438
8	1	603
8	2	718
8	3	474
8	4	429
8	5	371
8	6	433
8	7	383
8	8	373
8	9	387
8	10	355
8	11	590
8	12	369
8	13	397
8	14	577
8	15	497
8	16	411
8	17	471
8	18	370
8	19	463
8	20	474
8	21	408
8	22	417
8	23	436
8	24	370
8	25	352
8	26	780
8	27	382
8	28	498
8	29	504
8	30	468
9	1	429
9	2	413
9	3	380
9	4	412
9	5	360
9	6	387
9	7	392
9	8	373
9	9	435
9	10	373
9	11	323
9	12	382
9	13	476
9	14	432
9	15	412
9	16	430
9	17	433
9	18	374
9	19	367
9	20	426
9	21	437
9	22	402
9	23	409
9	24	356
9	25	378
9	26	386
9	27	419
9	28	331
9	29	401
9	30	401
10	1	251
10	2	406
10	3	379
10	4	394
10	5	392
10	6	457
10	7	399
10	8	344
10	9	369
10	10	407
10	11	369
10	12	319
10	13	385
10	14	327
10	15	446
10	16	350
10	17	630
10	18	363
10	19	372
10	20	382
10	21	368
10	22	427
10	23	552
10	24	416
10	25	382
10	26	491
10	27	428
10	28	335
10	29	426
10	30	508
11	1	354
11	2	418
11	3	379
11	4	402
11	5	530
11	6	449
11	7	424
11	8	314
11	9	404
11	10	334
11	11	407
11	12	377
11	13	395
11	14	425
11	15	473
11	16	588
11	17	480
11	18	383
11	19	375
11	20	572
11	21	393
11	22	800
11	23	404
11	24	424
11	25	777
11	26	359
11	27	389
11	28	492
11	29	431
11	30	403
12	1	358
12	2	343
12	3	483
12	4	337
12	5	344
12	6	416
12	7	303
12	8	383
12	9	425
12	10	444
12	11	448
12	12	457
12	13	455
12	14	341
12	15	414
12	16	428
12	17	387
12	18	608
12	19	301
12	20	373
12	21	525
12	22	366
12	23	354
12	24	458
12	25	332
12	26	547
12	27	357
12	28	460
12	29	372
12	30	333
13	1	495
13	2	827
13	3	448
13	4	551
13	5	388
13	6	417
13	7	424
13	8	389
13	9	364
13	10	430
13	11	434
13	12	412
13	13	579
13	14	408
13	15	580
13	16	453
13	17	411
13	18	592
13	19	412
13	20	407
13	21	433
13	22	644
13	23	331
13	24	377
13	25	502
13	26	347
13	27	486
13	28	465
13	29	431
13	30	375
14	1	417
14	2	421
14	3	418
14	4	414
14	5	530
14	6	425
14	7	412
14	8	464
14	9	368
14	10	364
14	11	387
14	12	394
14	13	371
14	14	419
14	15	357
14	16	403
14	17	374
14	18	432
14	19	361
14	20	380
14	21	277
14	22	340
14	23	327
14	24	474
14	25	310
14	26	335
14	27	312
14	28	621
14	29	666
14	30	353
15	1	305
15	2	359
15	3	338
15	4	410
15	5	364
15	6	437
15	7	393
15	8	424
15	9	487
15	10	386
15	11	415
15	12	368
15	13	398
15	14	358
15	15	319
15	16	516
15	17	369
15	18	968
15	19	343
15	20	353
15	21	358
15	22	350
15	23	497
15	24	449
15	25	376
15	26	315
15	27	420
15	28	354
15	29	446
15	30	454
16	1	424
16	2	413
16	3	476
16	4	377
16	5	417
16	6	490
16	7	399
16	8	472
16	9	419
16	10	1006
16	11	462
16	12	507
16	13	478
16	14	400
16	15	391
16	16	464
16	17	592
16	18	448
16	19	455
16	20	384
16	21	414
16	22	417
16	23	410
16	24	374
16	25	502
16	26	394
16	27	386
16	28	449
16	29	367
16	30	418
17	1	468
17	2	430
17	3	645
17	4	391
17	5	484
17	6	365
17	7	398
17	8	359
17	9	475
17	10	429
17	11	842
17	12	446
17	13	519
17	14	405
17	15	468
17	16	468
17	17	383
17	18	406
17	19	485
17	20	324
17	21	287
17	22	462
17	23	409
17	24	374
17	25	420
17	26	444
17	27	371
17	28	371
17	29	404
17	30	370
18	1	380
18	2	428
18	3	464
18	4	453
18	5	550
18	6	403
18	7	617
18	8	431
18	9	408
18	10	387
18	11	468
18	12	441
18	13	407
18	14	399
18	15	431
18	16	440
18	17	388
18	18	488
18	19	377
18	20	414
18	21	417
18	22	398
18	23	446
18	24	466
18	25	404
18	26	330
18	27	446
18	28	369
18	29	425
18	30	298
19	1	503
19	2	515
19	3	370
19	4	405
19	5	503
19	6	420
19	7	472
19	8	403
19	9	406
19	10	440
19	11	363
19	12	424
19	13	392
19	14	467
19	15	337
19	16	377
19	17	548
19	18	690
19	19	413
19	20	727
19	21	430
19	22	638
19	23	460
19	24	454
19	25	371
19	26	399
19	27	423
19	28	395
19	29	320
19	30	451
20	1	553
20	2	542
20	3	681
20	4	342
20	5	435
20	6	372
20	7	434
20	8	381
20	9	444
20	10	347
20	11	639
20	12	320
20	13	385
20	14	527
20	15	398
20	16	340
20	17	461
20	18	370
20	19	664
20	20	338
20	21	377
20	22	405
20	23	409
20	24	459
20	25	910
20	26	422
20	27	516
20	28	399
20	29	400
20	30	392
21	1	410
21	2	512
21	3	464
21	4	462
21	5	435
21	6	432
21	7	450
21	8	373
21	9	350
21	10	415
21	11	371
21	12	394
21	13	506
21	14	339
21	15	392
21	16	622
21	17	395
21	18	392
21	19	326
21	20	397
21	21	418
21	22	444
21	23	371
21	24	377
21	25	413
21	26	441
21	27	636
21	28	378
21	29	520
21	30	434
22	1	741
22	2	422
22	3	380
22	4	629
22	5	335
22	6	404
22	7	367
22	8	475
22	9	357
22	10	371
22	11	495
22	12	403
22	13	342
22	14	425
22	15	352
22	16	428
22	17	324
22	18	534
22	19	356
22	20	410
22	21	444
22	22	352
22	23	374
22	24	378
22	25	407
22	26	428
22	27	343
22	28	409
22	29	374
22	30	331
23	1	322
23	2	418
23	3	353
23	4	387
23	5	346
23	6	361
23	7	341
23	8	339
23	9	343
23	10	462
23	11	350
23	12	338
23	13	352
23	14	289
23	15	358
23	16	339
23	17	372
23	18	483
23	19	449
23	20	391
23	21	411
23	22	393
23	23	376
23	24	295
23	25	856
23	26	333
23	27	304
23	28	362
23	29	360
23	30	374
24	1	378
24	2	382
24	3	384
24	4	678
24	5	374
24	6	402
24	7	366
24	8	401
24	9	360
24	10	577
24	11	339
24	12	335
24	13	494
24	14	381
24	15	383
24	16	404
24	17	411
24	18	369
24	19	366
24	20	362
24	21	365
24	22	874
24	23	310
24	24	661
24	25	400
24	26	338
24	27	386
24	28	357
24	29	430
24	30	328
25	1	431
25	2	465
25	3	565
25	4	503
25	5	393
25	6	504
25	7	351
25	8	476
25	9	662
25	10	400
25	11	475
25	12	536
25	13	460
25	14	633
25	15	434
25	16	426
25	17	1221
25	18	358
25	19	539
25	20	381
25	21	397
25	22	460
25	23	502
25	24	422
25	25	379
25	26	476
25	27	444
25	28	467
25	29	431
25	30	481
26	1	483
26	2	486
26	3	443
26	4	389
26	5	362
26	6	428
26	7	1256
26	8	431
26	9	407
26	10	550
26	11	367
26	12	431
26	13	377
26	14	476
26	15	420
26	16	551
26	17	519
26	18	390
26	19	337
26	20	705
26	21	423
26	22	745
26	23	380
26	24	393
26	25	470
26	26	483
26	27	437
26	28	549
26	29	462
26	30	436
27	1	416
27	2	758
27	3	387
27	4	446
27	5	779
27	6	414
27	7	422
27	8	403
27	9	370
27	10	408
27	11	384
27	12	427
27	13	355
27	14	372
27	15	343
27	16	411
27	17	332
27	18	732
27	19	443
27	20	899
27	21	377
27	22	480
27	23	529
27	24	366
27	25	487
27	26	435
27	27	461
27	28	391
27	29	435
27	30	409
28	1	502
28	2	407
28	3	401
28	4	374
28	5	425
28	6	391
28	7	463
28	8	342
28	9	399
28	10	470
28	11	410
28	12	415
28	13	375
28	14	429
28	15	361
28	16	359
28	17	344
28	18	413
28	19	459
28	20	414
28	21	474
28	22	582
28	23	447
28	24	438
28	25	444
28	26	425
28	27	427
28	28	511
28	29	437
28	30	584
29	1	415
29	2	453
29	3	471
29	4	504
29	5	410
29	6	372
29	7	398
29	8	558
29	9	449
29	10	446
29	11	424
29	12	547
29	13	436
29	14	812
29	15	333
29	16	614
29	17	396
29	18	343
29	19	362
29	20	878
29	21	366
29	22	415
29	23	504
29	24	675
29	25	373
29	26	395
29	27	357
29	28	445
29	29	391
29	30	467
30	1	353
30	2	515
30	3	388
30	4	776
30	5	358
30	6	372
30	7	345
30	8	396
30	9	603
30	10	740
30	11	380
30	12	547
30	13	389
30	14	664
30	15	373
30	16	387
30	17	362
30	18	379
30	19	392
30	20	372
30	21	431
30	22	380
30	23	405
30	24	382
30	25	325
30	26	464
30	27	404
30	28	477
30	29	422
30	30	356
31	1	432
31	2	399
