NAME: 	AlexandraP_4day_lhand
Completed cycles:	34
Failed cycles:	1
1	1	806
1	2	557
1	3	428
1	4	382
1	5	347
1	6	324
1	7	362
1	8	253
1	9	308
1	10	240
1	11	278
1	12	341
1	13	275
1	14	277
1	15	251
1	16	365
1	17	367
1	18	350
1	19	371
1	20	324
1	21	242
1	22	243
1	23	261
1	24	422
1	25	297
1	26	316
1	27	245
1	28	221
1	29	404
1	30	255
2	1	323
2	2	246
2	3	220
2	4	341
2	5	272
2	6	256
2	7	214
2	8	253
2	9	328
2	10	296
2	11	266
2	12	374
2	13	310
2	14	221
2	15	383
2	16	390
2	17	416
2	18	325
2	19	382
2	20	309
2	21	347
2	22	252
2	23	253
2	24	280
2	25	258
2	26	216
2	27	258
2	28	254
2	29	347
2	30	309
3	1	293
3	2	276
3	3	278
3	4	346
3	5	285
3	6	266
3	7	506
3	8	261
3	9	298
3	10	319
3	11	312
3	12	282
3	13	462
3	14	298
3	15	294
3	16	246
3	17	240
3	18	304
3	19	255
3	20	284
3	21	393
3	22	327
3	23	461
3	24	280
3	25	298
3	26	245
3	27	328
3	28	268
3	29	324
3	30	286
4	1	367
4	2	313
4	3	412
4	4	400
4	5	527
4	6	252
4	7	340
4	8	300
4	9	297
4	10	425
4	11	469
4	12	406
4	13	303
4	14	317
4	15	265
4	16	265
4	17	327
4	18	323
4	19	415
4	20	390
4	21	311
4	22	272
4	23	296
4	24	282
4	25	305
4	26	629
4	27	247
4	28	326
4	29	443
4	30	392
5	1	304
5	2	359
5	3	281
5	4	355
5	5	316
5	6	312
5	7	244
5	8	327
5	9	270
5	10	422
5	11	315
5	12	248
5	13	342
5	14	288
5	15	341
5	16	238
5	17	320
5	18	256
5	19	258
5	20	311
5	21	259
5	22	354
5	23	285
5	24	289
5	25	283
5	26	314
5	27	321
5	28	339
5	29	278
5	30	378
6	1	246
6	2	312
6	3	285
6	4	338
6	5	295
6	6	437
6	7	267
6	8	332
6	9	488
6	10	237
6	11	255
6	12	304
6	13	241
6	14	283
6	15	310
6	16	422
6	17	261
6	18	310
6	19	387
6	20	289
6	21	441
6	22	242
6	23	340
6	24	365
6	25	482
6	26	247
6	27	314
6	28	356
6	29	358
6	30	307
7	1	383
7	2	485
7	3	271
7	4	228
7	5	534
7	6	319
7	7	321
7	8	380
7	9	317
7	10	309
7	11	392
7	12	328
7	13	296
7	14	398
7	15	248
7	16	290
7	17	353
7	18	396
7	19	286
7	20	517
7	21	359
7	22	271
7	23	306
7	24	259
7	25	291
7	26	309
7	27	364
7	28	309
7	29	428
7	30	445
8	1	563
8	2	451
8	3	389
8	4	253
8	5	297
8	6	300
8	7	420
8	8	379
8	9	308
8	10	327
8	11	285
8	12	268
8	13	278
8	14	384
8	15	328
8	16	353
8	17	323
8	18	328
8	19	252
8	20	270
8	21	291
8	22	298
8	23	372
8	24	281
8	25	335
8	26	262
8	27	345
8	28	330
8	29	353
8	30	277
9	1	302
9	2	349
9	3	254
9	4	333
9	5	345
9	6	276
9	7	451
9	8	256
9	9	250
9	10	262
9	11	295
9	12	270
9	13	276
9	14	296
9	15	493
9	16	319
9	17	268
9	18	348
9	19	295
9	20	358
9	21	371
9	22	258
9	23	291
9	24	309
9	25	376
9	26	360
9	27	293
9	28	341
9	29	336
9	30	342
10	1	313
10	2	523
10	3	375
10	4	313
10	5	295
10	6	318
10	7	329
10	8	359
10	9	385
10	10	459
10	11	322
10	12	405
10	13	269
10	14	310
10	15	359
10	16	278
10	17	442
10	18	307
10	19	397
10	20	268
10	21	375
10	22	311
10	23	268
10	24	474
10	25	562
10	26	283
10	27	287
10	28	423
10	29	316
10	30	363
11	1	294
11	2	499
11	3	279
11	4	274
11	5	294
11	6	291
11	7	320
11	8	383
11	9	308
11	10	487
11	11	350
11	12	317
11	13	422
11	14	261
11	15	357
11	16	373
11	17	318
11	18	305
11	19	345
11	20	332
11	21	394
11	22	337
11	23	381
11	24	296
11	25	359
11	26	250
11	27	386
11	28	278
11	29	329
11	30	427
12	1	351
12	2	654
12	3	380
12	4	310
12	5	309
12	6	368
12	7	319
12	8	279
12	9	313
12	10	260
12	11	420
12	12	317
12	13	288
12	14	329
12	15	357
12	16	410
12	17	225
12	18	263
12	19	324
12	20	308
12	21	344
12	22	407
12	23	304
12	24	262
12	25	301
12	26	368
12	27	278
12	28	385
12	29	330
12	30	403
13	1	326
13	2	320
13	3	233
13	4	295
13	5	360
13	6	310
13	7	278
13	8	388
13	9	311
13	10	336
13	11	484
13	12	314
13	13	284
13	14	268
13	15	435
13	16	286
13	17	285
13	18	350
13	19	240
13	20	403
13	21	292
13	22	402
13	23	358
13	24	289
13	25	516
13	26	278
13	27	307
13	28	489
13	29	332
13	30	401
14	1	288
14	2	281
14	3	277
14	4	302
14	5	406
14	6	316
14	7	277
14	8	254
14	9	332
14	10	252
14	11	289
14	12	311
14	13	236
14	14	508
14	15	395
14	16	424
14	17	410
14	18	238
14	19	666
14	20	341
14	21	580
14	22	390
14	23	262
14	24	249
14	25	371
14	26	296
14	27	390
14	28	275
14	29	468
14	30	499
15	1	259
15	2	238
15	3	280
15	4	353
15	5	481
15	6	310
15	7	272
15	8	415
15	9	276
15	10	265
15	11	468
15	12	380
15	13	634
15	14	291
15	15	308
15	16	309
15	17	257
15	18	280
15	19	312
15	20	284
15	21	577
15	22	333
15	23	303
15	24	498
15	25	313
15	26	270
15	27	331
15	28	279
15	29	300
15	30	274
16	1	404
16	2	280
16	3	242
16	4	363
16	5	277
16	6	296
16	7	279
16	8	278
16	9	404
16	10	295
16	11	258
16	12	385
16	13	472
16	14	358
16	15	249
16	16	337
16	17	277
16	18	292
16	19	374
16	20	242
16	21	365
16	22	252
16	23	309
16	24	247
16	25	325
16	26	497
16	27	315
16	28	260
16	29	310
16	30	436
17	1	379
17	2	237
17	3	424
17	4	278
17	5	360
17	6	412
17	7	319
17	8	257
17	9	267
17	10	247
17	11	346
17	12	273
17	13	262
17	14	264
17	15	311
17	16	254
17	17	309
17	18	384
17	19	249
17	20	431
17	21	240
17	22	457
17	23	305
17	24	470
17	25	253
17	26	296
17	27	274
17	28	272
17	29	296
17	30	472
18	1	597
18	2	401
18	3	297
18	4	369
18	5	277
18	6	290
18	7	248
18	8	356
18	9	432
18	10	382
18	11	261
18	12	340
18	13	268
18	14	261
18	15	374
18	16	304
18	17	270
18	18	328
18	19	354
18	20	384
18	21	352
18	22	397
18	23	317
18	24	294
18	25	273
18	26	354
18	27	259
18	28	372
18	29	246
18	30	351
19	1	566
19	2	269
19	3	439
19	4	252
19	5	460
19	6	256
19	7	309
19	8	262
19	9	351
19	10	332
19	11	348
19	12	342
19	13	305
19	14	392
19	15	462
19	16	383
19	17	296
19	18	448
19	19	321
19	20	303
19	21	285
19	22	310
19	23	321
19	24	371
19	25	304
19	26	391
19	27	281
19	28	324
19	29	330
19	30	350
20	1	381
20	2	388
20	3	349
20	4	354
20	5	369
20	6	519
20	7	315
20	8	284
20	9	296
20	10	306
20	11	437
20	12	327
20	13	421
20	14	338
20	15	363
20	16	332
20	17	385
20	18	399
20	19	321
20	20	296
20	21	314
20	22	258
20	23	211
20	24	264
20	25	231
20	26	303
20	27	230
20	28	279
20	29	216
20	30	483
21	1	371
21	2	340
21	3	265
21	4	266
21	5	337
21	6	325
21	7	315
21	8	493
21	9	272
21	10	266
21	11	328
21	12	319
21	13	313
21	14	269
21	15	291
21	16	260
21	17	270
21	18	264
21	19	339
21	20	247
21	21	288
21	22	417
21	23	322
21	24	291
21	25	447
21	26	308
21	27	248
21	28	357
21	29	293
21	30	303
22	1	293
22	2	380
22	3	345
22	4	460
22	5	340
22	6	396
22	7	375
22	8	305
22	9	430
22	10	406
22	11	268
22	12	319
22	13	291
22	14	428
22	15	269
22	16	326
22	17	432
22	18	284
22	19	314
22	20	333
22	21	391
22	22	305
22	23	360
22	24	258
22	25	344
22	26	336
22	27	389
22	28	286
22	29	355
22	30	386
23	1	443
23	2	299
23	3	230
23	4	410
23	5	365
23	6	363
23	7	297
23	8	303
23	9	312
23	10	402
23	11	310
23	12	416
23	13	365
23	14	343
23	15	349
23	16	236
23	17	414
23	18	371
23	19	335
23	20	285
23	21	260
23	22	360
23	23	337
23	24	485
23	25	336
23	26	284
23	27	329
23	28	327
23	29	351
23	30	385
24	1	317
24	2	317
24	3	399
24	4	348
24	5	335
24	6	368
24	7	373
24	8	340
24	9	460
24	10	427
24	11	427
24	12	376
24	13	385
24	14	357
24	15	352
24	16	347
24	17	336
24	18	323
24	19	336
24	20	272
24	21	381
24	22	351
24	23	301
24	24	284
24	25	283
24	26	333
24	27	332
24	28	284
24	29	286
24	30	381
25	1	305
25	2	255
25	3	394
25	4	274
25	5	328
25	6	518
25	7	296
25	8	325
25	9	324
25	10	438
25	11	258
25	12	352
25	13	339
25	14	1009
25	15	533
25	16	368
25	17	365
25	18	350
25	19	390
25	20	336
25	21	260
25	22	412
25	23	292
25	24	333
25	25	386
25	26	323
25	27	315
25	28	308
25	29	554
25	30	375
26	1	351
26	2	481
26	3	341
26	4	354
26	5	270
26	6	323
26	7	333
26	8	256
26	9	261
26	10	327
26	11	289
26	12	285
26	13	329
26	14	320
26	15	248
26	16	323
26	17	243
26	18	436
26	19	365
26	20	294
26	21	321
26	22	329
26	23	330
26	24	319
26	25	245
26	26	254
26	27	300
26	28	327
26	29	439
26	30	294
27	1	312
27	2	269
27	3	296
27	4	278
27	5	280
27	6	340
27	7	316
27	8	472
27	9	392
27	10	292
27	11	523
27	12	712
27	13	304
27	14	343
27	15	470
27	16	464
27	17	352
27	18	364
27	19	399
27	20	295
27	21	294
27	22	341
27	23	833
27	24	288
27	25	390
27	26	293
27	27	356
27	28	480
27	29	321
27	30	424
28	1	369
28	2	556
28	3	359
28	4	401
28	5	315
28	6	414
28	7	433
28	8	277
28	9	297
28	10	279
28	11	272
28	12	350
28	13	340
28	14	285
28	15	333
28	16	241
28	17	337
28	18	248
28	19	366
28	20	300
28	21	212
28	22	243
28	23	255
28	24	219
28	25	317
28	26	301
28	27	377
28	28	408
28	29	328
28	30	307
29	1	445
29	2	313
29	3	322
29	4	354
29	5	285
29	6	236
29	7	337
29	8	412
29	9	337
29	10	278
29	11	437
29	12	281
29	13	457
29	14	332
29	15	326
29	16	259
29	17	305
29	18	219
29	19	266
29	20	283
29	21	267
29	22	277
29	23	254
29	24	432
29	25	277
29	26	390
29	27	313
29	28	343
29	29	272
29	30	434
30	1	568
30	2	312
30	3	334
30	4	310
30	5	256
30	6	236
30	7	267
30	8	386
30	9	268
30	10	245
30	11	600
30	12	399
30	13	476
30	14	266
30	15	354
30	16	265
30	17	323
30	18	378
30	19	378
30	20	313
30	21	394
30	22	360
30	23	291
30	24	299
30	25	413
30	26	377
30	27	343
30	28	336
30	29	306
30	30	265
31	1	281
31	2	334
31	3	526
31	4	293
31	5	401
31	6	429
31	7	470
31	8	381
31	9	269
31	10	332
31	11	342
31	12	883
31	13	375
31	14	340
31	15	504
31	16	385
31	17	350
31	18	399
31	19	821
31	20	277
31	21	389
31	22	417
31	23	501
31	24	323
31	25	321
31	26	269
31	27	315
31	28	395
31	29	297
31	30	321
32	1	313
32	2	479
32	3	333
32	4	291
32	5	312
32	6	368
32	7	259
32	8	231
32	9	327
32	10	276
32	11	298
32	12	342
32	13	360
32	14	373
32	15	552
32	16	303
32	17	282
32	18	302
32	19	383
32	20	351
32	21	293
32	22	315
32	23	337
32	24	433
32	25	306
32	26	387
32	27	315
32	28	461
32	29	285
32	30	373
33	1	384
33	2	261
33	3	373
33	4	388
33	5	265
33	6	316
33	7	308
33	8	328
33	9	337
33	10	265
33	11	335
33	12	447
33	13	455
33	14	262
33	15	333
33	16	326
33	17	286
33	18	253
33	19	300
33	20	243
33	21	245
33	22	275
33	23	289
33	24	276
33	25	279
33	26	325
33	27	284
33	28	301
33	29	325
33	30	327
34	1	304
34	2	300
34	3	241
34	4	309
34	5	373
34	6	414
34	7	376
34	8	300
34	9	254
34	10	374
34	11	332
34	12	307
34	13	393
34	14	357
34	15	295
34	16	263
34	17	351
34	18	274
34	19	311
34	20	284
34	21	298
34	22	265
34	23	305
34	24	321
34	25	297
34	26	305
34	27	475
34	28	286
34	29	375
34	30	345
35	1	319
35	2	536
35	3	307
35	4	345
35	5	357
35	6	251
35	7	370
35	8	349
35	9	303
35	10	347
35	11	283
35	12	376
35	13	376
35	14	369
35	15	345
35	16	287
35	17	340
35	18	332
35	19	330
35	20	409
35	21	349
35	22	314
35	23	372
35	24	365
35	25	332
35	26	293
35	27	328
35	28	311
35	29	258
