NAME: 	Alexandra_1day_lhand
Completed cycles:	31
Failed cycles:	1
1	1	518
1	2	686
1	3	357
1	4	272
1	5	297
1	6	337
1	7	369
1	8	280
1	9	348
1	10	351
1	11	412
1	12	312
1	13	381
1	14	268
1	15	401
1	16	280
1	17	480
1	18	323
1	19	430
1	20	295
1	21	305
1	22	315
1	23	339
1	24	300
1	25	299
1	26	294
1	27	503
1	28	385
1	29	455
1	30	287
2	1	432
2	2	324
2	3	421
2	4	271
2	5	293
2	6	334
2	7	460
2	8	301
2	9	274
2	10	353
2	11	329
2	12	546
2	13	327
2	14	275
2	15	327
2	16	289
2	17	381
2	18	398
2	19	424
2	20	451
2	21	398
2	22	338
2	23	305
2	24	582
2	25	329
2	26	508
2	27	306
2	28	506
2	29	327
2	30	384
3	1	524
3	2	354
3	3	571
3	4	292
3	5	356
3	6	462
3	7	311
3	8	368
3	9	372
3	10	418
3	11	436
3	12	727
3	13	458
3	14	434
3	15	464
3	16	480
3	17	289
3	18	363
3	19	311
3	20	355
3	21	390
3	22	333
3	23	380
3	24	328
3	25	377
3	26	435
3	27	308
3	28	295
3	29	364
3	30	456
4	1	415
4	2	380
4	3	256
4	4	320
4	5	415
4	6	448
4	7	330
4	8	308
4	9	361
4	10	397
4	11	298
4	12	379
4	13	452
4	14	396
4	15	399
4	16	428
4	17	348
4	18	382
4	19	370
4	20	319
4	21	335
4	22	446
4	23	360
4	24	430
4	25	310
4	26	438
4	27	394
4	28	323
4	29	333
4	30	298
5	1	360
5	2	351
5	3	501
5	4	311
5	5	459
5	6	19
5	7	352
5	8	369
5	9	305
5	10	513
5	11	341
5	12	409
5	13	377
5	14	438
5	15	447
5	16	362
5	17	334
5	18	360
5	19	514
5	20	279
5	21	354
5	22	508
5	23	391
5	24	631
5	25	524
5	26	438
5	27	335
5	28	266
5	29	323
5	30	621
6	1	492
6	2	348
6	3	471
6	4	359
6	5	284
6	6	300
6	7	266
6	8	368
6	9	327
6	10	328
6	11	316
6	12	438
6	13	323
6	14	345
6	15	460
6	16	294
6	17	406
6	18	499
6	19	457
6	20	374
6	21	389
6	22	267
6	23	529
6	24	506
6	25	435
6	26	339
6	27	607
6	28	347
6	29	434
6	30	318
7	1	365
7	2	312
7	3	416
7	4	437
7	5	441
7	6	332
7	7	337
7	8	305
7	9	385
7	10	265
7	11	314
7	12	315
7	13	402
7	14	309
7	15	344
7	16	285
7	17	438
7	18	449
7	19	314
7	20	457
7	21	331
7	22	294
7	23	277
7	24	409
7	25	634
7	26	338
7	27	299
7	28	368
7	29	309
7	30	415
8	1	334
8	2	455
8	3	507
8	4	410
8	5	342
8	6	360
8	7	415
8	8	427
8	9	406
8	10	280
8	11	388
8	12	309
8	13	292
8	14	306
8	15	276
8	16	266
8	17	542
8	18	269
8	19	430
8	20	440
8	21	387
8	22	288
8	23	247
8	24	426
8	25	339
8	26	262
8	27	405
8	28	380
8	29	374
8	30	516
9	1	488
9	2	342
9	3	394
9	4	377
9	5	311
9	6	285
9	7	367
9	8	585
9	9	374
9	10	329
9	11	358
9	12	452
9	13	407
9	14	227
9	15	331
9	16	346
9	17	281
9	18	408
9	19	426
9	20	479
9	21	306
9	22	534
9	23	298
9	24	316
9	25	352
9	26	588
9	27	322
9	28	499
9	29	390
9	30	315
10	1	333
10	2	435
10	3	365
10	4	401
10	5	312
10	6	375
10	7	402
10	8	376
10	9	359
10	10	258
10	11	320
10	12	401
10	13	339
10	14	273
10	15	376
10	16	440
10	17	596
10	18	346
10	19	323
10	20	537
10	21	513
10	22	313
10	23	297
10	24	365
10	25	373
10	26	386
10	27	457
10	28	313
10	29	341
10	30	328
11	1	303
11	2	330
11	3	430
11	4	322
11	5	390
11	6	372
11	7	474
11	8	312
11	9	683
11	10	300
11	11	309
11	12	397
11	13	447
11	14	296
11	15	303
11	16	554
11	17	331
11	18	455
11	19	344
11	20	305
11	21	424
11	22	413
11	23	381
11	24	327
11	25	453
11	26	322
11	27	347
11	28	304
11	29	341
11	30	332
12	1	369
12	2	324
12	3	425
12	4	537
12	5	314
12	6	345
12	7	340
12	8	586
12	9	578
12	10	813
12	11	504
12	12	296
12	13	296
12	14	289
12	15	730
12	16	358
12	17	301
12	18	352
12	19	326
12	20	400
12	21	443
12	22	247
12	23	477
12	24	355
12	25	363
12	26	444
12	27	365
12	28	359
12	29	300
12	30	401
13	1	327
13	2	500
13	3	277
13	4	631
13	5	310
13	6	402
13	7	334
13	8	545
13	9	335
13	10	428
13	11	427
13	12	409
13	13	354
13	14	281
13	15	314
13	16	298
13	17	357
13	18	402
13	19	291
13	20	310
13	21	439
13	22	396
13	23	322
13	24	344
13	25	271
13	26	332
13	27	293
13	28	305
13	29	413
13	30	398
14	1	528
14	2	372
14	3	437
14	4	359
14	5	332
14	6	428
14	7	376
14	8	369
14	9	453
14	10	327
14	11	317
14	12	325
14	13	495
14	14	366
14	15	285
14	16	430
14	17	313
14	18	332
14	19	270
14	20	461
14	21	324
14	22	326
14	23	438
14	24	309
14	25	392
14	26	364
14	27	325
14	28	419
14	29	442
14	30	358
15	1	611
15	2	388
15	3	333
15	4	429
15	5	295
15	6	580
15	7	400
15	8	310
15	9	343
15	10	287
15	11	306
15	12	307
15	13	427
15	14	462
15	15	323
15	16	328
15	17	412
15	18	340
15	19	271
15	20	337
15	21	445
15	22	375
15	23	322
15	24	412
15	25	366
15	26	495
15	27	335
15	28	400
15	29	441
15	30	311
16	1	365
16	2	354
16	3	411
16	4	320
16	5	341
16	6	353
16	7	413
16	8	368
16	9	314
16	10	439
16	11	439
16	12	503
16	13	313
16	14	491
16	15	292
16	16	559
16	17	416
16	18	304
16	19	387
16	20	338
16	21	455
16	22	465
16	23	333
16	24	522
16	25	420
16	26	370
16	27	306
16	28	334
16	29	362
16	30	372
17	1	347
17	2	325
17	3	386
17	4	314
17	5	422
17	6	356
17	7	456
17	8	371
17	9	345
17	10	449
17	11	478
17	12	292
17	13	463
17	14	341
17	15	406
17	16	336
17	17	425
17	18	485
17	19	347
17	20	319
17	21	353
17	22	386
17	23	327
17	24	474
17	25	353
17	26	342
17	27	462
17	28	391
17	29	351
17	30	361
18	1	360
18	2	491
18	3	289
18	4	451
18	5	307
18	6	301
18	7	424
18	8	366
18	9	377
18	10	348
18	11	291
18	12	268
18	13	297
18	14	386
18	15	391
18	16	406
18	17	475
18	18	347
18	19	288
18	20	439
18	21	287
18	22	344
18	23	441
18	24	426
18	25	305
18	26	350
18	27	560
18	28	332
18	29	296
18	30	537
19	1	478
19	2	351
19	3	361
19	4	430
19	5	342
19	6	487
19	7	318
19	8	298
19	9	476
19	10	314
19	11	302
19	12	523
19	13	356
19	14	480
19	15	427
19	16	353
19	17	355
19	18	298
19	19	301
19	20	383
19	21	321
19	22	271
19	23	291
19	24	260
19	25	443
19	26	369
19	27	359
19	28	591
19	29	278
19	30	403
20	1	576
20	2	499
20	3	306
20	4	269
20	5	364
20	6	399
20	7	417
20	8	266
20	9	281
20	10	523
20	11	341
20	12	414
20	13	346
20	14	317
20	15	374
20	16	443
20	17	415
20	18	383
20	19	320
20	20	294
20	21	594
20	22	348
20	23	376
20	24	296
20	25	493
20	26	302
20	27	527
20	28	372
20	29	500
20	30	328
21	1	446
21	2	377
21	3	288
21	4	391
21	5	405
21	6	359
21	7	313
21	8	321
21	9	501
21	10	445
21	11	345
21	12	381
21	13	283
21	14	335
21	15	369
21	16	435
21	17	2046
21	18	293
21	19	374
21	20	409
21	21	1059
21	22	417
21	23	558
21	24	322
21	25	429
21	26	461
21	27	481
21	28	342
21	29	498
21	30	365
22	1	434
22	2	348
22	3	324
22	4	582
22	5	293
22	6	510
22	7	283
22	8	329
22	9	385
22	10	389
22	11	268
22	12	298
22	13	320
22	14	523
22	15	357
22	16	364
22	17	346
22	18	399
22	19	242
22	20	363
22	21	421
22	22	368
22	23	356
22	24	690
22	25	362
22	26	355
22	27	276
22	28	400
22	29	301
22	30	282
23	1	326
23	2	517
23	3	298
23	4	378
23	5	409
23	6	315
23	7	293
23	8	372
23	9	412
23	10	388
23	11	331
23	12	412
23	13	414
23	14	431
23	15	407
23	16	365
23	17	334
23	18	343
23	19	902
23	20	720
23	21	313
23	22	338
23	23	370
23	24	390
23	25	382
23	26	296
23	27	576
23	28	428
23	29	483
23	30	321
24	1	373
24	2	498
24	3	446
24	4	346
24	5	373
24	6	403
24	7	375
24	8	375
24	9	463
24	10	421
24	11	323
24	12	323
24	13	392
24	14	370
24	15	286
24	16	391
24	17	312
24	18	305
24	19	304
24	20	438
24	21	339
24	22	371
24	23	359
24	24	411
24	25	386
24	26	407
24	27	404
24	28	368
24	29	388
24	30	398
25	1	383
25	2	454
25	3	415
25	4	377
25	5	308
25	6	396
25	7	329
25	8	436
25	9	372
25	10	305
25	11	430
25	12	404
25	13	548
25	14	397
25	15	339
25	16	308
25	17	460
25	18	397
25	19	482
25	20	347
25	21	493
25	22	409
25	23	319
25	24	320
25	25	358
25	26	874
25	27	392
25	28	335
25	29	350
25	30	440
26	1	417
26	2	374
26	3	299
26	4	415
26	5	378
26	6	341
26	7	275
26	8	306
26	9	329
26	10	415
26	11	401
26	12	389
26	13	327
26	14	329
26	15	412
26	16	342
26	17	527
26	18	443
26	19	408
26	20	359
26	21	450
26	22	456
26	23	397
26	24	399
26	25	494
26	26	403
26	27	405
26	28	272
26	29	338
26	30	401
27	1	501
27	2	432
27	3	391
27	4	489
27	5	418
27	6	102
27	7	458
27	8	484
27	9	467
27	10	644
27	11	362
27	12	499
27	13	563
27	14	868
27	15	505
27	16	412
27	17	386
27	18	333
27	19	452
27	20	332
27	21	444
27	22	594
27	23	325
27	24	488
27	25	343
27	26	349
27	27	324
27	28	542
27	29	369
27	30	571
28	1	417
28	2	332
28	3	441
28	4	450
28	5	577
28	6	400
28	7	472
28	8	328
28	9	472
28	10	432
28	11	384
28	12	408
28	13	358
28	14	492
28	15	271
28	16	520
28	17	650
28	18	337
28	19	360
28	20	351
28	21	306
28	22	310
28	23	495
28	24	314
28	25	431
28	26	350
28	27	411
28	28	409
28	29	487
28	30	403
29	1	657
29	2	421
29	3	406
29	4	484
29	5	384
29	6	505
29	7	286
29	8	610
29	9	312
29	10	519
29	11	329
29	12	1462
29	13	804
29	14	782
29	15	362
29	16	750
29	17	348
29	18	434
29	19	514
29	20	399
29	21	347
29	22	487
29	23	363
29	24	399
29	25	572
29	26	266
29	27	301
29	28	416
29	29	392
29	30	313
30	1	403
30	2	477
30	3	391
30	4	488
30	5	408
30	6	380
30	7	339
30	8	403
30	9	457
30	10	368
30	11	573
30	12	450
30	13	454
30	14	361
30	15	363
30	16	415
30	17	423
30	18	316
30	19	411
30	20	397
30	21	500
30	22	355
30	23	304
30	24	454
30	25	384
30	26	313
30	27	304
30	28	253
30	29	276
30	30	287
31	1	251
31	2	382
31	3	311
31	4	445
31	5	308
31	6	311
31	7	235
31	8	443
31	9	315
31	10	458
31	11	261
31	12	334
31	13	275
31	14	295
31	15	294
31	16	381
31	17	347
31	18	344
31	19	504
31	20	369
31	21	341
31	22	326
31	23	376
31	24	307
31	25	284
31	26	534
31	27	367
31	28	442
31	29	325
31	30	357
32	1	321
32	2	536
32	3	367
32	4	321
32	5	342
32	6	322
32	7	694
32	8	304
32	9	301
32	10	326
32	11	319
32	12	554
32	13	362
32	14	332
32	15	336
32	16	357
32	17	324
32	18	477
32	19	201
32	20	416
32	21	493
32	22	375
32	23	345
32	24	635
32	25	435
32	26	494
