NAME: 	AlexandraP_3day_lhand
Completed cycles:	32
Failed cycles:	1
1	1	810
1	2	472
1	3	367
1	4	415
1	5	461
1	6	440
1	7	444
1	8	473
1	9	395
1	10	431
1	11	422
1	12	383
1	13	396
1	14	453
1	15	359
1	16	403
1	17	418
1	18	391
1	19	344
1	20	472
1	21	345
1	22	451
1	23	405
1	24	448
1	25	465
1	26	413
1	27	377
1	28	366
1	29	375
1	30	400
2	1	328
2	2	379
2	3	379
2	4	389
2	5	409
2	6	400
2	7	378
2	8	365
2	9	409
2	10	384
2	11	345
2	12	337
2	13	358
2	14	395
2	15	378
2	16	365
2	17	394
2	18	439
2	19	416
2	20	384
2	21	408
2	22	475
2	23	425
2	24	441
2	25	383
2	26	358
2	27	420
2	28	364
2	29	359
2	30	366
3	1	426
3	2	416
3	3	327
3	4	382
3	5	470
3	6	382
3	7	389
3	8	392
3	9	424
3	10	456
3	11	382
3	12	431
3	13	328
3	14	394
3	15	399
3	16	319
3	17	416
3	18	490
3	19	393
3	20	457
3	21	392
3	22	361
3	23	512
3	24	440
3	25	392
3	26	315
3	27	548
3	28	359
3	29	392
3	30	407
4	1	372
4	2	404
4	3	328
4	4	424
4	5	355
4	6	363
4	7	374
4	8	455
4	9	384
4	10	344
4	11	614
4	12	435
4	13	421
4	14	413
4	15	464
4	16	350
4	17	377
4	18	425
4	19	517
4	20	384
4	21	369
4	22	429
4	23	371
4	24	401
4	25	340
4	26	419
4	27	334
4	28	369
4	29	350
4	30	378
5	1	484
5	2	441
5	3	460
5	4	369
5	5	355
5	6	421
5	7	458
5	8	387
5	9	368
5	10	350
5	11	368
5	12	393
5	13	389
5	14	380
5	15	453
5	16	309
5	17	372
5	18	298
5	19	383
5	20	319
5	21	338
5	22	361
5	23	350
5	24	509
5	25	342
5	26	399
5	27	368
5	28	336
5	29	443
5	30	348
6	1	438
6	2	424
6	3	485
6	4	473
6	5	327
6	6	420
6	7	411
6	8	369
6	9	369
6	10	342
6	11	360
6	12	367
6	13	467
6	14	406
6	15	421
6	16	407
6	17	471
6	18	366
6	19	431
6	20	530
6	21	412
6	22	428
6	23	393
6	24	454
6	25	370
6	26	419
6	27	434
6	28	349
6	29	396
6	30	481
7	1	407
7	2	388
7	3	405
7	4	354
7	5	433
7	6	371
7	7	364
7	8	430
7	9	413
7	10	386
7	11	386
7	12	384
7	13	438
7	14	437
7	15	351
7	16	467
7	17	590
7	18	472
7	19	461
7	20	403
7	21	393
7	22	332
7	23	425
7	24	419
7	25	473
7	26	778
7	27	392
7	28	519
7	29	411
7	30	387
8	1	384
8	2	432
8	3	457
8	4	532
8	5	359
8	6	689
8	7	429
8	8	1002
8	9	396
8	10	453
8	11	326
8	12	360
8	13	434
8	14	348
8	15	373
8	16	386
8	17	476
8	18	444
8	19	404
8	20	261
8	21	379
8	22	332
8	23	388
8	24	439
8	25	287
8	26	351
8	27	352
8	28	395
8	29	405
8	30	299
9	1	394
9	2	313
9	3	354
9	4	453
9	5	315
9	6	420
9	7	319
9	8	332
9	9	388
9	10	466
9	11	338
9	12	561
9	13	319
9	14	363
9	15	355
9	16	348
9	17	326
9	18	388
9	19	384
9	20	392
9	21	339
9	22	452
9	23	392
9	24	383
9	25	358
9	26	330
9	27	381
9	28	349
9	29	444
9	30	414
10	1	336
10	2	368
10	3	411
10	4	398
10	5	594
10	6	371
10	7	394
10	8	421
10	9	334
10	10	346
10	11	647
10	12	359
10	13	440
10	14	407
10	15	359
10	16	357
10	17	467
10	18	402
10	19	469
10	20	432
10	21	378
10	22	463
10	23	330
10	24	431
10	25	317
10	26	398
10	27	310
10	28	402
10	29	636
10	30	341
11	1	654
11	2	486
11	3	383
11	4	424
11	5	324
11	6	339
11	7	395
11	8	353
11	9	428
11	10	383
11	11	356
11	12	397
11	13	396
11	14	368
11	15	311
11	16	382
11	17	387
11	18	484
11	19	464
11	20	367
11	21	407
11	22	400
11	23	364
11	24	393
11	25	507
11	26	292
11	27	389
11	28	291
11	29	310
11	30	326
12	1	484
12	2	325
12	3	350
12	4	390
12	5	422
12	6	312
12	7	318
12	8	395
12	9	329
12	10	333
12	11	387
12	12	449
12	13	399
12	14	394
12	15	417
12	16	340
12	17	365
12	18	396
12	19	333
12	20	364
12	21	363
12	22	395
12	23	482
12	24	321
12	25	320
12	26	308
12	27	328
12	28	623
12	29	448
12	30	547
13	1	349
13	2	398
13	3	385
13	4	367
13	5	530
13	6	442
13	7	432
13	8	369
13	9	440
13	10	359
13	11	389
13	12	328
13	13	435
13	14	389
13	15	336
13	16	347
13	17	357
13	18	364
13	19	344
13	20	365
13	21	334
13	22	570
13	23	295
13	24	343
13	25	356
13	26	457
13	27	315
13	28	353
13	29	542
13	30	501
14	1	408
14	2	1161
14	3	380
14	4	340
14	5	488
14	6	423
14	7	417
14	8	331
14	9	416
14	10	505
14	11	349
14	12	332
14	13	346
14	14	658
14	15	382
14	16	336
14	17	371
14	18	652
14	19	388
14	20	436
14	21	369
14	22	377
14	23	456
14	24	385
14	25	406
14	26	452
14	27	453
14	28	363
14	29	411
14	30	358
15	1	498
15	2	358
15	3	323
15	4	369
15	5	454
15	6	330
15	7	444
15	8	326
15	9	415
15	10	352
15	11	331
15	12	351
15	13	389
15	14	612
15	15	364
15	16	434
15	17	343
15	18	344
15	19	354
15	20	461
15	21	319
15	22	401
15	23	331
15	24	349
15	25	333
15	26	382
15	27	331
15	28	421
15	29	436
15	30	391
16	1	373
16	2	765
16	3	359
16	4	382
16	5	361
16	6	435
16	7	319
16	8	426
16	9	291
16	10	335
16	11	504
16	12	317
16	13	401
16	14	460
16	15	312
16	16	401
16	17	307
16	18	404
16	19	332
16	20	331
16	21	501
16	22	329
16	23	370
16	24	332
16	25	396
16	26	378
16	27	318
16	28	417
16	29	615
16	30	391
17	1	317
17	2	382
17	3	427
17	4	342
17	5	394
17	6	333
17	7	401
17	8	373
17	9	487
17	10	325
17	11	388
17	12	441
17	13	354
17	14	381
17	15	344
17	16	393
17	17	475
17	18	359
17	19	329
17	20	343
17	21	427
17	22	379
17	23	371
17	24	508
17	25	323
17	26	395
17	27	412
17	28	313
17	29	387
17	30	302
18	1	370
18	2	607
18	3	351
18	4	370
18	5	296
18	6	442
18	7	301
18	8	399
18	9	272
18	10	337
18	11	378
18	12	378
18	13	363
18	14	318
18	15	390
18	16	370
18	17	364
18	18	396
18	19	434
18	20	449
18	21	321
18	22	321
18	23	403
18	24	328
18	25	427
18	26	663
18	27	289
18	28	396
18	29	295
18	30	354
19	1	501
19	2	392
19	3	362
19	4	361
19	5	324
19	6	668
19	7	360
19	8	360
19	9	427
19	10	398
19	11	383
19	12	316
19	13	378
19	14	319
19	15	410
19	16	303
19	17	426
19	18	322
19	19	353
19	20	384
19	21	457
19	22	376
19	23	300
19	24	313
19	25	320
19	26	366
19	27	385
19	28	387
19	29	359
19	30	385
20	1	480
20	2	418
20	3	283
20	4	374
20	5	435
20	6	429
20	7	362
20	8	365
20	9	409
20	10	949
20	11	431
20	12	352
20	13	278
20	14	292
20	15	325
20	16	297
20	17	323
20	18	490
20	19	342
20	20	423
20	21	319
20	22	355
20	23	472
20	24	352
20	25	333
20	26	456
20	27	300
20	28	666
20	29	488
20	30	343
21	1	366
21	2	396
21	3	318
21	4	374
21	5	318
21	6	336
21	7	426
21	8	346
21	9	349
21	10	331
21	11	363
21	12	398
21	13	419
21	14	419
21	15	452
21	16	379
21	17	349
21	18	345
21	19	375
21	20	432
21	21	406
21	22	441
21	23	396
21	24	369
21	25	330
21	26	435
21	27	378
21	28	658
21	29	423
21	30	383
22	1	346
22	2	430
22	3	376
22	4	323
22	5	392
22	6	309
22	7	418
22	8	391
22	9	322
22	10	339
22	11	429
22	12	353
22	13	299
22	14	412
22	15	329
22	16	374
22	17	264
22	18	488
22	19	271
22	20	417
22	21	321
22	22	291
22	23	352
22	24	331
22	25	375
22	26	286
22	27	322
22	28	345
22	29	491
22	30	347
23	1	304
23	2	422
23	3	363
23	4	330
23	5	343
23	6	321
23	7	267
23	8	312
23	9	262
23	10	393
23	11	316
23	12	386
23	13	311
23	14	431
23	15	317
23	16	405
23	17	389
23	18	365
23	19	319
23	20	336
23	21	296
23	22	389
23	23	348
23	24	492
23	25	337
23	26	419
23	27	344
23	28	302
23	29	422
23	30	302
24	1	357
24	2	447
24	3	282
24	4	396
24	5	299
24	6	348
24	7	274
24	8	405
24	9	272
24	10	284
24	11	332
24	12	305
24	13	319
24	14	629
24	15	305
24	16	325
24	17	364
24	18	311
24	19	329
24	20	283
24	21	309
24	22	356
24	23	354
24	24	452
24	25	356
24	26	394
24	27	277
24	28	359
24	29	309
24	30	483
25	1	283
25	2	294
25	3	750
25	4	322
25	5	580
25	6	316
25	7	411
25	8	316
25	9	345
25	10	459
25	11	344
25	12	303
25	13	298
25	14	401
25	15	359
25	16	341
25	17	369
25	18	369
25	19	345
25	20	345
25	21	408
25	22	321
25	23	299
25	24	293
25	25	289
25	26	386
25	27	402
25	28	307
25	29	445
25	30	383
26	1	287
26	2	309
26	3	310
26	4	317
26	5	312
26	6	295
26	7	288
26	8	392
26	9	339
26	10	353
26	11	342
26	12	455
26	13	250
26	14	551
26	15	418
26	16	382
26	17	312
26	18	360
26	19	447
26	20	410
26	21	445
26	22	328
26	23	372
26	24	293
26	25	278
26	26	302
26	27	356
26	28	331
26	29	309
26	30	308
27	1	302
27	2	322
27	3	343
27	4	359
27	5	378
27	6	331
27	7	264
27	8	350
27	9	300
27	10	504
27	11	313
27	12	368
27	13	288
27	14	335
27	15	395
27	16	307
27	17	303
27	18	409
27	19	336
27	20	364
27	21	475
27	22	304
27	23	308
27	24	357
27	25	395
27	26	335
27	27	322
27	28	301
27	29	297
27	30	586
28	1	330
28	2	527
28	3	443
28	4	328
28	5	290
28	6	265
28	7	272
28	8	344
28	9	324
28	10	313
28	11	257
28	12	316
28	13	332
28	14	308
28	15	337
28	16	463
28	17	406
28	18	481
28	19	787
28	20	377
28	21	551
28	22	322
28	23	361
28	24	273
28	25	370
28	26	389
28	27	275
28	28	336
28	29	257
28	30	275
29	1	340
29	2	461
29	3	329
29	4	341
29	5	492
29	6	385
29	7	277
29	8	410
29	9	463
29	10	434
29	11	382
29	12	317
29	13	297
29	14	388
29	15	259
29	16	375
29	17	277
29	18	467
29	19	254
29	20	416
29	21	282
29	22	333
29	23	349
29	24	293
29	25	292
29	26	283
29	27	279
29	28	446
29	29	377
29	30	595
30	1	342
30	2	315
30	3	432
30	4	362
30	5	335
30	6	371
30	7	455
30	8	300
30	9	500
30	10	291
30	11	282
30	12	493
30	13	372
30	14	434
30	15	383
30	16	280
30	17	390
30	18	287
30	19	623
30	20	288
30	21	388
30	22	327
30	23	394
30	24	358
30	25	412
30	26	287
30	27	534
30	28	364
30	29	331
30	30	335
31	1	424
31	2	361
31	3	434
31	4	361
31	5	364
31	6	330
31	7	384
31	8	341
31	9	433
31	10	338
31	11	377
31	12	390
31	13	311
31	14	524
31	15	403
31	16	415
31	17	349
31	18	359
31	19	318
31	20	366
31	21	319
31	22	399
31	23	369
31	24	464
31	25	720
31	26	358
31	27	486
31	28	311
31	29	365
31	30	472
32	1	534
32	2	386
32	3	367
32	4	319
32	5	457
32	6	342
32	7	312
32	8	440
32	9	360
32	10	344
32	11	401
32	12	331
32	13	330
32	14	355
32	15	266
32	16	359
32	17	293
32	18	372
32	19	336
32	20	360
32	21	306
32	22	278
32	23	487
32	24	374
32	25	322
32	26	434
32	27	287
32	28	397
32	29	284
32	30	397
33	1	325
33	2	356
33	3	294
33	4	349
33	5	414
33	6	324
33	7	320
33	8	346
33	9	534
33	10	309
33	11	274
33	12	346
33	13	365
