NAME: 	Anna_1day_rhand
Completed cycles:	37
Failed cycles:	1
1	1	840
1	2	301
1	3	220
1	4	277
1	5	215
1	6	277
1	7	209
1	8	217
1	9	213
1	10	272
1	11	308
1	12	366
1	13	499
1	14	213
1	15	190
1	16	222
1	17	502
1	18	360
1	19	266
1	20	279
1	21	225
1	22	276
1	23	184
1	24	255
1	25	336
1	26	232
1	27	237
1	28	298
1	29	292
1	30	246
2	1	481
2	2	364
2	3	283
2	4	276
2	5	244
2	6	289
2	7	273
2	8	279
2	9	204
2	10	269
2	11	250
2	12	293
2	13	347
2	14	264
2	15	244
2	16	216
2	17	258
2	18	318
2	19	191
2	20	234
2	21	288
2	22	212
2	23	297
2	24	274
2	25	274
2	26	199
2	27	142
2	28	284
2	29	302
2	30	252
3	1	226
3	2	275
3	3	277
3	4	388
3	5	213
3	6	255
3	7	212
3	8	487
3	9	250
3	10	227
3	11	295
3	12	265
3	13	277
3	14	242
3	15	203
3	16	225
3	17	208
3	18	255
3	19	279
3	20	259
3	21	241
3	22	446
3	23	287
3	24	207
3	25	291
3	26	308
3	27	323
3	28	309
3	29	258
3	30	223
4	1	415
4	2	380
4	3	312
4	4	205
4	5	255
4	6	272
4	7	278
4	8	230
4	9	283
4	10	209
4	11	230
4	12	337
4	13	250
4	14	251
4	15	305
4	16	368
4	17	261
4	18	273
4	19	335
4	20	209
4	21	251
4	22	187
4	23	238
4	24	235
4	25	226
4	26	410
4	27	350
4	28	307
4	29	152
4	30	303
5	1	283
5	2	315
5	3	273
5	4	274
5	5	281
5	6	342
5	7	232
5	8	257
5	9	296
5	10	361
5	11	391
5	12	330
5	13	274
5	14	237
5	15	141
5	16	264
5	17	247
5	18	243
5	19	260
5	20	324
5	21	262
5	22	240
5	23	380
5	24	288
5	25	212
5	26	362
5	27	234
5	28	110
5	29	222
5	30	163
6	1	422
6	2	456
6	3	230
6	4	291
6	5	243
6	6	334
6	7	275
6	8	195
6	9	264
6	10	243
6	11	308
6	12	215
6	13	300
6	14	477
6	15	244
6	16	269
6	17	257
6	18	353
6	19	407
6	20	245
6	21	243
6	22	190
6	23	227
6	24	290
6	25	328
6	26	218
6	27	260
6	28	269
6	29	175
6	30	230
7	1	361
7	2	228
7	3	281
7	4	306
7	5	229
7	6	213
7	7	269
7	8	166
7	9	203
7	10	223
7	11	222
7	12	291
7	13	294
7	14	270
7	15	283
7	16	287
7	17	256
7	18	260
7	19	281
7	20	203
7	21	216
7	22	172
7	23	363
7	24	296
7	25	181
7	26	237
7	27	258
7	28	230
7	29	207
7	30	303
8	1	393
8	2	398
8	3	260
8	4	323
8	5	256
8	6	337
8	7	294
8	8	263
8	9	299
8	10	292
8	11	220
8	12	245
8	13	284
8	14	434
8	15	322
8	16	245
8	17	207
8	18	325
8	19	540
8	20	323
8	21	197
8	22	323
8	23	326
8	24	457
8	25	355
8	26	479
8	27	394
8	28	181
8	29	312
8	30	351
9	1	348
9	2	324
9	3	352
9	4	330
9	5	325
9	6	237
9	7	403
9	8	295
9	9	256
9	10	258
9	11	268
9	12	267
9	13	349
9	14	208
9	15	252
9	16	318
9	17	280
9	18	273
9	19	336
9	20	258
9	21	291
9	22	242
9	23	325
9	24	369
9	25	243
9	26	227
9	27	307
9	28	244
9	29	448
9	30	355
10	1	337
10	2	426
10	3	385
10	4	257
10	5	256
10	6	267
10	7	283
10	8	262
10	9	214
10	10	245
10	11	331
10	12	238
10	13	395
10	14	359
10	15	285
10	16	344
10	17	293
10	18	237
10	19	254
10	20	343
10	21	286
10	22	236
10	23	320
10	24	254
10	25	281
10	26	256
10	27	244
10	28	224
10	29	256
10	30	316
11	1	293
11	2	315
11	3	249
11	4	333
11	5	283
11	6	271
11	7	205
11	8	436
11	9	280
11	10	229
11	11	401
11	12	216
11	13	261
11	14	214
11	15	503
11	16	271
11	17	192
11	18	227
11	19	227
11	20	236
11	21	325
11	22	253
11	23	181
11	24	284
11	25	275
11	26	217
11	27	221
11	28	248
11	29	196
11	30	247
12	1	288
12	2	211
12	3	249
12	4	287
12	5	232
12	6	272
12	7	220
12	8	244
12	9	258
12	10	297
12	11	254
12	12	245
12	13	221
12	14	255
12	15	265
12	16	189
12	17	226
12	18	292
12	19	228
12	20	343
12	21	178
12	22	297
12	23	270
12	24	259
12	25	364
12	26	424
12	27	315
12	28	228
12	29	222
12	30	229
13	1	299
13	2	312
13	3	246
13	4	256
13	5	172
13	6	248
13	7	233
13	8	186
13	9	114
13	10	179
13	11	275
13	12	192
13	13	246
13	14	232
13	15	266
13	16	133
13	17	181
13	18	394
13	19	188
13	20	326
13	21	360
13	22	217
13	23	299
13	24	214
13	25	299
13	26	222
13	27	212
13	28	213
13	29	268
13	30	269
14	1	253
14	2	325
14	3	235
14	4	325
14	5	329
14	6	330
14	7	228
14	8	409
14	9	287
14	10	337
14	11	280
14	12	199
14	13	247
14	14	312
14	15	287
14	16	254
14	17	239
14	18	306
14	19	201
14	20	365
14	21	196
14	22	276
14	23	218
14	24	322
14	25	261
14	26	199
14	27	277
14	28	369
14	29	211
14	30	216
15	1	396
15	2	162
15	3	248
15	4	262
15	5	206
15	6	362
15	7	227
15	8	254
15	9	188
15	10	276
15	11	210
15	12	298
15	13	630
15	14	364
15	15	335
15	16	268
15	17	302
15	18	416
15	19	326
15	20	267
15	21	251
15	22	259
15	23	288
15	24	304
15	25	284
15	26	250
15	27	215
15	28	307
15	29	383
15	30	286
16	1	222
16	2	275
16	3	224
16	4	437
16	5	290
16	6	291
16	7	243
16	8	250
16	9	351
16	10	241
16	11	193
16	12	422
16	13	259
16	14	213
16	15	278
16	16	179
16	17	287
16	18	361
16	19	283
16	20	316
16	21	313
16	22	268
16	23	239
16	24	351
16	25	248
16	26	323
16	27	234
16	28	209
16	29	223
16	30	223
17	1	373
17	2	257
17	3	315
17	4	259
17	5	282
17	6	231
17	7	291
17	8	223
17	9	301
17	10	263
17	11	281
17	12	246
17	13	256
17	14	236
17	15	281
17	16	344
17	17	350
17	18	241
17	19	266
17	20	248
17	21	251
17	22	295
17	23	471
17	24	336
17	25	258
17	26	344
17	27	226
17	28	309
17	29	447
17	30	429
18	1	198
18	2	367
18	3	293
18	4	319
18	5	261
18	6	342
18	7	258
18	8	639
18	9	383
18	10	217
18	11	296
18	12	343
18	13	334
18	14	416
18	15	301
18	16	255
18	17	334
18	18	339
18	19	315
18	20	895
18	21	408
18	22	246
18	23	309
18	24	268
18	25	223
18	26	302
18	27	345
18	28	339
18	29	283
18	30	291
19	1	409
19	2	299
19	3	170
19	4	308
19	5	293
19	6	486
19	7	461
19	8	327
19	9	319
19	10	499
19	11	282
19	12	275
19	13	351
19	14	203
19	15	196
19	16	232
19	17	262
19	18	383
19	19	304
19	20	251
19	21	251
19	22	366
19	23	308
19	24	211
19	25	301
19	26	278
19	27	214
19	28	432
19	29	343
19	30	285
20	1	264
20	2	281
20	3	315
20	4	277
20	5	323
20	6	298
20	7	234
20	8	257
20	9	160
20	10	314
20	11	239
20	12	238
20	13	295
20	14	266
20	15	265
20	16	245
20	17	264
20	18	347
20	19	400
20	20	340
20	21	243
20	22	311
20	23	247
20	24	240
20	25	289
20	26	308
20	27	440
20	28	218
20	29	333
20	30	402
21	1	360
21	2	408
21	3	363
21	4	312
21	5	217
21	6	289
21	7	208
21	8	237
21	9	399
21	10	171
21	11	215
21	12	292
21	13	227
21	14	264
21	15	430
21	16	183
21	17	89
21	18	482
21	19	265
21	20	258
21	21	243
21	22	252
21	23	367
21	24	221
21	25	284
21	26	307
21	27	258
21	28	263
21	29	232
21	30	246
22	1	308
22	2	313
22	3	243
22	4	381
22	5	283
22	6	241
22	7	414
22	8	370
22	9	220
22	10	261
22	11	344
22	12	302
22	13	232
22	14	240
22	15	383
22	16	194
22	17	337
22	18	395
22	19	244
22	20	228
22	21	288
22	22	362
22	23	300
22	24	221
22	25	374
22	26	248
22	27	216
22	28	233
22	29	326
22	30	226
23	1	413
23	2	263
23	3	373
23	4	308
23	5	274
23	6	250
23	7	277
23	8	326
23	9	312
23	10	293
23	11	295
23	12	213
23	13	287
23	14	308
23	15	214
23	16	241
23	17	349
23	18	368
23	19	209
23	20	256
23	21	354
23	22	269
23	23	245
23	24	285
23	25	233
23	26	239
23	27	263
23	28	262
23	29	216
23	30	228
24	1	288
24	2	273
24	3	214
24	4	173
24	5	230
24	6	234
24	7	200
24	8	184
24	9	286
24	10	255
24	11	276
24	12	201
24	13	123
24	14	303
24	15	362
24	16	363
24	17	211
24	18	243
24	19	287
24	20	238
24	21	239
24	22	154
24	23	221
24	24	316
24	25	243
24	26	463
24	27	307
24	28	373
24	29	292
24	30	223
25	1	356
25	2	152
25	3	292
25	4	287
25	5	321
25	6	468
25	7	354
25	8	241
25	9	214
25	10	305
25	11	348
25	12	255
25	13	313
25	14	283
25	15	209
25	16	221
25	17	191
25	18	261
25	19	308
25	20	317
25	21	237
25	22	288
25	23	297
25	24	204
25	25	229
25	26	248
25	27	232
25	28	255
25	29	479
25	30	199
26	1	183
26	2	180
26	3	699
26	4	506
26	5	1380
26	6	344
26	7	394
26	8	286
26	9	308
26	10	343
26	11	410
26	12	237
26	13	317
26	14	298
26	15	303
26	16	291
26	17	293
26	18	241
26	19	228
26	20	219
26	21	235
26	22	589
26	23	361
26	24	346
26	25	214
26	26	524
26	27	265
26	28	446
26	29	366
26	30	237
27	1	306
27	2	349
27	3	168
27	4	238
27	5	241
27	6	191
27	7	403
27	8	309
27	9	234
27	10	255
27	11	371
27	12	223
27	13	230
27	14	254
27	15	253
27	16	202
27	17	218
27	18	234
27	19	236
27	20	206
27	21	224
27	22	289
27	23	190
27	24	316
27	25	157
27	26	232
27	27	190
27	28	149
27	29	123
27	30	339
28	1	310
28	2	413
28	3	368
28	4	284
28	5	330
28	6	291
28	7	272
28	8	292
28	9	298
28	10	320
28	11	317
28	12	308
28	13	306
28	14	399
28	15	301
28	16	239
28	17	293
28	18	276
28	19	483
28	20	259
28	21	367
28	22	415
28	23	209
28	24	205
28	25	275
28	26	221
28	27	231
28	28	294
28	29	291
28	30	216
29	1	165
29	2	299
29	3	269
29	4	410
29	5	200
29	6	235
29	7	291
29	8	323
29	9	206
29	10	444
29	11	273
29	12	359
29	13	354
29	14	560
29	15	235
29	16	264
29	17	236
29	18	312
29	19	192
29	20	397
29	21	231
29	22	344
29	23	322
29	24	234
29	25	202
29	26	235
29	27	454
29	28	286
29	29	271
29	30	283
30	1	375
30	2	304
30	3	223
30	4	362
30	5	355
30	6	202
30	7	243
30	8	348
30	9	259
30	10	257
30	11	293
30	12	506
30	13	230
30	14	382
30	15	340
30	16	319
30	17	287
30	18	352
30	19	245
30	20	265
30	21	447
30	22	447
30	23	198
30	24	239
30	25	269
30	26	330
30	27	405
30	28	246
30	29	331
30	30	232
31	1	271
31	2	230
31	3	257
31	4	347
31	5	285
31	6	207
31	7	292
31	8	414
31	9	244
31	10	229
31	11	273
31	12	179
31	13	310
31	14	377
31	15	200
31	16	234
31	17	204
31	18	259
31	19	282
31	20	229
31	21	300
31	22	197
31	23	338
31	24	382
31	25	324
31	26	324
31	27	245
31	28	243
31	29	397
31	30	260
32	1	247
32	2	485
32	3	375
32	4	279
32	5	207
32	6	268
32	7	271
32	8	329
32	9	285
32	10	320
32	11	323
32	12	338
32	13	269
32	14	321
32	15	337
32	16	199
32	17	282
32	18	305
32	19	214
32	20	276
32	21	234
32	22	295
32	23	240
32	24	318
32	25	201
32	26	367
32	27	296
32	28	293
32	29	217
32	30	234
33	1	230
33	2	232
33	3	397
33	4	217
33	5	230
33	6	205
33	7	281
33	8	196
33	9	255
33	10	375
33	11	198
33	12	206
33	13	321
33	14	185
33	15	164
33	16	295
33	17	187
33	18	245
33	19	283
33	20	220
33	21	192
33	22	311
33	23	151
33	24	232
33	25	170
33	26	328
33	27	218
33	28	198
33	29	157
33	30	229
34	1	343
34	2	323
34	3	252
34	4	157
34	5	245
34	6	264
34	7	1163
34	8	248
34	9	247
34	10	208
34	11	212
34	12	325
34	13	207
34	14	237
34	15	258
34	16	256
34	17	311
34	18	138
34	19	152
34	20	233
34	21	307
34	22	319
34	23	174
34	24	217
34	25	246
34	26	239
34	27	276
34	28	219
34	29	216
34	30	293
35	1	345
35	2	206
35	3	408
35	4	285
35	5	240
35	6	282
35	7	196
35	8	226
35	9	250
35	10	320
35	11	196
35	12	247
35	13	285
35	14	249
35	15	273
35	16	310
35	17	323
35	18	259
35	19	178
35	20	275
35	21	200
35	22	267
35	23	324
35	24	268
35	25	282
35	26	267
35	27	195
35	28	337
35	29	159
35	30	297
36	1	275
36	2	272
36	3	277
36	4	266
36	5	188
36	6	234
36	7	365
36	8	178
36	9	213
36	10	272
36	11	208
36	12	242
36	13	226
36	14	338
36	15	332
36	16	210
36	17	249
36	18	316
36	19	320
36	20	224
36	21	168
36	22	271
36	23	156
36	24	186
36	25	386
36	26	257
36	27	170
36	28	205
36	29	218
36	30	341
37	1	316
37	2	328
37	3	256
37	4	249
37	5	190
37	6	374
37	7	210
37	8	272
37	9	281
37	10	249
37	11	240
37	12	293
37	13	254
37	14	267
37	15	285
37	16	236
37	17	199
37	18	194
37	19	208
37	20	204
37	21	344
37	22	251
37	23	210
37	24	253
37	25	235
37	26	234
37	27	185
37	28	338
37	29	258
37	30	211
38	1	349
38	2	267
38	3	353
38	4	257
38	5	330
38	6	274
38	7	214
38	8	218
38	9	206
38	10	215
38	11	234
