NAME: 	Anna_3day_rhand
Completed cycles:	39
Failed cycles:	1
1	1	756
1	2	246
1	3	251
1	4	281
1	5	206
1	6	249
1	7	308
1	8	197
1	9	244
1	10	226
1	11	360
1	12	355
1	13	180
1	14	201
1	15	222
1	16	220
1	17	234
1	18	297
1	19	337
1	20	282
1	21	229
1	22	238
1	23	244
1	24	240
1	25	188
1	26	202
1	27	271
1	28	205
1	29	184
1	30	259
2	1	307
2	2	190
2	3	202
2	4	168
2	5	138
2	6	277
2	7	259
2	8	174
2	9	248
2	10	152
2	11	248
2	12	268
2	13	334
2	14	218
2	15	188
2	16	238
2	17	272
2	18	213
2	19	270
2	20	241
2	21	208
2	22	198
2	23	245
2	24	240
2	25	228
2	26	237
2	27	399
2	28	246
2	29	245
2	30	155
3	1	227
3	2	235
3	3	312
3	4	281
3	5	238
3	6	358
3	7	223
3	8	280
3	9	318
3	10	292
3	11	214
3	12	174
3	13	138
3	14	198
3	15	223
3	16	162
3	17	255
3	18	297
3	19	265
3	20	236
3	21	542
3	22	385
3	23	227
3	24	222
3	25	298
3	26	118
3	27	217
3	28	295
3	29	245
3	30	192
4	1	331
4	2	273
4	3	240
4	4	223
4	5	299
4	6	226
4	7	279
4	8	228
4	9	198
4	10	358
4	11	199
4	12	311
4	13	192
4	14	231
4	15	234
4	16	269
4	17	232
4	18	167
4	19	198
4	20	178
4	21	253
4	22	153
4	23	223
4	24	297
4	25	408
4	26	229
4	27	191
4	28	237
4	29	277
4	30	209
5	1	345
5	2	322
5	3	258
5	4	148
5	5	270
5	6	171
5	7	281
5	8	449
5	9	224
5	10	231
5	11	242
5	12	267
5	13	216
5	14	309
5	15	183
5	16	242
5	17	258
5	18	317
5	19	195
5	20	273
5	21	160
5	22	220
5	23	246
5	24	241
5	25	247
5	26	206
5	27	169
5	28	295
5	29	94
5	30	264
6	1	348
6	2	259
6	3	286
6	4	217
6	5	270
6	6	150
6	7	227
6	8	359
6	9	270
6	10	178
6	11	272
6	12	215
6	13	193
6	14	266
6	15	134
6	16	321
6	17	279
6	18	164
6	19	240
6	20	253
6	21	299
6	22	197
6	23	326
6	24	302
6	25	161
6	26	326
6	27	161
6	28	271
6	29	260
6	30	324
7	1	162
7	2	379
7	3	260
7	4	594
7	5	306
7	6	214
7	7	282
7	8	309
7	9	246
7	10	314
7	11	156
7	12	310
7	13	178
7	14	252
7	15	306
7	16	305
7	17	336
7	18	169
7	19	211
7	20	243
7	21	402
7	22	363
7	23	261
7	24	231
7	25	253
7	26	194
7	27	218
7	28	289
7	29	332
7	30	290
8	1	274
8	2	275
8	3	191
8	4	261
8	5	232
8	6	278
8	7	275
8	8	280
8	9	284
8	10	241
8	11	141
8	12	269
8	13	268
8	14	208
8	15	207
8	16	169
8	17	398
8	18	204
8	19	250
8	20	283
8	21	119
8	22	222
8	23	343
8	24	293
8	25	244
8	26	299
8	27	185
8	28	294
8	29	191
8	30	289
9	1	300
9	2	307
9	3	336
9	4	135
9	5	248
9	6	259
9	7	346
9	8	231
9	9	186
9	10	126
9	11	232
9	12	152
9	13	293
9	14	448
9	15	420
9	16	212
9	17	321
9	18	325
9	19	270
9	20	160
9	21	191
9	22	242
9	23	178
9	24	191
9	25	225
9	26	242
9	27	263
9	28	157
9	29	270
9	30	142
10	1	463
10	2	329
10	3	254
10	4	271
10	5	254
10	6	302
10	7	291
10	8	261
10	9	164
10	10	214
10	11	182
10	12	193
10	13	236
10	14	176
10	15	171
10	16	338
10	17	252
10	18	488
10	19	235
10	20	102
10	21	310
10	22	331
10	23	184
10	24	181
10	25	289
10	26	298
10	27	202
10	28	557
10	29	188
10	30	175
11	1	207
11	2	243
11	3	222
11	4	176
11	5	200
11	6	250
11	7	273
11	8	196
11	9	254
11	10	331
11	11	264
11	12	177
11	13	263
11	14	289
11	15	333
11	16	213
11	17	453
11	18	262
11	19	178
11	20	229
11	21	192
11	22	227
11	23	238
11	24	296
11	25	205
11	26	95
11	27	215
11	28	287
11	29	190
11	30	342
12	1	324
12	2	281
12	3	192
12	4	161
12	5	194
12	6	356
12	7	232
12	8	256
12	9	298
12	10	320
12	11	201
12	12	183
12	13	239
12	14	185
12	15	231
12	16	299
12	17	155
12	18	223
12	19	292
12	20	217
12	21	291
12	22	185
12	23	175
12	24	202
12	25	157
12	26	339
12	27	193
12	28	200
12	29	316
12	30	139
13	1	191
13	2	243
13	3	232
13	4	169
13	5	136
13	6	303
13	7	255
13	8	184
13	9	261
13	10	275
13	11	255
13	12	222
13	13	179
13	14	253
13	15	298
13	16	298
13	17	324
13	18	279
13	19	215
13	20	235
13	21	344
13	22	308
13	23	266
13	24	262
13	25	305
13	26	243
13	27	377
13	28	214
13	29	207
13	30	203
14	1	241
14	2	232
14	3	223
14	4	219
14	5	335
14	6	185
14	7	167
14	8	129
14	9	242
14	10	191
14	11	115
14	12	241
14	13	188
14	14	248
14	15	190
14	16	156
14	17	251
14	18	193
14	19	213
14	20	219
14	21	169
14	22	205
14	23	289
14	24	247
14	25	225
14	26	169
14	27	159
14	28	136
14	29	165
14	30	196
15	1	251
15	2	145
15	3	184
15	4	210
15	5	216
15	6	153
15	7	256
15	8	204
15	9	192
15	10	207
15	11	192
15	12	178
15	13	483
15	14	241
15	15	418
15	16	215
15	17	320
15	18	123
15	19	167
15	20	117
15	21	326
15	22	224
15	23	294
15	24	292
15	25	257
15	26	328
15	27	375
15	28	215
15	29	219
15	30	302
16	1	282
16	2	273
16	3	258
16	4	206
16	5	177
16	6	171
16	7	179
16	8	172
16	9	241
16	10	139
16	11	219
16	12	168
16	13	167
16	14	261
16	15	212
16	16	224
16	17	155
16	18	174
16	19	210
16	20	162
16	21	171
16	22	176
16	23	290
16	24	188
16	25	273
16	26	183
16	27	262
16	28	166
16	29	321
16	30	338
17	1	384
17	2	203
17	3	207
17	4	411
17	5	269
17	6	148
17	7	196
17	8	263
17	9	219
17	10	261
17	11	356
17	12	328
17	13	242
17	14	271
17	15	268
17	16	176
17	17	240
17	18	185
17	19	207
17	20	458
17	21	228
17	22	292
17	23	181
17	24	292
17	25	226
17	26	213
17	27	268
17	28	244
17	29	228
17	30	177
18	1	258
18	2	216
18	3	395
18	4	382
18	5	270
18	6	417
18	7	222
18	8	352
18	9	146
18	10	267
18	11	220
18	12	198
18	13	244
18	14	313
18	15	235
18	16	410
18	17	257
18	18	324
18	19	246
18	20	205
18	21	190
18	22	178
18	23	251
18	24	275
18	25	239
18	26	242
18	27	141
18	28	174
18	29	230
18	30	349
19	1	311
19	2	364
19	3	150
19	4	145
19	5	154
19	6	197
19	7	149
19	8	279
19	9	149
19	10	180
19	11	196
19	12	336
19	13	298
19	14	169
19	15	179
19	16	202
19	17	197
19	18	188
19	19	149
19	20	158
19	21	183
19	22	162
19	23	211
19	24	158
19	25	162
19	26	282
19	27	285
19	28	139
19	29	182
19	30	202
20	1	346
20	2	430
20	3	196
20	4	184
20	5	151
20	6	241
20	7	109
20	8	189
20	9	102
20	10	305
20	11	205
20	12	179
20	13	283
20	14	118
20	15	268
20	16	138
20	17	304
20	18	185
20	19	268
20	20	162
20	21	184
20	22	229
20	23	201
20	24	211
20	25	208
20	26	242
20	27	271
20	28	233
20	29	311
20	30	337
21	1	234
21	2	112
21	3	223
21	4	343
21	5	237
21	6	254
21	7	313
21	8	196
21	9	259
21	10	161
21	11	296
21	12	340
21	13	234
21	14	302
21	15	158
21	16	262
21	17	195
21	18	164
21	19	203
21	20	159
21	21	220
21	22	346
21	23	322
21	24	247
21	25	267
21	26	168
21	27	206
21	28	217
21	29	184
21	30	223
22	1	172
22	2	239
22	3	244
22	4	189
22	5	300
22	6	186
22	7	298
22	8	303
22	9	282
22	10	331
22	11	168
22	12	202
22	13	274
22	14	258
22	15	326
22	16	222
22	17	295
22	18	187
22	19	295
22	20	193
22	21	309
22	22	194
22	23	318
22	24	210
22	25	223
22	26	257
22	27	252
22	28	220
22	29	205
22	30	228
23	1	231
23	2	240
23	3	153
23	4	490
23	5	143
23	6	228
23	7	261
23	8	325
23	9	191
23	10	155
23	11	321
23	12	390
23	13	265
23	14	209
23	15	174
23	16	279
23	17	273
23	18	157
23	19	278
23	20	328
23	21	135
23	22	535
23	23	250
23	24	165
23	25	189
23	26	372
23	27	359
23	28	228
23	29	212
23	30	234
24	1	156
24	2	267
24	3	101
24	4	164
24	5	328
24	6	271
24	7	334
24	8	248
24	9	195
24	10	181
24	11	352
24	12	303
24	13	172
24	14	258
24	15	136
24	16	181
24	17	131
24	18	197
24	19	217
24	20	170
24	21	309
24	22	329
24	23	244
24	24	144
24	25	134
24	26	276
24	27	266
24	28	379
24	29	185
24	30	210
25	1	256
25	2	164
25	3	234
25	4	212
25	5	288
25	6	213
25	7	245
25	8	329
25	9	245
25	10	205
25	11	186
25	12	107
25	13	245
25	14	143
25	15	175
25	16	328
25	17	167
25	18	244
25	19	318
25	20	131
25	21	147
25	22	179
25	23	133
25	24	327
25	25	123
25	26	248
25	27	189
25	28	163
25	29	279
25	30	131
26	1	174
26	2	243
26	3	299
26	4	176
26	5	218
26	6	271
26	7	168
26	8	181
26	9	201
26	10	160
26	11	224
26	12	94
26	13	243
26	14	147
26	15	136
26	16	190
26	17	99
26	18	207
26	19	119
26	20	289
26	21	245
26	22	417
26	23	212
26	24	253
26	25	103
26	26	222
26	27	193
26	28	220
26	29	224
26	30	162
27	1	341
27	2	267
27	3	122
27	4	163
27	5	143
27	6	157
27	7	276
27	8	255
27	9	197
27	10	169
27	11	162
27	12	299
27	13	493
27	14	132
27	15	263
27	16	300
27	17	262
27	18	218
27	19	204
27	20	126
27	21	273
27	22	272
27	23	172
27	24	228
27	25	246
27	26	270
27	27	277
27	28	243
27	29	173
27	30	183
28	1	238
28	2	272
28	3	266
28	4	173
28	5	189
28	6	318
28	7	233
28	8	270
28	9	182
28	10	404
28	11	225
28	12	122
28	13	188
28	14	297
28	15	325
28	16	199
28	17	144
28	18	234
28	19	207
28	20	157
28	21	209
28	22	241
28	23	195
28	24	176
28	25	300
28	26	210
28	27	272
28	28	220
28	29	377
28	30	102
29	1	289
29	2	391
29	3	325
29	4	315
29	5	151
29	6	313
29	7	197
29	8	182
29	9	176
29	10	240
29	11	191
29	12	172
29	13	207
29	14	174
29	15	148
29	16	405
29	17	91
29	18	276
29	19	412
29	20	259
29	21	155
29	22	192
29	23	157
29	24	263
29	25	324
29	26	171
29	27	248
29	28	278
29	29	236
29	30	233
30	1	204
30	2	173
30	3	92
30	4	237
30	5	101
30	6	202
30	7	137
30	8	188
30	9	144
30	10	171
30	11	206
30	12	125
30	13	140
30	14	281
30	15	121
30	16	267
30	17	188
30	18	279
30	19	244
30	20	184
30	21	102
30	22	273
30	23	232
30	24	449
30	25	219
30	26	279
30	27	212
30	28	345
30	29	77
30	30	207
31	1	87
31	2	347
31	3	203
31	4	147
31	5	316
31	6	227
31	7	352
31	8	284
31	9	248
31	10	261
31	11	342
31	12	158
31	13	181
31	14	205
31	15	192
31	16	132
31	17	132
31	18	268
31	19	171
31	20	298
31	21	238
31	22	193
31	23	136
31	24	158
31	25	212
31	26	156
31	27	170
31	28	149
31	29	313
31	30	272
32	1	221
32	2	213
32	3	208
32	4	248
32	5	207
32	6	190
32	7	188
32	8	111
32	9	195
32	10	179
32	11	180
32	12	141
32	13	303
32	14	134
32	15	225
32	16	259
32	17	128
32	18	253
32	19	225
32	20	202
32	21	239
32	22	164
32	23	240
32	24	262
32	25	178
32	26	279
32	27	78
32	28	350
32	29	234
32	30	256
33	1	251
33	2	200
33	3	229
33	4	170
33	5	207
33	6	183
33	7	173
33	8	259
33	9	218
33	10	171
33	11	182
33	12	308
33	13	325
33	14	316
33	15	175
33	16	258
33	17	148
33	18	256
33	19	210
33	20	263
33	21	203
33	22	332
33	23	318
33	24	154
33	25	205
33	26	282
33	27	261
33	28	230
33	29	148
33	30	458
34	1	484
34	2	275
34	3	180
34	4	259
34	5	278
34	6	192
34	7	114
34	8	211
34	9	141
34	10	183
34	11	251
34	12	52
34	13	297
34	14	226
34	15	179
34	16	242
34	17	152
34	18	236
34	19	228
34	20	142
34	21	136
34	22	175
34	23	140
34	24	363
34	25	205
34	26	180
34	27	204
34	28	230
34	29	151
34	30	268
35	1	166
35	2	267
35	3	171
35	4	182
35	5	119
35	6	173
35	7	142
35	8	472
35	9	315
35	10	437
35	11	213
35	12	345
35	13	520
35	14	232
35	15	303
35	16	306
35	17	226
35	18	260
35	19	210
35	20	169
35	21	211
35	22	175
35	23	171
35	24	162
35	25	166
35	26	134
35	27	187
35	28	203
35	29	122
35	30	176
36	1	115
36	2	196
36	3	201
36	4	126
36	5	175
36	6	106
36	7	298
36	8	439
36	9	357
36	10	259
36	11	150
36	12	199
36	13	118
36	14	175
36	15	254
36	16	115
36	17	183
36	18	289
36	19	193
36	20	216
36	21	134
36	22	258
36	23	191
36	24	262
36	25	253
36	26	227
36	27	292
36	28	311
36	29	138
36	30	224
37	1	235
37	2	297
37	3	318
37	4	205
37	5	209
37	6	262
37	7	168
37	8	351
37	9	130
37	10	205
37	11	297
37	12	289
37	13	243
37	14	186
37	15	335
37	16	301
37	17	191
37	18	357
37	19	313
37	20	113
37	21	233
37	22	140
37	23	202
37	24	292
37	25	167
37	26	206
37	27	206
37	28	160
37	29	265
37	30	227
38	1	238
38	2	281
38	3	141
38	4	487
38	5	73
38	6	161
38	7	212
38	8	189
38	9	169
38	10	151
38	11	215
38	12	246
38	13	237
38	14	217
38	15	267
38	16	264
38	17	237
38	18	228
38	19	145
38	20	158
38	21	163
38	22	317
38	23	163
38	24	184
38	25	104
38	26	142
38	27	130
38	28	378
38	29	107
38	30	306
39	1	141
39	2	321
39	3	240
39	4	265
39	5	203
39	6	136
39	7	324
39	8	148
39	9	197
39	10	175
39	11	321
39	12	98
39	13	332
39	14	192
39	15	114
39	16	272
39	17	291
39	18	280
39	19	180
39	20	296
39	21	287
39	22	368
39	23	391
39	24	225
39	25	248
39	26	194
39	27	196
39	28	242
39	29	300
39	30	237
40	1	175
40	2	407
40	3	226
40	4	159
40	5	297
40	6	280
40	7	247
40	8	153
40	9	203
40	10	260
40	11	142
40	12	200
40	13	306
40	14	219
40	15	291
40	16	205
40	17	155
40	18	142
40	19	167
40	20	210
40	21	221
40	22	122
40	23	145
40	24	201
40	25	155
40	26	151
40	27	226
