NAME: 	Anna_2day_rhand
Completed cycles:	38
Failed cycles:	1
1	1	975
1	2	253
1	3	255
1	4	311
1	5	281
1	6	219
1	7	200
1	8	303
1	9	181
1	10	229
1	11	226
1	12	204
1	13	305
1	14	263
1	15	198
1	16	234
1	17	138
1	18	272
1	19	146
1	20	190
1	21	346
1	22	251
1	23	215
1	24	246
1	25	303
1	26	284
1	27	204
1	28	209
1	29	173
1	30	350
2	1	284
2	2	337
2	3	229
2	4	186
2	5	184
2	6	283
2	7	290
2	8	270
2	9	245
2	10	137
2	11	279
2	12	208
2	13	267
2	14	182
2	15	220
2	16	215
2	17	286
2	18	116
2	19	220
2	20	146
2	21	196
2	22	241
2	23	222
2	24	207
2	25	189
2	26	234
2	27	276
2	28	163
2	29	156
2	30	313
3	1	239
3	2	209
3	3	247
3	4	234
3	5	217
3	6	295
3	7	143
3	8	199
3	9	208
3	10	305
3	11	174
3	12	323
3	13	279
3	14	273
3	15	267
3	16	332
3	17	190
3	18	322
3	19	270
3	20	191
3	21	231
3	22	202
3	23	222
3	24	339
3	25	260
3	26	307
3	27	285
3	28	236
3	29	278
3	30	157
4	1	263
4	2	393
4	3	241
4	4	181
4	5	217
4	6	233
4	7	191
4	8	354
4	9	169
4	10	198
4	11	280
4	12	157
4	13	231
4	14	207
4	15	450
4	16	303
4	17	380
4	18	235
4	19	172
4	20	291
4	21	245
4	22	236
4	23	183
4	24	148
4	25	204
4	26	261
4	27	277
4	28	203
4	29	363
4	30	298
5	1	327
5	2	256
5	3	249
5	4	225
5	5	176
5	6	198
5	7	242
5	8	186
5	9	340
5	10	222
5	11	210
5	12	356
5	13	332
5	14	181
5	15	166
5	16	230
5	17	388
5	18	221
5	19	227
5	20	227
5	21	253
5	22	165
5	23	241
5	24	223
5	25	357
5	26	203
5	27	176
5	28	361
5	29	301
5	30	260
6	1	260
6	2	220
6	3	234
6	4	268
6	5	297
6	6	271
6	7	225
6	8	262
6	9	307
6	10	245
6	11	243
6	12	249
6	13	314
6	14	305
6	15	141
6	16	179
6	17	195
6	18	171
6	19	210
6	20	205
6	21	247
6	22	244
6	23	232
6	24	186
6	25	258
6	26	165
6	27	184
6	28	214
6	29	288
6	30	191
7	1	276
7	2	403
7	3	320
7	4	165
7	5	205
7	6	281
7	7	215
7	8	544
7	9	259
7	10	326
7	11	238
7	12	226
7	13	312
7	14	329
7	15	299
7	16	404
7	17	125
7	18	286
7	19	303
7	20	249
7	21	269
7	22	243
7	23	212
7	24	213
7	25	222
7	26	292
7	27	259
7	28	212
7	29	252
7	30	195
8	1	191
8	2	243
8	3	404
8	4	203
8	5	233
8	6	267
8	7	143
8	8	257
8	9	321
8	10	268
8	11	190
8	12	255
8	13	243
8	14	213
8	15	232
8	16	287
8	17	354
8	18	209
8	19	251
8	20	335
8	21	250
8	22	277
8	23	164
8	24	247
8	25	294
8	26	189
8	27	240
8	28	227
8	29	192
8	30	202
9	1	202
9	2	248
9	3	195
9	4	189
9	5	176
9	6	242
9	7	213
9	8	231
9	9	224
9	10	253
9	11	180
9	12	453
9	13	221
9	14	169
9	15	293
9	16	307
9	17	209
9	18	167
9	19	209
9	20	207
9	21	249
9	22	280
9	23	168
9	24	227
9	25	507
9	26	234
9	27	262
9	28	329
9	29	283
9	30	233
10	1	276
10	2	230
10	3	209
10	4	213
10	5	284
10	6	201
10	7	252
10	8	272
10	9	199
10	10	303
10	11	375
10	12	316
10	13	169
10	14	320
10	15	273
10	16	208
10	17	166
10	18	334
10	19	313
10	20	213
10	21	234
10	22	223
10	23	313
10	24	207
10	25	228
10	26	283
10	27	279
10	28	221
10	29	172
10	30	247
11	1	192
11	2	266
11	3	237
11	4	192
11	5	205
11	6	286
11	7	325
11	8	227
11	9	199
11	10	208
11	11	206
11	12	313
11	13	223
11	14	427
11	15	285
11	16	221
11	17	221
11	18	280
11	19	137
11	20	281
11	21	157
11	22	277
11	23	167
11	24	312
11	25	246
11	26	234
11	27	154
11	28	258
11	29	302
11	30	173
12	1	212
12	2	323
12	3	341
12	4	380
12	5	248
12	6	318
12	7	187
12	8	252
12	9	152
12	10	243
12	11	287
12	12	284
12	13	256
12	14	275
12	15	248
12	16	223
12	17	307
12	18	354
12	19	123
12	20	262
12	21	296
12	22	260
12	23	307
12	24	163
12	25	316
12	26	315
12	27	244
12	28	234
12	29	228
12	30	285
13	1	290
13	2	183
13	3	258
13	4	139
13	5	248
13	6	189
13	7	302
13	8	140
13	9	235
13	10	196
13	11	257
13	12	154
13	13	264
13	14	284
13	15	284
13	16	206
13	17	204
13	18	171
13	19	186
13	20	213
13	21	218
13	22	322
13	23	195
13	24	217
13	25	156
13	26	204
13	27	260
13	28	209
13	29	254
13	30	143
14	1	439
14	2	170
14	3	234
14	4	142
14	5	222
14	6	203
14	7	265
14	8	362
14	9	240
14	10	187
14	11	195
14	12	245
14	13	445
14	14	313
14	15	246
14	16	305
14	17	201
14	18	494
14	19	215
14	20	268
14	21	143
14	22	217
14	23	141
14	24	248
14	25	180
14	26	201
14	27	168
14	28	332
14	29	172
14	30	217
15	1	106
15	2	182
15	3	323
15	4	381
15	5	314
15	6	294
15	7	219
15	8	301
15	9	296
15	10	192
15	11	194
15	12	373
15	13	240
15	14	254
15	15	310
15	16	194
15	17	136
15	18	230
15	19	246
15	20	252
15	21	138
15	22	171
15	23	183
15	24	297
15	25	79
15	26	261
15	27	470
15	28	113
15	29	261
15	30	276
16	1	375
16	2	238
16	3	261
16	4	195
16	5	259
16	6	193
16	7	266
16	8	169
16	9	257
16	10	283
16	11	185
16	12	270
16	13	188
16	14	291
16	15	236
16	16	258
16	17	154
16	18	203
16	19	246
16	20	305
16	21	284
16	22	233
16	23	322
16	24	272
16	25	233
16	26	137
16	27	276
16	28	195
16	29	254
16	30	330
17	1	168
17	2	364
17	3	492
17	4	182
17	5	317
17	6	259
17	7	182
17	8	319
17	9	314
17	10	231
17	11	163
17	12	293
17	13	271
17	14	215
17	15	292
17	16	301
17	17	234
17	18	231
17	19	501
17	20	299
17	21	183
17	22	180
17	23	257
17	24	318
17	25	188
17	26	117
17	27	233
17	28	317
17	29	287
17	30	312
18	1	187
18	2	273
18	3	283
18	4	204
18	5	194
18	6	180
18	7	312
18	8	511
18	9	221
18	10	161
18	11	261
18	12	284
18	13	333
18	14	134
18	15	310
18	16	309
18	17	289
18	18	237
18	19	193
18	20	218
18	21	272
18	22	218
18	23	277
18	24	296
18	25	197
18	26	522
18	27	373
18	28	258
18	29	236
18	30	213
19	1	233
19	2	170
19	3	337
19	4	243
19	5	225
19	6	248
19	7	191
19	8	185
19	9	165
19	10	193
19	11	180
19	12	174
19	13	164
19	14	210
19	15	397
19	16	316
19	17	216
19	18	209
19	19	154
19	20	254
19	21	332
19	22	227
19	23	230
19	24	168
19	25	213
19	26	247
19	27	247
19	28	339
19	29	268
19	30	253
20	1	207
20	2	294
20	3	234
20	4	261
20	5	218
20	6	331
20	7	201
20	8	165
20	9	327
20	10	332
20	11	265
20	12	202
20	13	229
20	14	196
20	15	283
20	16	207
20	17	211
20	18	278
20	19	293
20	20	298
20	21	378
20	22	203
20	23	294
20	24	175
20	25	343
20	26	238
20	27	213
20	28	283
20	29	190
20	30	179
21	1	279
21	2	283
21	3	329
21	4	149
21	5	315
21	6	203
21	7	193
21	8	258
21	9	491
21	10	225
21	11	283
21	12	233
21	13	225
21	14	275
21	15	210
21	16	279
21	17	336
21	18	273
21	19	304
21	20	188
21	21	247
21	22	343
21	23	196
21	24	270
21	25	244
21	26	237
21	27	279
21	28	368
21	29	218
21	30	152
22	1	216
22	2	442
22	3	343
22	4	197
22	5	330
22	6	241
22	7	233
22	8	181
22	9	203
22	10	342
22	11	210
22	12	358
22	13	261
22	14	229
22	15	272
22	16	368
22	17	291
22	18	229
22	19	404
22	20	298
22	21	230
22	22	226
22	23	329
22	24	408
22	25	254
22	26	453
22	27	245
22	28	305
22	29	225
22	30	428
23	1	283
23	2	346
23	3	266
23	4	161
23	5	161
23	6	324
23	7	255
23	8	217
23	9	194
23	10	221
23	11	213
23	12	175
23	13	149
23	14	308
23	15	322
23	16	228
23	17	262
23	18	194
23	19	258
23	20	210
23	21	174
23	22	155
23	23	321
23	24	173
23	25	195
23	26	158
23	27	243
23	28	472
23	29	179
23	30	242
24	1	423
24	2	234
24	3	345
24	4	315
24	5	283
24	6	199
24	7	206
24	8	309
24	9	236
24	10	217
24	11	235
24	12	211
24	13	208
24	14	236
24	15	233
24	16	375
24	17	214
24	18	254
24	19	202
24	20	253
24	21	185
24	22	228
24	23	225
24	24	298
24	25	229
24	26	215
24	27	332
24	28	215
24	29	192
24	30	342
25	1	375
25	2	189
25	3	228
25	4	237
25	5	255
25	6	261
25	7	199
25	8	191
25	9	327
25	10	237
25	11	188
25	12	286
25	13	363
25	14	248
25	15	454
25	16	234
25	17	156
25	18	273
25	19	274
25	20	145
25	21	245
25	22	318
25	23	170
25	24	249
25	25	332
25	26	160
25	27	215
25	28	190
25	29	232
25	30	152
26	1	192
26	2	188
26	3	406
26	4	145
26	5	187
26	6	165
26	7	275
26	8	174
26	9	214
26	10	209
26	11	183
26	12	438
26	13	144
26	14	411
26	15	225
26	16	278
26	17	514
26	18	218
26	19	201
26	20	172
26	21	231
26	22	139
26	23	504
26	24	129
26	25	215
26	26	307
26	27	655
26	28	197
26	29	416
26	30	116
27	1	200
27	2	224
27	3	232
27	4	139
27	5	260
27	6	173
27	7	552
27	8	210
27	9	158
27	10	281
27	11	311
27	12	343
27	13	195
27	14	275
27	15	253
27	16	154
27	17	239
27	18	313
27	19	313
27	20	230
27	21	279
27	22	232
27	23	204
27	24	312
27	25	212
27	26	232
27	27	403
27	28	165
27	29	241
27	30	411
28	1	145
28	2	234
28	3	184
28	4	452
28	5	281
28	6	166
28	7	249
28	8	193
28	9	137
28	10	250
28	11	439
28	12	171
28	13	417
28	14	204
28	15	347
28	16	173
28	17	199
28	18	309
28	19	165
28	20	422
28	21	312
28	22	223
28	23	326
28	24	319
28	25	289
28	26	165
28	27	202
28	28	371
28	29	364
28	30	384
29	1	168
29	2	166
29	3	401
29	4	294
29	5	428
29	6	298
29	7	323
29	8	199
29	9	225
29	10	140
29	11	215
29	12	255
29	13	217
29	14	222
29	15	195
29	16	144
29	17	319
29	18	144
29	19	193
29	20	204
29	21	149
29	22	364
29	23	190
29	24	212
29	25	176
29	26	246
29	27	331
29	28	178
29	29	283
29	30	190
30	1	143
30	2	336
30	3	148
30	4	261
30	5	138
30	6	436
30	7	223
30	8	180
30	9	237
30	10	175
30	11	348
30	12	284
30	13	171
30	14	186
30	15	212
30	16	260
30	17	161
30	18	342
30	19	199
30	20	256
30	21	309
30	22	305
30	23	223
30	24	270
30	25	227
30	26	232
30	27	247
30	28	274
30	29	217
30	30	229
31	1	185
31	2	206
31	3	199
31	4	167
31	5	212
31	6	374
31	7	272
31	8	220
31	9	547
31	10	236
31	11	255
31	12	140
31	13	232
31	14	187
31	15	251
31	16	151
31	17	205
31	18	199
31	19	234
31	20	501
31	21	190
31	22	315
31	23	231
31	24	558
31	25	172
31	26	249
31	27	206
31	28	215
31	29	221
31	30	159
32	1	453
32	2	270
32	3	289
32	4	251
32	5	192
32	6	290
32	7	186
32	8	227
32	9	205
32	10	428
32	11	140
32	12	217
32	13	274
32	14	154
32	15	238
32	16	150
32	17	297
32	18	237
32	19	175
32	20	399
32	21	242
32	22	179
32	23	246
32	24	186
32	25	254
32	26	257
32	27	244
32	28	168
32	29	276
32	30	291
33	1	384
33	2	476
33	3	256
33	4	342
33	5	343
33	6	398
33	7	204
33	8	226
33	9	122
33	10	295
33	11	89
33	12	205
33	13	296
33	14	127
33	15	236
33	16	136
33	17	303
33	18	193
33	19	421
33	20	239
33	21	144
33	22	214
33	23	278
33	24	437
33	25	170
33	26	209
33	27	249
33	28	115
33	29	282
33	30	290
34	1	193
34	2	246
34	3	262
34	4	210
34	5	225
34	6	239
34	7	219
34	8	196
34	9	359
34	10	96
34	11	225
34	12	150
34	13	216
34	14	128
34	15	195
34	16	158
34	17	292
34	18	94
34	19	187
34	20	186
34	21	418
34	22	496
34	23	156
34	24	259
34	25	227
34	26	275
34	27	241
34	28	219
34	29	277
34	30	185
35	1	294
35	2	234
35	3	98
35	4	163
35	5	217
35	6	297
35	7	431
35	8	202
35	9	178
35	10	212
35	11	208
35	12	182
35	13	179
35	14	301
35	15	226
35	16	365
35	17	171
35	18	226
35	19	154
35	20	202
35	21	257
35	22	184
35	23	431
35	24	327
35	25	137
35	26	456
35	27	225
35	28	218
35	29	266
35	30	193
36	1	179
36	2	246
36	3	234
36	4	201
36	5	306
36	6	121
36	7	210
36	8	253
36	9	143
36	10	196
36	11	207
36	12	405
36	13	283
36	14	286
36	15	263
36	16	161
36	17	325
36	18	188
36	19	180
36	20	284
36	21	218
36	22	223
36	23	287
36	24	36
36	25	225
36	26	234
36	27	276
36	28	333
36	29	169
36	30	352
37	1	297
37	2	225
37	3	274
37	4	255
37	5	252
37	6	316
37	7	251
37	8	266
37	9	205
37	10	215
37	11	229
37	12	251
37	13	149
37	14	249
37	15	291
37	16	238
37	17	306
37	18	247
37	19	257
37	20	216
37	21	273
37	22	304
37	23	347
37	24	183
37	25	191
37	26	308
37	27	211
37	28	271
37	29	410
37	30	286
38	1	214
38	2	298
38	3	286
38	4	261
38	5	237
38	6	291
38	7	368
38	8	348
38	9	319
38	10	401
38	11	241
38	12	230
38	13	317
38	14	251
38	15	350
38	16	206
38	17	251
38	18	199
38	19	195
38	20	258
38	21	261
38	22	212
38	23	357
38	24	331
38	25	136
38	26	268
38	27	269
38	28	271
38	29	210
38	30	213
39	1	225
39	2	227
39	3	262
39	4	155
39	5	300
