NAME: 	Anna_4day_lhand
Completed cycles:	38
Failed cycles:	1
1	1	534
1	2	351
1	3	355
1	4	151
1	5	168
1	6	90
1	7	384
1	8	210
1	9	217
1	10	356
1	11	145
1	12	216
1	13	72
1	14	307
1	15	192
1	16	226
1	17	125
1	18	201
1	19	233
1	20	86
1	21	369
1	22	175
1	23	144
1	24	243
1	25	253
1	26	334
1	27	224
1	28	192
1	29	286
1	30	174
2	1	383
2	2	242
2	3	204
2	4	396
2	5	285
2	6	217
2	7	351
2	8	249
2	9	192
2	10	311
2	11	141
2	12	311
2	13	189
2	14	199
2	15	302
2	16	339
2	17	288
2	18	135
2	19	218
2	20	293
2	21	327
2	22	387
2	23	269
2	24	252
2	25	282
2	26	201
2	27	257
2	28	204
2	29	97
2	30	178
3	1	388
3	2	333
3	3	220
3	4	115
3	5	301
3	6	224
3	7	255
3	8	111
3	9	231
3	10	164
3	11	292
3	12	203
3	13	272
3	14	302
3	15	203
3	16	336
3	17	197
3	18	361
3	19	194
3	20	215
3	21	598
3	22	232
3	23	163
3	24	503
3	25	265
3	26	271
3	27	232
3	28	147
3	29	400
3	30	257
4	1	415
4	2	298
4	3	252
4	4	221
4	5	185
4	6	245
4	7	198
4	8	202
4	9	127
4	10	251
4	11	227
4	12	224
4	13	177
4	14	213
4	15	224
4	16	196
4	17	217
4	18	81
4	19	361
4	20	279
4	21	240
4	22	221
4	23	251
4	24	186
4	25	403
4	26	335
4	27	219
4	28	466
4	29	134
4	30	307
5	1	113
5	2	391
5	3	300
5	4	191
5	5	225
5	6	217
5	7	401
5	8	347
5	9	198
5	10	165
5	11	229
5	12	208
5	13	192
5	14	177
5	15	109
5	16	186
5	17	91
5	18	243
5	19	203
5	20	102
5	21	350
5	22	172
5	23	324
5	24	238
5	25	132
5	26	194
5	27	88
5	28	243
5	29	203
5	30	259
6	1	159
6	2	209
6	3	285
6	4	256
6	5	202
6	6	153
6	7	312
6	8	288
6	9	267
6	10	343
6	11	220
6	12	320
6	13	333
6	14	265
6	15	659
6	16	263
6	17	167
6	18	213
6	19	161
6	20	246
6	21	305
6	22	304
6	23	443
6	24	490
6	25	150
6	26	177
6	27	222
6	28	244
6	29	177
6	30	144
7	1	301
7	2	331
7	3	305
7	4	124
7	5	363
7	6	283
7	7	233
7	8	182
7	9	197
7	10	161
7	11	188
7	12	111
7	13	347
7	14	220
7	15	278
7	16	288
7	17	209
7	18	117
7	19	211
7	20	351
7	21	213
7	22	305
7	23	298
7	24	318
7	25	384
7	26	145
7	27	153
7	28	213
7	29	127
7	30	179
8	1	174
8	2	398
8	3	280
8	4	203
8	5	203
8	6	266
8	7	166
8	8	327
8	9	222
8	10	342
8	11	164
8	12	229
8	13	217
8	14	266
8	15	233
8	16	204
8	17	278
8	18	167
8	19	335
8	20	334
8	21	300
8	22	249
8	23	234
8	24	340
8	25	298
8	26	168
8	27	255
8	28	232
8	29	300
8	30	214
9	1	328
9	2	259
9	3	277
9	4	360
9	5	237
9	6	301
9	7	236
9	8	495
9	9	115
9	10	340
9	11	130
9	12	272
9	13	367
9	14	204
9	15	311
9	16	202
9	17	223
9	18	222
9	19	198
9	20	411
9	21	193
9	22	210
9	23	177
9	24	242
9	25	140
9	26	275
9	27	74
9	28	188
9	29	105
9	30	152
10	1	299
10	2	255
10	3	323
10	4	142
10	5	182
10	6	79
10	7	229
10	8	212
10	9	440
10	10	309
10	11	124
10	12	347
10	13	142
10	14	209
10	15	423
10	16	143
10	17	310
10	18	148
10	19	156
10	20	140
10	21	138
10	22	264
10	23	138
10	24	214
10	25	277
10	26	186
10	27	276
10	28	90
10	29	255
10	30	723
11	1	377
11	2	349
11	3	217
11	4	115
11	5	267
11	6	422
11	7	340
11	8	339
11	9	326
11	10	183
11	11	268
11	12	118
11	13	274
11	14	227
11	15	178
11	16	289
11	17	406
11	18	299
11	19	134
11	20	209
11	21	150
11	22	176
11	23	168
11	24	303
11	25	176
11	26	238
11	27	335
11	28	338
11	29	273
11	30	374
12	1	347
12	2	144
12	3	243
12	4	293
12	5	292
12	6	205
12	7	198
12	8	257
12	9	291
12	10	252
12	11	243
12	12	203
12	13	169
12	14	184
12	15	304
12	16	153
12	17	183
12	18	236
12	19	198
12	20	186
12	21	148
12	22	188
12	23	259
12	24	167
12	25	339
12	26	244
12	27	344
12	28	204
12	29	329
12	30	175
13	1	141
13	2	419
13	3	90
13	4	225
13	5	263
13	6	218
13	7	175
13	8	321
13	9	135
13	10	372
13	11	225
13	12	196
13	13	264
13	14	151
13	15	216
13	16	400
13	17	169
13	18	243
13	19	200
13	20	331
13	21	299
13	22	210
13	23	288
13	24	199
13	25	237
13	26	199
13	27	161
13	28	263
13	29	301
13	30	191
14	1	164
14	2	178
14	3	217
14	4	240
14	5	155
14	6	262
14	7	204
14	8	260
14	9	535
14	10	209
14	11	199
14	12	284
14	13	170
14	14	190
14	15	253
14	16	408
14	17	476
14	18	220
14	19	284
14	20	625
14	21	235
14	22	208
14	23	205
14	24	304
14	25	402
14	26	161
14	27	189
14	28	228
14	29	379
14	30	118
15	1	245
15	2	175
15	3	157
15	4	175
15	5	179
15	6	388
15	7	222
15	8	158
15	9	388
15	10	114
15	11	153
15	12	170
15	13	189
15	14	400
15	15	150
15	16	172
15	17	130
15	18	407
15	19	307
15	20	227
15	21	300
15	22	169
15	23	381
15	24	269
15	25	431
15	26	277
15	27	252
15	28	428
15	29	218
15	30	564
16	1	329
16	2	123
16	3	202
16	4	348
16	5	163
16	6	213
16	7	180
16	8	216
16	9	148
16	10	514
16	11	332
16	12	157
16	13	283
16	14	120
16	15	286
16	16	109
16	17	216
16	18	245
16	19	169
16	20	298
16	21	216
16	22	226
16	23	163
16	24	223
16	25	238
16	26	292
16	27	444
16	28	421
16	29	208
16	30	211
17	1	225
17	2	230
17	3	285
17	4	388
17	5	188
17	6	364
17	7	198
17	8	369
17	9	334
17	10	204
17	11	314
17	12	170
17	13	198
17	14	287
17	15	398
17	16	337
17	17	291
17	18	259
17	19	208
17	20	230
17	21	248
17	22	333
17	23	415
17	24	296
17	25	462
17	26	143
17	27	309
17	28	357
17	29	138
17	30	335
18	1	258
18	2	199
18	3	245
18	4	198
18	5	232
18	6	151
18	7	214
18	8	340
18	9	268
18	10	159
18	11	251
18	12	203
18	13	197
18	14	224
18	15	273
18	16	211
18	17	239
18	18	195
18	19	249
18	20	262
18	21	560
18	22	214
18	23	178
18	24	199
18	25	342
18	26	338
18	27	353
18	28	234
18	29	194
18	30	287
19	1	181
19	2	203
19	3	273
19	4	217
19	5	224
19	6	280
19	7	194
19	8	534
19	9	239
19	10	281
19	11	214
19	12	191
19	13	254
19	14	341
19	15	322
19	16	203
19	17	322
19	18	197
19	19	186
19	20	282
19	21	244
19	22	291
19	23	453
19	24	340
19	25	162
19	26	383
19	27	271
19	28	183
19	29	211
19	30	258
20	1	375
20	2	310
20	3	232
20	4	130
20	5	254
20	6	170
20	7	272
20	8	124
20	9	408
20	10	224
20	11	203
20	12	272
20	13	213
20	14	272
20	15	182
20	16	293
20	17	362
20	18	202
20	19	361
20	20	435
20	21	307
20	22	203
20	23	280
20	24	218
20	25	202
20	26	245
20	27	252
20	28	146
20	29	288
20	30	186
21	1	372
21	2	406
21	3	213
21	4	187
21	5	350
21	6	230
21	7	140
21	8	200
21	9	287
21	10	321
21	11	298
21	12	276
21	13	358
21	14	303
21	15	337
21	16	496
21	17	338
21	18	172
21	19	173
21	20	136
21	21	210
21	22	98
21	23	160
21	24	346
21	25	478
21	26	228
21	27	414
21	28	337
21	29	141
21	30	226
22	1	184
22	2	414
22	3	300
22	4	214
22	5	159
22	6	168
22	7	357
22	8	209
22	9	424
22	10	346
22	11	401
22	12	136
22	13	208
22	14	684
22	15	162
22	16	290
22	17	445
22	18	342
22	19	338
22	20	467
22	21	234
22	22	218
22	23	179
22	24	231
22	25	258
22	26	164
22	27	319
22	28	106
22	29	244
22	30	325
23	1	391
23	2	240
23	3	159
23	4	375
23	5	243
23	6	145
23	7	499
23	8	259
23	9	198
23	10	312
23	11	155
23	12	228
23	13	168
23	14	213
23	15	230
23	16	198
23	17	407
23	18	229
23	19	224
23	20	146
23	21	222
23	22	136
23	23	227
23	24	340
23	25	140
23	26	178
23	27	298
23	28	308
23	29	188
23	30	357
24	1	196
24	2	241
24	3	398
24	4	479
24	5	159
24	6	314
24	7	182
24	8	231
24	9	159
24	10	386
24	11	293
24	12	209
24	13	100
24	14	157
24	15	246
24	16	222
24	17	218
24	18	125
24	19	218
24	20	194
24	21	204
24	22	139
24	23	429
24	24	182
24	25	162
24	26	379
24	27	173
24	28	191
24	29	98
24	30	219
25	1	286
25	2	307
25	3	181
25	4	183
25	5	214
25	6	237
25	7	217
25	8	255
25	9	297
25	10	356
25	11	303
25	12	368
25	13	211
25	14	279
25	15	233
25	16	434
25	17	229
25	18	167
25	19	316
25	20	172
25	21	179
25	22	237
25	23	314
25	24	171
25	25	268
25	26	311
25	27	262
25	28	297
25	29	333
25	30	236
26	1	360
26	2	204
26	3	211
26	4	141
26	5	345
26	6	156
26	7	230
26	8	343
26	9	359
26	10	226
26	11	353
26	12	228
26	13	268
26	14	171
26	15	372
26	16	163
26	17	355
26	18	237
26	19	330
26	20	206
26	21	254
26	22	237
26	23	190
26	24	186
26	25	174
26	26	421
26	27	287
26	28	230
26	29	303
26	30	232
27	1	394
27	2	232
27	3	317
27	4	145
27	5	256
27	6	192
27	7	283
27	8	297
27	9	191
27	10	100
27	11	287
27	12	128
27	13	176
27	14	183
27	15	107
27	16	204
27	17	414
27	18	135
27	19	232
27	20	235
27	21	137
27	22	202
27	23	212
27	24	141
27	25	411
27	26	199
27	27	200
27	28	114
27	29	196
27	30	208
28	1	131
28	2	233
28	3	209
28	4	266
28	5	278
28	6	152
28	7	177
28	8	221
28	9	246
28	10	410
28	11	242
28	12	429
28	13	251
28	14	190
28	15	112
28	16	188
28	17	256
28	18	358
28	19	207
28	20	236
28	21	232
28	22	321
28	23	141
28	24	215
28	25	357
28	26	448
28	27	381
28	28	513
28	29	400
28	30	241
29	1	218
29	2	181
29	3	230
29	4	130
29	5	275
29	6	138
29	7	370
29	8	125
29	9	171
29	10	363
29	11	426
29	12	128
29	13	380
29	14	370
29	15	228
29	16	119
29	17	128
29	18	440
29	19	136
29	20	168
29	21	292
29	22	166
29	23	136
29	24	330
29	25	422
29	26	351
29	27	365
29	28	252
29	29	193
29	30	193
30	1	133
30	2	202
30	3	405
30	4	215
30	5	494
30	6	334
30	7	154
30	8	266
30	9	132
30	10	175
30	11	200
30	12	382
30	13	314
30	14	236
30	15	117
30	16	376
30	17	209
30	18	208
30	19	281
30	20	323
30	21	244
30	22	258
30	23	225
30	24	226
30	25	167
30	26	188
30	27	219
30	28	227
30	29	254
30	30	250
31	1	564
31	2	433
31	3	344
31	4	323
31	5	273
31	6	218
31	7	138
31	8	344
31	9	181
31	10	242
31	11	337
31	12	443
31	13	464
31	14	338
31	15	241
31	16	220
31	17	126
31	18	128
31	19	315
31	20	204
31	21	386
31	22	309
31	23	364
31	24	268
31	25	236
31	26	151
31	27	202
31	28	207
31	29	187
31	30	208
32	1	346
32	2	350
32	3	313
32	4	404
32	5	304
32	6	176
32	7	200
32	8	185
32	9	409
32	10	253
32	11	344
32	12	339
32	13	313
32	14	359
32	15	234
32	16	162
32	17	217
32	18	206
32	19	250
32	20	137
32	21	192
32	22	206
32	23	219
32	24	484
32	25	224
32	26	178
32	27	375
32	28	161
32	29	235
32	30	225
33	1	284
33	2	189
33	3	213
33	4	150
33	5	408
33	6	208
33	7	196
33	8	253
33	9	312
33	10	232
33	11	266
33	12	615
33	13	153
33	14	310
33	15	152
33	16	266
33	17	171
33	18	271
33	19	180
33	20	266
33	21	307
33	22	240
33	23	241
33	24	284
33	25	166
33	26	154
33	27	181
33	28	306
33	29	184
33	30	226
34	1	289
34	2	219
34	3	251
34	4	155
34	5	312
34	6	266
34	7	167
34	8	356
34	9	188
34	10	288
34	11	234
34	12	268
34	13	417
34	14	181
34	15	367
34	16	404
34	17	219
34	18	167
34	19	362
34	20	390
34	21	390
34	22	373
34	23	387
34	24	296
34	25	287
34	26	242
34	27	314
34	28	163
34	29	243
34	30	147
35	1	202
35	2	216
35	3	71
35	4	383
35	5	272
35	6	220
35	7	262
35	8	155
35	9	153
35	10	218
35	11	248
35	12	165
35	13	324
35	14	126
35	15	201
35	16	147
35	17	240
35	18	186
35	19	238
35	20	166
35	21	418
35	22	212
35	23	279
35	24	136
35	25	205
35	26	121
35	27	178
35	28	249
35	29	124
35	30	192
36	1	248
36	2	184
36	3	336
36	4	344
36	5	212
36	6	346
36	7	245
36	8	379
36	9	229
36	10	159
36	11	207
36	12	206
36	13	310
36	14	165
36	15	163
36	16	224
36	17	163
36	18	252
36	19	185
36	20	210
36	21	183
36	22	202
36	23	176
36	24	251
36	25	193
36	26	229
36	27	109
36	28	159
36	29	194
36	30	251
37	1	267
37	2	202
37	3	173
37	4	222
37	5	206
37	6	315
37	7	232
37	8	321
37	9	313
37	10	184
37	11	242
37	12	272
37	13	171
37	14	216
37	15	135
37	16	536
37	17	192
37	18	249
37	19	290
37	20	127
37	21	190
37	22	196
37	23	520
37	24	301
37	25	283
37	26	536
37	27	152
37	28	198
37	29	176
37	30	362
38	1	418
38	2	285
38	3	196
38	4	297
38	5	214
38	6	388
38	7	244
38	8	237
38	9	138
38	10	198
38	11	257
38	12	328
38	13	467
38	14	226
38	15	528
38	16	256
38	17	229
38	18	358
38	19	139
38	20	502
38	21	267
38	22	352
38	23	252
38	24	108
38	25	232
38	26	170
38	27	215
38	28	188
38	29	195
38	30	231
39	1	275
39	2	241
39	3	271
39	4	282
