NAME: 	Anna_2day_lhand
Completed cycles:	36
Failed cycles:	1
1	1	873
1	2	232
1	3	281
1	4	218
1	5	193
1	6	238
1	7	161
1	8	118
1	9	253
1	10	298
1	11	262
1	12	238
1	13	256
1	14	264
1	15	240
1	16	255
1	17	217
1	18	214
1	19	233
1	20	270
1	21	281
1	22	209
1	23	249
1	24	289
1	25	250
1	26	238
1	27	231
1	28	266
1	29	64
1	30	254
2	1	277
2	2	191
2	3	238
2	4	167
2	5	169
2	6	242
2	7	266
2	8	267
2	9	143
2	10	252
2	11	312
2	12	358
2	13	230
2	14	260
2	15	244
2	16	293
2	17	202
2	18	301
2	19	78
2	20	313
2	21	304
2	22	238
2	23	312
2	24	304
2	25	287
2	26	208
2	27	287
2	28	374
2	29	223
2	30	406
3	1	235
3	2	186
3	3	221
3	4	381
3	5	279
3	6	281
3	7	265
3	8	255
3	9	264
3	10	277
3	11	251
3	12	280
3	13	220
3	14	376
3	15	251
3	16	261
3	17	246
3	18	228
3	19	286
3	20	297
3	21	269
3	22	266
3	23	458
3	24	271
3	25	301
3	26	295
3	27	219
3	28	280
3	29	263
3	30	218
4	1	369
4	2	317
4	3	246
4	4	545
4	5	223
4	6	229
4	7	339
4	8	272
4	9	254
4	10	216
4	11	311
4	12	236
4	13	276
4	14	213
4	15	152
4	16	248
4	17	244
4	18	207
4	19	180
4	20	380
4	21	380
4	22	298
4	23	228
4	24	326
4	25	334
4	26	345
4	27	186
4	28	210
4	29	264
4	30	236
5	1	193
5	2	259
5	3	320
5	4	257
5	5	186
5	6	126
5	7	251
5	8	309
5	9	273
5	10	268
5	11	289
5	12	270
5	13	307
5	14	175
5	15	232
5	16	298
5	17	535
5	18	184
5	19	281
5	20	273
5	21	343
5	22	236
5	23	276
5	24	275
5	25	206
5	26	278
5	27	287
5	28	388
5	29	187
5	30	310
6	1	179
6	2	205
6	3	209
6	4	307
6	5	351
6	6	260
6	7	125
6	8	200
6	9	334
6	10	234
6	11	289
6	12	186
6	13	248
6	14	220
6	15	277
6	16	195
6	17	234
6	18	241
6	19	287
6	20	230
6	21	213
6	22	206
6	23	211
6	24	240
6	25	238
6	26	204
6	27	329
6	28	449
6	29	277
6	30	489
7	1	339
7	2	232
7	3	311
7	4	237
7	5	237
7	6	287
7	7	321
7	8	313
7	9	227
7	10	285
7	11	244
7	12	213
7	13	416
7	14	304
7	15	167
7	16	264
7	17	448
7	18	331
7	19	290
7	20	304
7	21	291
7	22	192
7	23	337
7	24	339
7	25	328
7	26	177
7	27	321
7	28	277
7	29	333
7	30	197
8	1	191
8	2	275
8	3	268
8	4	263
8	5	220
8	6	383
8	7	227
8	8	207
8	9	387
8	10	385
8	11	344
8	12	200
8	13	242
8	14	304
8	15	192
8	16	137
8	17	269
8	18	268
8	19	290
8	20	253
8	21	153
8	22	451
8	23	588
8	24	215
8	25	313
8	26	326
8	27	272
8	28	189
8	29	214
8	30	210
9	1	515
9	2	333
9	3	229
9	4	196
9	5	228
9	6	151
9	7	273
9	8	342
9	9	284
9	10	270
9	11	220
9	12	260
9	13	232
9	14	305
9	15	277
9	16	230
9	17	375
9	18	216
9	19	263
9	20	328
9	21	205
9	22	199
9	23	269
9	24	320
9	25	215
9	26	157
9	27	262
9	28	355
9	29	295
9	30	337
10	1	284
10	2	365
10	3	426
10	4	321
10	5	352
10	6	254
10	7	99
10	8	251
10	9	281
10	10	267
10	11	130
10	12	303
10	13	306
10	14	317
10	15	218
10	16	264
10	17	271
10	18	133
10	19	285
10	20	174
10	21	560
10	22	394
10	23	259
10	24	294
10	25	257
10	26	228
10	27	323
10	28	342
10	29	355
10	30	244
11	1	328
11	2	265
11	3	205
11	4	246
11	5	295
11	6	282
11	7	279
11	8	320
11	9	266
11	10	267
11	11	138
11	12	295
11	13	254
11	14	531
11	15	308
11	16	225
11	17	260
11	18	267
11	19	268
11	20	371
11	21	234
11	22	249
11	23	343
11	24	264
11	25	196
11	26	291
11	27	286
11	28	267
11	29	225
11	30	374
12	1	332
12	2	223
12	3	327
12	4	530
12	5	351
12	6	612
12	7	350
12	8	352
12	9	363
12	10	297
12	11	247
12	12	268
12	13	253
12	14	302
12	15	186
12	16	262
12	17	436
12	18	267
12	19	262
12	20	483
12	21	224
12	22	372
12	23	429
12	24	230
12	25	291
12	26	152
12	27	244
12	28	317
12	29	542
12	30	328
13	1	233
13	2	386
13	3	228
13	4	317
13	5	331
13	6	224
13	7	237
13	8	392
13	9	341
13	10	249
13	11	374
13	12	394
13	13	334
13	14	272
13	15	282
13	16	337
13	17	300
13	18	275
13	19	257
13	20	203
13	21	225
13	22	254
13	23	551
13	24	508
13	25	209
13	26	224
13	27	229
13	28	224
13	29	221
13	30	171
14	1	280
14	2	182
14	3	251
14	4	171
14	5	202
14	6	296
14	7	322
14	8	266
14	9	229
14	10	319
14	11	218
14	12	331
14	13	167
14	14	160
14	15	400
14	16	382
14	17	260
14	18	175
14	19	183
14	20	183
14	21	417
14	22	406
14	23	244
14	24	372
14	25	282
14	26	194
14	27	298
14	28	194
14	29	248
14	30	291
15	1	239
15	2	214
15	3	229
15	4	193
15	5	132
15	6	359
15	7	366
15	8	220
15	9	260
15	10	257
15	11	390
15	12	210
15	13	240
15	14	194
15	15	292
15	16	427
15	17	341
15	18	254
15	19	240
15	20	291
15	21	185
15	22	321
15	23	206
15	24	384
15	25	248
15	26	287
15	27	117
15	28	221
15	29	323
15	30	443
16	1	261
16	2	236
16	3	289
16	4	266
16	5	217
16	6	441
16	7	355
16	8	242
16	9	269
16	10	227
16	11	265
16	12	376
16	13	189
16	14	139
16	15	307
16	16	307
16	17	230
16	18	164
16	19	319
16	20	352
16	21	356
16	22	265
16	23	203
16	24	252
16	25	264
16	26	334
16	27	189
16	28	301
16	29	238
16	30	208
17	1	454
17	2	329
17	3	327
17	4	243
17	5	317
17	6	202
17	7	176
17	8	330
17	9	443
17	10	323
17	11	280
17	12	189
17	13	250
17	14	239
17	15	235
17	16	207
17	17	274
17	18	144
17	19	245
17	20	483
17	21	317
17	22	210
17	23	272
17	24	217
17	25	366
17	26	350
17	27	316
17	28	232
17	29	147
17	30	316
18	1	339
18	2	303
18	3	225
18	4	293
18	5	330
18	6	206
18	7	196
18	8	309
18	9	281
18	10	253
18	11	273
18	12	203
18	13	356
18	14	283
18	15	236
18	16	236
18	17	278
18	18	236
18	19	246
18	20	181
18	21	235
18	22	248
18	23	367
18	24	339
18	25	225
18	26	249
18	27	368
18	28	402
18	29	459
18	30	307
19	1	289
19	2	257
19	3	203
19	4	233
19	5	392
19	6	328
19	7	164
19	8	306
19	9	298
19	10	310
19	11	225
19	12	244
19	13	278
19	14	351
19	15	201
19	16	161
19	17	428
19	18	177
19	19	279
19	20	349
19	21	267
19	22	292
19	23	315
19	24	290
19	25	224
19	26	212
19	27	324
19	28	300
19	29	414
19	30	340
20	1	177
20	2	495
20	3	153
20	4	411
20	5	230
20	6	289
20	7	205
20	8	361
20	9	283
20	10	252
20	11	184
20	12	313
20	13	397
20	14	274
20	15	440
20	16	384
20	17	213
20	18	229
20	19	288
20	20	290
20	21	249
20	22	238
20	23	199
20	24	189
20	25	301
20	26	367
20	27	311
20	28	398
20	29	308
20	30	226
21	1	188
21	2	247
21	3	216
21	4	322
21	5	247
21	6	234
21	7	254
21	8	351
21	9	292
21	10	245
21	11	202
21	12	203
21	13	142
21	14	278
21	15	380
21	16	235
21	17	296
21	18	317
21	19	324
21	20	214
21	21	204
21	22	286
21	23	276
21	24	261
21	25	400
21	26	197
21	27	215
21	28	181
21	29	168
21	30	189
22	1	179
22	2	299
22	3	289
22	4	178
22	5	241
22	6	294
22	7	211
22	8	194
22	9	331
22	10	308
22	11	174
22	12	281
22	13	300
22	14	290
22	15	326
22	16	211
22	17	240
22	18	563
22	19	262
22	20	124
22	21	237
22	22	275
22	23	284
22	24	250
22	25	435
22	26	477
22	27	294
22	28	354
22	29	248
22	30	319
23	1	447
23	2	256
23	3	203
23	4	285
23	5	324
23	6	496
23	7	209
23	8	323
23	9	308
23	10	510
23	11	316
23	12	361
23	13	151
23	14	366
23	15	311
23	16	288
23	17	272
23	18	285
23	19	351
23	20	232
23	21	179
23	22	224
23	23	228
23	24	347
23	25	439
23	26	220
23	27	302
23	28	318
23	29	218
23	30	259
24	1	247
24	2	358
24	3	282
24	4	179
24	5	253
24	6	226
24	7	447
24	8	331
24	9	254
24	10	439
24	11	310
24	12	182
24	13	309
24	14	450
24	15	331
24	16	344
24	17	206
24	18	376
24	19	153
24	20	223
24	21	247
24	22	320
24	23	234
24	24	388
24	25	344
24	26	255
24	27	191
24	28	376
24	29	222
24	30	230
25	1	184
25	2	299
25	3	244
25	4	253
25	5	283
25	6	437
25	7	354
25	8	201
25	9	225
25	10	197
25	11	341
25	12	379
25	13	474
25	14	253
25	15	204
25	16	269
25	17	246
25	18	262
25	19	472
25	20	340
25	21	227
25	22	261
25	23	343
25	24	308
25	25	354
25	26	275
25	27	193
25	28	268
25	29	266
25	30	512
26	1	304
26	2	363
26	3	391
26	4	226
26	5	1353
26	6	368
26	7	359
26	8	223
26	9	248
26	10	445
26	11	357
26	12	228
26	13	288
26	14	206
26	15	301
26	16	165
26	17	235
26	18	320
26	19	200
26	20	288
26	21	169
26	22	345
26	23	373
26	24	251
26	25	322
26	26	317
26	27	340
26	28	203
26	29	221
26	30	314
27	1	583
27	2	321
27	3	260
27	4	219
27	5	379
27	6	206
27	7	363
27	8	286
27	9	397
27	10	463
27	11	192
27	12	355
27	13	349
27	14	319
27	15	256
27	16	260
27	17	182
27	18	212
27	19	321
27	20	415
27	21	276
27	22	283
27	23	186
27	24	191
27	25	236
27	26	123
27	27	265
27	28	255
27	29	237
27	30	639
28	1	289
28	2	152
28	3	242
28	4	269
28	5	349
28	6	271
28	7	310
28	8	313
28	9	248
28	10	251
28	11	206
28	12	302
28	13	107
28	14	253
28	15	344
28	16	124
28	17	371
28	18	351
28	19	371
28	20	262
28	21	567
28	22	297
28	23	265
28	24	242
28	25	225
28	26	299
28	27	298
28	28	238
28	29	314
28	30	343
29	1	505
29	2	428
29	3	272
29	4	362
29	5	181
29	6	251
29	7	316
29	8	402
29	9	160
29	10	296
29	11	451
29	12	199
29	13	248
29	14	239
29	15	298
29	16	262
29	17	343
29	18	167
29	19	219
29	20	132
29	21	178
29	22	131
29	23	179
29	24	152
29	25	400
29	26	266
29	27	297
29	28	354
29	29	388
29	30	223
30	1	295
30	2	232
30	3	199
30	4	461
30	5	408
30	6	191
30	7	338
30	8	153
30	9	215
30	10	247
30	11	308
30	12	169
30	13	303
30	14	251
30	15	266
30	16	166
30	17	343
30	18	266
30	19	361
30	20	222
30	21	390
30	22	256
30	23	204
30	24	277
30	25	408
30	26	499
30	27	274
30	28	249
30	29	318
30	30	376
31	1	193
31	2	313
31	3	356
31	4	223
31	5	226
31	6	324
31	7	224
31	8	268
31	9	262
31	10	352
31	11	175
31	12	240
31	13	323
31	14	249
31	15	381
31	16	253
31	17	196
31	18	205
31	19	364
31	20	378
31	21	197
31	22	178
31	23	365
31	24	360
31	25	354
31	26	247
31	27	181
31	28	262
31	29	211
31	30	261
32	1	188
32	2	327
32	3	297
32	4	215
32	5	289
32	6	362
32	7	224
32	8	376
32	9	265
32	10	209
32	11	222
32	12	254
32	13	207
32	14	173
32	15	166
32	16	237
32	17	323
32	18	206
32	19	207
32	20	316
32	21	264
32	22	383
32	23	83
32	24	250
32	25	214
32	26	235
32	27	105
32	28	301
32	29	243
32	30	247
33	1	264
33	2	300
33	3	354
33	4	354
33	5	610
33	6	364
33	7	241
33	8	197
33	9	263
33	10	193
33	11	361
33	12	203
33	13	270
33	14	210
33	15	183
33	16	297
33	17	407
33	18	258
33	19	187
33	20	610
33	21	428
33	22	229
33	23	243
33	24	226
33	25	181
33	26	213
33	27	212
33	28	343
33	29	329
33	30	225
34	1	431
34	2	113
34	3	486
34	4	377
34	5	245
34	6	321
34	7	202
34	8	280
34	9	345
34	10	360
34	11	335
34	12	442
34	13	219
34	14	159
34	15	330
34	16	296
34	17	274
34	18	238
34	19	186
34	20	223
34	21	331
34	22	221
34	23	492
34	24	365
34	25	226
34	26	262
34	27	150
34	28	679
34	29	265
34	30	291
35	1	302
35	2	305
35	3	176
35	4	205
35	5	280
35	6	362
35	7	237
35	8	465
35	9	229
35	10	228
35	11	273
35	12	290
35	13	233
35	14	288
35	15	188
35	16	320
35	17	186
35	18	378
35	19	365
35	20	444
35	21	224
35	22	282
35	23	290
35	24	142
35	25	224
35	26	372
35	27	323
35	28	362
35	29	228
35	30	178
36	1	201
36	2	101
36	3	349
36	4	226
36	5	270
36	6	284
36	7	266
36	8	264
36	9	146
36	10	305
36	11	93
36	12	201
36	13	314
36	14	327
36	15	253
36	16	274
36	17	291
36	18	320
36	19	240
36	20	145
36	21	253
36	22	172
36	23	278
36	24	341
36	25	247
36	26	229
36	27	509
36	28	296
36	29	228
36	30	297
37	1	328
37	2	405
37	3	425
37	4	212
37	5	253
37	6	349
37	7	326
37	8	239
37	9	211
37	10	279
37	11	452
37	12	248
37	13	264
37	14	280
37	15	237
37	16	316
37	17	188
37	18	402
37	19	325
37	20	515
37	21	198
37	22	386
37	23	166
37	24	300
