NAME: 	Arina_4day_lhand
Completed cycles:	37
Failed cycles:	1
Cycle	Trial	RT	Accuracy
1	1	489	T
1	2	216	T
1	3	145	F
1	4	318	T
1	5	208	T
1	6	246	T
1	7	316	T
1	8	189	T
1	9	208	T
1	10	293	T
1	11	234	T
1	12	282	T
1	13	256	F
1	14	327	T
1	15	261	T
1	16	191	F
1	17	358	T
1	18	238	T
1	19	296	T
1	20	224	T
1	21	255	T
1	22	235	T
1	23	302	T
1	24	444	T
1	25	464	T
1	26	319	T
1	27	228	T
1	28	227	T
1	29	215	T
1	30	315	T
2	1	282	F
2	2	272	T
2	3	215	T
2	4	245	T
2	5	246	F
2	6	286	T
2	7	316	T
2	8	334	T
2	9	224	T
2	10	400	T
2	11	323	T
2	12	215	T
2	13	248	T
2	14	275	T
2	15	274	T
2	16	260	T
2	17	247	T
2	18	242	T
2	19	298	T
2	20	232	T
2	21	316	T
2	22	301	T
2	23	349	T
2	24	334	T
2	25	226	T
2	26	283	T
2	27	235	T
2	28	313	T
2	29	261	T
2	30	283	T
3	1	236	T
3	2	377	T
3	3	351	T
3	4	297	T
3	5	250	T
3	6	278	T
3	7	338	T
3	8	254	T
3	9	316	T
3	10	231	T
3	11	242	T
3	12	252	T
3	13	240	T
3	14	328	T
3	15	314	T
3	16	278	T
3	17	339	T
3	18	254	T
3	19	230	T
3	20	244	T
3	21	240	T
3	22	274	T
3	23	261	T
3	24	267	T
3	25	250	T
3	26	317	T
3	27	295	T
3	28	230	T
3	29	256	T
3	30	306	T
4	1	256	T
4	2	290	T
4	3	236	T
4	4	187	T
4	5	257	T
4	6	339	T
4	7	333	T
4	8	252	T
4	9	318	T
4	10	346	T
4	11	240	T
4	12	356	T
4	13	216	T
4	14	240	T
4	15	283	T
4	16	239	T
4	17	426	T
4	18	230	T
4	19	228	T
4	20	245	T
4	21	222	F
4	22	323	T
4	23	203	T
4	24	227	T
4	25	282	T
4	26	314	T
4	27	300	T
4	28	285	T
4	29	321	T
4	30	303	T
5	1	239	T
5	2	323	F
5	3	244	T
5	4	248	T
5	5	236	T
5	6	233	T
5	7	329	T
5	8	220	T
5	9	231	T
5	10	251	T
5	11	326	T
5	12	218	T
5	13	242	T
5	14	316	T
5	15	363	F
5	16	271	T
5	17	377	T
5	18	421	T
5	19	228	T
5	20	562	T
5	21	346	T
5	22	231	T
5	23	237	T
5	24	291	T
5	25	249	T
5	26	249	T
5	27	312	T
5	28	224	T
5	29	269	T
5	30	212	T
6	1	240	T
6	2	219	T
6	3	287	T
6	4	327	T
6	5	301	T
6	6	330	T
6	7	226	T
6	8	242	T
6	9	307	T
6	10	313	T
6	11	200	T
6	12	251	T
6	13	243	T
6	14	272	T
6	15	333	T
6	16	275	T
6	17	240	T
6	18	236	T
6	19	329	T
6	20	316	T
6	21	319	T
6	22	320	T
6	23	339	T
6	24	303	T
6	25	352	T
6	26	256	T
6	27	294	T
6	28	277	T
6	29	325	T
6	30	231	T
7	1	310	F
7	2	336	T
7	3	347	T
7	4	265	T
7	5	250	T
7	6	285	T
7	7	340	T
7	8	256	T
7	9	245	T
7	10	318	T
7	11	209	T
7	12	251	T
7	13	250	T
7	14	250	T
7	15	330	T
7	16	200	T
7	17	413	T
7	18	320	T
7	19	209	T
7	20	244	T
7	21	405	T
7	22	304	T
7	23	317	T
7	24	358	T
7	25	214	T
7	26	330	T
7	27	322	T
7	28	236	T
7	29	328	T
7	30	279	T
8	1	335	T
8	2	312	T
8	3	295	T
8	4	357	T
8	5	394	T
8	6	222	T
8	7	231	T
8	8	232	T
8	9	328	T
8	10	358	T
8	11	313	T
8	12	257	T
8	13	322	T
8	14	333	T
8	15	243	T
8	16	350	T
8	17	260	T
8	18	311	T
8	19	241	T
8	20	238	T
8	21	337	T
8	22	365	T
8	23	221	T
8	24	260	T
8	25	262	T
8	26	303	T
8	27	269	T
8	28	246	T
8	29	302	T
8	30	230	T
9	1	339	T
9	2	551	T
9	3	313	T
9	4	341	F
9	5	248	T
9	6	376	T
9	7	239	T
9	8	402	T
9	9	227	T
9	10	288	T
9	11	293	T
9	12	278	T
9	13	223	T
9	14	237	T
9	15	232	T
9	16	258	T
9	17	240	T
9	18	300	T
9	19	215	T
9	20	238	T
9	21	316	T
9	22	299	T
9	23	248	T
9	24	212	T
9	25	340	T
9	26	234	T
9	27	251	T
9	28	297	T
9	29	244	T
9	30	389	T
10	1	362	T
10	2	282	T
10	3	305	T
10	4	214	T
10	5	229	T
10	6	262	T
10	7	367	T
10	8	260	T
10	9	248	T
10	10	255	T
10	11	234	T
10	12	231	T
10	13	248	T
10	14	255	T
10	15	239	T
10	16	365	F
10	17	261	T
10	18	223	T
10	19	312	T
10	20	209	T
10	21	253	T
10	22	348	T
10	23	234	T
10	24	407	T
10	25	206	T
10	26	271	F
10	27	337	T
10	28	326	T
10	29	330	T
10	30	264	T
11	1	245	T
11	2	299	T
11	3	215	T
11	4	265	T
11	5	273	T
11	6	218	T
11	7	357	T
11	8	328	T
11	9	206	T
11	10	265	T
11	11	288	T
11	12	229	T
11	13	350	T
11	14	176	F
11	15	246	T
11	16	339	T
11	17	342	T
11	18	304	T
11	19	228	T
11	20	307	T
11	21	234	T
11	22	268	F
11	23	277	T
11	24	252	T
11	25	299	T
11	26	399	T
11	27	415	T
11	28	234	T
11	29	265	T
11	30	346	T
12	1	260	T
12	2	261	T
12	3	243	T
12	4	216	T
12	5	328	T
12	6	326	T
12	7	269	T
12	8	329	T
12	9	289	T
12	10	392	T
12	11	230	T
12	12	239	T
12	13	303	T
12	14	275	T
12	15	221	T
12	16	163	T
12	17	309	T
12	18	387	T
12	19	254	T
12	20	226	T
12	21	247	T
12	22	382	T
12	23	334	T
12	24	227	T
12	25	280	T
12	26	350	T
12	27	217	T
12	28	366	T
12	29	230	T
12	30	308	T
13	1	229	T
13	2	558	T
13	3	300	T
13	4	298	T
13	5	318	T
13	6	225	T
13	7	237	T
13	8	297	T
13	9	231	T
13	10	373	T
13	11	377	T
13	12	324	T
13	13	212	T
13	14	421	T
13	15	215	T
13	16	386	T
13	17	342	T
13	18	219	T
13	19	375	T
13	20	298	T
13	21	363	T
13	22	322	T
13	23	286	T
13	24	227	T
13	25	232	T
13	26	227	T
13	27	412	T
13	28	245	T
13	29	260	T
13	30	233	T
14	1	345	T
14	2	260	T
14	3	365	T
14	4	312	T
14	5	298	T
14	6	237	T
14	7	433	T
14	8	333	T
14	9	316	T
14	10	406	T
14	11	198	T
14	12	265	T
14	13	271	T
14	14	345	T
14	15	273	T
14	16	204	T
14	17	345	T
14	18	339	T
14	19	226	T
14	20	260	T
14	21	232	T
14	22	229	T
14	23	316	T
14	24	234	T
14	25	361	T
14	26	338	F
14	27	258	T
14	28	392	T
14	29	216	T
14	30	270	T
15	1	383	T
15	2	215	T
15	3	228	F
15	4	333	T
15	5	237	T
15	6	383	T
15	7	225	T
15	8	238	F
15	9	241	T
15	10	403	T
15	11	364	T
15	12	212	T
15	13	271	T
15	14	212	T
15	15	320	T
15	16	180	T
15	17	287	T
15	18	333	T
15	19	362	T
15	20	222	T
15	21	360	T
15	22	250	T
15	23	353	T
15	24	252	T
15	25	206	F
15	26	276	T
15	27	256	T
15	28	330	T
15	29	232	T
15	30	263	F
16	1	386	T
16	2	390	T
16	3	382	T
16	4	274	T
16	5	284	T
16	6	377	T
16	7	206	T
16	8	255	T
16	9	304	T
16	10	222	T
16	11	275	T
16	12	303	T
16	13	218	T
16	14	418	T
16	15	370	T
16	16	335	T
16	17	325	F
16	18	320	T
16	19	333	T
16	20	203	F
16	21	290	T
16	22	313	T
16	23	229	T
16	24	302	T
16	25	245	T
16	26	245	T
16	27	239	T
16	28	247	T
16	29	348	T
16	30	276	T
17	1	384	T
17	2	304	T
17	3	231	T
17	4	300	T
17	5	350	T
17	6	246	T
17	7	284	T
17	8	250	T
17	9	253	T
17	10	242	T
17	11	361	T
17	12	323	T
17	13	333	T
17	14	363	T
17	15	258	F
17	16	300	T
17	17	284	T
17	18	350	T
17	19	247	T
17	20	412	T
17	21	272	T
17	22	331	T
17	23	317	T
17	24	328	T
17	25	238	T
17	26	283	T
17	27	241	T
17	28	585	T
17	29	364	T
17	30	411	T
18	1	501	T
18	2	226	T
18	3	219	T
18	4	327	T
18	5	211	T
18	6	304	T
18	7	245	T
18	8	461	T
18	9	545	T
18	10	306	T
18	11	341	T
18	12	232	T
18	13	281	T
18	14	246	T
18	15	306	T
18	16	249	T
18	17	368	T
18	18	420	T
18	19	234	T
18	20	220	T
18	21	253	T
18	22	259	T
18	23	263	T
18	24	456	T
18	25	270	T
18	26	237	T
18	27	200	T
18	28	422	T
18	29	227	T
18	30	430	T
19	1	257	F
19	2	247	T
19	3	361	T
19	4	351	T
19	5	183	F
19	6	246	T
19	7	234	T
19	8	304	T
19	9	225	T
19	10	229	T
19	11	327	T
19	12	291	T
19	13	259	T
19	14	229	T
19	15	338	T
19	16	348	T
19	17	256	T
19	18	367	T
19	19	203	T
19	20	387	T
19	21	223	T
19	22	341	T
19	23	320	T
19	24	440	T
19	25	380	T
19	26	321	T
19	27	203	T
19	28	315	T
19	29	195	T
19	30	306	T
20	1	254	T
20	2	324	T
20	3	374	T
20	4	281	T
20	5	259	T
20	6	287	T
20	7	222	T
20	8	381	T
20	9	224	T
20	10	244	T
20	11	277	F
20	12	317	T
20	13	259	T
20	14	320	T
20	15	232	T
20	16	248	T
20	17	331	T
20	18	380	T
20	19	227	T
20	20	235	T
20	21	421	T
20	22	327	T
20	23	304	T
20	24	199	T
20	25	363	T
20	26	193	T
20	27	231	T
20	28	268	T
20	29	267	F
20	30	277	T
21	1	319	F
21	2	263	T
21	3	319	T
21	4	383	T
21	5	264	T
21	6	220	T
21	7	296	T
21	8	362	T
21	9	219	F
21	10	340	T
21	11	343	T
21	12	281	T
21	13	267	T
21	14	310	T
21	15	243	T
21	16	234	T
21	17	255	T
21	18	254	F
21	19	272	T
21	20	359	T
21	21	297	T
21	22	230	T
21	23	473	T
21	24	358	T
21	25	228	T
21	26	348	T
21	27	242	T
21	28	234	T
21	29	284	T
21	30	238	T
22	1	312	F
22	2	266	T
22	3	250	T
22	4	230	T
22	5	322	T
22	6	265	T
22	7	227	F
22	8	257	T
22	9	254	T
22	10	276	T
22	11	258	T
22	12	226	T
22	13	257	T
22	14	220	F
22	15	270	T
22	16	305	T
22	17	360	T
22	18	196	F
22	19	267	T
22	20	516	T
22	21	302	F
22	22	258	T
22	23	229	T
22	24	265	T
22	25	292	T
22	26	430	T
22	27	278	T
22	28	362	T
22	29	320	T
22	30	243	T
23	1	421	T
23	2	375	T
23	3	289	T
23	4	313	F
23	5	382	T
23	6	362	T
23	7	247	T
23	8	277	T
23	9	253	T
23	10	256	T
23	11	252	T
23	12	264	T
23	13	324	T
23	14	234	T
23	15	417	T
23	16	250	T
23	17	347	T
23	18	245	T
23	19	234	T
23	20	220	T
23	21	390	T
23	22	208	T
23	23	257	T
23	24	244	T
23	25	222	F
23	26	316	T
23	27	296	T
23	28	376	T
23	29	314	T
23	30	219	T
24	1	237	F
24	2	309	T
24	3	342	T
24	4	329	T
24	5	295	T
24	6	352	T
24	7	202	T
24	8	359	T
24	9	193	T
24	10	424	T
24	11	343	T
24	12	247	T
24	13	250	T
24	14	300	T
24	15	230	T
24	16	381	T
24	17	213	T
24	18	402	T
24	19	305	T
24	20	249	T
24	21	349	F
24	22	260	T
24	23	235	T
24	24	226	T
24	25	215	T
24	26	232	T
24	27	315	T
24	28	212	T
24	29	252	T
24	30	221	T
25	1	387	T
25	2	275	T
25	3	333	T
25	4	253	T
25	5	363	T
25	6	275	T
25	7	264	T
25	8	318	T
25	9	296	T
25	10	328	T
25	11	198	T
25	12	402	T
25	13	231	T
25	14	232	T
25	15	255	T
25	16	327	T
25	17	326	T
25	18	204	T
25	19	287	T
25	20	242	T
25	21	228	T
25	22	310	T
25	23	239	F
25	24	298	T
25	25	229	T
25	26	212	T
25	27	245	T
25	28	312	T
25	29	233	T
25	30	334	T
26	1	226	T
26	2	232	T
26	3	411	T
26	4	333	T
26	5	294	T
26	6	309	T
26	7	323	F
26	8	218	T
26	9	405	T
26	10	244	T
26	11	388	T
26	12	264	T
26	13	317	T
26	14	331	T
26	15	346	T
26	16	219	T
26	17	348	T
26	18	207	T
26	19	215	T
26	20	328	T
26	21	270	T
26	22	237	T
26	23	254	T
26	24	347	T
26	25	299	T
26	26	241	T
26	27	326	T
26	28	325	T
26	29	261	T
26	30	466	T
27	1	395	T
27	2	227	T
27	3	234	T
27	4	378	T
27	5	404	T
27	6	666	T
27	7	302	T
27	8	385	T
27	9	262	T
27	10	352	T
27	11	215	F
27	12	262	T
27	13	302	T
27	14	339	T
27	15	248	T
27	16	258	T
27	17	285	T
27	18	296	T
27	19	219	T
27	20	350	T
27	21	279	T
27	22	313	T
27	23	342	T
27	24	237	T
27	25	280	T
27	26	262	T
27	27	247	T
27	28	256	T
27	29	258	T
27	30	355	T
28	1	224	T
28	2	246	F
28	3	306	F
28	4	326	T
28	5	210	T
28	6	281	T
28	7	266	T
28	8	261	T
28	9	329	T
28	10	393	T
28	11	481	T
28	12	501	T
28	13	411	T
28	14	366	T
28	15	247	T
28	16	418	T
28	17	226	T
28	18	425	T
28	19	301	T
28	20	246	T
28	21	414	T
28	22	362	T
28	23	309	T
28	24	347	T
28	25	298	T
28	26	300	T
28	27	232	T
28	28	216	T
28	29	260	T
28	30	253	T
29	1	332	T
29	2	341	T
29	3	331	T
29	4	245	T
29	5	304	T
29	6	296	T
29	7	267	T
29	8	376	T
29	9	344	T
29	10	269	T
29	11	231	F
29	12	227	T
29	13	263	T
29	14	238	T
29	15	327	T
29	16	247	T
29	17	248	T
29	18	5	F
29	19	322	T
29	20	410	T
29	21	377	T
29	22	241	T
29	23	216	T
29	24	411	T
29	25	213	T
29	26	388	T
29	27	249	T
29	28	350	T
29	29	209	T
29	30	221	T
30	1	503	T
30	2	459	T
30	3	332	T
30	4	244	T
30	5	229	T
30	6	525	T
30	7	240	F
30	8	277	T
30	9	244	T
30	10	319	T
30	11	269	T
30	12	217	T
30	13	414	T
30	14	371	T
30	15	278	T
30	16	465	T
30	17	262	T
30	18	580	T
30	19	441	T
30	20	267	T
30	21	409	T
30	22	218	T
30	23	314	T
30	24	271	T
30	25	261	F
30	26	471	T
30	27	277	T
30	28	257	T
30	29	289	F
30	30	267	T
31	1	550	T
31	2	263	T
31	3	296	T
31	4	241	T
31	5	406	T
31	6	225	T
31	7	388	T
31	8	392	T
31	9	242	F
31	10	291	F
31	11	286	T
31	12	500	T
31	13	235	T
31	14	305	T
31	15	293	T
31	16	415	T
31	17	273	T
31	18	522	T
31	19	463	T
31	20	494	T
31	21	237	T
31	22	456	T
31	23	369	T
31	24	302	T
31	25	295	T
31	26	343	T
31	27	291	T
31	28	248	T
31	29	348	T
31	30	264	T
32	1	406	T
32	2	269	T
32	3	340	T
32	4	249	T
32	5	362	T
32	6	248	T
32	7	312	T
32	8	338	T
32	9	335	T
32	10	257	T
32	11	327	T
32	12	275	T
32	13	418	T
32	14	255	T
32	15	344	T
32	16	306	T
32	17	236	T
32	18	365	T
32	19	292	F
32	20	315	T
32	21	282	T
32	22	419	T
32	23	385	T
32	24	384	T
32	25	271	F
32	26	330	T
32	27	226	T
32	28	338	T
32	29	240	T
32	30	423	T
33	1	226	T
33	2	254	T
33	3	350	T
33	4	389	T
33	5	278	T
33	6	207	T
33	7	242	T
33	8	357	T
33	9	346	T
33	10	217	T
33	11	285	T
33	12	370	T
33	13	363	F
33	14	303	T
33	15	216	T
33	16	309	T
33	17	315	T
33	18	319	T
33	19	251	F
33	20	259	T
33	21	353	T
33	22	216	T
33	23	264	T
33	24	345	T
33	25	227	T
33	26	374	T
33	27	312	T
33	28	263	T
33	29	247	T
33	30	340	T
34	1	232	T
34	2	214	T
34	3	280	T
34	4	265	T
34	5	384	T
34	6	316	T
34	7	360	T
34	8	404	T
34	9	245	T
34	10	330	T
34	11	336	T
34	12	310	T
34	13	246	T
34	14	247	T
34	15	298	T
34	16	314	T
34	17	221	T
34	18	373	T
34	19	193	T
34	20	262	T
34	21	319	T
34	22	279	T
34	23	373	T
34	24	263	F
34	25	225	T
34	26	256	T
34	27	327	T
34	28	326	T
34	29	237	T
34	30	390	T
35	1	277	T
35	2	300	T
35	3	297	T
35	4	342	T
35	5	393	T
35	6	343	T
35	7	359	T
35	8	374	T
35	9	248	T
35	10	487	T
35	11	279	T
35	12	200	T
35	13	330	T
35	14	227	T
35	15	294	F
35	16	246	T
35	17	255	T
35	18	341	T
35	19	263	T
35	20	408	T
35	21	264	T
35	22	474	T
35	23	389	T
35	24	219	F
35	25	278	T
35	26	379	T
35	27	227	T
35	28	241	T
35	29	226	T
35	30	279	F
36	1	349	T
36	2	357	T
36	3	284	T
36	4	427	T
36	5	268	T
36	6	361	T
36	7	305	T
36	8	259	T
36	9	269	T
36	10	278	T
36	11	323	F
36	12	288	T
36	13	281	T
36	14	370	T
36	15	328	T
36	16	378	T
36	17	279	T
36	18	360	T
36	19	336	T
36	20	336	T
36	21	247	T
36	22	236	T
36	23	371	T
36	24	438	T
36	25	260	T
36	26	262	T
36	27	266	T
36	28	339	T
36	29	251	T
36	30	266	T
37	1	356	T
37	2	308	T
37	3	256	T
37	4	360	T
37	5	286	T
37	6	337	T
37	7	292	T
37	8	221	T
37	9	307	T
37	10	251	T
37	11	279	T
37	12	599	T
37	13	312	T
37	14	230	T
37	15	329	T
37	16	494	T
37	17	480	T
37	18	360	T
37	19	320	T
37	20	250	T
37	21	454	T
37	22	285	T
37	23	267	T
37	24	379	T
37	25	265	T
37	26	238	T
37	27	324	T
37	28	234	T
37	29	266	T
37	30	259	T
38	1	276	T
38	2	341	T
38	3	241	T
38	4	230	T
38	5	343	T
38	6	246	T
38	7	289	T
38	8	267	F
38	9	217	T
38	10	309	T
38	11	398	T
38	12	215	T
