NAME: 	Ayaal_2day_lhand
Completed cycles:	36
Failed cycles:	1
Cycle	Trial	RT	Accuracy
1	1	754	T
1	2	359	T
1	3	341	T
1	4	318	T
1	5	284	T
1	6	308	T
1	7	274	T
1	8	296	T
1	9	342	T
1	10	294	T
1	11	344	T
1	12	316	T
1	13	337	T
1	14	324	T
1	15	273	T
1	16	324	T
1	17	346	T
1	18	297	T
1	19	354	T
1	20	350	T
1	21	346	T
1	22	264	T
1	23	334	T
1	24	332	T
1	25	248	T
1	26	280	T
1	27	252	T
1	28	305	T
1	29	298	T
1	30	252	T
2	1	329	T
2	2	470	T
2	3	332	T
2	4	257	T
2	5	222	T
2	6	260	T
2	7	365	T
2	8	318	T
2	9	174	F
2	10	268	T
2	11	234	T
2	12	342	T
2	13	261	T
2	14	292	T
2	15	334	T
2	16	228	T
2	17	218	T
2	18	176	T
2	19	317	T
2	20	352	T
2	21	364	T
2	22	376	T
2	23	252	T
2	24	306	T
2	25	350	T
2	26	361	T
2	27	274	T
2	28	271	T
2	29	362	T
2	30	317	T
3	1	246	T
3	2	374	T
3	3	299	T
3	4	508	T
3	5	276	T
3	6	367	T
3	7	245	T
3	8	313	T
3	9	260	T
3	10	329	T
3	11	236	T
3	12	296	T
3	13	263	T
3	14	268	T
3	15	268	T
3	16	330	T
3	17	226	T
3	18	312	T
3	19	374	T
3	20	13	T
3	21	122	F
3	22	224	T
3	23	328	T
3	24	286	T
3	25	254	T
3	26	256	T
3	27	386	T
3	28	281	T
3	29	332	T
3	30	258	T
4	1	321	T
4	2	289	T
4	3	309	T
4	4	284	T
4	5	255	T
4	6	255	T
4	7	269	T
4	8	287	T
4	9	329	T
4	10	288	T
4	11	347	T
4	12	358	T
4	13	303	T
4	14	332	T
4	15	390	T
4	16	297	T
4	17	307	T
4	18	282	T
4	19	277	T
4	20	322	T
4	21	314	T
4	22	261	T
4	23	392	T
4	24	354	T
4	25	280	T
4	26	356	T
4	27	262	T
4	28	339	T
4	29	308	T
4	30	320	T
5	1	292	T
5	2	275	T
5	3	339	T
5	4	344	T
5	5	289	T
5	6	366	T
5	7	387	T
5	8	306	T
5	9	320	T
5	10	306	T
5	11	312	T
5	12	378	T
5	13	356	T
5	14	324	T
5	15	437	T
5	16	323	T
5	17	261	T
5	18	302	T
5	19	285	T
5	20	283	T
5	21	362	T
5	22	253	T
5	23	303	T
5	24	296	T
5	25	316	T
5	26	281	T
5	27	341	T
5	28	273	T
5	29	306	T
5	30	381	T
6	1	386	T
6	2	414	T
6	3	274	T
6	4	374	T
6	5	289	T
6	6	311	T
6	7	320	T
6	8	446	T
6	9	294	T
6	10	373	T
6	11	398	T
6	12	355	T
6	13	366	T
6	14	309	T
6	15	266	T
6	16	245	T
6	17	362	T
6	18	289	T
6	19	331	T
6	20	373	T
6	21	232	T
6	22	293	T
6	23	379	T
6	24	286	T
6	25	265	T
6	26	254	T
6	27	342	T
6	28	328	T
6	29	343	T
6	30	257	T
7	1	341	T
7	2	404	T
7	3	367	T
7	4	282	T
7	5	325	T
7	6	350	T
7	7	306	T
7	8	328	T
7	9	0	F
7	10	114	F
7	11	257	T
7	12	357	T
7	13	359	T
7	14	216	T
7	15	324	T
7	16	290	T
7	17	292	T
7	18	402	T
7	19	180	F
7	20	317	T
7	21	326	T
7	22	276	T
7	23	310	T
7	24	233	T
7	25	479	T
7	26	282	T
7	27	223	T
7	28	321	T
7	29	252	T
7	30	279	T
8	1	358	T
8	2	307	T
8	3	257	T
8	4	280	T
8	5	339	T
8	6	263	T
8	7	324	T
8	8	455	T
8	9	382	T
8	10	347	T
8	11	256	T
8	12	341	T
8	13	230	T
8	14	221	T
8	15	355	T
8	16	312	T
8	17	294	F
8	18	325	T
8	19	242	T
8	20	227	T
8	21	409	T
8	22	253	T
8	23	302	T
8	24	304	T
8	25	304	F
8	26	348	T
8	27	356	T
8	28	287	T
8	29	367	T
8	30	285	T
9	1	295	T
9	2	404	T
9	3	268	T
9	4	383	T
9	5	374	T
9	6	263	T
9	7	264	T
9	8	327	T
9	9	384	T
9	10	216	F
9	11	307	T
9	12	402	T
9	13	261	T
9	14	13	F
9	15	371	T
9	16	298	T
9	17	345	T
9	18	312	T
9	19	237	T
9	20	347	T
9	21	509	T
9	22	225	T
9	23	240	T
9	24	278	T
9	25	316	T
9	26	340	T
9	27	358	T
9	28	244	T
9	29	275	T
9	30	373	T
10	1	356	T
10	2	401	T
10	3	283	T
10	4	262	T
10	5	281	T
10	6	366	T
10	7	458	T
10	8	377	T
10	9	320	F
10	10	235	T
10	11	348	T
10	12	260	T
10	13	268	T
10	14	272	T
10	15	263	F
10	16	249	T
10	17	288	T
10	18	293	T
10	19	288	T
10	20	311	T
10	21	484	T
10	22	270	T
10	23	322	T
10	24	383	T
10	25	218	T
10	26	310	T
10	27	337	T
10	28	253	T
10	29	354	T
10	30	438	T
11	1	256	T
11	2	277	T
11	3	259	T
11	4	253	T
11	5	376	T
11	6	310	T
11	7	301	T
11	8	353	T
11	9	265	T
11	10	301	T
11	11	472	T
11	12	260	T
11	13	468	T
11	14	394	T
11	15	313	T
11	16	263	T
11	17	265	T
11	18	278	T
11	19	258	T
11	20	333	T
11	21	361	T
11	22	302	T
11	23	286	T
11	24	307	T
11	25	264	T
11	26	304	T
11	27	251	T
11	28	347	T
11	29	403	T
11	30	259	T
12	1	327	T
12	2	269	T
12	3	345	T
12	4	344	T
12	5	390	T
12	6	399	T
12	7	320	T
12	8	344	T
12	9	297	T
12	10	268	T
12	11	261	T
12	12	305	T
12	13	265	T
12	14	273	T
12	15	332	T
12	16	272	T
12	17	287	T
12	18	262	T
12	19	287	T
12	20	320	T
12	21	328	T
12	22	335	T
12	23	219	T
12	24	220	T
12	25	13	F
12	26	352	T
12	27	286	T
12	28	241	T
12	29	266	F
12	30	384	T
13	1	385	T
13	2	316	T
13	3	274	T
13	4	235	T
13	5	291	T
13	6	255	T
13	7	287	T
13	8	205	T
13	9	386	T
13	10	250	T
13	11	250	T
13	12	371	T
13	13	266	T
13	14	388	T
13	15	233	T
13	16	214	T
13	17	220	T
13	18	388	T
13	19	342	T
13	20	327	T
13	21	389	T
13	22	355	T
13	23	261	T
13	24	295	T
13	25	390	T
13	26	258	T
13	27	369	T
13	28	393	T
13	29	346	T
13	30	266	T
14	1	211	T
14	2	235	T
14	3	368	T
14	4	396	T
14	5	228	T
14	6	318	T
14	7	342	T
14	8	407	T
14	9	339	T
14	10	276	T
14	11	369	T
14	12	390	T
14	13	240	T
14	14	240	T
14	15	363	T
14	16	252	T
14	17	313	T
14	18	305	T
14	19	230	T
14	20	252	T
14	21	367	T
14	22	284	T
14	23	371	T
14	24	334	T
14	25	365	T
14	26	344	T
14	27	425	T
14	28	378	T
14	29	222	F
14	30	258	T
15	1	262	T
15	2	339	T
15	3	238	T
15	4	262	T
15	5	255	T
15	6	234	T
15	7	247	T
15	8	341	T
15	9	264	T
15	10	344	T
15	11	397	T
15	12	351	F
15	13	411	T
15	14	593	T
15	15	306	T
15	16	423	T
15	17	334	T
15	18	452	T
15	19	292	T
15	20	487	T
15	21	316	T
15	22	267	T
15	23	328	T
15	24	235	T
15	25	343	T
15	26	215	T
15	27	243	T
15	28	312	T
15	29	411	T
15	30	572	T
16	1	260	T
16	2	177	T
16	3	334	T
16	4	369	T
16	5	259	T
16	6	373	T
16	7	270	T
16	8	251	T
16	9	347	T
16	10	406	T
16	11	279	T
16	12	302	T
16	13	310	T
16	14	287	T
16	15	264	T
16	16	401	T
16	17	451	T
16	18	520	T
16	19	395	T
16	20	392	T
16	21	343	T
16	22	350	T
16	23	302	T
16	24	282	T
16	25	364	T
16	26	306	T
16	27	365	T
16	28	359	T
16	29	320	T
16	30	269	T
17	1	417	T
17	2	368	T
17	3	333	T
17	4	278	T
17	5	305	T
17	6	349	T
17	7	283	T
17	8	375	T
17	9	307	T
17	10	367	T
17	11	346	T
17	12	378	T
17	13	288	F
17	14	325	T
17	15	296	T
17	16	233	T
17	17	323	T
17	18	355	T
17	19	317	T
17	20	382	T
17	21	412	T
17	22	347	T
17	23	245	T
17	24	334	T
17	25	424	T
17	26	379	T
17	27	264	T
17	28	379	T
17	29	372	T
17	30	340	T
18	1	286	T
18	2	358	T
18	3	363	T
18	4	299	T
18	5	390	T
18	6	277	T
18	7	338	T
18	8	390	T
18	9	382	T
18	10	343	T
18	11	386	T
18	12	328	T
18	13	260	T
18	14	268	T
18	15	328	T
18	16	293	T
18	17	410	T
18	18	404	T
18	19	262	T
18	20	792	T
18	21	260	T
18	22	308	T
18	23	352	T
18	24	447	T
18	25	317	T
18	26	283	T
18	27	344	T
18	28	394	T
18	29	401	T
18	30	307	T
19	1	368	T
19	2	244	T
19	3	344	T
19	4	290	T
19	5	357	T
19	6	270	T
19	7	380	T
19	8	306	T
19	9	255	T
19	10	251	T
19	11	360	T
19	12	275	T
19	13	307	T
19	14	259	T
19	15	256	T
19	16	351	T
19	17	277	T
19	18	349	T
19	19	345	T
19	20	254	T
19	21	341	T
19	22	244	T
19	23	281	T
19	24	387	T
19	25	384	T
19	26	352	T
19	27	383	T
19	28	293	T
19	29	320	T
19	30	387	T
20	1	286	T
20	2	241	T
20	3	362	T
20	4	223	F
20	5	276	T
20	6	268	T
20	7	303	T
20	8	358	T
20	9	320	T
20	10	315	T
20	11	312	T
20	12	280	T
20	13	334	T
20	14	257	T
20	15	318	T
20	16	374	T
20	17	386	T
20	18	16	T
20	19	166	F
20	20	377	T
20	21	381	T
20	22	274	T
20	23	321	T
20	24	376	T
20	25	368	T
20	26	375	T
20	27	294	T
20	28	252	T
20	29	339	T
20	30	415	T
21	1	426	T
21	2	432	T
21	3	604	T
21	4	356	T
21	5	456	T
21	6	526	T
21	7	460	T
21	8	315	T
21	9	301	T
21	10	336	T
21	11	389	T
21	12	342	T
21	13	268	T
21	14	242	T
21	15	343	T
21	16	271	T
21	17	368	T
21	18	274	T
21	19	313	T
21	20	306	T
21	21	327	T
21	22	302	T
21	23	371	T
21	24	249	T
21	25	301	T
21	26	312	T
21	27	303	T
21	28	330	T
21	29	243	T
21	30	324	T
22	1	329	T
22	2	311	T
22	3	385	T
22	4	337	T
22	5	383	T
22	6	406	T
22	7	295	T
22	8	323	T
22	9	385	T
22	10	383	T
22	11	362	T
22	12	292	T
22	13	267	T
22	14	352	T
22	15	348	T
22	16	362	T
22	17	448	T
22	18	304	T
22	19	380	T
22	20	283	T
22	21	274	T
22	22	381	T
22	23	378	T
22	24	363	T
22	25	243	T
22	26	302	T
22	27	356	T
22	28	231	T
22	29	319	F
22	30	219	T
23	1	319	T
23	2	367	T
23	3	236	T
23	4	395	T
23	5	387	T
23	6	457	T
23	7	240	T
23	8	315	T
23	9	357	T
23	10	377	T
23	11	383	T
23	12	328	T
23	13	256	T
23	14	280	T
23	15	344	T
23	16	290	T
23	17	379	T
23	18	369	T
23	19	227	T
23	20	369	T
23	21	418	T
23	22	240	T
23	23	234	T
23	24	358	T
23	25	385	T
23	26	352	T
23	27	263	T
23	28	301	T
23	29	250	T
23	30	258	T
24	1	320	T
24	2	309	F
24	3	233	T
24	4	270	T
24	5	349	T
24	6	340	T
24	7	376	T
24	8	342	T
24	9	345	T
24	10	362	T
24	11	297	T
24	12	268	T
24	13	338	T
24	14	516	T
24	15	347	T
24	16	380	T
24	17	374	T
24	18	272	T
24	19	394	T
24	20	387	T
24	21	1035	T
24	22	382	T
24	23	278	T
24	24	222	T
24	25	348	T
24	26	243	T
24	27	224	T
24	28	270	T
24	29	196	T
24	30	235	T
25	1	337	T
25	2	390	T
25	3	290	T
25	4	343	T
25	5	312	T
25	6	322	T
25	7	292	T
25	8	292	T
25	9	286	T
25	10	226	T
25	11	274	T
25	12	571	T
25	13	367	T
25	14	252	T
25	15	263	T
25	16	268	T
25	17	234	T
25	18	328	T
25	19	369	T
25	20	293	T
25	21	315	T
25	22	268	T
25	23	314	T
25	24	295	T
25	25	332	T
25	26	291	F
25	27	308	T
25	28	262	T
25	29	247	T
25	30	479	T
26	1	323	T
26	2	262	T
26	3	264	T
26	4	248	T
26	5	282	T
26	6	325	T
26	7	345	T
26	8	293	T
26	9	353	T
26	10	359	T
26	11	442	T
26	12	331	T
26	13	348	T
26	14	253	T
26	15	309	T
26	16	400	T
26	17	377	T
26	18	339	T
26	19	353	T
26	20	279	T
26	21	257	T
26	22	337	T
26	23	417	T
26	24	605	T
26	25	269	T
26	26	330	T
26	27	259	T
26	28	288	T
26	29	239	T
26	30	380	T
27	1	455	T
27	2	272	T
27	3	290	T
27	4	236	T
27	5	326	T
27	6	244	T
27	7	266	T
27	8	313	T
27	9	353	T
27	10	231	T
27	11	289	T
27	12	279	T
27	13	294	T
27	14	252	T
27	15	278	T
27	16	289	T
27	17	258	T
27	18	260	T
27	19	233	T
27	20	280	T
27	21	298	T
27	22	313	T
27	23	355	T
27	24	236	T
27	25	333	T
27	26	321	T
27	27	364	T
27	28	291	T
27	29	248	T
27	30	390	T
28	1	248	T
28	2	507	T
28	3	297	T
28	4	274	T
28	5	269	T
28	6	309	T
28	7	357	T
28	8	336	T
28	9	326	T
28	10	339	T
28	11	304	T
28	12	384	T
28	13	316	T
28	14	304	T
28	15	285	F
28	16	256	T
28	17	233	T
28	18	326	T
28	19	312	T
28	20	421	T
28	21	328	T
28	22	329	T
28	23	350	T
28	24	363	T
28	25	304	T
28	26	432	T
28	27	466	T
28	28	239	T
28	29	268	T
28	30	322	T
29	1	360	T
29	2	386	T
29	3	588	T
29	4	251	T
29	5	326	T
29	6	463	T
29	7	253	T
29	8	314	T
29	9	363	T
29	10	275	T
29	11	251	T
29	12	240	T
29	13	375	T
29	14	424	T
29	15	535	T
29	16	265	T
29	17	360	T
29	18	346	T
29	19	336	T
29	20	379	T
29	21	419	T
29	22	346	T
29	23	336	F
29	24	344	T
29	25	343	T
29	26	410	T
29	27	385	T
29	28	283	T
29	29	287	T
29	30	298	T
30	1	329	T
30	2	292	T
30	3	292	T
30	4	263	T
30	5	233	T
30	6	269	T
30	7	198	F
30	8	302	T
30	9	392	T
30	10	350	T
30	11	273	T
30	12	312	T
30	13	321	T
30	14	174	T
30	15	582	T
30	16	301	T
30	17	231	T
30	18	367	T
30	19	323	T
30	20	219	T
30	21	247	T
30	22	415	T
30	23	254	T
30	24	301	T
30	25	272	T
30	26	335	T
30	27	246	T
30	28	263	T
30	29	340	T
30	30	400	T
31	1	326	T
31	2	295	T
31	3	250	T
31	4	334	T
31	5	407	T
31	6	378	T
31	7	237	T
31	8	379	T
31	9	370	T
31	10	260	T
31	11	282	T
31	12	217	T
31	13	252	T
31	14	252	T
31	15	212	T
31	16	326	T
31	17	257	T
31	18	325	T
31	19	213	T
31	20	323	T
31	21	226	T
31	22	278	F
31	23	195	T
31	24	281	T
31	25	273	T
31	26	341	T
31	27	262	T
31	28	311	T
31	29	222	T
31	30	243	T
32	1	346	T
32	2	253	T
32	3	316	T
32	4	320	T
32	5	296	T
32	6	268	T
32	7	302	T
32	8	246	T
32	9	319	T
32	10	268	T
32	11	256	T
32	12	376	T
32	13	320	T
32	14	226	T
32	15	282	T
32	16	251	T
32	17	431	T
32	18	280	T
32	19	234	T
32	20	475	T
32	21	306	T
32	22	361	T
32	23	276	T
32	24	344	T
32	25	403	T
32	26	259	T
32	27	248	T
32	28	229	T
32	29	316	T
32	30	283	T
33	1	341	T
33	2	226	T
33	3	358	T
33	4	248	T
33	5	280	T
33	6	359	T
33	7	293	T
33	8	362	T
33	9	320	T
33	10	347	T
33	11	234	T
33	12	239	T
33	13	223	T
33	14	241	T
33	15	199	T
33	16	254	T
33	17	299	T
33	18	264	T
33	19	225	T
33	20	241	T
33	21	214	F
33	22	364	T
33	23	295	T
33	24	322	T
33	25	311	T
33	26	286	T
33	27	332	T
33	28	214	F
33	29	372	T
33	30	229	T
34	1	328	T
34	2	323	T
34	3	389	T
34	4	215	T
34	5	312	T
34	6	286	T
34	7	231	T
34	8	210	T
34	9	238	T
34	10	229	T
34	11	312	T
34	12	336	T
34	13	205	F
34	14	346	T
34	15	372	T
34	16	381	T
34	17	265	T
34	18	352	T
34	19	257	T
34	20	218	T
34	21	353	T
34	22	284	T
34	23	326	T
34	24	325	T
34	25	270	T
34	26	309	T
34	27	277	T
34	28	316	T
34	29	280	T
34	30	296	T
35	1	359	T
35	2	351	T
35	3	266	T
35	4	251	T
35	5	254	T
35	6	367	T
35	7	341	T
35	8	374	T
35	9	301	T
35	10	358	T
35	11	253	T
35	12	358	T
35	13	266	T
35	14	360	T
35	15	240	T
35	16	229	T
35	17	231	T
35	18	303	T
35	19	238	T
35	20	243	T
35	21	374	T
35	22	416	T
35	23	294	T
35	24	373	T
35	25	284	T
35	26	207	T
35	27	350	T
35	28	306	T
35	29	232	T
35	30	251	T
36	1	321	T
36	2	324	T
36	3	265	T
36	4	288	T
36	5	263	T
36	6	324	T
36	7	330	T
36	8	301	T
36	9	370	T
36	10	232	T
36	11	320	T
36	12	284	T
36	13	251	T
36	14	229	T
36	15	236	T
36	16	290	T
36	17	239	T
36	18	290	T
36	19	224	T
36	20	319	T
36	21	370	T
36	22	344	T
36	23	418	T
36	24	349	T
36	25	255	T
36	26	408	T
36	27	294	T
36	28	360	T
36	29	275	T
36	30	237	T
37	1	320	F
37	2	253	F
37	3	364	T
37	4	281	T
37	5	368	T
37	6	320	T
37	7	336	T
37	8	279	T
37	9	281	T
37	10	342	T
37	11	377	T
