NAME: 	Ayaal_1day_lhand
Completed cycles:	35
Failed cycles:	1
Cycle	Trial	RT	Accuracy
1	1	948	T
1	2	361	T
1	3	310	T
1	4	402	T
1	5	408	T
1	6	357	T
1	7	311	T
1	8	336	T
1	9	337	T
1	10	428	T
1	11	293	T
1	12	281	T
1	13	389	T
1	14	419	T
1	15	355	T
1	16	309	T
1	17	317	T
1	18	387	T
1	19	440	T
1	20	354	T
1	21	376	T
1	22	399	T
1	23	272	T
1	24	325	T
1	25	392	T
1	26	272	T
1	27	316	T
1	28	409	T
1	29	305	T
1	30	288	T
2	1	431	T
2	2	326	T
2	3	354	T
2	4	436	T
2	5	340	T
2	6	326	T
2	7	303	T
2	8	313	T
2	9	348	T
2	10	238	T
2	11	243	T
2	12	295	T
2	13	326	T
2	14	147	F
2	15	305	T
2	16	251	T
2	17	352	T
2	18	367	T
2	19	356	T
2	20	343	T
2	21	338	T
2	22	317	T
2	23	377	T
2	24	260	T
2	25	328	T
2	26	445	T
2	27	319	T
2	28	392	T
2	29	404	T
2	30	645	T
3	1	418	T
3	2	331	T
3	3	359	T
3	4	345	T
3	5	320	T
3	6	282	T
3	7	357	T
3	8	581	T
3	9	375	T
3	10	506	T
3	11	381	T
3	12	350	T
3	13	282	T
3	14	308	T
3	15	367	T
3	16	374	T
3	17	296	T
3	18	311	T
3	19	283	T
3	20	283	T
3	21	344	T
3	22	337	T
3	23	368	T
3	24	270	T
3	25	282	T
3	26	504	T
3	27	283	T
3	28	364	T
3	29	340	T
3	30	355	T
4	1	386	T
4	2	291	T
4	3	353	T
4	4	346	T
4	5	373	T
4	6	318	T
4	7	445	T
4	8	330	T
4	9	338	T
4	10	390	T
4	11	299	T
4	12	300	T
4	13	356	T
4	14	378	T
4	15	358	T
4	16	387	T
4	17	284	T
4	18	385	T
4	19	434	T
4	20	308	T
4	21	394	T
4	22	301	T
4	23	352	T
4	24	269	T
4	25	375	T
4	26	410	T
4	27	391	F
4	28	746	T
4	29	393	T
4	30	323	T
5	1	452	T
5	2	420	T
5	3	366	T
5	4	361	T
5	5	326	T
5	6	245	T
5	7	363	T
5	8	295	T
5	9	297	T
5	10	392	T
5	11	286	T
5	12	369	T
5	13	305	T
5	14	341	T
5	15	1898	T
5	16	321	T
5	17	360	T
5	18	318	T
5	19	328	T
5	20	534	T
5	21	424	T
5	22	431	T
5	23	362	T
5	24	534	T
5	25	359	T
5	26	372	T
5	27	1090	T
5	28	444	T
5	29	360	T
5	30	465	T
6	1	272	T
6	2	291	T
6	3	370	T
6	4	331	T
6	5	332	T
6	6	430	T
6	7	596	T
6	8	350	T
6	9	294	T
6	10	317	T
6	11	409	T
6	12	258	T
6	13	359	T
6	14	288	T
6	15	373	T
6	16	327	T
6	17	362	T
6	18	292	T
6	19	311	T
6	20	400	T
6	21	488	T
6	22	464	T
6	23	412	T
6	24	393	T
6	25	351	T
6	26	299	T
6	27	435	T
6	28	401	T
6	29	689	T
6	30	355	T
7	1	422	T
7	2	369	T
7	3	359	T
7	4	296	T
7	5	314	T
7	6	236	T
7	7	375	T
7	8	255	T
7	9	317	T
7	10	247	T
7	11	282	T
7	12	392	T
7	13	241	T
7	14	365	T
7	15	242	T
7	16	363	T
7	17	369	T
7	18	291	T
7	19	369	T
7	20	400	T
7	21	366	T
7	22	284	T
7	23	339	T
7	24	290	T
7	25	366	T
7	26	235	T
7	27	351	T
7	28	230	T
7	29	358	T
7	30	216	T
8	1	335	T
8	2	355	T
8	3	365	T
8	4	373	T
8	5	386	T
8	6	357	T
8	7	345	T
8	8	319	T
8	9	336	T
8	10	312	T
8	11	295	T
8	12	317	T
8	13	348	T
8	14	313	T
8	15	326	T
8	16	258	T
8	17	373	T
8	18	202	T
8	19	342	T
8	20	400	T
8	21	361	T
8	22	258	T
8	23	289	T
8	24	206	T
8	25	319	T
8	26	401	T
8	27	219	T
8	28	209	T
8	29	348	T
8	30	329	T
9	1	349	T
9	2	381	T
9	3	300	T
9	4	338	T
9	5	343	T
9	6	367	T
9	7	248	T
9	8	267	T
9	9	391	T
9	10	390	T
9	11	261	T
9	12	415	T
9	13	283	T
9	14	334	T
9	15	216	T
9	16	398	T
9	17	363	T
9	18	275	T
9	19	240	T
9	20	377	T
9	21	376	T
9	22	355	T
9	23	293	T
9	24	300	T
9	25	392	T
9	26	332	T
9	27	334	T
9	28	319	T
9	29	342	T
9	30	346	T
10	1	363	T
10	2	397	T
10	3	339	T
10	4	245	T
10	5	345	T
10	6	258	T
10	7	300	T
10	8	337	T
10	9	339	T
10	10	342	T
10	11	384	T
10	12	291	T
10	13	382	T
10	14	430	T
10	15	372	T
10	16	261	T
10	17	253	T
10	18	262	T
10	19	255	T
10	20	308	T
10	21	225	T
10	22	273	T
10	23	381	T
10	24	283	T
10	25	339	F
10	26	317	T
10	27	296	T
10	28	386	T
10	29	351	T
10	30	246	T
11	1	271	T
11	2	259	T
11	3	365	T
11	4	279	T
11	5	277	T
11	6	244	T
11	7	395	T
11	8	379	T
11	9	239	T
11	10	261	T
11	11	664	T
11	12	377	T
11	13	386	T
11	14	308	T
11	15	238	T
11	16	244	T
11	17	368	T
11	18	201	T
11	19	371	T
11	20	201	T
11	21	332	T
11	22	166	F
11	23	308	T
11	24	234	T
11	25	282	T
11	26	251	T
11	27	241	T
11	28	381	T
11	29	231	T
11	30	318	T
12	1	356	T
12	2	378	T
12	3	1381	T
12	4	669	T
12	5	292	T
12	6	364	T
12	7	254	T
12	8	224	T
12	9	206	T
12	10	326	T
12	11	266	T
12	12	258	T
12	13	167	T
12	14	430	T
12	15	664	T
12	16	338	T
12	17	319	T
12	18	242	T
12	19	378	T
12	20	348	T
12	21	271	T
12	22	321	T
12	23	241	T
12	24	263	T
12	25	369	T
12	26	187	F
12	27	349	T
12	28	318	T
12	29	450	T
12	30	261	T
13	1	339	T
13	2	315	T
13	3	267	T
13	4	341	T
13	5	208	T
13	6	346	T
13	7	336	T
13	8	368	T
13	9	259	T
13	10	313	T
13	11	479	T
13	12	324	T
13	13	306	T
13	14	300	T
13	15	331	T
13	16	228	T
13	17	285	T
13	18	349	T
13	19	366	T
13	20	260	T
13	21	302	T
13	22	306	T
13	23	404	T
13	24	258	T
13	25	264	T
13	26	309	T
13	27	305	T
13	28	358	T
13	29	342	T
13	30	321	T
14	1	292	T
14	2	424	T
14	3	285	T
14	4	385	T
14	5	366	T
14	6	262	T
14	7	333	T
14	8	407	T
14	9	329	T
14	10	286	T
14	11	279	T
14	12	312	T
14	13	286	T
14	14	274	T
14	15	209	T
14	16	340	T
14	17	383	T
14	18	202	F
14	19	235	T
14	20	246	T
14	21	288	T
14	22	367	T
14	23	207	T
14	24	270	T
14	25	332	T
14	26	181	T
14	27	314	T
14	28	422	T
14	29	372	T
14	30	219	T
15	1	299	T
15	2	162	F
15	3	255	T
15	4	315	T
15	5	154	T
15	6	273	T
15	7	197	T
15	8	341	T
15	9	384	T
15	10	328	T
15	11	363	T
15	12	385	T
15	13	249	T
15	14	318	T
15	15	300	T
15	16	267	T
15	17	436	T
15	18	365	T
15	19	343	T
15	20	252	T
15	21	345	T
15	22	349	T
15	23	301	T
15	24	241	T
15	25	280	T
15	26	258	T
15	27	321	T
15	28	243	T
15	29	375	T
15	30	211	T
16	1	401	T
16	2	297	T
16	3	321	T
16	4	372	T
16	5	236	T
16	6	259	T
16	7	278	T
16	8	365	T
16	9	170	T
16	10	373	T
16	11	403	T
16	12	414	T
16	13	341	T
16	14	374	T
16	15	538	T
16	16	265	T
16	17	223	T
16	18	266	T
16	19	341	T
16	20	294	T
16	21	398	T
16	22	303	T
16	23	387	T
16	24	388	T
16	25	463	T
16	26	319	T
16	27	380	T
16	28	217	F
16	29	319	T
16	30	289	T
17	1	270	T
17	2	372	T
17	3	368	T
17	4	323	T
17	5	280	T
17	6	325	T
17	7	317	T
17	8	256	T
17	9	285	T
17	10	278	T
17	11	221	T
17	12	170	T
17	13	458	T
17	14	294	T
17	15	319	T
17	16	241	T
17	17	331	T
17	18	265	T
17	19	72	T
17	20	292	T
17	21	331	T
17	22	389	T
17	23	455	T
17	24	369	T
17	25	280	T
17	26	270	T
17	27	304	T
17	28	387	T
17	29	329	T
17	30	292	T
18	1	224	T
18	2	246	T
18	3	234	T
18	4	337	T
18	5	301	T
18	6	361	T
18	7	372	T
18	8	351	T
18	9	325	T
18	10	380	T
18	11	102	T
18	12	322	T
18	13	467	T
18	14	339	T
18	15	319	T
18	16	215	T
18	17	362	T
18	18	343	T
18	19	281	F
18	20	252	T
18	21	292	T
18	22	310	T
18	23	248	T
18	24	306	T
18	25	269	T
18	26	280	F
18	27	320	T
18	28	331	T
18	29	272	T
18	30	377	T
19	1	190	F
19	2	90	F
19	3	306	T
19	4	254	T
19	5	227	T
19	6	269	T
19	7	336	T
19	8	156	F
19	9	271	T
19	10	256	F
19	11	379	T
19	12	300	T
19	13	319	T
19	14	308	T
19	15	340	T
19	16	307	T
19	17	270	T
19	18	298	T
19	19	327	T
19	20	386	T
19	21	322	T
19	22	372	T
19	23	281	T
19	24	405	T
19	25	411	T
19	26	344	T
19	27	360	T
19	28	181	T
19	29	370	T
19	30	380	T
20	1	372	T
20	2	370	T
20	3	214	T
20	4	242	T
20	5	244	T
20	6	245	T
20	7	270	T
20	8	274	T
20	9	370	T
20	10	346	T
20	11	282	T
20	12	449	T
20	13	268	T
20	14	334	T
20	15	282	T
20	16	297	T
20	17	272	T
20	18	277	T
20	19	305	T
20	20	240	T
20	21	360	T
20	22	347	T
20	23	245	T
20	24	332	T
20	25	365	T
20	26	330	T
20	27	270	T
20	28	237	T
20	29	336	T
20	30	340	T
21	1	362	T
21	2	332	T
21	3	370	T
21	4	336	T
21	5	228	T
21	6	223	T
21	7	329	T
21	8	356	T
21	9	428	T
21	10	300	T
21	11	337	T
21	12	236	T
21	13	282	T
21	14	336	T
21	15	246	T
21	16	251	T
21	17	261	T
21	18	289	T
21	19	271	T
21	20	374	T
21	21	248	T
21	22	336	T
21	23	235	T
21	24	339	T
21	25	388	T
21	26	462	T
21	27	335	T
21	28	339	T
21	29	272	T
21	30	286	T
22	1	345	T
22	2	310	T
22	3	305	T
22	4	310	T
22	5	395	T
22	6	354	T
22	7	408	T
22	8	322	T
22	9	326	T
22	10	387	T
22	11	380	T
22	12	272	T
22	13	240	T
22	14	223	T
22	15	207	T
22	16	260	T
22	17	341	T
22	18	313	T
22	19	324	T
22	20	299	T
22	21	309	T
22	22	327	T
22	23	219	T
22	24	298	T
22	25	268	T
22	26	366	T
22	27	186	F
22	28	270	T
22	29	283	T
22	30	283	T
23	1	188	T
23	2	385	T
23	3	324	T
23	4	321	T
23	5	328	T
23	6	352	T
23	7	352	T
23	8	262	T
23	9	311	T
23	10	240	T
23	11	266	T
23	12	311	T
23	13	315	T
23	14	263	T
23	15	275	T
23	16	375	T
23	17	325	T
23	18	282	T
23	19	232	T
23	20	397	T
23	21	340	T
23	22	313	T
23	23	299	T
23	24	261	T
23	25	337	T
23	26	299	T
23	27	343	T
23	28	351	T
23	29	258	T
23	30	417	T
24	1	393	T
24	2	343	T
24	3	251	T
24	4	265	T
24	5	248	T
24	6	366	T
24	7	276	T
24	8	279	T
24	9	37	T
24	10	346	T
24	11	407	T
24	12	299	T
24	13	344	T
24	14	260	T
24	15	272	T
24	16	334	T
24	17	267	T
24	18	321	T
24	19	168	T
24	20	359	T
24	21	250	T
24	22	264	T
24	23	277	T
24	24	276	T
24	25	414	T
24	26	267	T
24	27	221	T
24	28	364	T
24	29	405	T
24	30	275	T
25	1	365	T
25	2	378	T
25	3	284	T
25	4	311	T
25	5	245	T
25	6	378	T
25	7	336	T
25	8	319	T
25	9	341	T
25	10	348	T
25	11	236	T
25	12	269	T
25	13	404	T
25	14	307	T
25	15	442	T
25	16	211	F
25	17	240	T
25	18	295	T
25	19	233	T
25	20	313	T
25	21	267	T
25	22	322	T
25	23	389	T
25	24	385	T
25	25	231	T
25	26	263	T
25	27	299	T
25	28	359	T
25	29	406	T
25	30	340	T
26	1	438	T
26	2	325	T
26	3	460	T
26	4	286	T
26	5	425	T
26	6	381	T
26	7	395	T
26	8	380	T
26	9	382	T
26	10	462	T
26	11	394	T
26	12	698	T
26	13	316	T
26	14	371	T
26	15	448	T
26	16	340	T
26	17	337	T
26	18	248	T
26	19	259	T
26	20	310	T
26	21	370	T
26	22	334	T
26	23	368	T
26	24	347	T
26	25	326	T
26	26	364	T
26	27	242	F
26	28	296	T
26	29	282	T
26	30	287	T
27	1	380	T
27	2	300	T
27	3	309	T
27	4	285	T
27	5	457	T
27	6	404	T
27	7	332	T
27	8	325	T
27	9	326	T
27	10	412	T
27	11	353	T
27	12	278	T
27	13	255	T
27	14	360	T
27	15	258	T
27	16	359	T
27	17	309	T
27	18	336	T
27	19	289	T
27	20	358	T
27	21	398	T
27	22	530	T
27	23	389	T
27	24	231	T
27	25	398	T
27	26	428	T
27	27	358	F
27	28	338	T
27	29	353	T
27	30	375	T
28	1	239	T
28	2	224	T
28	3	333	T
28	4	356	T
28	5	339	T
28	6	352	T
28	7	339	T
28	8	273	T
28	9	345	T
28	10	354	T
28	11	395	T
28	12	272	T
28	13	265	T
28	14	402	T
28	15	405	T
28	16	250	T
28	17	356	T
28	18	361	T
28	19	386	T
28	20	218	T
28	21	383	T
28	22	287	T
28	23	417	T
28	24	259	T
28	25	318	T
28	26	324	T
28	27	361	T
28	28	350	T
28	29	372	T
28	30	328	T
29	1	486	T
29	2	387	T
29	3	383	T
29	4	398	T
29	5	441	T
29	6	353	T
29	7	267	T
29	8	381	T
29	9	392	T
29	10	280	T
29	11	345	T
29	12	260	T
29	13	327	T
29	14	273	T
29	15	295	T
29	16	403	T
29	17	311	T
29	18	269	T
29	19	302	T
29	20	467	T
29	21	309	T
29	22	317	T
29	23	279	T
29	24	269	T
29	25	326	T
29	26	242	T
29	27	265	T
29	28	382	T
29	29	359	T
29	30	300	T
30	1	182	F
30	2	234	T
30	3	249	T
30	4	271	T
30	5	347	T
30	6	326	T
30	7	452	T
30	8	346	T
30	9	320	T
30	10	378	T
30	11	379	T
30	12	293	T
30	13	319	T
30	14	367	T
30	15	417	T
30	16	317	T
30	17	325	T
30	18	338	T
30	19	401	T
30	20	322	T
30	21	331	T
30	22	319	T
30	23	321	T
30	24	290	T
30	25	303	T
30	26	264	T
30	27	263	T
30	28	300	T
30	29	272	T
30	30	398	T
31	1	367	T
31	2	327	T
31	3	385	T
31	4	272	F
31	5	305	T
31	6	278	T
31	7	233	T
31	8	285	T
31	9	300	T
31	10	370	T
31	11	360	T
31	12	339	T
31	13	259	T
31	14	437	T
31	15	316	T
31	16	375	T
31	17	392	T
31	18	258	T
31	19	295	T
31	20	332	T
31	21	327	T
31	22	351	T
31	23	285	T
31	24	256	T
31	25	259	T
31	26	330	T
31	27	221	T
31	28	293	T
31	29	262	T
31	30	360	T
32	1	347	T
32	2	259	T
32	3	371	T
32	4	356	T
32	5	272	T
32	6	309	T
32	7	398	T
32	8	346	T
32	9	344	T
32	10	279	T
32	11	416	T
32	12	483	T
32	13	290	T
32	14	362	T
32	15	448	T
32	16	321	T
32	17	406	T
32	18	250	T
32	19	228	T
32	20	317	T
32	21	370	T
32	22	409	T
32	23	296	T
32	24	315	T
32	25	263	T
32	26	308	T
32	27	408	T
32	28	362	T
32	29	265	T
32	30	258	T
33	1	357	T
33	2	250	T
33	3	347	T
33	4	423	T
33	5	396	T
33	6	401	T
33	7	217	T
33	8	282	T
33	9	351	T
33	10	945	T
33	11	292	T
33	12	367	T
33	13	148	F
33	14	392	T
33	15	307	T
33	16	349	T
33	17	306	T
33	18	346	T
33	19	273	T
33	20	391	T
33	21	261	T
33	22	213	F
33	23	302	T
33	24	282	T
33	25	292	T
33	26	353	T
33	27	314	T
33	28	387	T
33	29	286	T
33	30	266	T
34	1	467	T
34	2	1106	T
34	3	269	T
34	4	309	T
34	5	282	T
34	6	369	T
34	7	506	T
34	8	229	T
34	9	302	F
34	10	322	T
34	11	351	T
34	12	314	T
34	13	381	T
34	14	364	T
34	15	342	T
34	16	309	T
34	17	247	T
34	18	338	T
34	19	307	T
34	20	332	T
34	21	378	T
34	22	300	T
34	23	347	T
34	24	410	T
34	25	305	T
34	26	214	T
34	27	338	T
34	28	292	T
34	29	343	T
34	30	340	T
35	1	243	T
35	2	399	T
35	3	449	T
35	4	240	T
35	5	336	T
35	6	224	T
35	7	336	T
35	8	331	T
35	9	325	T
35	10	318	T
35	11	344	T
35	12	235	T
35	13	217	T
35	14	264	T
35	15	268	T
35	16	356	T
35	17	198	T
35	18	335	T
35	19	208	T
35	20	243	T
35	21	263	F
35	22	291	T
35	23	310	T
35	24	192	T
35	25	353	T
35	26	230	F
35	27	315	T
35	28	263	T
35	29	228	F
35	30	367	T
36	1	353	T
36	2	403	T
36	3	386	T
36	4	309	T
36	5	389	T
36	6	356	T
36	7	503	T
36	8	327	T
36	9	336	T
36	10	231	T
36	11	306	T
36	12	205	T
36	13	329	T
36	14	279	T
