NAME: 	Ayaal_4day_lhand
Completed cycles:	36
Failed cycles:	1
Cycle	Trial	RT	Accuracy
1	1	688	T
1	2	304	T
1	3	353	T
1	4	285	T
1	5	344	T
1	6	240	T
1	7	342	T
1	8	274	F
1	9	227	T
1	10	286	T
1	11	265	T
1	12	255	T
1	13	285	T
1	14	328	T
1	15	318	T
1	16	253	T
1	17	328	T
1	18	214	F
1	19	247	T
1	20	311	T
1	21	264	T
1	22	294	T
1	23	264	T
1	24	329	T
1	25	336	T
1	26	305	T
1	27	287	T
1	28	359	T
1	29	258	T
1	30	263	T
2	1	276	T
2	2	281	T
2	3	270	T
2	4	334	T
2	5	247	T
2	6	297	T
2	7	280	T
2	8	315	T
2	9	290	T
2	10	327	T
2	11	337	T
2	12	300	F
2	13	297	T
2	14	276	T
2	15	311	T
2	16	335	T
2	17	307	T
2	18	265	T
2	19	343	T
2	20	290	T
2	21	288	T
2	22	307	T
2	23	275	T
2	24	315	T
2	25	342	T
2	26	345	T
2	27	286	T
2	28	277	T
2	29	401	T
2	30	341	T
3	1	373	T
3	2	327	T
3	3	303	T
3	4	272	T
3	5	297	T
3	6	373	T
3	7	399	T
3	8	260	T
3	9	391	T
3	10	261	T
3	11	343	T
3	12	294	T
3	13	299	T
3	14	313	T
3	15	305	T
3	16	311	T
3	17	330	T
3	18	281	T
3	19	257	T
3	20	290	T
3	21	303	T
3	22	280	T
3	23	246	T
3	24	306	T
3	25	226	T
3	26	273	T
3	27	220	T
3	28	217	T
3	29	233	T
3	30	217	T
4	1	308	T
4	2	330	T
4	3	325	T
4	4	319	T
4	5	297	T
4	6	305	T
4	7	295	T
4	8	281	T
4	9	313	T
4	10	343	T
4	11	352	T
4	12	306	T
4	13	286	T
4	14	280	T
4	15	271	T
4	16	304	T
4	17	251	T
4	18	327	T
4	19	276	T
4	20	278	T
4	21	335	T
4	22	269	T
4	23	292	T
4	24	324	T
4	25	335	T
4	26	278	T
4	27	263	T
4	28	293	T
4	29	276	F
4	30	285	F
5	1	307	T
5	2	310	T
5	3	275	T
5	4	243	T
5	5	301	T
5	6	423	T
5	7	334	T
5	8	306	T
5	9	312	T
5	10	352	T
5	11	286	T
5	12	958	T
5	13	245	T
5	14	374	T
5	15	303	T
5	16	191	T
5	17	391	T
5	18	407	T
5	19	294	T
5	20	294	T
5	21	287	T
5	22	292	T
5	23	321	T
5	24	343	T
5	25	255	T
5	26	310	T
5	27	411	T
5	28	230	T
5	29	263	T
5	30	289	T
6	1	203	T
6	2	190	T
6	3	277	T
6	4	326	T
6	5	267	T
6	6	304	T
6	7	269	T
6	8	268	T
6	9	294	T
6	10	339	T
6	11	425	T
6	12	410	T
6	13	332	T
6	14	298	T
6	15	374	T
6	16	355	T
6	17	375	T
6	18	330	T
6	19	299	T
6	20	251	T
6	21	281	T
6	22	336	T
6	23	378	T
6	24	280	T
6	25	250	T
6	26	267	F
6	27	374	T
6	28	313	T
6	29	865	T
6	30	409	T
7	1	339	T
7	2	239	T
7	3	337	T
7	4	318	T
7	5	371	T
7	6	276	T
7	7	474	T
7	8	319	T
7	9	303	T
7	10	310	T
7	11	230	T
7	12	299	T
7	13	229	T
7	14	403	T
7	15	289	T
7	16	352	T
7	17	316	T
7	18	294	T
7	19	261	T
7	20	355	T
7	21	317	T
7	22	361	T
7	23	315	T
7	24	246	T
7	25	256	T
7	26	334	T
7	27	342	T
7	28	317	T
7	29	305	T
7	30	318	T
8	1	318	T
8	2	289	T
8	3	380	T
8	4	319	T
8	5	311	T
8	6	316	T
8	7	277	T
8	8	314	T
8	9	295	T
8	10	404	T
8	11	254	T
8	12	222	T
8	13	306	T
8	14	249	T
8	15	295	T
8	16	314	T
8	17	233	T
8	18	273	T
8	19	304	T
8	20	245	T
8	21	282	T
8	22	261	T
8	23	316	T
8	24	426	T
8	25	292	T
8	26	268	T
8	27	331	T
8	28	306	T
8	29	324	T
8	30	364	T
9	1	295	F
9	2	297	T
9	3	376	T
9	4	356	T
9	5	302	T
9	6	280	T
9	7	342	T
9	8	239	T
9	9	338	T
9	10	267	T
9	11	246	T
9	12	256	T
9	13	340	T
9	14	280	T
9	15	291	T
9	16	343	T
9	17	250	T
9	18	259	T
9	19	287	T
9	20	323	T
9	21	238	T
9	22	269	F
9	23	259	T
9	24	210	T
9	25	241	T
9	26	287	T
9	27	348	T
9	28	314	T
9	29	282	T
9	30	374	T
10	1	320	T
10	2	382	T
10	3	333	T
10	4	288	T
10	5	316	T
10	6	349	T
10	7	648	T
10	8	296	T
10	9	360	T
10	10	392	T
10	11	295	T
10	12	300	T
10	13	339	T
10	14	451	T
10	15	304	T
10	16	353	T
10	17	254	T
10	18	238	F
10	19	236	T
10	20	208	T
10	21	262	T
10	22	285	T
10	23	280	T
10	24	290	T
10	25	238	T
10	26	329	T
10	27	286	T
10	28	241	T
10	29	281	T
10	30	321	T
11	1	295	F
11	2	247	T
11	3	201	T
11	4	373	T
11	5	878	T
11	6	393	T
11	7	238	T
11	8	356	T
11	9	280	T
11	10	338	T
11	11	251	T
11	12	319	T
11	13	245	T
11	14	345	T
11	15	337	T
11	16	300	T
11	17	350	T
11	18	283	T
11	19	258	T
11	20	270	T
11	21	256	T
11	22	237	T
11	23	337	T
11	24	260	T
11	25	466	T
11	26	246	T
11	27	227	T
11	28	231	T
11	29	269	T
11	30	300	T
12	1	394	T
12	2	264	T
12	3	257	T
12	4	205	T
12	5	302	T
12	6	237	T
12	7	244	T
12	8	240	T
12	9	1233	T
12	10	385	T
12	11	255	T
12	12	340	T
12	13	388	T
12	14	291	T
12	15	377	T
12	16	334	T
12	17	297	T
12	18	254	T
12	19	264	T
12	20	314	T
12	21	281	T
12	22	337	T
12	23	602	T
12	24	278	T
12	25	359	T
12	26	245	T
12	27	859	T
12	28	283	T
12	29	351	T
12	30	274	T
13	1	330	T
13	2	294	T
13	3	330	T
13	4	317	T
13	5	269	T
13	6	249	T
13	7	299	T
13	8	252	T
13	9	311	T
13	10	349	T
13	11	284	T
13	12	288	T
13	13	253	F
13	14	288	T
13	15	286	T
13	16	303	T
13	17	265	T
13	18	235	T
13	19	302	T
13	20	240	T
13	21	239	T
13	22	333	T
13	23	329	T
13	24	316	T
13	25	232	F
13	26	249	T
13	27	283	T
13	28	322	T
13	29	631	T
13	30	266	T
14	1	281	T
14	2	250	T
14	3	323	T
14	4	328	T
14	5	310	T
14	6	331	T
14	7	307	T
14	8	284	T
14	9	301	T
14	10	283	T
14	11	327	T
14	12	317	T
14	13	315	T
14	14	298	T
14	15	305	T
14	16	258	T
14	17	249	T
14	18	362	T
14	19	258	T
14	20	244	T
14	21	291	T
14	22	392	T
14	23	348	T
14	24	218	T
14	25	211	F
14	26	252	T
14	27	249	T
14	28	210	T
14	29	340	T
14	30	302	T
15	1	262	T
15	2	325	T
15	3	304	T
15	4	335	T
15	5	246	T
15	6	250	T
15	7	258	T
15	8	328	T
15	9	274	T
15	10	229	T
15	11	237	T
15	12	250	T
15	13	337	T
15	14	277	T
15	15	290	T
15	16	276	T
15	17	353	T
15	18	304	T
15	19	246	T
15	20	252	T
15	21	258	T
15	22	238	T
15	23	299	T
15	24	299	T
15	25	414	T
15	26	275	T
15	27	224	T
15	28	230	T
15	29	260	T
15	30	327	T
16	1	348	T
16	2	363	T
16	3	297	T
16	4	244	T
16	5	232	T
16	6	229	T
16	7	286	T
16	8	222	T
16	9	276	T
16	10	345	T
16	11	310	T
16	12	270	T
16	13	249	T
16	14	295	T
16	15	273	T
16	16	268	T
16	17	553	T
16	18	246	T
16	19	362	T
16	20	273	T
16	21	329	T
16	22	322	T
16	23	304	T
16	24	359	T
16	25	321	T
16	26	332	T
16	27	280	T
16	28	268	T
16	29	346	T
16	30	317	T
17	1	327	T
17	2	255	T
17	3	320	T
17	4	402	T
17	5	296	T
17	6	425	T
17	7	290	T
17	8	256	T
17	9	230	T
17	10	360	T
17	11	267	T
17	12	285	T
17	13	263	T
17	14	321	T
17	15	320	T
17	16	292	T
17	17	314	T
17	18	265	T
17	19	272	T
17	20	268	T
17	21	306	T
17	22	304	T
17	23	412	T
17	24	430	T
17	25	324	T
17	26	314	T
17	27	278	T
17	28	364	T
17	29	351	T
17	30	296	T
18	1	427	T
18	2	334	T
18	3	237	T
18	4	276	T
18	5	358	T
18	6	278	T
18	7	306	T
18	8	322	T
18	9	320	T
18	10	297	T
18	11	280	T
18	12	348	T
18	13	303	T
18	14	349	T
18	15	244	T
18	16	326	T
18	17	270	T
18	18	251	T
18	19	304	T
18	20	301	T
18	21	459	T
18	22	239	T
18	23	316	T
18	24	336	T
18	25	352	T
18	26	282	T
18	27	269	T
18	28	275	T
18	29	249	T
18	30	239	T
19	1	318	T
19	2	304	T
19	3	320	T
19	4	291	T
19	5	286	T
19	6	270	T
19	7	271	T
19	8	341	T
19	9	350	T
19	10	353	T
19	11	191	F
19	12	379	T
19	13	277	T
19	14	265	T
19	15	230	T
19	16	251	T
19	17	258	T
19	18	352	T
19	19	285	T
19	20	287	T
19	21	367	T
19	22	251	T
19	23	365	T
19	24	278	T
19	25	323	T
19	26	276	T
19	27	277	F
19	28	224	T
19	29	364	T
19	30	258	T
20	1	402	T
20	2	288	T
20	3	278	T
20	4	248	T
20	5	290	T
20	6	312	T
20	7	233	T
20	8	444	T
20	9	215	T
20	10	219	T
20	11	235	T
20	12	237	F
20	13	327	T
20	14	230	T
20	15	276	T
20	16	264	T
20	17	1011	T
20	18	847	T
20	19	413	T
20	20	277	T
20	21	712	T
20	22	286	T
20	23	288	T
20	24	355	T
20	25	325	T
20	26	363	T
20	27	317	T
20	28	334	T
20	29	311	T
20	30	334	T
21	1	352	T
21	2	355	T
21	3	339	T
21	4	307	T
21	5	224	T
21	6	238	T
21	7	255	T
21	8	336	T
21	9	382	T
21	10	274	T
21	11	303	T
21	12	281	T
21	13	320	T
21	14	319	T
21	15	339	T
21	16	287	T
21	17	300	T
21	18	233	T
21	19	280	T
21	20	322	T
21	21	400	T
21	22	328	T
21	23	339	T
21	24	290	T
21	25	281	T
21	26	275	T
21	27	274	T
21	28	256	T
21	29	251	T
21	30	237	T
22	1	293	T
22	2	309	T
22	3	413	T
22	4	234	T
22	5	347	T
22	6	314	T
22	7	240	T
22	8	263	T
22	9	306	T
22	10	333	T
22	11	332	T
22	12	184	T
22	13	319	T
22	14	293	T
22	15	199	T
22	16	270	T
22	17	230	T
22	18	273	T
22	19	218	T
22	20	314	T
22	21	353	T
22	22	292	T
22	23	328	T
22	24	305	T
22	25	297	T
22	26	291	T
22	27	292	T
22	28	311	T
22	29	301	T
22	30	371	T
23	1	264	T
23	2	340	T
23	3	288	T
23	4	291	T
23	5	229	T
23	6	260	T
23	7	303	T
23	8	272	T
23	9	353	T
23	10	274	T
23	11	286	T
23	12	312	T
23	13	323	T
23	14	288	T
23	15	306	T
23	16	360	T
23	17	269	T
23	18	383	T
23	19	353	T
23	20	236	T
23	21	274	T
23	22	366	T
23	23	315	T
23	24	331	T
23	25	287	T
23	26	347	T
23	27	291	T
23	28	317	T
23	29	297	T
23	30	317	T
24	1	270	T
24	2	316	T
24	3	368	T
24	4	280	T
24	5	318	T
24	6	308	T
24	7	361	T
24	8	34	T
24	9	380	T
24	10	348	T
24	11	250	T
24	12	278	F
24	13	333	T
24	14	292	F
24	15	360	T
24	16	325	T
24	17	272	T
24	18	305	T
24	19	267	T
24	20	343	T
24	21	331	T
24	22	350	T
24	23	319	T
24	24	265	T
24	25	276	T
24	26	320	T
24	27	294	T
24	28	282	T
24	29	352	T
24	30	320	T
25	1	292	T
25	2	319	T
25	3	384	T
25	4	254	T
25	5	264	T
25	6	344	T
25	7	296	T
25	8	273	T
25	9	258	T
25	10	325	T
25	11	330	T
25	12	253	T
25	13	326	T
25	14	273	T
25	15	332	T
25	16	291	T
25	17	253	T
25	18	326	T
25	19	339	T
25	20	382	T
25	21	293	T
25	22	275	T
25	23	342	T
25	24	322	T
25	25	312	T
25	26	287	T
25	27	294	T
25	28	328	T
25	29	245	T
25	30	270	T
26	1	243	T
26	2	267	T
26	3	385	T
26	4	345	T
26	5	307	T
26	6	320	T
26	7	282	T
26	8	328	T
26	9	278	T
26	10	256	T
26	11	266	T
26	12	347	T
26	13	290	T
26	14	302	T
26	15	398	T
26	16	257	T
26	17	251	T
26	18	284	T
26	19	250	F
26	20	274	T
26	21	196	T
26	22	367	T
26	23	323	T
26	24	257	T
26	25	234	T
26	26	234	T
26	27	298	T
26	28	353	T
26	29	290	T
26	30	259	T
27	1	416	T
27	2	321	T
27	3	283	T
27	4	440	T
27	5	1682	T
27	6	319	T
27	7	263	T
27	8	313	T
27	9	297	T
27	10	249	T
27	11	244	T
27	12	288	T
27	13	76	F
27	14	394	T
27	15	263	T
27	16	288	T
27	17	242	T
27	18	304	T
27	19	271	T
27	20	295	T
27	21	421	T
27	22	268	T
27	23	249	T
27	24	202	T
27	25	311	T
27	26	311	T
27	27	243	T
27	28	345	T
27	29	351	T
27	30	283	T
28	1	284	T
28	2	327	T
28	3	281	T
28	4	304	T
28	5	383	T
28	6	433	T
28	7	507	T
28	8	443	T
28	9	408	T
28	10	299	T
28	11	350	T
28	12	160	F
28	13	239	T
28	14	353	T
28	15	362	T
28	16	259	T
28	17	227	T
28	18	245	T
28	19	314	T
28	20	290	T
28	21	252	T
28	22	258	T
28	23	249	T
28	24	293	T
28	25	223	T
28	26	249	F
28	27	241	T
28	28	334	T
28	29	233	T
28	30	231	T
29	1	330	T
29	2	321	T
29	3	336	T
29	4	336	T
29	5	278	T
29	6	267	T
29	7	301	T
29	8	277	T
29	9	243	T
29	10	333	T
29	11	296	T
29	12	311	T
29	13	386	T
29	14	237	T
29	15	233	T
29	16	211	T
29	17	260	T
29	18	278	T
29	19	239	F
29	20	276	T
29	21	286	T
29	22	218	T
29	23	365	T
29	24	844	T
29	25	421	T
29	26	365	T
29	27	347	T
29	28	279	T
29	29	320	T
29	30	280	T
30	1	303	T
30	2	285	T
30	3	256	T
30	4	256	T
30	5	294	T
30	6	302	T
30	7	309	T
30	8	431	T
30	9	264	T
30	10	356	T
30	11	336	T
30	12	258	T
30	13	338	T
30	14	281	T
30	15	311	T
30	16	299	T
30	17	270	T
30	18	270	T
30	19	251	T
30	20	337	T
30	21	321	T
30	22	280	T
30	23	327	T
30	24	313	T
30	25	326	T
30	26	268	T
30	27	344	T
30	28	274	T
30	29	324	T
30	30	241	T
31	1	447	T
31	2	286	T
31	3	250	T
31	4	259	T
31	5	307	T
31	6	295	T
31	7	293	T
31	8	56	T
31	9	351	T
31	10	270	T
31	11	216	T
31	12	329	T
31	13	260	T
31	14	238	T
31	15	346	T
31	16	329	T
31	17	275	T
31	18	256	T
31	19	450	T
31	20	466	T
31	21	746	T
31	22	232	T
31	23	328	T
31	24	229	T
31	25	354	T
31	26	360	T
31	27	314	T
31	28	268	T
31	29	256	T
31	30	320	T
32	1	226	F
32	2	280	T
32	3	289	T
32	4	243	T
32	5	238	T
32	6	312	T
32	7	317	T
32	8	291	T
32	9	299	T
32	10	254	T
32	11	238	T
32	12	310	T
32	13	324	T
32	14	235	T
32	15	252	F
32	16	258	T
32	17	352	T
32	18	245	T
32	19	402	T
32	20	403	T
32	21	301	T
32	22	302	T
32	23	240	T
32	24	254	T
32	25	248	T
32	26	320	T
32	27	247	T
32	28	230	T
32	29	254	T
32	30	243	T
33	1	289	T
33	2	305	T
33	3	277	T
33	4	321	T
33	5	343	T
33	6	262	T
33	7	208	T
33	8	307	T
33	9	272	T
33	10	228	T
33	11	403	T
33	12	255	T
33	13	334	T
33	14	246	T
33	15	245	T
33	16	266	T
33	17	353	T
33	18	285	T
33	19	242	T
33	20	336	T
33	21	347	T
33	22	282	T
33	23	329	T
33	24	306	T
33	25	299	T
33	26	221	T
33	27	232	T
33	28	322	T
33	29	411	T
33	30	367	T
34	1	419	T
34	2	318	T
34	3	348	T
34	4	483	T
34	5	300	T
34	6	220	T
34	7	382	T
34	8	352	T
34	9	285	T
34	10	281	T
34	11	321	T
34	12	223	T
34	13	308	T
34	14	276	T
34	15	329	T
34	16	246	T
34	17	289	T
34	18	346	T
34	19	297	T
34	20	250	F
34	21	192	F
34	22	207	F
34	23	376	T
34	24	179	T
34	25	262	T
34	26	307	F
34	27	299	T
34	28	248	T
34	29	255	T
34	30	262	T
35	1	357	T
35	2	346	T
35	3	308	T
35	4	325	T
35	5	348	T
35	6	1072	T
35	7	274	T
35	8	371	T
35	9	231	T
35	10	344	T
35	11	372	T
35	12	293	T
35	13	385	T
35	14	249	F
35	15	287	T
35	16	240	T
35	17	247	T
35	18	238	T
35	19	253	T
35	20	209	F
35	21	177	T
35	22	203	T
35	23	275	T
35	24	189	F
35	25	193	T
35	26	242	T
35	27	324	T
35	28	170	F
35	29	254	T
35	30	369	T
36	1	241	F
36	2	252	T
36	3	318	T
36	4	276	T
36	5	270	T
36	6	319	T
36	7	276	T
36	8	289	T
36	9	265	T
36	10	315	T
36	11	260	T
36	12	309	T
36	13	369	T
36	14	331	T
36	15	289	T
36	16	304	T
36	17	304	T
36	18	297	T
36	19	311	T
36	20	345	T
36	21	283	T
36	22	284	T
36	23	276	T
36	24	237	T
36	25	218	T
36	26	261	T
36	27	290	T
36	28	273	T
36	29	213	T
36	30	278	T
37	1	291	T
37	2	313	T
37	3	326	T
37	4	261	T
37	5	244	T
37	6	261	T
37	7	329	T
37	8	232	T
37	9	265	T
37	10	377	T
37	11	211	T
37	12	229	T
37	13	269	T
37	14	302	T
37	15	258	T
37	16	239	T
37	17	243	T
37	18	388	T
37	19	387	T
37	20	310	T
37	21	291	T
37	22	248	F
37	23	261	T
37	24	401	T
37	25	412	T
37	26	258	T
37	27	250	T
37	28	349	T
37	29	222	T
