NAME: 	Ayaal_1day_rhand
Completed cycles:	35
Failed cycles:	1
Cycle	Trial	RT	Accuracy
1	1	695	T
1	2	255	T
1	3	284	T
1	4	369	T
1	5	345	T
1	6	351	T
1	7	186	T
1	8	210	T
1	9	314	T
1	10	258	T
1	11	328	T
1	12	278	T
1	13	175	F
1	14	260	T
1	15	221	T
1	16	318	T
1	17	267	T
1	18	206	T
1	19	330	T
1	20	326	T
1	21	302	T
1	22	285	T
1	23	367	T
1	24	360	T
1	25	333	T
1	26	348	T
1	27	324	T
1	28	364	T
1	29	311	T
1	30	276	T
2	1	214	F
2	2	327	T
2	3	232	T
2	4	253	T
2	5	307	T
2	6	357	T
2	7	268	T
2	8	268	T
2	9	293	T
2	10	299	T
2	11	244	T
2	12	261	T
2	13	323	T
2	14	269	T
2	15	334	T
2	16	265	T
2	17	328	T
2	18	323	T
2	19	366	T
2	20	297	T
2	21	318	T
2	22	290	T
2	23	289	T
2	24	270	T
2	25	287	T
2	26	255	T
2	27	246	T
2	28	413	T
2	29	322	T
2	30	244	T
3	1	336	T
3	2	280	T
3	3	295	T
3	4	271	T
3	5	320	T
3	6	324	T
3	7	335	T
3	8	301	T
3	9	322	T
3	10	334	T
3	11	319	T
3	12	251	T
3	13	314	T
3	14	282	T
3	15	266	T
3	16	314	T
3	17	375	T
3	18	264	T
3	19	258	T
3	20	283	T
3	21	241	T
3	22	313	T
3	23	259	T
3	24	410	T
3	25	339	T
3	26	213	T
3	27	266	T
3	28	354	T
3	29	339	T
3	30	231	T
4	1	298	T
4	2	260	T
4	3	387	T
4	4	246	T
4	5	250	T
4	6	359	T
4	7	280	T
4	8	300	F
4	9	232	T
4	10	338	T
4	11	270	T
4	12	409	T
4	13	328	T
4	14	335	T
4	15	367	T
4	16	320	T
4	17	239	T
4	18	207	T
4	19	414	T
4	20	327	T
4	21	272	T
4	22	238	T
4	23	256	T
4	24	425	T
4	25	287	T
4	26	217	T
4	27	291	T
4	28	270	T
4	29	355	T
4	30	249	T
5	1	366	T
5	2	320	F
5	3	274	T
5	4	447	T
5	5	285	T
5	6	228	T
5	7	315	T
5	8	209	T
5	9	246	T
5	10	271	T
5	11	265	T
5	12	349	F
5	13	389	T
5	14	374	T
5	15	267	T
5	16	391	T
5	17	356	T
5	18	300	T
5	19	322	T
5	20	245	T
5	21	308	T
5	22	322	T
5	23	356	T
5	24	322	T
5	25	354	T
5	26	257	T
5	27	339	T
5	28	243	T
5	29	222	T
5	30	480	T
6	1	365	T
6	2	394	T
6	3	364	T
6	4	351	T
6	5	277	T
6	6	339	T
6	7	328	T
6	8	294	T
6	9	257	T
6	10	295	T
6	11	390	T
6	12	274	T
6	13	372	T
6	14	214	T
6	15	276	T
6	16	245	T
6	17	275	T
6	18	371	T
6	19	272	T
6	20	324	T
6	21	325	T
6	22	247	T
6	23	363	T
6	24	309	T
6	25	257	T
6	26	372	T
6	27	348	T
6	28	276	T
6	29	357	T
6	30	299	T
7	1	255	T
7	2	363	T
7	3	382	T
7	4	323	T
7	5	289	T
7	6	254	T
7	7	378	T
7	8	383	T
7	9	308	T
7	10	360	T
7	11	248	T
7	12	368	T
7	13	353	T
7	14	240	T
7	15	357	T
7	16	342	T
7	17	220	T
7	18	381	T
7	19	271	T
7	20	214	T
7	21	312	T
7	22	266	T
7	23	279	T
7	24	293	T
7	25	363	T
7	26	340	T
7	27	358	T
7	28	372	T
7	29	525	T
7	30	227	T
8	1	1556	T
8	2	271	T
8	3	275	T
8	4	412	T
8	5	347	T
8	6	365	T
8	7	342	T
8	8	250	T
8	9	136	F
8	10	319	T
8	11	312	T
8	12	323	T
8	13	341	T
8	14	452	T
8	15	242	T
8	16	348	T
8	17	305	T
8	18	312	T
8	19	261	T
8	20	321	T
8	21	294	T
8	22	373	T
8	23	287	T
8	24	395	T
8	25	402	T
8	26	126	F
8	27	998	T
8	28	301	T
8	29	263	T
8	30	277	T
9	1	296	T
9	2	354	T
9	3	285	T
9	4	284	T
9	5	307	T
9	6	354	T
9	7	279	T
9	8	315	T
9	9	282	T
9	10	262	T
9	11	325	T
9	12	280	F
9	13	279	T
9	14	312	T
9	15	262	T
9	16	329	T
9	17	341	T
9	18	312	T
9	19	307	T
9	20	858	T
9	21	290	T
9	22	349	T
9	23	325	T
9	24	285	T
9	25	264	T
9	26	392	T
9	27	346	T
9	28	256	T
9	29	284	T
9	30	314	T
10	1	260	T
10	2	290	T
10	3	269	T
10	4	262	T
10	5	328	T
10	6	322	T
10	7	400	T
10	8	317	T
10	9	407	T
10	10	406	T
10	11	248	T
10	12	310	T
10	13	279	T
10	14	273	T
10	15	275	T
10	16	303	F
10	17	311	T
10	18	267	T
10	19	263	T
10	20	289	T
10	21	334	T
10	22	279	T
10	23	232	F
10	24	227	T
10	25	212	T
10	26	270	T
10	27	334	T
10	28	503	T
10	29	355	T
10	30	352	T
11	1	361	T
11	2	284	T
11	3	320	T
11	4	518	T
11	5	396	T
11	6	551	T
11	7	762	T
11	8	597	T
11	9	298	T
11	10	264	T
11	11	318	T
11	12	377	T
11	13	322	T
11	14	345	T
11	15	271	T
11	16	296	T
11	17	277	T
11	18	239	T
11	19	309	T
11	20	324	T
11	21	272	T
11	22	352	T
11	23	279	T
11	24	378	T
11	25	392	T
11	26	370	T
11	27	239	T
11	28	401	T
11	29	413	T
11	30	423	T
12	1	422	T
12	2	509	T
12	3	349	T
12	4	381	T
12	5	350	T
12	6	375	T
12	7	416	T
12	8	327	T
12	9	245	T
12	10	336	T
12	11	397	T
12	12	340	T
12	13	297	T
12	14	393	T
12	15	269	T
12	16	490	T
12	17	228	T
12	18	294	T
12	19	324	T
12	20	349	T
12	21	317	T
12	22	261	T
12	23	358	T
12	24	335	T
12	25	308	T
12	26	281	T
12	27	305	T
12	28	318	T
12	29	252	T
12	30	235	T
13	1	394	T
13	2	326	T
13	3	216	T
13	4	261	T
13	5	253	T
13	6	293	F
13	7	303	T
13	8	259	T
13	9	252	T
13	10	269	T
13	11	332	T
13	12	219	T
13	13	324	T
13	14	275	T
13	15	444	T
13	16	380	T
13	17	342	T
13	18	286	T
13	19	395	T
13	20	360	T
13	21	335	T
13	22	341	T
13	23	336	T
13	24	247	T
13	25	251	T
13	26	255	T
13	27	306	T
13	28	305	T
13	29	219	T
13	30	379	T
14	1	287	T
14	2	261	T
14	3	303	T
14	4	344	T
14	5	222	F
14	6	351	T
14	7	375	T
14	8	273	T
14	9	305	T
14	10	389	T
14	11	263	T
14	12	309	T
14	13	179	T
14	14	359	T
14	15	275	T
14	16	262	F
14	17	356	T
14	18	252	T
14	19	335	T
14	20	261	T
14	21	290	T
14	22	221	T
14	23	168	T
14	24	326	T
14	25	227	T
14	26	169	T
14	27	515	T
14	28	219	T
14	29	411	T
14	30	366	T
15	1	358	T
15	2	361	T
15	3	271	T
15	4	391	T
15	5	357	T
15	6	312	T
15	7	419	T
15	8	315	T
15	9	304	T
15	10	311	T
15	11	284	T
15	12	307	T
15	13	561	T
15	14	374	T
15	15	401	T
15	16	291	T
15	17	379	T
15	18	363	T
15	19	314	T
15	20	355	T
15	21	248	T
15	22	241	T
15	23	301	T
15	24	382	T
15	25	485	T
15	26	472	T
15	27	1958	T
15	28	639	T
15	29	683	T
15	30	393	T
16	1	344	T
16	2	240	T
16	3	385	T
16	4	346	T
16	5	262	T
16	6	275	T
16	7	308	T
16	8	265	T
16	9	337	T
16	10	326	T
16	11	404	T
16	12	246	T
16	13	430	T
16	14	363	T
16	15	371	T
16	16	263	T
16	17	347	T
16	18	343	T
16	19	396	T
16	20	462	T
16	21	384	T
16	22	324	T
16	23	353	T
16	24	326	T
16	25	337	T
16	26	326	T
16	27	309	T
16	28	401	T
16	29	429	T
16	30	270	T
17	1	338	T
17	2	370	T
17	3	360	T
17	4	308	T
17	5	334	T
17	6	370	T
17	7	368	T
17	8	270	T
17	9	264	T
17	10	444	T
17	11	441	T
17	12	337	T
17	13	321	T
17	14	356	T
17	15	362	T
17	16	288	T
17	17	300	T
17	18	345	T
17	19	480	T
17	20	2296	T
17	21	463	T
17	22	362	T
17	23	290	T
17	24	456	T
17	25	356	T
17	26	405	T
17	27	333	T
17	28	303	T
17	29	346	T
17	30	622	T
18	1	350	T
18	2	427	T
18	3	403	T
18	4	572	T
18	5	345	T
18	6	485	T
18	7	317	T
18	8	340	T
18	9	308	T
18	10	505	T
18	11	510	T
18	12	317	T
18	13	384	T
18	14	275	T
18	15	409	T
18	16	360	T
18	17	288	T
18	18	391	T
18	19	477	T
18	20	349	T
18	21	405	T
18	22	418	T
18	23	654	T
18	24	336	T
18	25	561	T
18	26	349	T
18	27	439	T
18	28	402	T
18	29	403	T
18	30	450	T
19	1	289	T
19	2	251	T
19	3	381	T
19	4	210	T
19	5	427	T
19	6	312	T
19	7	380	T
19	8	333	T
19	9	244	T
19	10	358	T
19	11	423	T
19	12	398	T
19	13	376	T
19	14	406	T
19	15	388	T
19	16	358	T
19	17	379	T
19	18	470	T
19	19	352	T
19	20	655	T
19	21	267	T
19	22	352	T
19	23	432	T
19	24	415	T
19	25	474	T
19	26	343	T
19	27	445	T
19	28	367	T
19	29	255	T
19	30	306	T
20	1	519	T
20	2	364	T
20	3	387	T
20	4	457	T
20	5	386	T
20	6	318	T
20	7	341	T
20	8	355	T
20	9	364	T
20	10	312	T
20	11	252	T
20	12	245	T
20	13	189	F
20	14	328	T
20	15	118	T
20	16	362	T
20	17	234	F
20	18	352	T
20	19	317	T
20	20	409	T
20	21	369	T
20	22	420	T
20	23	400	T
20	24	478	T
20	25	370	T
20	26	315	T
20	27	330	T
20	28	247	T
20	29	362	T
20	30	1126	T
21	1	350	T
21	2	189	T
21	3	310	T
21	4	241	T
21	5	168	F
21	6	252	T
21	7	332	T
21	8	226	T
21	9	216	T
21	10	312	T
21	11	328	T
21	12	215	T
21	13	250	T
21	14	288	T
21	15	351	T
21	16	282	T
21	17	312	T
21	18	305	T
21	19	359	T
21	20	240	T
21	21	244	T
21	22	243	T
21	23	198	F
21	24	407	T
21	25	351	T
21	26	657	T
21	27	268	T
21	28	304	T
21	29	339	T
21	30	360	T
22	1	251	F
22	2	288	T
22	3	402	T
22	4	347	T
22	5	283	T
22	6	380	T
22	7	209	T
22	8	349	T
22	9	132	F
22	10	238	T
22	11	251	T
22	12	332	T
22	13	611	T
22	14	872	T
22	15	1628	T
22	16	370	T
22	17	350	T
22	18	189	T
22	19	216	T
22	20	319	T
22	21	286	T
22	22	364	T
22	23	269	T
22	24	220	F
22	25	313	T
22	26	242	T
22	27	319	T
22	28	373	T
22	29	327	T
22	30	351	T
23	1	291	T
23	2	401	T
23	3	410	T
23	4	219	T
23	5	323	T
23	6	284	T
23	7	196	T
23	8	264	T
23	9	324	T
23	10	306	T
23	11	207	T
23	12	277	T
23	13	306	T
23	14	343	T
23	15	215	T
23	16	250	T
23	17	229	T
23	18	250	T
23	19	332	T
23	20	301	T
23	21	276	T
23	22	276	T
23	23	289	T
23	24	261	T
23	25	321	T
23	26	298	T
23	27	251	T
23	28	195	T
23	29	337	T
23	30	261	T
24	1	235	T
24	2	372	T
24	3	245	T
24	4	206	T
24	5	204	T
24	6	318	F
24	7	226	T
24	8	173	F
24	9	339	T
24	10	250	T
24	11	233	T
24	12	268	T
24	13	313	T
24	14	339	T
24	15	528	T
24	16	344	T
24	17	326	T
24	18	347	T
24	19	348	T
24	20	425	T
24	21	304	T
24	22	542	T
24	23	393	T
24	24	330	T
24	25	251	T
24	26	496	T
24	27	271	T
24	28	337	T
24	29	375	T
24	30	232	T
25	1	355	T
25	2	461	T
25	3	289	T
25	4	416	T
25	5	282	T
25	6	240	T
25	7	327	T
25	8	412	T
25	9	324	T
25	10	308	T
25	11	247	T
25	12	181	F
25	13	245	T
25	14	354	T
25	15	228	T
25	16	319	T
25	17	302	T
25	18	391	T
25	19	226	T
25	20	227	T
25	21	387	T
25	22	319	T
25	23	340	T
25	24	201	F
25	25	262	T
25	26	275	T
25	27	292	T
25	28	487	F
25	29	358	T
25	30	242	T
26	1	401	T
26	2	308	T
26	3	259	T
26	4	336	T
26	5	312	T
26	6	262	F
26	7	367	T
26	8	298	T
26	9	364	T
26	10	221	T
26	11	338	T
26	12	252	T
26	13	236	T
26	14	270	T
26	15	259	T
26	16	300	T
26	17	328	T
26	18	388	T
26	19	399	T
26	20	902	T
26	21	393	T
26	22	507	T
26	23	404	T
26	24	535	T
26	25	462	T
26	26	278	T
26	27	295	T
26	28	224	T
26	29	420	T
26	30	330	T
27	1	283	T
27	2	347	T
27	3	261	T
27	4	258	T
27	5	276	T
27	6	333	T
27	7	230	T
27	8	228	T
27	9	296	T
27	10	256	T
27	11	373	T
27	12	272	T
27	13	234	T
27	14	213	T
27	15	309	T
27	16	272	T
27	17	380	T
27	18	402	T
27	19	414	T
27	20	393	T
27	21	385	T
27	22	285	T
27	23	260	T
27	24	235	T
27	25	427	T
27	26	296	T
27	27	378	T
27	28	395	T
27	29	273	T
27	30	440	T
28	1	373	T
28	2	340	T
28	3	301	T
28	4	364	T
28	5	319	T
28	6	324	T
28	7	239	T
28	8	258	T
28	9	435	T
28	10	394	T
28	11	193	F
28	12	249	T
28	13	321	T
28	14	367	T
28	15	405	T
28	16	224	T
28	17	334	T
28	18	338	T
28	19	296	F
28	20	233	T
28	21	241	T
28	22	328	T
28	23	361	T
28	24	355	T
28	25	247	T
28	26	301	T
28	27	354	T
28	28	217	T
28	29	337	T
28	30	230	T
29	1	431	T
29	2	343	T
29	3	228	T
29	4	282	T
29	5	282	T
29	6	221	T
29	7	344	T
29	8	302	T
29	9	274	T
29	10	374	T
29	11	447	T
29	12	268	T
29	13	260	T
29	14	224	T
29	15	316	T
29	16	348	T
29	17	277	F
29	18	311	T
29	19	346	T
29	20	340	T
29	21	269	T
29	22	257	T
29	23	251	T
29	24	330	T
29	25	289	T
29	26	255	T
29	27	269	T
29	28	321	T
29	29	389	T
29	30	294	T
30	1	423	T
30	2	422	T
30	3	285	T
30	4	401	T
30	5	875	T
30	6	352	T
30	7	366	T
30	8	317	T
30	9	284	T
30	10	421	T
30	11	375	T
30	12	275	T
30	13	380	T
30	14	380	T
30	15	361	T
30	16	287	T
30	17	259	T
30	18	338	T
30	19	353	T
30	20	401	T
30	21	260	T
30	22	235	T
30	23	238	T
30	24	251	T
30	25	360	T
30	26	194	T
30	27	272	T
30	28	264	T
30	29	353	T
30	30	325	T
31	1	320	T
31	2	234	T
31	3	241	T
31	4	269	T
31	5	334	T
31	6	246	T
31	7	236	T
31	8	286	T
31	9	348	T
31	10	307	T
31	11	294	T
31	12	344	T
31	13	318	T
31	14	243	T
31	15	245	T
31	16	284	T
31	17	256	T
31	18	319	T
31	19	266	T
31	20	570	T
31	21	297	T
31	22	212	T
31	23	323	T
31	24	268	T
31	25	264	T
31	26	269	T
31	27	228	T
31	28	271	T
31	29	222	F
31	30	383	T
32	1	323	T
32	2	421	T
32	3	375	T
32	4	208	T
32	5	280	T
32	6	315	T
32	7	215	T
32	8	238	T
32	9	355	T
32	10	294	T
32	11	241	T
32	12	226	T
32	13	235	T
32	14	351	F
32	15	322	T
32	16	246	T
32	17	208	T
32	18	214	T
32	19	235	T
32	20	406	T
32	21	336	T
32	22	261	T
32	23	270	T
32	24	306	T
32	25	218	T
32	26	261	T
32	27	190	T
32	28	169	T
32	29	209	T
32	30	270	T
33	1	197	F
33	2	212	T
33	3	319	T
33	4	367	T
33	5	531	T
33	6	331	T
33	7	360	T
33	8	274	T
33	9	285	T
33	10	341	F
33	11	276	T
33	12	241	T
33	13	354	T
33	14	333	T
33	15	267	T
33	16	410	T
33	17	448	T
33	18	244	T
33	19	338	T
33	20	386	T
33	21	283	T
33	22	229	T
33	23	363	T
33	24	402	T
33	25	281	T
33	26	1139	T
33	27	345	T
33	28	263	T
33	29	680	T
33	30	324	T
34	1	405	T
34	2	482	T
34	3	1439	T
34	4	324	T
34	5	288	T
34	6	327	T
34	7	327	T
34	8	281	T
34	9	376	T
34	10	305	T
34	11	256	T
34	12	372	T
34	13	329	T
34	14	361	T
34	15	273	T
34	16	325	T
34	17	334	T
34	18	248	T
34	19	322	T
34	20	329	T
34	21	231	T
34	22	446	T
34	23	411	T
34	24	328	T
34	25	288	T
34	26	253	T
34	27	245	T
34	28	367	T
34	29	266	T
34	30	260	T
35	1	238	T
35	2	313	T
35	3	248	T
35	4	388	T
35	5	238	T
35	6	409	T
35	7	202	T
35	8	374	T
35	9	366	T
35	10	257	T
35	11	287	T
35	12	226	T
35	13	378	T
35	14	250	T
35	15	298	T
35	16	364	T
35	17	258	T
35	18	277	T
35	19	258	T
35	20	373	T
35	21	300	T
35	22	245	T
35	23	294	T
35	24	306	T
35	25	233	T
35	26	231	T
35	27	327	T
35	28	220	T
35	29	298	T
35	30	300	T
36	1	332	T
36	2	252	T
36	3	262	T
36	4	302	T
36	5	246	T
36	6	309	T
36	7	229	T
36	8	351	T
