NAME: 	Egor_3day_rhand
Completed cycles:	36
Failed cycles:	1
1	1	818
1	2	319
1	3	317
1	4	311
1	5	252
1	6	316
1	7	273
1	8	294
1	9	342
1	10	362
1	11	250
1	12	339
1	13	296
1	14	338
1	15	268
1	16	320
1	17	366
1	18	327
1	19	242
1	20	334
1	21	280
1	22	341
1	23	339
1	24	272
1	25	309
1	26	336
1	27	378
1	28	299
1	29	347
1	30	292
2	1	282
2	2	387
2	3	275
2	4	348
2	5	368
2	6	264
2	7	262
2	8	291
2	9	251
2	10	398
2	11	301
2	12	303
2	13	279
2	14	341
2	15	338
2	16	240
2	17	278
2	18	352
2	19	273
2	20	288
2	21	279
2	22	327
2	23	342
2	24	338
2	25	297
2	26	313
2	27	334
2	28	320
2	29	240
2	30	282
3	1	336
3	2	322
3	3	358
3	4	304
3	5	246
3	6	276
3	7	319
3	8	299
3	9	320
3	10	251
3	11	304
3	12	399
3	13	364
3	14	268
3	15	316
3	16	288
3	17	369
3	18	267
3	19	385
3	20	335
3	21	394
3	22	318
3	23	295
3	24	274
3	25	242
3	26	349
3	27	253
3	28	301
3	29	324
3	30	346
4	1	275
4	2	357
4	3	289
4	4	301
4	5	295
4	6	288
4	7	389
4	8	321
4	9	306
4	10	320
4	11	302
4	12	251
4	13	277
4	14	335
4	15	278
4	16	279
4	17	358
4	18	320
4	19	274
4	20	351
4	21	338
4	22	314
4	23	281
4	24	276
4	25	304
4	26	596
4	27	296
4	28	289
4	29	324
4	30	321
5	1	368
5	2	317
5	3	334
5	4	316
5	5	384
5	6	256
5	7	334
5	8	322
5	9	345
5	10	274
5	11	308
5	12	336
5	13	444
5	14	302
5	15	267
5	16	297
5	17	340
5	18	314
5	19	315
5	20	307
5	21	333
5	22	339
5	23	233
5	24	263
5	25	289
5	26	345
5	27	312
5	28	389
5	29	233
5	30	391
6	1	331
6	2	367
6	3	325
6	4	318
6	5	396
6	6	263
6	7	302
6	8	322
6	9	272
6	10	320
6	11	326
6	12	371
6	13	323
6	14	243
6	15	280
6	16	272
6	17	334
6	18	283
6	19	242
6	20	317
6	21	300
6	22	285
6	23	333
6	24	341
6	25	227
6	26	302
6	27	325
6	28	350
6	29	240
6	30	264
7	1	346
7	2	315
7	3	371
7	4	324
7	5	304
7	6	342
7	7	283
7	8	258
7	9	274
7	10	311
7	11	304
7	12	289
7	13	341
7	14	264
7	15	308
7	16	337
7	17	440
7	18	340
7	19	399
7	20	292
7	21	324
7	22	266
7	23	251
7	24	275
7	25	407
7	26	421
7	27	349
7	28	225
7	29	340
7	30	272
8	1	451
8	2	311
8	3	333
8	4	283
8	5	338
8	6	322
8	7	319
8	8	380
8	9	370
8	10	356
8	11	257
8	12	261
8	13	336
8	14	299
8	15	272
8	16	295
8	17	295
8	18	374
8	19	290
8	20	363
8	21	396
8	22	310
8	23	371
8	24	323
8	25	376
8	26	390
8	27	269
8	28	250
8	29	260
8	30	388
9	1	457
9	2	314
9	3	303
9	4	314
9	5	318
9	6	305
9	7	304
9	8	364
9	9	384
9	10	263
9	11	348
9	12	375
9	13	366
9	14	324
9	15	292
9	16	277
9	17	419
9	18	283
9	19	392
9	20	309
9	21	274
9	22	296
9	23	256
9	24	325
9	25	338
9	26	343
9	27	352
9	28	291
9	29	278
9	30	303
10	1	292
10	2	306
10	3	285
10	4	323
10	5	277
10	6	260
10	7	353
10	8	363
10	9	478
10	10	248
10	11	336
10	12	227
10	13	314
10	14	294
10	15	339
10	16	252
10	17	496
10	18	267
10	19	282
10	20	263
10	21	291
10	22	328
10	23	389
10	24	240
10	25	362
10	26	365
10	27	277
10	28	281
10	29	303
10	30	386
11	1	364
11	2	334
11	3	281
11	4	283
11	5	317
11	6	312
11	7	274
11	8	347
11	9	287
11	10	233
11	11	466
11	12	408
11	13	434
11	14	236
11	15	297
11	16	427
11	17	400
11	18	379
11	19	390
11	20	263
11	21	268
11	22	277
11	23	373
11	24	406
11	25	390
11	26	419
11	27	276
11	28	334
11	29	297
11	30	335
12	1	429
12	2	504
12	3	385
12	4	453
12	5	350
12	6	330
12	7	269
12	8	357
12	9	421
12	10	258
12	11	242
12	12	393
12	13	246
12	14	271
12	15	256
12	16	324
12	17	352
12	18	315
12	19	444
12	20	325
12	21	320
12	22	263
12	23	248
12	24	339
12	25	403
12	26	349
12	27	245
12	28	427
12	29	483
12	30	312
13	1	263
13	2	344
13	3	375
13	4	448
13	5	268
13	6	332
13	7	249
13	8	436
13	9	417
13	10	224
13	11	244
13	12	324
13	13	383
13	14	237
13	15	231
13	16	252
13	17	325
13	18	378
13	19	310
13	20	334
13	21	371
13	22	301
13	23	308
13	24	90
13	25	410
13	26	314
13	27	240
13	28	311
13	29	260
13	30	264
14	1	277
14	2	308
14	3	321
14	4	406
14	5	289
14	6	263
14	7	387
14	8	375
14	9	218
14	10	268
14	11	269
14	12	273
14	13	280
14	14	332
14	15	364
14	16	370
14	17	234
14	18	246
14	19	286
14	20	270
14	21	293
14	22	401
14	23	442
14	24	337
14	25	283
14	26	447
14	27	320
14	28	314
14	29	313
14	30	397
15	1	256
15	2	280
15	3	354
15	4	439
15	5	349
15	6	349
15	7	315
15	8	354
15	9	279
15	10	339
15	11	282
15	12	252
15	13	393
15	14	401
15	15	355
15	16	338
15	17	255
15	18	357
15	19	258
15	20	303
15	21	310
15	22	232
15	23	335
15	24	396
15	25	387
15	26	262
15	27	251
15	28	379
15	29	327
15	30	261
16	1	499
16	2	315
16	3	313
16	4	274
16	5	407
16	6	337
16	7	267
16	8	345
16	9	384
16	10	307
16	11	306
16	12	424
16	13	268
16	14	337
16	15	260
16	16	309
16	17	427
16	18	356
16	19	413
16	20	271
16	21	270
16	22	291
16	23	392
16	24	251
16	25	281
16	26	291
16	27	321
16	28	337
16	29	361
16	30	282
17	1	367
17	2	217
17	3	329
17	4	360
17	5	213
17	6	276
17	7	292
17	8	370
17	9	376
17	10	231
17	11	323
17	12	318
17	13	248
17	14	339
17	15	226
17	16	331
17	17	308
17	18	335
17	19	253
17	20	297
17	21	337
17	22	243
17	23	289
17	24	338
17	25	277
17	26	296
17	27	310
17	28	302
17	29	443
17	30	265
18	1	328
18	2	253
18	3	270
18	4	248
18	5	334
18	6	326
18	7	221
18	8	222
18	9	245
18	10	281
18	11	285
18	12	210
18	13	220
18	14	262
18	15	347
18	16	421
18	17	238
18	18	382
18	19	291
18	20	346
18	21	247
18	22	272
18	23	241
18	24	378
18	25	348
18	26	252
18	27	410
18	28	396
18	29	338
18	30	243
19	1	335
19	2	402
19	3	274
19	4	344
19	5	358
19	6	229
19	7	270
19	8	309
19	9	265
19	10	337
19	11	318
19	12	255
19	13	290
19	14	303
19	15	295
19	16	355
19	17	475
19	18	267
19	19	247
19	20	355
19	21	288
19	22	281
19	23	361
19	24	286
19	25	308
19	26	292
19	27	344
19	28	371
19	29	271
19	30	434
20	1	309
20	2	358
20	3	371
20	4	406
20	5	457
20	6	278
20	7	297
20	8	353
20	9	354
20	10	266
20	11	278
20	12	292
20	13	300
20	14	392
20	15	364
20	16	252
20	17	271
20	18	318
20	19	276
20	20	290
20	21	272
20	22	299
20	23	376
20	24	340
20	25	248
20	26	435
20	27	227
20	28	333
20	29	405
20	30	366
21	1	317
21	2	331
21	3	443
21	4	269
21	5	240
21	6	242
21	7	408
21	8	356
21	9	393
21	10	322
21	11	450
21	12	251
21	13	397
21	14	379
21	15	334
21	16	398
21	17	279
21	18	326
21	19	316
21	20	230
21	21	258
21	22	324
21	23	401
21	24	408
21	25	350
21	26	384
21	27	358
21	28	314
21	29	394
21	30	391
22	1	246
22	2	229
22	3	341
22	4	245
22	5	251
22	6	346
22	7	259
22	8	245
22	9	257
22	10	266
22	11	336
22	12	305
22	13	372
22	14	265
22	15	236
22	16	290
22	17	301
22	18	246
22	19	344
22	20	231
22	21	327
22	22	407
22	23	248
22	24	309
22	25	293
22	26	355
22	27	247
22	28	343
22	29	235
22	30	333
23	1	262
23	2	352
23	3	381
23	4	348
23	5	248
23	6	349
23	7	269
23	8	414
23	9	380
23	10	239
23	11	357
23	12	298
23	13	337
23	14	265
23	15	409
23	16	387
23	17	337
23	18	263
23	19	270
23	20	236
23	21	315
23	22	263
23	23	431
23	24	423
23	25	243
23	26	362
23	27	314
23	28	336
23	29	269
23	30	388
24	1	276
24	2	311
24	3	247
24	4	326
24	5	233
24	6	301
24	7	470
24	8	433
24	9	401
24	10	266
24	11	215
24	12	334
24	13	336
24	14	296
24	15	361
24	16	265
24	17	292
24	18	353
24	19	337
24	20	458
24	21	333
24	22	232
24	23	289
24	24	392
24	25	416
24	26	286
24	27	244
24	28	313
24	29	281
24	30	276
25	1	261
25	2	320
25	3	302
25	4	532
25	5	326
25	6	349
25	7	391
25	8	498
25	9	304
25	10	265
25	11	347
25	12	430
25	13	260
25	14	275
25	15	366
25	16	240
25	17	349
25	18	447
25	19	383
25	20	356
25	21	257
25	22	244
25	23	327
25	24	380
25	25	243
25	26	347
25	27	406
25	28	224
25	29	338
25	30	388
26	1	455
26	2	427
26	3	296
26	4	268
26	5	355
26	6	362
26	7	363
26	8	366
26	9	352
26	10	347
26	11	375
26	12	243
26	13	310
26	14	462
26	15	250
26	16	342
26	17	404
26	18	317
26	19	324
26	20	389
26	21	411
26	22	369
26	23	201
26	24	340
26	25	445
26	26	253
26	27	248
26	28	358
26	29	283
26	30	321
27	1	274
27	2	415
27	3	435
27	4	373
27	5	272
27	6	365
27	7	401
27	8	281
27	9	257
27	10	452
27	11	429
27	12	304
27	13	246
27	14	289
27	15	296
27	16	245
27	17	326
27	18	377
27	19	349
27	20	265
27	21	335
27	22	302
27	23	379
27	24	400
27	25	266
27	26	301
27	27	292
27	28	329
27	29	306
27	30	318
28	1	365
28	2	233
28	3	331
28	4	331
28	5	271
28	6	348
28	7	434
28	8	245
28	9	627
28	10	321
28	11	243
28	12	341
28	13	305
28	14	286
28	15	316
28	16	257
28	17	343
28	18	259
28	19	325
28	20	303
28	21	290
28	22	289
28	23	312
28	24	325
28	25	375
28	26	320
28	27	239
28	28	308
28	29	251
28	30	333
29	1	355
29	2	268
29	3	356
29	4	326
29	5	291
29	6	357
29	7	275
29	8	306
29	9	266
29	10	336
29	11	283
29	12	251
29	13	342
29	14	391
29	15	351
29	16	340
29	17	410
29	18	282
29	19	307
29	20	433
29	21	291
29	22	289
29	23	330
29	24	311
29	25	335
29	26	274
29	27	235
29	28	310
29	29	360
29	30	369
30	1	775
30	2	345
30	3	307
30	4	290
30	5	351
30	6	274
30	7	281
30	8	293
30	9	282
30	10	362
30	11	299
30	12	358
30	13	283
30	14	282
30	15	291
30	16	339
30	17	357
30	18	415
30	19	329
30	20	311
30	21	390
30	22	367
30	23	270
30	24	347
30	25	279
30	26	290
30	27	307
30	28	334
30	29	288
30	30	380
31	1	372
31	2	417
31	3	363
31	4	370
31	5	288
31	6	313
31	7	347
31	8	296
31	9	291
31	10	314
31	11	363
31	12	320
31	13	377
31	14	269
31	15	366
31	16	356
31	17	324
31	18	355
31	19	263
31	20	296
31	21	363
31	22	356
31	23	400
31	24	247
31	25	279
31	26	345
31	27	324
31	28	266
31	29	323
31	30	285
32	1	459
32	2	239
32	3	287
32	4	279
32	5	437
32	6	368
32	7	254
32	8	267
32	9	262
32	10	315
32	11	410
32	12	435
32	13	374
32	14	307
32	15	294
32	16	264
32	17	329
32	18	302
32	19	316
32	20	310
32	21	211
32	22	264
32	23	379
32	24	248
32	25	306
32	26	310
32	27	374
32	28	319
32	29	261
32	30	271
33	1	325
33	2	623
33	3	365
33	4	265
33	5	241
33	6	292
33	7	269
33	8	361
33	9	296
33	10	356
33	11	231
33	12	306
33	13	447
33	14	256
33	15	274
33	16	295
33	17	268
33	18	269
33	19	327
33	20	383
33	21	212
33	22	327
33	23	299
33	24	248
33	25	275
33	26	285
33	27	279
33	28	310
33	29	272
33	30	378
34	1	393
34	2	256
34	3	354
34	4	476
34	5	243
34	6	364
34	7	408
34	8	284
34	9	263
34	10	277
34	11	452
34	12	264
34	13	283
34	14	273
34	15	285
34	16	425
34	17	310
34	18	354
34	19	324
34	20	245
34	21	274
34	22	276
34	23	478
34	24	384
34	25	442
34	26	463
34	27	258
34	28	256
34	29	380
34	30	171
35	1	217
35	2	400
35	3	205
35	4	337
35	5	243
35	6	274
35	7	257
35	8	323
35	9	431
35	10	265
35	11	285
35	12	284
35	13	216
35	14	234
35	15	319
35	16	333
35	17	226
35	18	316
35	19	228
35	20	252
35	21	258
35	22	340
35	23	457
35	24	242
35	25	229
35	26	251
35	27	263
35	28	270
35	29	265
35	30	328
36	1	355
36	2	278
36	3	315
36	4	272
36	5	278
36	6	551
36	7	344
36	8	272
36	9	324
36	10	399
36	11	246
36	12	279
36	13	369
36	14	269
36	15	276
36	16	319
36	17	244
36	18	239
36	19	340
36	20	443
36	21	396
36	22	436
36	23	342
36	24	242
36	25	225
36	26	375
36	27	394
36	28	355
36	29	215
36	30	310
37	1	522
37	2	385
37	3	306
