NAME: 	Egor_1day_rhand
Completed cycles:	33
Failed cycles:	1
1	1	890
1	2	412
1	3	309
1	4	431
1	5	329
1	6	303
1	7	287
1	8	400
1	9	400
1	10	369
1	11	419
1	12	400
1	13	1116
1	14	390
1	15	503
1	16	355
1	17	421
1	18	393
1	19	401
1	20	339
1	21	371
1	22	396
1	23	599
1	24	422
1	25	363
1	26	375
1	27	391
1	28	390
1	29	420
1	30	390
2	1	510
2	2	443
2	3	476
2	4	419
2	5	327
2	6	383
2	7	384
2	8	474
2	9	392
2	10	472
2	11	442
2	12	471
2	13	366
2	14	316
2	15	376
2	16	352
2	17	457
2	18	395
2	19	334
2	20	393
2	21	434
2	22	454
2	23	385
2	24	379
2	25	345
2	26	470
2	27	493
2	28	468
2	29	444
2	30	493
3	1	416
3	2	447
3	3	378
3	4	315
3	5	394
3	6	373
3	7	376
3	8	355
3	9	399
3	10	399
3	11	334
3	12	411
3	13	378
3	14	395
3	15	385
3	16	372
3	17	379
3	18	427
3	19	522
3	20	496
3	21	523
3	22	568
3	23	384
3	24	340
3	25	561
3	26	422
3	27	375
3	28	337
3	29	401
3	30	365
4	1	408
4	2	431
4	3	385
4	4	369
4	5	387
4	6	410
4	7	409
4	8	428
4	9	392
4	10	367
4	11	416
4	12	441
4	13	355
4	14	377
4	15	414
4	16	339
4	17	523
4	18	385
4	19	394
4	20	383
4	21	396
4	22	379
4	23	526
4	24	447
4	25	343
4	26	373
4	27	401
4	28	273
4	29	362
4	30	337
5	1	307
5	2	322
5	3	290
5	4	373
5	5	405
5	6	334
5	7	380
5	8	263
5	9	328
5	10	299
5	11	345
5	12	391
5	13	663
5	14	553
5	15	329
5	16	378
5	17	401
5	18	351
5	19	333
5	20	340
5	21	416
5	22	383
5	23	381
5	24	327
5	25	429
5	26	384
5	27	394
5	28	454
5	29	396
5	30	347
6	1	417
6	2	374
6	3	489
6	4	750
6	5	385
6	6	395
6	7	348
6	8	382
6	9	427
6	10	399
6	11	450
6	12	370
6	13	434
6	14	375
6	15	479
6	16	401
6	17	664
6	18	421
6	19	378
6	20	438
6	21	392
6	22	460
6	23	368
6	24	334
6	25	385
6	26	366
6	27	350
6	28	303
6	29	327
6	30	346
7	1	328
7	2	386
7	3	391
7	4	251
7	5	331
7	6	308
7	7	361
7	8	271
7	9	386
7	10	365
7	11	379
7	12	311
7	13	284
7	14	365
7	15	367
7	16	255
7	17	322
7	18	338
7	19	363
7	20	506
7	21	521
7	22	459
7	23	310
7	24	344
7	25	370
7	26	373
7	27	371
7	28	526
7	29	423
7	30	363
8	1	400
8	2	310
8	3	295
8	4	407
8	5	387
8	6	414
8	7	355
8	8	322
8	9	478
8	10	395
8	11	313
8	12	343
8	13	332
8	14	442
8	15	295
8	16	298
8	17	350
8	18	338
8	19	402
8	20	410
8	21	348
8	22	367
8	23	345
8	24	379
8	25	369
8	26	457
8	27	351
8	28	309
8	29	343
8	30	402
9	1	491
9	2	346
9	3	419
9	4	458
9	5	268
9	6	350
9	7	366
9	8	276
9	9	305
9	10	435
9	11	273
9	12	365
9	13	359
9	14	271
9	15	320
9	16	332
9	17	350
9	18	374
9	19	421
9	20	603
9	21	403
9	22	378
9	23	455
9	24	358
9	25	517
9	26	505
9	27	376
9	28	370
9	29	289
9	30	248
10	1	285
10	2	294
10	3	252
10	4	302
10	5	236
10	6	302
10	7	419
10	8	272
10	9	292
10	10	348
10	11	266
10	12	314
10	13	310
10	14	435
10	15	219
10	16	285
10	17	334
10	18	285
10	19	317
10	20	452
10	21	423
10	22	242
10	23	313
10	24	406
10	25	385
10	26	390
10	27	280
10	28	290
10	29	227
10	30	355
11	1	458
11	2	397
11	3	262
11	4	356
11	5	450
11	6	419
11	7	238
11	8	245
11	9	400
11	10	364
11	11	442
11	12	390
11	13	350
11	14	249
11	15	344
11	16	342
11	17	263
11	18	256
11	19	233
11	20	321
11	21	255
11	22	349
11	23	363
11	24	397
11	25	402
11	26	471
11	27	429
11	28	252
11	29	374
11	30	492
12	1	273
12	2	377
12	3	357
12	4	289
12	5	215
12	6	323
12	7	444
12	8	398
12	9	324
12	10	305
12	11	285
12	12	399
12	13	229
12	14	288
12	15	348
12	16	300
12	17	334
12	18	345
12	19	388
12	20	314
12	21	366
12	22	359
12	23	236
12	24	320
12	25	221
12	26	349
12	27	244
12	28	522
12	29	251
12	30	441
13	1	317
13	2	333
13	3	377
13	4	339
13	5	333
13	6	585
13	7	628
13	8	359
13	9	352
13	10	218
13	11	641
13	12	387
13	13	379
13	14	301
13	15	401
13	16	377
13	17	456
13	18	290
13	19	336
13	20	355
13	21	257
13	22	263
13	23	248
13	24	305
13	25	377
13	26	428
13	27	276
13	28	340
13	29	317
13	30	436
14	1	432
14	2	399
14	3	473
14	4	367
14	5	581
14	6	543
14	7	328
14	8	315
14	9	313
14	10	312
14	11	392
14	12	231
14	13	330
14	14	296
14	15	318
14	16	263
14	17	274
14	18	328
14	19	387
14	20	339
14	21	236
14	22	349
14	23	320
14	24	417
14	25	370
14	26	350
14	27	428
14	28	507
14	29	266
14	30	458
15	1	639
15	2	401
15	3	411
15	4	227
15	5	258
15	6	293
15	7	386
15	8	492
15	9	263
15	10	345
15	11	434
15	12	239
15	13	335
15	14	501
15	15	349
15	16	360
15	17	344
15	18	394
15	19	284
15	20	380
15	21	400
15	22	244
15	23	298
15	24	505
15	25	381
15	26	317
15	27	522
15	28	693
15	29	372
15	30	455
16	1	515
16	2	349
16	3	306
16	4	417
16	5	413
16	6	440
16	7	278
16	8	348
16	9	420
16	10	390
16	11	332
16	12	374
16	13	396
16	14	464
16	15	279
16	16	514
16	17	380
16	18	342
16	19	320
16	20	390
16	21	589
16	22	536
16	23	326
16	24	337
16	25	592
16	26	369
16	27	364
16	28	366
16	29	320
16	30	310
17	1	377
17	2	440
17	3	261
17	4	307
17	5	377
17	6	248
17	7	358
17	8	376
17	9	258
17	10	309
17	11	425
17	12	315
17	13	270
17	14	319
17	15	415
17	16	320
17	17	510
17	18	360
17	19	281
17	20	319
17	21	356
17	22	405
17	23	307
17	24	392
17	25	503
17	26	356
17	27	256
17	28	349
17	29	264
17	30	420
18	1	398
18	2	347
18	3	418
18	4	290
18	5	521
18	6	340
18	7	380
18	8	289
18	9	308
18	10	341
18	11	284
18	12	288
18	13	374
18	14	403
18	15	397
18	16	376
18	17	291
18	18	358
18	19	432
18	20	563
18	21	274
18	22	317
18	23	374
18	24	396
18	25	489
18	26	389
18	27	277
18	28	332
18	29	364
18	30	367
19	1	260
19	2	442
19	3	377
19	4	382
19	5	279
19	6	359
19	7	362
19	8	284
19	9	329
19	10	338
19	11	409
19	12	329
19	13	421
19	14	248
19	15	346
19	16	446
19	17	443
19	18	374
19	19	312
19	20	426
19	21	326
19	22	472
19	23	341
19	24	283
19	25	384
19	26	365
19	27	278
19	28	348
19	29	354
19	30	427
20	1	373
20	2	516
20	3	316
20	4	410
20	5	263
20	6	369
20	7	368
20	8	250
20	9	292
20	10	406
20	11	343
20	12	297
20	13	245
20	14	417
20	15	351
20	16	467
20	17	411
20	18	277
20	19	295
20	20	472
20	21	668
20	22	270
20	23	284
20	24	388
20	25	335
20	26	332
20	27	562
20	28	336
20	29	318
20	30	275
21	1	323
21	2	367
21	3	433
21	4	251
21	5	297
21	6	433
21	7	414
21	8	268
21	9	252
21	10	402
21	11	430
21	12	503
21	13	287
21	14	452
21	15	722
21	16	303
21	17	294
21	18	328
21	19	328
21	20	425
21	21	289
21	22	284
21	23	289
21	24	248
21	25	295
21	26	496
21	27	346
21	28	232
21	29	318
21	30	273
22	1	232
22	2	311
22	3	245
22	4	390
22	5	205
22	6	425
22	7	306
22	8	361
22	9	375
22	10	485
22	11	403
22	12	293
22	13	356
22	14	328
22	15	400
22	16	289
22	17	371
22	18	376
22	19	626
22	20	294
22	21	335
22	22	361
22	23	378
22	24	315
22	25	312
22	26	374
22	27	363
22	28	300
22	29	366
22	30	419
23	1	368
23	2	345
23	3	336
23	4	386
23	5	261
23	6	333
23	7	325
23	8	431
23	9	273
23	10	373
23	11	413
23	12	364
23	13	311
23	14	316
23	15	521
23	16	361
23	17	378
23	18	515
23	19	633
23	20	334
23	21	240
23	22	263
23	23	433
23	24	383
23	25	360
23	26	415
23	27	365
23	28	379
23	29	289
23	30	323
24	1	428
24	2	384
24	3	303
24	4	439
24	5	316
24	6	378
24	7	351
24	8	280
24	9	698
24	10	323
24	11	337
24	12	260
24	13	280
24	14	356
24	15	348
24	16	248
24	17	297
24	18	266
24	19	383
24	20	420
24	21	229
24	22	276
24	23	397
24	24	345
24	25	372
24	26	394
24	27	376
24	28	370
24	29	325
24	30	329
25	1	311
25	2	297
25	3	298
25	4	315
25	5	372
25	6	342
25	7	359
25	8	425
25	9	314
25	10	380
25	11	362
25	12	378
25	13	349
25	14	405
25	15	514
25	16	368
25	17	365
25	18	355
25	19	318
25	20	380
25	21	372
25	22	387
25	23	363
25	24	488
25	25	335
25	26	366
25	27	332
25	28	427
25	29	262
25	30	339
26	1	421
26	2	453
26	3	359
26	4	326
26	5	323
26	6	366
26	7	339
26	8	350
26	9	311
26	10	357
26	11	288
26	12	314
26	13	370
26	14	486
26	15	349
26	16	348
26	17	327
26	18	428
26	19	388
26	20	422
26	21	294
26	22	337
26	23	405
26	24	274
26	25	433
26	26	471
26	27	317
26	28	330
26	29	350
26	30	380
27	1	410
27	2	343
27	3	353
27	4	347
27	5	375
27	6	335
27	7	316
27	8	351
27	9	350
27	10	417
27	11	349
27	12	330
27	13	330
27	14	304
27	15	360
27	16	288
27	17	302
27	18	351
27	19	390
27	20	398
27	21	348
27	22	294
27	23	342
27	24	329
27	25	260
27	26	334
27	27	300
27	28	319
27	29	298
27	30	353
28	1	447
28	2	227
28	3	321
28	4	447
28	5	382
28	6	260
28	7	251
28	8	326
28	9	401
28	10	263
28	11	334
28	12	331
28	13	299
28	14	317
28	15	322
28	16	311
28	17	285
28	18	356
28	19	344
28	20	404
28	21	358
28	22	270
28	23	282
28	24	400
28	25	320
28	26	337
28	27	269
28	28	289
28	29	270
28	30	336
29	1	315
29	2	357
29	3	288
29	4	812
29	5	350
29	6	305
29	7	358
29	8	376
29	9	415
29	10	361
29	11	341
29	12	425
29	13	316
29	14	313
29	15	301
29	16	380
29	17	348
29	18	392
29	19	376
29	20	404
29	21	320
29	22	335
29	23	376
29	24	298
29	25	432
29	26	418
29	27	669
29	28	282
29	29	278
29	30	375
30	1	306
30	2	303
30	3	348
30	4	332
30	5	264
30	6	298
30	7	374
30	8	327
30	9	345
30	10	453
30	11	427
30	12	318
30	13	352
30	14	293
30	15	338
30	16	377
30	17	295
30	18	292
30	19	353
30	20	339
30	21	429
30	22	420
30	23	411
30	24	409
30	25	333
30	26	353
30	27	336
30	28	381
30	29	462
30	30	372
31	1	383
31	2	368
31	3	424
31	4	463
31	5	458
31	6	353
31	7	322
31	8	339
31	9	373
31	10	283
31	11	420
31	12	625
31	13	288
31	14	288
31	15	300
31	16	379
31	17	392
31	18	394
31	19	295
31	20	291
31	21	455
31	22	337
31	23	321
31	24	273
31	25	356
31	26	281
31	27	329
31	28	250
31	29	333
31	30	300
32	1	498
32	2	309
32	3	249
32	4	516
32	5	377
32	6	362
32	7	430
32	8	362
32	9	339
32	10	385
32	11	343
32	12	417
32	13	353
32	14	326
32	15	445
32	16	336
32	17	312
32	18	328
32	19	381
32	20	330
32	21	450
32	22	266
32	23	515
32	24	442
32	25	399
32	26	359
32	27	259
32	28	256
32	29	343
32	30	282
33	1	350
33	2	318
33	3	460
33	4	239
33	5	263
33	6	366
33	7	372
33	8	262
33	9	307
33	10	380
33	11	283
33	12	266
33	13	294
33	14	317
33	15	315
33	16	256
33	17	267
33	18	321
33	19	327
33	20	261
33	21	334
33	22	294
33	23	357
33	24	404
33	25	302
33	26	352
33	27	327
33	28	306
33	29	271
33	30	258
34	1	284
34	2	387
34	3	368
34	4	332
34	5	277
34	6	367
34	7	559
34	8	292
34	9	402
34	10	333
34	11	216
34	12	349
34	13	407
34	14	394
34	15	315
34	16	330
