NAME: 	Egor_3day_lhand
Completed cycles:	35
Failed cycles:	1
1	1	730
1	2	300
1	3	309
1	4	278
1	5	290
1	6	215
1	7	321
1	8	382
1	9	338
1	10	343
1	11	256
1	12	328
1	13	283
1	14	262
1	15	330
1	16	227
1	17	324
1	18	423
1	19	325
1	20	225
1	21	304
1	22	294
1	23	256
1	24	349
1	25	313
1	26	466
1	27	335
1	28	339
1	29	239
1	30	404
2	1	373
2	2	232
2	3	353
2	4	244
2	5	251
2	6	315
2	7	267
2	8	292
2	9	280
2	10	271
2	11	332
2	12	341
2	13	298
2	14	283
2	15	249
2	16	293
2	17	305
2	18	298
2	19	256
2	20	280
2	21	410
2	22	300
2	23	341
2	24	288
2	25	293
2	26	228
2	27	262
2	28	429
2	29	416
2	30	335
3	1	370
3	2	415
3	3	231
3	4	242
3	5	384
3	6	226
3	7	236
3	8	243
3	9	335
3	10	291
3	11	331
3	12	252
3	13	262
3	14	237
3	15	260
3	16	380
3	17	392
3	18	356
3	19	397
3	20	394
3	21	284
3	22	291
3	23	228
3	24	300
3	25	179
3	26	279
3	27	263
3	28	321
3	29	434
3	30	224
4	1	236
4	2	314
4	3	303
4	4	405
4	5	276
4	6	401
4	7	443
4	8	386
4	9	344
4	10	244
4	11	357
4	12	195
4	13	370
4	14	237
4	15	197
4	16	264
4	17	346
4	18	256
4	19	308
4	20	228
4	21	291
4	22	248
4	23	393
4	24	251
4	25	256
4	26	258
4	27	236
4	28	233
4	29	215
4	30	240
5	1	414
5	2	338
5	3	238
5	4	312
5	5	249
5	6	216
5	7	377
5	8	350
5	9	284
5	10	341
5	11	260
5	12	259
5	13	267
5	14	391
5	15	318
5	16	318
5	17	183
5	18	244
5	19	358
5	20	302
5	21	279
5	22	246
5	23	248
5	24	228
5	25	356
5	26	419
5	27	318
5	28	443
5	29	338
5	30	229
6	1	331
6	2	216
6	3	372
6	4	375
6	5	362
6	6	391
6	7	393
6	8	382
6	9	263
6	10	327
6	11	335
6	12	237
6	13	233
6	14	369
6	15	380
6	16	244
6	17	245
6	18	241
6	19	258
6	20	573
6	21	328
6	22	256
6	23	404
6	24	219
6	25	295
6	26	253
6	27	451
6	28	385
6	29	351
6	30	356
7	1	327
7	2	335
7	3	219
7	4	336
7	5	379
7	6	415
7	7	356
7	8	335
7	9	362
7	10	264
7	11	289
7	12	505
7	13	514
7	14	366
7	15	321
7	16	271
7	17	274
7	18	334
7	19	525
7	20	485
7	21	451
7	22	361
7	23	10
7	24	397
7	25	463
7	26	428
7	27	403
7	28	268
7	29	357
7	30	363
8	1	334
8	2	307
8	3	283
8	4	387
8	5	223
8	6	275
8	7	218
8	8	306
8	9	364
8	10	258
8	11	328
8	12	286
8	13	291
8	14	520
8	15	287
8	16	292
8	17	340
8	18	254
8	19	250
8	20	71
8	21	489
8	22	265
8	23	259
8	24	251
8	25	382
8	26	299
8	27	347
8	28	297
8	29	265
8	30	272
9	1	271
9	2	259
9	3	338
9	4	233
9	5	272
9	6	278
9	7	378
9	8	289
9	9	447
9	10	408
9	11	354
9	12	224
9	13	411
9	14	295
9	15	401
9	16	259
9	17	306
9	18	438
9	19	616
9	20	331
9	21	266
9	22	373
9	23	201
9	24	319
9	25	208
9	26	339
9	27	347
9	28	242
9	29	247
9	30	394
10	1	454
10	2	225
10	3	407
10	4	588
10	5	206
10	6	374
10	7	273
10	8	326
10	9	284
10	10	323
10	11	215
10	12	239
10	13	316
10	14	259
10	15	308
10	16	353
10	17	193
10	18	317
10	19	455
10	20	323
10	21	203
10	22	252
10	23	258
10	24	365
10	25	474
10	26	291
10	27	342
10	28	356
10	29	260
10	30	255
11	1	314
11	2	245
11	3	291
11	4	332
11	5	456
11	6	296
11	7	317
11	8	435
11	9	246
11	10	362
11	11	400
11	12	461
11	13	243
11	14	233
11	15	329
11	16	248
11	17	422
11	18	246
11	19	246
11	20	301
11	21	236
11	22	306
11	23	285
11	24	299
11	25	277
11	26	381
11	27	220
11	28	257
11	29	277
11	30	425
12	1	426
12	2	347
12	3	411
12	4	270
12	5	224
12	6	337
12	7	220
12	8	288
12	9	240
12	10	402
12	11	258
12	12	312
12	13	255
12	14	296
12	15	312
12	16	202
12	17	326
12	18	402
12	19	409
12	20	297
12	21	259
12	22	365
12	23	384
12	24	346
12	25	518
12	26	225
12	27	242
12	28	351
12	29	429
12	30	300
13	1	308
13	2	378
13	3	287
13	4	256
13	5	313
13	6	407
13	7	440
13	8	405
13	9	310
13	10	275
13	11	334
13	12	364
13	13	355
13	14	211
13	15	810
13	16	494
13	17	242
13	18	260
13	19	219
13	20	282
13	21	227
13	22	335
13	23	266
13	24	426
13	25	372
13	26	497
13	27	230
13	28	337
13	29	358
13	30	272
14	1	374
14	2	358
14	3	317
14	4	327
14	5	330
14	6	477
14	7	234
14	8	351
14	9	433
14	10	271
14	11	523
14	12	245
14	13	268
14	14	9
14	15	406
14	16	520
14	17	466
14	18	251
14	19	320
14	20	280
14	21	328
14	22	416
14	23	413
14	24	361
14	25	250
14	26	341
14	27	213
14	28	251
14	29	267
14	30	246
15	1	264
15	2	323
15	3	319
15	4	233
15	5	330
15	6	380
15	7	271
15	8	304
15	9	209
15	10	281
15	11	225
15	12	287
15	13	243
15	14	358
15	15	450
15	16	220
15	17	304
15	18	226
15	19	263
15	20	302
15	21	202
15	22	272
15	23	282
15	24	327
15	25	443
15	26	328
15	27	234
15	28	402
15	29	236
15	30	295
16	1	575
16	2	334
16	3	328
16	4	448
16	5	258
16	6	274
16	7	413
16	8	238
16	9	252
16	10	394
16	11	409
16	12	342
16	13	292
16	14	300
16	15	212
16	16	281
16	17	265
16	18	233
16	19	260
16	20	289
16	21	329
16	22	360
16	23	451
16	24	277
16	25	281
16	26	242
16	27	307
16	28	196
16	29	284
16	30	233
17	1	305
17	2	214
17	3	316
17	4	360
17	5	383
17	6	230
17	7	382
17	8	246
17	9	438
17	10	226
17	11	330
17	12	296
17	13	255
17	14	396
17	15	434
17	16	234
17	17	525
17	18	224
17	19	323
17	20	227
17	21	352
17	22	229
17	23	250
17	24	344
17	25	203
17	26	258
17	27	244
17	28	305
17	29	344
17	30	270
18	1	230
18	2	502
18	3	369
18	4	281
18	5	353
18	6	205
18	7	297
18	8	234
18	9	282
18	10	387
18	11	442
18	12	327
18	13	480
18	14	253
18	15	200
18	16	257
18	17	425
18	18	287
18	19	403
18	20	407
18	21	212
18	22	346
18	23	460
18	24	239
18	25	336
18	26	215
18	27	314
18	28	336
18	29	313
18	30	219
19	1	454
19	2	9
19	3	350
19	4	399
19	5	402
19	6	374
19	7	368
19	8	218
19	9	240
19	10	241
19	11	299
19	12	448
19	13	215
19	14	12
19	15	356
19	16	199
19	17	281
19	18	434
19	19	510
19	20	371
19	21	355
19	22	312
19	23	236
19	24	249
19	25	276
19	26	371
19	27	189
19	28	332
19	29	476
19	30	225
20	1	421
20	2	334
20	3	189
20	4	500
20	5	361
20	6	428
20	7	232
20	8	273
20	9	358
20	10	198
20	11	252
20	12	352
20	13	456
20	14	256
20	15	273
20	16	416
20	17	231
20	18	458
20	19	199
20	20	277
20	21	393
20	22	455
20	23	191
20	24	336
20	25	196
20	26	240
20	27	337
20	28	242
20	29	242
20	30	249
21	1	381
21	2	515
21	3	193
21	4	330
21	5	351
21	6	213
21	7	194
21	8	293
21	9	201
21	10	460
21	11	419
21	12	201
21	13	265
21	14	229
21	15	254
21	16	214
21	17	321
21	18	285
21	19	207
21	20	233
21	21	250
21	22	368
21	23	305
21	24	290
21	25	279
21	26	358
21	27	224
21	28	298
21	29	325
21	30	293
22	1	271
22	2	263
22	3	350
22	4	236
22	5	326
22	6	261
22	7	282
22	8	280
22	9	276
22	10	351
22	11	329
22	12	246
22	13	316
22	14	400
22	15	367
22	16	197
22	17	258
22	18	326
22	19	657
22	20	405
22	21	301
22	22	394
22	23	421
22	24	270
22	25	351
22	26	215
22	27	257
22	28	271
22	29	488
22	30	212
23	1	307
23	2	281
23	3	283
23	4	328
23	5	234
23	6	268
23	7	223
23	8	356
23	9	206
23	10	211
23	11	338
23	12	218
23	13	244
23	14	225
23	15	379
23	16	197
23	17	263
23	18	380
23	19	246
23	20	297
23	21	414
23	22	371
23	23	375
23	24	327
23	25	228
23	26	209
23	27	256
23	28	249
23	29	204
23	30	222
24	1	291
24	2	356
24	3	238
24	4	254
24	5	301
24	6	389
24	7	261
24	8	341
24	9	395
24	10	193
24	11	245
24	12	236
24	13	270
24	14	300
24	15	264
24	16	244
24	17	339
24	18	402
24	19	369
24	20	179
24	21	347
24	22	287
24	23	248
24	24	343
24	25	301
24	26	275
24	27	273
24	28	295
24	29	228
24	30	414
25	1	364
25	2	372
25	3	302
25	4	379
25	5	377
25	6	230
25	7	271
25	8	320
25	9	311
25	10	228
25	11	289
25	12	247
25	13	284
25	14	409
25	15	313
25	16	545
25	17	410
25	18	431
25	19	232
25	20	265
25	21	332
25	22	459
25	23	422
25	24	338
25	25	316
25	26	202
25	27	295
25	28	224
25	29	352
25	30	285
26	1	331
26	2	273
26	3	227
26	4	346
26	5	197
26	6	302
26	7	210
26	8	215
26	9	262
26	10	237
26	11	270
26	12	339
26	13	373
26	14	344
26	15	219
26	16	313
26	17	226
26	18	327
26	19	298
26	20	270
26	21	405
26	22	415
26	23	57
26	24	405
26	25	266
26	26	201
26	27	323
26	28	185
26	29	256
26	30	238
27	1	413
27	2	423
27	3	316
27	4	342
27	5	411
27	6	389
27	7	392
27	8	235
27	9	344
27	10	371
27	11	266
27	12	434
27	13	368
27	14	390
27	15	416
27	16	127
27	17	316
27	18	412
27	19	442
27	20	300
27	21	316
27	22	227
27	23	431
27	24	268
27	25	328
27	26	232
27	27	368
27	28	393
27	29	407
27	30	286
28	1	334
28	2	460
28	3	265
28	4	345
28	5	251
28	6	268
28	7	226
28	8	309
28	9	507
28	10	323
28	11	350
28	12	197
28	13	292
28	14	444
28	15	372
28	16	230
28	17	330
28	18	317
28	19	402
28	20	469
28	21	367
28	22	221
28	23	360
28	24	213
28	25	280
28	26	343
28	27	428
28	28	308
28	29	373
28	30	340
29	1	291
29	2	406
29	3	435
29	4	290
29	5	364
29	6	386
29	7	299
29	8	394
29	9	337
29	10	315
29	11	449
29	12	375
29	13	392
29	14	314
29	15	427
29	16	728
29	17	362
29	18	348
29	19	327
29	20	400
29	21	251
29	22	371
29	23	432
29	24	257
29	25	264
29	26	319
29	27	530
29	28	369
29	29	318
29	30	397
30	1	350
30	2	297
30	3	391
30	4	321
30	5	328
30	6	282
30	7	386
30	8	271
30	9	380
30	10	357
30	11	269
30	12	217
30	13	327
30	14	210
30	15	315
30	16	425
30	17	279
30	18	333
30	19	313
30	20	473
30	21	221
30	22	383
30	23	239
30	24	284
30	25	391
30	26	286
30	27	367
30	28	402
30	29	223
30	30	318
31	1	285
31	2	228
31	3	341
31	4	215
31	5	267
31	6	243
31	7	236
31	8	357
31	9	573
31	10	253
31	11	484
31	12	242
31	13	253
31	14	268
31	15	438
31	16	237
31	17	316
31	18	386
31	19	314
31	20	337
31	21	337
31	22	374
31	23	479
31	24	348
31	25	217
31	26	247
31	27	359
31	28	308
31	29	217
31	30	261
32	1	228
32	2	448
32	3	409
32	4	237
32	5	235
32	6	312
32	7	185
32	8	308
32	9	216
32	10	307
32	11	237
32	12	345
32	13	220
32	14	364
32	15	388
32	16	394
32	17	256
32	18	274
32	19	446
32	20	339
32	21	269
32	22	293
32	23	188
32	24	309
32	25	337
32	26	230
32	27	289
32	28	348
32	29	383
32	30	434
33	1	427
33	2	327
33	3	363
33	4	278
33	5	285
33	6	254
33	7	354
33	8	256
33	9	236
33	10	330
33	11	233
33	12	253
33	13	421
33	14	240
33	15	456
33	16	585
33	17	267
33	18	386
33	19	362
33	20	337
33	21	370
33	22	257
33	23	267
33	24	203
33	25	267
33	26	290
33	27	298
33	28	247
33	29	279
33	30	437
34	1	294
34	2	274
34	3	389
34	4	215
34	5	287
34	6	345
34	7	220
34	8	263
34	9	201
34	10	264
34	11	407
34	12	348
34	13	337
34	14	268
34	15	322
34	16	260
34	17	346
34	18	335
34	19	288
34	20	240
34	21	306
34	22	414
34	23	439
34	24	331
34	25	332
34	26	344
34	27	388
34	28	413
34	29	407
34	30	343
35	1	465
35	2	379
35	3	311
35	4	449
35	5	356
35	6	200
35	7	224
35	8	357
35	9	224
35	10	296
35	11	234
35	12	282
35	13	421
35	14	391
35	15	376
35	16	279
35	17	243
35	18	241
35	19	326
35	20	255
35	21	245
35	22	321
35	23	286
35	24	330
35	25	450
35	26	360
35	27	372
35	28	298
35	29	352
35	30	226
36	1	302
36	2	349
36	3	219
36	4	248
36	5	256
36	6	296
36	7	224
36	8	353
36	9	215
36	10	270
36	11	345
36	12	354
36	13	270
36	14	239
36	15	257
36	16	332
36	17	380
36	18	255
36	19	350
36	20	493
36	21	232
36	22	256
