NAME: 	ElenaVo_4day_lhand
Completed cycles:	38
Failed cycles:	1
Cycle	Trial	RT	Accuracy
1	1	624	T
1	2	293	F
1	3	328	T
1	4	308	T
1	5	300	T
1	6	274	T
1	7	255	T
1	8	292	T
1	9	292	T
1	10	206	F
1	11	290	T
1	12	229	T
1	13	251	T
1	14	258	T
1	15	317	T
1	16	256	T
1	17	286	T
1	18	321	T
1	19	334	T
1	20	259	T
1	21	332	T
1	22	271	T
1	23	311	T
1	24	288	T
1	25	276	T
1	26	236	T
1	27	308	T
1	28	297	T
1	29	245	T
1	30	208	T
2	1	470	T
2	2	281	T
2	3	245	T
2	4	318	T
2	5	298	T
2	6	262	T
2	7	238	T
2	8	325	T
2	9	370	T
2	10	225	T
2	11	222	T
2	12	228	T
2	13	195	T
2	14	389	T
2	15	197	T
2	16	247	T
2	17	220	T
2	18	184	T
2	19	250	T
2	20	235	T
2	21	263	T
2	22	197	T
2	23	375	T
2	24	353	T
2	25	223	T
2	26	331	T
2	27	232	T
2	28	229	T
2	29	205	T
2	30	233	T
3	1	227	T
3	2	411	T
3	3	492	T
3	4	352	T
3	5	297	T
3	6	221	T
3	7	221	T
3	8	411	T
3	9	260	T
3	10	297	T
3	11	316	T
3	12	400	T
3	13	294	T
3	14	359	T
3	15	263	T
3	16	288	T
3	17	259	T
3	18	260	T
3	19	224	T
3	20	186	T
3	21	283	T
3	22	155	T
3	23	359	T
3	24	252	T
3	25	229	T
3	26	210	T
3	27	186	T
3	28	244	T
3	29	381	T
3	30	297	T
4	1	379	T
4	2	218	T
4	3	186	T
4	4	331	T
4	5	306	T
4	6	396	T
4	7	513	T
4	8	253	T
4	9	234	T
4	10	260	T
4	11	231	T
4	12	318	T
4	13	208	T
4	14	211	T
4	15	333	T
4	16	265	T
4	17	257	T
4	18	233	T
4	19	226	T
4	20	276	T
4	21	211	T
4	22	231	T
4	23	368	T
4	24	287	T
4	25	384	T
4	26	151	T
4	27	221	T
4	28	388	T
4	29	306	T
4	30	209	T
5	1	481	T
5	2	433	T
5	3	249	T
5	4	246	T
5	5	325	T
5	6	313	T
5	7	334	T
5	8	273	T
5	9	246	T
5	10	205	T
5	11	200	F
5	12	227	T
5	13	251	T
5	14	392	T
5	15	421	T
5	16	318	T
5	17	297	T
5	18	312	T
5	19	239	T
5	20	212	T
5	21	255	T
5	22	202	T
5	23	205	T
5	24	260	T
5	25	208	T
5	26	279	T
5	27	321	T
5	28	300	T
5	29	291	T
5	30	264	T
6	1	458	T
6	2	443	T
6	3	304	T
6	4	233	T
6	5	358	T
6	6	318	T
6	7	282	T
6	8	249	T
6	9	288	T
6	10	422	T
6	11	247	T
6	12	221	T
6	13	212	T
6	14	196	T
6	15	186	T
6	16	277	T
6	17	225	T
6	18	224	T
6	19	282	T
6	20	399	T
6	21	183	F
6	22	250	T
6	23	351	T
6	24	360	T
6	25	233	T
6	26	236	T
6	27	231	T
6	28	304	T
6	29	226	T
6	30	291	T
7	1	226	F
7	2	178	T
7	3	322	T
7	4	384	T
7	5	394	T
7	6	201	T
7	7	460	T
7	8	231	T
7	9	224	T
7	10	236	T
7	11	327	T
7	12	317	T
7	13	257	T
7	14	368	T
7	15	350	T
7	16	240	T
7	17	417	T
7	18	257	T
7	19	288	T
7	20	320	T
7	21	431	T
7	22	250	T
7	23	368	T
7	24	243	T
7	25	271	T
7	26	221	T
7	27	250	T
7	28	320	T
7	29	206	T
7	30	184	F
8	1	330	T
8	2	321	T
8	3	311	T
8	4	247	T
8	5	243	T
8	6	290	T
8	7	195	T
8	8	329	T
8	9	170	T
8	10	288	T
8	11	179	F
8	12	213	T
8	13	249	T
8	14	284	T
8	15	277	F
8	16	181	T
8	17	205	F
8	18	165	F
8	19	253	T
8	20	297	T
8	21	199	T
8	22	210	T
8	23	0	F
8	24	333	T
8	25	157	F
8	26	249	T
8	27	238	T
8	28	244	T
8	29	192	T
8	30	207	T
9	1	308	T
9	2	140	F
9	3	222	T
9	4	212	T
9	5	176	T
9	6	179	T
9	7	221	T
9	8	209	F
9	9	227	T
9	10	388	T
9	11	346	T
9	12	247	T
9	13	296	T
9	14	282	T
9	15	245	T
9	16	328	T
9	17	223	T
9	18	248	T
9	19	226	T
9	20	224	T
9	21	187	T
9	22	187	T
9	23	291	T
9	24	392	T
9	25	226	T
9	26	4	F
9	27	222	T
9	28	186	T
9	29	231	T
9	30	245	T
10	1	229	T
10	2	328	T
10	3	244	T
10	4	382	T
10	5	213	T
10	6	275	T
10	7	346	T
10	8	216	T
10	9	204	T
10	10	387	T
10	11	298	T
10	12	288	T
10	13	253	T
10	14	218	T
10	15	246	T
10	16	281	T
10	17	245	T
10	18	183	T
10	19	339	T
10	20	348	T
10	21	245	T
10	22	188	F
10	23	189	T
10	24	204	T
10	25	158	T
10	26	237	T
10	27	202	T
10	28	333	T
10	29	388	T
10	30	129	T
11	1	216	T
11	2	390	T
11	3	224	T
11	4	195	F
11	5	290	T
11	6	200	T
11	7	264	F
11	8	159	T
11	9	241	T
11	10	196	T
11	11	282	T
11	12	180	F
11	13	206	T
11	14	138	T
11	15	187	T
11	16	200	T
11	17	351	T
11	18	345	T
11	19	169	T
11	20	367	T
11	21	147	T
11	22	334	T
11	23	308	T
11	24	234	T
11	25	214	T
11	26	226	T
11	27	281	T
11	28	194	T
11	29	192	T
11	30	196	T
12	1	185	T
12	2	326	T
12	3	283	T
12	4	263	F
12	5	212	T
12	6	362	T
12	7	366	T
12	8	157	T
12	9	233	T
12	10	186	T
12	11	283	T
12	12	139	F
12	13	189	T
12	14	130	T
12	15	175	T
12	16	244	F
12	17	152	T
12	18	343	T
12	19	175	T
12	20	309	T
12	21	154	F
12	22	182	T
12	23	252	T
12	24	166	F
12	25	288	T
12	26	164	F
12	27	349	T
12	28	220	T
12	29	173	T
12	30	423	T
13	1	347	T
13	2	290	F
13	3	372	T
13	4	262	T
13	5	199	T
13	6	169	T
13	7	222	T
13	8	275	T
13	9	233	F
13	10	255	T
13	11	382	T
13	12	358	T
13	13	255	T
13	14	235	T
13	15	211	T
13	16	216	T
13	17	322	T
13	18	231	T
13	19	244	T
13	20	197	T
13	21	389	T
13	22	160	F
13	23	310	T
13	24	164	F
13	25	295	T
13	26	244	T
13	27	231	T
13	28	266	T
13	29	189	T
13	30	273	T
14	1	216	F
14	2	185	T
14	3	275	T
14	4	143	F
14	5	347	T
14	6	490	T
14	7	305	T
14	8	374	T
14	9	190	T
14	10	182	T
14	11	327	T
14	12	403	T
14	13	200	F
14	14	419	T
14	15	179	F
14	16	375	T
14	17	398	T
14	18	275	T
14	19	252	T
14	20	174	F
14	21	283	T
14	22	226	T
14	23	285	T
14	24	273	T
14	25	308	T
14	26	395	T
14	27	188	T
14	28	210	T
14	29	165	T
14	30	289	T
15	1	147	F
15	2	145	F
15	3	339	T
15	4	315	T
15	5	255	T
15	6	275	T
15	7	211	T
15	8	304	T
15	9	160	T
15	10	325	T
15	11	204	T
15	12	226	T
15	13	171	T
15	14	169	T
15	15	199	F
15	16	205	F
15	17	307	T
15	18	307	T
15	19	303	T
15	20	262	T
15	21	217	F
15	22	309	F
15	23	487	T
15	24	240	T
15	25	194	T
15	26	343	T
15	27	192	F
15	28	280	T
15	29	303	T
15	30	416	T
16	1	556	T
16	2	381	T
16	3	296	T
16	4	268	T
16	5	191	T
16	6	335	T
16	7	333	T
16	8	238	F
16	9	263	T
16	10	281	T
16	11	180	T
16	12	264	F
16	13	321	T
16	14	234	T
16	15	279	T
16	16	228	T
16	17	225	F
16	18	316	T
16	19	279	T
16	20	252	T
16	21	179	T
16	22	315	T
16	23	368	T
16	24	179	T
16	25	245	T
16	26	367	T
16	27	293	T
16	28	319	T
16	29	263	T
16	30	199	T
17	1	191	T
17	2	166	F
17	3	278	T
17	4	197	T
17	5	201	T
17	6	367	T
17	7	131	F
17	8	339	T
17	9	183	F
17	10	169	T
17	11	165	F
17	12	275	T
17	13	355	T
17	14	154	F
17	15	237	T
17	16	327	T
17	17	333	T
17	18	160	F
17	19	168	T
17	20	170	T
17	21	321	T
17	22	346	T
17	23	191	T
17	24	273	T
17	25	132	T
17	26	238	F
17	27	334	T
17	28	439	T
17	29	263	T
17	30	309	T
18	1	450	T
18	2	368	T
18	3	251	T
18	4	222	T
18	5	149	F
18	6	269	T
18	7	178	T
18	8	243	F
18	9	333	T
18	10	178	F
18	11	245	T
18	12	309	T
18	13	220	T
18	14	158	T
18	15	246	T
18	16	203	F
18	17	345	T
18	18	185	T
18	19	310	T
18	20	227	T
18	21	209	T
18	22	265	T
18	23	180	F
18	24	322	T
18	25	192	F
18	26	203	T
18	27	251	T
18	28	291	T
18	29	348	T
18	30	168	T
19	1	224	F
19	2	240	T
19	3	123	T
19	4	150	F
19	5	338	T
19	6	206	T
19	7	292	T
19	8	226	T
19	9	272	T
19	10	270	T
19	11	181	T
19	12	196	T
19	13	266	T
19	14	230	T
19	15	349	T
19	16	185	T
19	17	293	T
19	18	336	T
19	19	249	T
19	20	217	T
19	21	271	T
19	22	245	T
19	23	395	T
19	24	350	T
19	25	198	T
19	26	226	T
19	27	265	T
19	28	236	F
19	29	293	T
19	30	172	T
20	1	225	T
20	2	196	T
20	3	211	T
20	4	215	F
20	5	298	F
20	6	326	T
20	7	272	T
20	8	165	T
20	9	304	T
20	10	162	T
20	11	230	T
20	12	349	T
20	13	186	T
20	14	227	T
20	15	200	T
20	16	223	T
20	17	197	T
20	18	251	T
20	19	227	F
20	20	294	T
20	21	196	F
20	22	258	T
20	23	339	T
20	24	235	T
20	25	294	T
20	26	323	T
20	27	425	T
20	28	184	T
20	29	222	T
20	30	246	T
21	1	349	F
21	2	277	T
21	3	366	T
21	4	238	T
21	5	227	T
21	6	182	F
21	7	227	F
21	8	239	T
21	9	286	T
21	10	218	T
21	11	231	T
21	12	288	T
21	13	256	T
21	14	263	T
21	15	399	T
21	16	316	T
21	17	346	T
21	18	240	T
21	19	326	T
21	20	213	T
21	21	250	F
21	22	373	T
21	23	211	T
21	24	237	T
21	25	271	T
21	26	345	T
21	27	185	T
21	28	247	T
21	29	273	T
21	30	202	T
22	1	378	T
22	2	208	T
22	3	209	T
22	4	305	T
22	5	343	T
22	6	251	T
22	7	228	T
22	8	232	T
22	9	291	T
22	10	248	T
22	11	239	T
22	12	356	T
22	13	181	T
22	14	301	T
22	15	211	T
22	16	262	T
22	17	227	T
22	18	402	T
22	19	296	T
22	20	189	F
22	21	211	F
22	22	346	T
22	23	387	T
22	24	159	F
22	25	357	T
22	26	289	T
22	27	298	T
22	28	287	T
22	29	320	T
22	30	207	F
23	1	445	T
23	2	249	T
23	3	230	T
23	4	227	T
23	5	171	T
23	6	325	T
23	7	166	F
23	8	369	T
23	9	240	T
23	10	305	T
23	11	214	T
23	12	282	T
23	13	220	F
23	14	274	T
23	15	361	T
23	16	222	T
23	17	372	T
23	18	214	T
23	19	275	T
23	20	240	F
23	21	187	F
23	22	282	T
23	23	166	F
23	24	127	F
23	25	268	T
23	26	259	T
23	27	192	T
23	28	202	T
23	29	221	T
23	30	300	F
24	1	389	T
24	2	149	T
24	3	187	F
24	4	254	T
24	5	300	T
24	6	208	F
24	7	278	T
24	8	262	T
24	9	332	T
24	10	203	T
24	11	194	T
24	12	305	T
24	13	182	T
24	14	256	T
24	15	248	T
24	16	210	T
24	17	197	F
24	18	349	T
24	19	186	T
24	20	225	T
24	21	370	T
24	22	215	T
24	23	252	T
24	24	311	T
24	25	221	T
24	26	240	T
24	27	410	T
24	28	373	T
24	29	146	F
24	30	266	T
25	1	444	T
25	2	303	T
25	3	355	T
25	4	298	F
25	5	204	T
25	6	157	T
25	7	261	T
25	8	195	T
25	9	263	T
25	10	201	T
25	11	283	T
25	12	180	T
25	13	355	T
25	14	196	T
25	15	345	F
25	16	207	T
25	17	322	T
25	18	165	F
25	19	281	T
25	20	357	T
25	21	231	T
25	22	200	T
25	23	372	T
25	24	363	T
25	25	236	T
25	26	195	T
25	27	323	T
25	28	234	T
25	29	252	T
25	30	191	F
26	1	358	T
26	2	258	T
26	3	205	T
26	4	277	T
26	5	287	T
26	6	221	T
26	7	202	T
26	8	306	T
26	9	182	F
26	10	243	T
26	11	265	T
26	12	212	T
26	13	314	T
26	14	324	T
26	15	197	F
26	16	234	F
26	17	317	T
26	18	202	T
26	19	239	T
26	20	158	T
26	21	197	T
26	22	6	T
26	23	363	T
26	24	416	T
26	25	268	F
26	26	191	T
26	27	262	T
26	28	207	T
26	29	186	T
26	30	180	T
27	1	245	T
27	2	198	T
27	3	227	T
27	4	209	T
27	5	210	T
27	6	260	T
27	7	259	T
27	8	306	T
27	9	278	T
27	10	339	T
27	11	348	T
27	12	225	T
27	13	291	T
27	14	326	T
27	15	245	T
27	16	366	T
27	17	227	F
27	18	283	F
27	19	218	F
27	20	231	T
27	21	324	T
27	22	198	T
27	23	236	T
27	24	247	T
27	25	200	T
27	26	271	T
27	27	374	T
27	28	293	T
27	29	233	T
27	30	257	T
28	1	340	T
28	2	159	F
28	3	202	F
28	4	240	T
28	5	303	T
28	6	306	T
28	7	355	T
28	8	184	F
28	9	348	T
28	10	202	F
28	11	384	T
28	12	272	T
28	13	368	T
28	14	163	T
28	15	209	T
28	16	220	T
28	17	186	T
28	18	215	T
28	19	368	T
28	20	209	T
28	21	220	F
28	22	231	F
28	23	294	T
28	24	211	F
28	25	297	T
28	26	249	T
28	27	186	T
28	28	265	T
28	29	313	T
28	30	232	T
29	1	357	T
29	2	406	T
29	3	290	T
29	4	390	T
29	5	322	T
29	6	222	T
29	7	261	T
29	8	261	T
29	9	324	T
29	10	360	T
29	11	276	T
29	12	249	T
29	13	325	T
29	14	291	T
29	15	204	T
29	16	197	T
29	17	392	T
29	18	425	T
29	19	289	T
29	20	206	T
29	21	288	T
29	22	192	T
29	23	269	T
29	24	210	T
29	25	215	T
29	26	294	T
29	27	227	T
29	28	246	T
29	29	269	F
29	30	196	T
30	1	237	F
30	2	374	T
30	3	171	F
30	4	249	T
30	5	189	F
30	6	323	T
30	7	173	T
30	8	219	T
30	9	224	T
30	10	395	T
30	11	252	T
30	12	221	T
30	13	231	T
30	14	234	F
30	15	0	F
30	16	326	T
30	17	307	T
30	18	385	T
30	19	261	T
30	20	252	T
30	21	272	T
30	22	238	T
30	23	373	F
30	24	193	T
30	25	231	T
30	26	210	T
30	27	268	T
30	28	395	T
30	29	333	T
30	30	268	T
31	1	298	T
31	2	299	T
31	3	255	T
31	4	241	T
31	5	321	T
31	6	211	T
31	7	318	T
31	8	269	T
31	9	468	T
31	10	334	T
31	11	217	F
31	12	255	T
31	13	257	T
31	14	303	T
31	15	231	F
31	16	336	T
31	17	249	T
31	18	193	T
31	19	265	T
31	20	144	F
31	21	222	T
31	22	247	T
31	23	391	T
31	24	233	T
31	25	254	T
31	26	217	T
31	27	208	T
31	28	359	T
31	29	208	T
31	30	339	T
32	1	435	T
32	2	383	T
32	3	265	T
32	4	281	T
32	5	301	T
32	6	227	T
32	7	282	T
32	8	227	T
32	9	326	T
32	10	366	T
32	11	156	F
32	12	218	F
32	13	311	T
32	14	434	T
32	15	295	T
32	16	273	T
32	17	228	T
32	18	198	T
32	19	327	T
32	20	323	T
32	21	227	T
32	22	216	T
32	23	231	T
32	24	262	T
32	25	328	T
32	26	257	T
32	27	207	T
32	28	298	T
32	29	269	T
32	30	234	T
33	1	238	F
33	2	253	F
33	3	231	T
33	4	275	T
33	5	185	T
33	6	193	T
33	7	181	F
33	8	366	T
33	9	277	T
33	10	278	T
33	11	332	T
33	12	418	T
33	13	269	F
33	14	245	T
33	15	330	T
33	16	377	T
33	17	237	T
33	18	237	T
33	19	247	T
33	20	249	T
33	21	415	T
33	22	286	F
33	23	396	T
33	24	193	T
33	25	192	F
33	26	333	T
33	27	226	T
33	28	283	T
33	29	191	T
33	30	570	T
34	1	245	F
34	2	338	T
34	3	329	T
34	4	204	T
34	5	503	T
34	6	364	T
34	7	238	T
34	8	257	T
34	9	285	T
34	10	289	T
34	11	238	T
34	12	227	F
34	13	282	T
34	14	349	T
34	15	150	T
34	16	237	T
34	17	256	T
34	18	275	T
34	19	308	T
34	20	375	T
34	21	229	F
34	22	229	F
34	23	300	T
34	24	245	T
34	25	249	T
34	26	296	T
34	27	270	T
34	28	230	T
34	29	237	F
34	30	198	T
35	1	330	T
35	2	363	T
35	3	233	T
35	4	248	T
35	5	198	T
35	6	229	T
35	7	360	T
35	8	337	T
35	9	144	F
35	10	280	T
35	11	177	T
35	12	220	T
35	13	276	F
35	14	168	T
35	15	271	F
35	16	178	T
35	17	248	T
35	18	205	T
35	19	349	T
35	20	214	T
35	21	277	T
35	22	388	T
35	23	176	T
35	24	380	T
35	25	243	T
35	26	231	T
35	27	190	F
35	28	308	T
35	29	144	T
35	30	275	T
36	1	200	T
36	2	202	T
36	3	228	F
36	4	164	T
36	5	285	T
36	6	207	T
36	7	234	T
36	8	359	T
36	9	168	F
36	10	194	T
36	11	336	T
36	12	165	T
36	13	243	T
36	14	200	T
36	15	204	T
36	16	204	T
36	17	413	T
36	18	200	T
36	19	226	T
36	20	180	T
36	21	237	T
36	22	274	T
36	23	236	T
36	24	186	F
36	25	252	T
36	26	211	T
36	27	314	T
36	28	141	F
36	29	224	T
36	30	278	T
37	1	218	T
37	2	10	T
37	3	231	F
37	4	292	T
37	5	262	F
37	6	279	F
37	7	318	T
37	8	224	T
37	9	263	T
37	10	239	T
37	11	244	T
37	12	207	T
37	13	371	T
37	14	207	T
37	15	248	T
37	16	238	T
37	17	377	T
37	18	156	F
37	19	340	T
37	20	284	T
37	21	239	T
37	22	327	T
37	23	210	T
37	24	312	T
37	25	265	T
37	26	258	T
37	27	214	T
37	28	649	T
37	29	225	T
37	30	353	T
38	1	212	T
38	2	283	F
38	3	233	T
38	4	448	T
38	5	410	T
38	6	340	T
38	7	308	T
38	8	318	T
38	9	196	F
38	10	254	F
38	11	365	T
38	12	406	T
38	13	254	T
38	14	299	T
38	15	487	T
38	16	272	T
38	17	238	T
38	18	373	T
38	19	219	T
38	20	334	T
38	21	288	F
38	22	246	F
38	23	303	T
38	24	254	T
38	25	295	T
38	26	297	T
38	27	284	T
38	28	192	T
38	29	319	T
38	30	388	T
39	1	289	T
39	2	305	T
39	3	278	T
39	4	240	T
39	5	372	T
39	6	326	T
39	7	244	T
39	8	354	T
