NAME: 	ElenaVo_4day_rhand
Completed cycles:	39
Failed cycles:	1
Cycle	Trial	RT	Accuracy
1	1	538	T
1	2	351	T
1	3	250	T
1	4	209	T
1	5	222	T
1	6	279	T
1	7	213	F
1	8	288	T
1	9	216	T
1	10	276	T
1	11	263	T
1	12	286	T
1	13	269	T
1	14	267	T
1	15	230	T
1	16	241	T
1	17	230	T
1	18	206	T
1	19	231	T
1	20	225	T
1	21	205	T
1	22	312	T
1	23	250	T
1	24	232	T
1	25	291	F
1	26	287	T
1	27	210	T
1	28	259	T
1	29	204	T
1	30	293	T
2	1	273	T
2	2	414	T
2	3	280	T
2	4	250	T
2	5	275	T
2	6	237	T
2	7	271	T
2	8	425	T
2	9	338	T
2	10	204	T
2	11	242	T
2	12	238	T
2	13	222	T
2	14	209	T
2	15	255	T
2	16	288	T
2	17	187	T
2	18	266	T
2	19	181	F
2	20	389	T
2	21	222	T
2	22	252	T
2	23	213	T
2	24	254	T
2	25	282	T
2	26	236	T
2	27	247	T
2	28	293	T
2	29	644	T
2	30	253	T
3	1	289	T
3	2	318	T
3	3	228	T
3	4	286	T
3	5	366	T
3	6	257	T
3	7	256	T
3	8	276	T
3	9	237	T
3	10	275	T
3	11	351	T
3	12	222	T
3	13	352	T
3	14	213	T
3	15	241	T
3	16	250	T
3	17	219	T
3	18	270	T
3	19	373	T
3	20	319	T
3	21	319	T
3	22	239	T
3	23	284	T
3	24	247	T
3	25	287	T
3	26	406	T
3	27	242	T
3	28	264	T
3	29	220	T
3	30	219	T
4	1	208	T
4	2	314	T
4	3	210	T
4	4	261	T
4	5	224	T
4	6	283	T
4	7	403	T
4	8	296	T
4	9	307	T
4	10	219	T
4	11	249	T
4	12	431	T
4	13	265	T
4	14	191	T
4	15	289	T
4	16	240	T
4	17	263	T
4	18	386	T
4	19	301	T
4	20	308	T
4	21	277	T
4	22	215	T
4	23	248	T
4	24	239	T
4	25	371	T
4	26	209	T
4	27	203	T
4	28	325	T
4	29	260	T
4	30	223	T
5	1	233	T
5	2	287	T
5	3	323	F
5	4	304	T
5	5	253	F
5	6	196	T
5	7	341	T
5	8	278	T
5	9	405	F
5	10	252	T
5	11	208	T
5	12	253	T
5	13	214	T
5	14	288	T
5	15	191	T
5	16	372	T
5	17	277	T
5	18	221	T
5	19	201	T
5	20	235	T
5	21	310	T
5	22	209	T
5	23	254	T
5	24	235	T
5	25	284	T
5	26	218	T
5	27	265	T
5	28	254	T
5	29	333	T
5	30	229	T
6	1	413	T
6	2	322	T
6	3	212	T
6	4	245	T
6	5	326	T
6	6	231	T
6	7	241	T
6	8	260	T
6	9	220	T
6	10	493	T
6	11	343	T
6	12	230	T
6	13	220	T
6	14	319	T
6	15	284	T
6	16	373	T
6	17	226	T
6	18	300	T
6	19	235	T
6	20	396	T
6	21	358	T
6	22	288	T
6	23	322	T
6	24	207	T
6	25	197	T
6	26	214	T
6	27	260	T
6	28	367	T
6	29	187	T
6	30	334	T
7	1	210	F
7	2	287	T
7	3	275	T
7	4	359	T
7	5	252	T
7	6	248	T
7	7	233	T
7	8	278	T
7	9	295	T
7	10	318	T
7	11	211	T
7	12	369	T
7	13	343	T
7	14	233	T
7	15	246	T
7	16	245	T
7	17	236	T
7	18	228	T
7	19	199	F
7	20	251	T
7	21	264	T
7	22	229	T
7	23	212	T
7	24	277	T
7	25	369	F
7	26	208	T
7	27	268	T
7	28	265	T
7	29	285	T
7	30	220	T
8	1	210	F
8	2	272	T
8	3	328	F
8	4	238	T
8	5	364	T
8	6	292	T
8	7	240	T
8	8	221	T
8	9	209	T
8	10	253	T
8	11	223	T
8	12	213	T
8	13	225	T
8	14	388	T
8	15	300	T
8	16	211	T
8	17	371	T
8	18	357	T
8	19	269	F
8	20	214	T
8	21	259	T
8	22	279	T
8	23	190	T
8	24	261	T
8	25	265	T
8	26	205	T
8	27	210	T
8	28	219	T
8	29	188	F
8	30	211	T
9	1	321	T
9	2	279	T
9	3	256	T
9	4	213	T
9	5	288	T
9	6	251	T
9	7	362	T
9	8	340	T
9	9	336	T
9	10	382	T
9	11	250	T
9	12	292	T
9	13	217	T
9	14	184	T
9	15	289	T
9	16	248	T
9	17	184	T
9	18	194	T
9	19	352	T
9	20	198	T
9	21	308	T
9	22	418	T
9	23	203	T
9	24	208	T
9	25	313	T
9	26	331	T
9	27	211	T
9	28	231	T
9	29	220	T
9	30	194	T
10	1	305	T
10	2	259	T
10	3	235	T
10	4	175	T
10	5	241	T
10	6	367	T
10	7	269	T
10	8	294	T
10	9	185	T
10	10	274	T
10	11	231	F
10	12	195	T
10	13	364	T
10	14	213	T
10	15	220	T
10	16	291	T
10	17	204	T
10	18	278	T
10	19	203	T
10	20	171	T
10	21	205	T
10	22	149	F
10	23	336	F
10	24	219	T
10	25	257	T
10	26	304	T
10	27	311	T
10	28	254	T
10	29	201	T
10	30	388	T
11	1	198	F
11	2	317	T
11	3	254	T
11	4	329	F
11	5	265	T
11	6	309	T
11	7	186	T
11	8	182	T
11	9	281	T
11	10	302	T
11	11	249	T
11	12	245	T
11	13	242	T
11	14	221	F
11	15	550	T
11	16	289	T
11	17	304	T
11	18	196	T
11	19	277	T
11	20	308	T
11	21	269	T
11	22	244	T
11	23	346	F
11	24	373	T
11	25	191	T
11	26	273	F
11	27	201	F
11	28	238	T
11	29	200	F
11	30	239	T
12	1	305	F
12	2	302	T
12	3	276	T
12	4	329	T
12	5	274	T
12	6	345	T
12	7	315	T
12	8	232	T
12	9	250	T
12	10	272	T
12	11	217	T
12	12	242	T
12	13	223	T
12	14	262	T
12	15	360	T
12	16	235	T
12	17	201	T
12	18	238	T
12	19	194	T
12	20	339	T
12	21	295	T
12	22	217	T
12	23	221	F
12	24	289	T
12	25	336	T
12	26	209	F
12	27	164	T
12	28	266	T
12	29	257	T
12	30	182	T
13	1	304	T
13	2	263	T
13	3	412	T
13	4	185	T
13	5	236	T
13	6	313	T
13	7	323	T
13	8	193	T
13	9	324	T
13	10	359	T
13	11	267	T
13	12	253	T
13	13	219	T
13	14	296	T
13	15	223	T
13	16	230	T
13	17	321	T
13	18	199	T
13	19	195	F
13	20	259	T
13	21	188	T
13	22	257	T
13	23	331	T
13	24	199	F
13	25	259	T
13	26	274	T
13	27	328	T
13	28	205	T
13	29	239	T
13	30	202	T
14	1	237	T
14	2	197	T
14	3	231	T
14	4	165	T
14	5	278	T
14	6	184	T
14	7	239	T
14	8	187	T
14	9	183	T
14	10	195	T
14	11	262	T
14	12	292	T
14	13	174	T
14	14	199	T
14	15	173	T
14	16	304	T
14	17	214	T
14	18	248	T
14	19	316	T
14	20	294	T
14	21	376	T
14	22	250	T
14	23	212	T
14	24	182	F
14	25	225	T
14	26	266	F
14	27	153	F
14	28	299	T
14	29	258	T
14	30	338	T
15	1	237	T
15	2	258	T
15	3	238	T
15	4	447	T
15	5	199	T
15	6	332	T
15	7	189	T
15	8	318	T
15	9	225	T
15	10	298	T
15	11	339	T
15	12	374	T
15	13	294	F
15	14	303	T
15	15	352	T
15	16	189	T
15	17	404	T
15	18	230	F
15	19	245	T
15	20	250	F
15	21	518	T
15	22	305	T
15	23	396	T
15	24	522	T
15	25	295	T
15	26	211	T
15	27	278	T
15	28	248	F
15	29	251	T
15	30	272	T
16	1	308	T
16	2	309	T
16	3	237	T
16	4	274	T
16	5	196	T
16	6	262	T
16	7	252	T
16	8	295	T
16	9	257	T
16	10	358	T
16	11	297	T
16	12	212	T
16	13	191	T
16	14	236	T
16	15	210	T
16	16	195	T
16	17	223	T
16	18	377	T
16	19	215	T
16	20	223	T
16	21	178	T
16	22	355	T
16	23	283	T
16	24	224	T
16	25	261	T
16	26	273	T
16	27	237	T
16	28	237	T
16	29	272	T
16	30	218	T
17	1	214	T
17	2	338	T
17	3	379	T
17	4	227	T
17	5	201	F
17	6	243	T
17	7	339	T
17	8	261	T
17	9	226	T
17	10	260	T
17	11	247	T
17	12	244	T
17	13	322	T
17	14	207	T
17	15	277	T
17	16	362	T
17	17	269	T
17	18	220	T
17	19	272	T
17	20	235	T
17	21	247	T
17	22	312	T
17	23	238	T
17	24	176	T
17	25	288	T
17	26	176	T
17	27	271	T
17	28	407	T
17	29	224	T
17	30	314	T
18	1	227	T
18	2	248	T
18	3	215	T
18	4	241	T
18	5	201	T
18	6	266	T
18	7	355	T
18	8	243	T
18	9	237	T
18	10	269	T
18	11	223	T
18	12	242	T
18	13	337	T
18	14	214	T
18	15	239	T
18	16	293	T
18	17	240	T
18	18	201	T
18	19	182	T
18	20	251	T
18	21	170	T
18	22	252	T
18	23	164	F
18	24	250	T
18	25	238	T
18	26	348	T
18	27	200	T
18	28	239	T
18	29	193	T
18	30	267	T
19	1	230	F
19	2	227	F
19	3	234	T
19	4	185	F
19	5	306	T
19	6	207	T
19	7	240	T
19	8	265	T
19	9	241	F
19	10	212	T
19	11	191	T
19	12	339	T
19	13	316	T
19	14	222	T
19	15	260	T
19	16	228	F
19	17	277	T
19	18	174	T
19	19	195	T
19	20	166	T
19	21	198	T
19	22	353	T
19	23	143	T
19	24	200	F
19	25	225	F
19	26	308	T
19	27	282	T
19	28	303	T
19	29	215	T
19	30	201	T
20	1	196	T
20	2	354	T
20	3	214	T
20	4	231	T
20	5	272	T
20	6	161	T
20	7	247	T
20	8	306	T
20	9	280	T
20	10	284	T
20	11	176	T
20	12	228	T
20	13	208	T
20	14	193	T
20	15	283	T
20	16	363	T
20	17	167	T
20	18	194	T
20	19	215	T
20	20	299	T
20	21	334	T
20	22	264	F
20	23	206	F
20	24	212	T
20	25	272	T
20	26	300	T
20	27	202	T
20	28	266	T
20	29	231	T
20	30	397	T
21	1	243	T
21	2	316	T
21	3	436	T
21	4	244	T
21	5	193	T
21	6	241	T
21	7	282	T
21	8	226	T
21	9	193	F
21	10	218	T
21	11	227	T
21	12	212	T
21	13	239	T
21	14	206	T
21	15	214	T
21	16	201	T
21	17	451	T
21	18	245	T
21	19	178	T
21	20	199	T
21	21	221	T
21	22	242	T
21	23	204	T
21	24	190	T
21	25	228	T
21	26	163	T
21	27	319	T
21	28	387	T
21	29	258	T
21	30	182	T
22	1	268	T
22	2	327	T
22	3	195	F
22	4	190	T
22	5	169	T
22	6	355	T
22	7	335	T
22	8	255	T
22	9	194	T
22	10	223	T
22	11	239	T
22	12	220	T
22	13	202	T
22	14	355	T
22	15	175	T
22	16	352	T
22	17	179	F
22	18	212	T
22	19	259	T
22	20	203	T
22	21	207	F
22	22	191	T
22	23	274	T
22	24	286	T
22	25	163	T
22	26	199	T
22	27	415	T
22	28	140	F
22	29	180	T
22	30	190	F
23	1	405	T
23	2	329	T
23	3	229	T
23	4	186	T
23	5	193	T
23	6	325	F
23	7	229	T
23	8	282	F
23	9	348	T
23	10	201	T
23	11	191	T
23	12	260	T
23	13	248	T
23	14	197	T
23	15	221	T
23	16	206	T
23	17	305	T
23	18	185	T
23	19	387	T
23	20	183	T
23	21	470	T
23	22	333	T
23	23	203	T
23	24	201	T
23	25	231	T
23	26	284	T
23	27	156	T
23	28	229	T
23	29	249	T
23	30	166	T
24	1	177	F
24	2	241	T
24	3	314	T
24	4	202	T
24	5	209	T
24	6	229	T
24	7	242	T
24	8	193	T
24	9	375	T
24	10	177	F
24	11	189	T
24	12	287	T
24	13	245	T
24	14	265	T
24	15	397	T
24	16	217	T
24	17	290	T
24	18	255	T
24	19	244	T
24	20	232	T
24	21	272	T
24	22	249	T
24	23	228	T
24	24	247	T
24	25	247	T
24	26	252	T
24	27	228	T
24	28	307	T
24	29	242	T
24	30	276	T
25	1	331	T
25	2	322	T
25	3	198	F
25	4	232	T
25	5	236	T
25	6	347	T
25	7	248	T
25	8	254	T
25	9	196	T
25	10	263	T
25	11	247	T
25	12	226	T
25	13	232	T
25	14	386	T
25	15	202	T
25	16	233	T
25	17	168	T
25	18	201	T
25	19	274	T
25	20	392	T
25	21	183	F
25	22	231	T
25	23	269	T
25	24	163	T
25	25	235	T
25	26	237	T
25	27	293	T
25	28	213	T
25	29	204	T
25	30	284	T
26	1	279	T
26	2	370	T
26	3	228	T
26	4	242	T
26	5	212	T
26	6	238	T
26	7	207	T
26	8	240	T
26	9	366	T
26	10	279	T
26	11	407	T
26	12	224	T
26	13	196	T
26	14	306	T
26	15	298	T
26	16	206	T
26	17	189	T
26	18	261	T
26	19	370	T
26	20	256	T
26	21	237	T
26	22	334	T
26	23	223	T
26	24	226	T
26	25	234	T
26	26	237	T
26	27	204	T
26	28	235	T
26	29	247	T
26	30	258	T
27	1	237	F
27	2	160	F
27	3	283	T
27	4	312	T
27	5	214	T
27	6	206	T
27	7	212	T
27	8	197	T
27	9	220	T
27	10	163	T
27	11	222	T
27	12	174	T
27	13	325	T
27	14	275	T
27	15	379	T
27	16	209	F
27	17	221	T
27	18	178	T
27	19	203	T
27	20	228	T
27	21	232	T
27	22	188	T
27	23	298	T
27	24	184	T
27	25	366	T
27	26	246	T
27	27	187	T
27	28	228	T
27	29	218	T
27	30	403	T
28	1	161	F
28	2	329	T
28	3	217	F
28	4	232	F
28	5	258	T
28	6	192	T
28	7	183	T
28	8	302	T
28	9	188	T
28	10	255	T
28	11	236	T
28	12	201	T
28	13	220	T
28	14	204	T
28	15	225	T
28	16	244	T
28	17	205	F
28	18	275	T
28	19	328	T
28	20	255	T
28	21	192	T
28	22	210	T
28	23	209	T
28	24	232	T
28	25	261	T
28	26	358	T
28	27	394	T
28	28	205	T
28	29	194	T
28	30	308	T
29	1	221	F
29	2	234	T
29	3	319	T
29	4	245	T
29	5	211	T
29	6	218	T
29	7	204	T
29	8	372	T
29	9	286	T
29	10	214	T
29	11	187	F
29	12	318	T
29	13	186	T
29	14	290	F
29	15	253	T
29	16	170	T
29	17	339	T
29	18	328	T
29	19	244	T
29	20	207	F
29	21	262	T
29	22	210	T
29	23	191	F
29	24	234	T
29	25	246	T
29	26	205	T
29	27	267	T
29	28	210	T
29	29	349	F
29	30	138	T
30	1	347	T
30	2	227	T
30	3	265	T
30	4	227	T
30	5	270	T
30	6	231	T
30	7	199	T
30	8	352	T
30	9	183	T
30	10	246	T
30	11	209	T
30	12	227	T
30	13	216	T
30	14	319	T
30	15	186	T
30	16	248	T
30	17	386	T
30	18	264	T
30	19	190	T
30	20	338	T
30	21	171	T
30	22	224	T
30	23	309	T
30	24	208	T
30	25	276	T
30	26	209	T
30	27	194	T
30	28	158	T
30	29	303	T
30	30	224	T
31	1	247	T
31	2	174	F
31	3	259	T
31	4	262	T
31	5	199	T
31	6	350	T
31	7	174	T
31	8	261	T
31	9	319	T
31	10	350	T
31	11	240	T
31	12	214	T
31	13	432	T
31	14	253	T
31	15	241	T
31	16	254	T
31	17	239	T
31	18	314	T
31	19	210	T
31	20	237	T
31	21	221	T
31	22	235	T
31	23	178	F
31	24	253	T
31	25	225	T
31	26	281	T
31	27	260	T
31	28	450	T
31	29	347	T
31	30	247	T
32	1	205	T
32	2	278	T
32	3	206	F
32	4	179	T
32	5	347	T
32	6	242	T
32	7	240	T
32	8	230	T
32	9	198	T
32	10	292	T
32	11	211	F
32	12	274	T
32	13	212	T
32	14	284	T
32	15	220	T
32	16	265	T
32	17	366	T
32	18	186	T
32	19	252	T
32	20	287	T
32	21	218	T
32	22	245	T
32	23	260	T
32	24	258	T
32	25	280	T
32	26	233	T
32	27	173	T
32	28	351	T
32	29	231	T
32	30	213	T
33	1	677	T
33	2	248	T
33	3	216	F
33	4	212	T
33	5	233	T
33	6	208	T
33	7	354	T
33	8	207	T
33	9	245	T
33	10	323	T
33	11	211	T
33	12	249	T
33	13	263	T
33	14	244	T
33	15	223	T
33	16	199	T
33	17	184	T
33	18	220	T
33	19	207	T
33	20	258	T
33	21	179	T
33	22	271	T
33	23	225	T
33	24	192	T
33	25	318	T
33	26	184	F
33	27	198	T
33	28	197	T
33	29	403	T
33	30	207	T
34	1	223	F
34	2	258	T
34	3	235	T
34	4	238	T
34	5	276	T
34	6	249	T
34	7	179	T
34	8	193	T
34	9	180	T
34	10	248	T
34	11	296	T
34	12	236	T
34	13	377	T
34	14	264	T
34	15	240	T
34	16	230	T
34	17	266	T
34	18	410	T
34	19	361	T
34	20	275	T
34	21	207	T
34	22	259	F
34	23	371	T
34	24	269	T
34	25	237	T
34	26	229	T
34	27	224	T
34	28	222	T
34	29	209	T
34	30	188	T
35	1	265	T
35	2	340	T
35	3	244	T
35	4	265	T
35	5	194	F
35	6	322	T
35	7	194	T
35	8	262	T
35	9	258	T
35	10	247	T
35	11	240	T
35	12	296	T
35	13	228	T
35	14	218	T
35	15	217	T
35	16	238	T
35	17	264	T
35	18	265	T
35	19	191	T
35	20	193	T
35	21	238	T
35	22	174	T
35	23	210	T
35	24	299	T
35	25	342	T
35	26	163	T
35	27	252	T
35	28	235	T
35	29	273	T
35	30	259	T
36	1	358	T
36	2	304	T
36	3	286	T
36	4	266	T
36	5	228	T
36	6	271	T
36	7	223	T
36	8	209	F
36	9	216	T
36	10	188	T
36	11	266	T
36	12	242	T
36	13	214	T
36	14	235	T
36	15	272	T
36	16	250	T
36	17	254	T
36	18	208	T
36	19	232	T
36	20	203	T
36	21	230	T
36	22	201	T
36	23	333	T
36	24	200	T
36	25	233	T
36	26	166	F
36	27	345	T
36	28	312	T
36	29	229	T
36	30	219	T
37	1	220	T
37	2	193	F
37	3	270	T
37	4	280	T
37	5	319	T
37	6	271	T
37	7	301	T
37	8	222	T
37	9	267	T
37	10	342	T
37	11	165	F
37	12	189	F
37	13	284	T
37	14	248	T
37	15	238	T
37	16	354	T
37	17	203	T
37	18	221	T
37	19	253	T
37	20	274	T
37	21	219	T
37	22	244	T
37	23	563	T
37	24	200	T
37	25	223	T
37	26	271	T
37	27	242	T
37	28	241	T
37	29	320	T
37	30	236	T
38	1	245	T
38	2	245	T
38	3	278	T
38	4	284	T
38	5	225	T
38	6	219	T
38	7	283	F
38	8	354	T
38	9	234	F
38	10	303	T
38	11	237	T
38	12	262	T
38	13	372	T
38	14	198	F
38	15	225	T
38	16	260	T
38	17	206	T
38	18	271	T
38	19	230	T
38	20	218	T
38	21	261	T
38	22	208	T
38	23	282	T
38	24	236	T
38	25	165	T
38	26	241	T
38	27	359	T
38	28	348	T
38	29	229	T
38	30	230	T
39	1	257	T
39	2	264	T
39	3	254	T
39	4	191	F
39	5	263	T
39	6	229	T
39	7	319	T
39	8	210	T
39	9	273	T
39	10	229	T
39	11	269	T
39	12	226	T
39	13	257	T
39	14	229	T
39	15	184	F
39	16	267	F
39	17	294	T
39	18	299	T
39	19	271	T
39	20	238	T
39	21	316	T
39	22	270	F
39	23	228	T
39	24	801	T
39	25	224	T
39	26	281	T
39	27	237	T
39	28	207	T
39	29	233	T
39	30	320	T
40	1	295	F
40	2	241	F
40	3	275	T
40	4	293	T
40	5	228	T
40	6	211	T
40	7	175	T
40	8	356	T
40	9	315	T
40	10	281	T
40	11	243	T
40	12	256	F
40	13	182	T
40	14	286	T
40	15	230	T
40	16	205	T
40	17	217	T
40	18	152	F
40	19	241	T
40	20	228	T
40	21	206	T
