NAME: 	ElenaVo_2day_lhand
Completed cycles:	39
Failed cycles:	1
Cycle	Trial	RT	Accuracy
1	1	691	T
1	2	335	T
1	3	260	T
1	4	296	T
1	5	309	T
1	6	229	T
1	7	261	T
1	8	282	T
1	9	236	T
1	10	241	T
1	11	269	T
1	12	273	T
1	13	222	F
1	14	261	T
1	15	251	T
1	16	249	T
1	17	214	T
1	18	274	T
1	19	244	T
1	20	281	T
1	21	275	T
1	22	287	T
1	23	383	T
1	24	289	T
1	25	293	T
1	26	249	T
1	27	235	T
1	28	249	T
1	29	306	T
1	30	225	T
2	1	304	T
2	2	292	T
2	3	363	T
2	4	235	F
2	5	314	T
2	6	286	T
2	7	275	T
2	8	307	T
2	9	301	T
2	10	193	T
2	11	301	T
2	12	235	T
2	13	233	T
2	14	226	T
2	15	344	T
2	16	376	T
2	17	298	T
2	18	263	T
2	19	230	T
2	20	261	T
2	21	345	T
2	22	273	T
2	23	280	T
2	24	295	T
2	25	286	T
2	26	246	T
2	27	261	T
2	28	242	T
2	29	309	T
2	30	226	T
3	1	338	T
3	2	240	T
3	3	284	T
3	4	256	T
3	5	314	T
3	6	289	T
3	7	273	T
3	8	308	T
3	9	238	T
3	10	250	T
3	11	226	T
3	12	232	T
3	13	251	T
3	14	254	T
3	15	201	T
3	16	225	T
3	17	256	T
3	18	261	T
3	19	279	T
3	20	248	T
3	21	309	T
3	22	286	T
3	23	243	T
3	24	237	T
3	25	237	T
3	26	232	T
3	27	275	T
3	28	289	T
3	29	225	T
3	30	273	T
4	1	351	T
4	2	293	T
4	3	292	T
4	4	279	T
4	5	290	T
4	6	283	T
4	7	309	T
4	8	241	T
4	9	217	T
4	10	246	T
4	11	289	T
4	12	325	T
4	13	339	T
4	14	187	T
4	15	275	T
4	16	208	T
4	17	284	T
4	18	248	T
4	19	269	T
4	20	255	T
4	21	226	T
4	22	337	T
4	23	251	T
4	24	258	T
4	25	228	T
4	26	260	T
4	27	395	T
4	28	249	T
4	29	317	T
4	30	242	T
5	1	448	T
5	2	227	T
5	3	374	T
5	4	259	T
5	5	267	T
5	6	307	T
5	7	264	T
5	8	238	T
5	9	248	T
5	10	213	T
5	11	243	T
5	12	205	T
5	13	230	T
5	14	285	T
5	15	305	T
5	16	215	T
5	17	356	T
5	18	193	T
5	19	271	T
5	20	253	T
5	21	255	T
5	22	265	T
5	23	310	T
5	24	328	T
5	25	231	T
5	26	219	T
5	27	262	T
5	28	225	T
5	29	241	T
5	30	292	T
6	1	213	T
6	2	287	T
6	3	324	T
6	4	208	T
6	5	316	T
6	6	264	T
6	7	191	T
6	8	265	T
6	9	409	T
6	10	213	T
6	11	288	T
6	12	281	T
6	13	250	T
6	14	287	T
6	15	301	T
6	16	258	T
6	17	269	T
6	18	268	T
6	19	271	T
6	20	396	T
6	21	292	T
6	22	220	T
6	23	260	T
6	24	234	T
6	25	262	T
6	26	217	T
6	27	372	T
6	28	212	T
6	29	228	T
6	30	267	T
7	1	285	T
7	2	281	T
7	3	224	F
7	4	231	T
7	5	259	T
7	6	361	T
7	7	335	T
7	8	216	T
7	9	283	T
7	10	188	T
7	11	279	T
7	12	327	T
7	13	255	T
7	14	261	T
7	15	314	T
7	16	311	T
7	17	221	T
7	18	239	T
7	19	348	T
7	20	342	T
7	21	194	T
7	22	347	T
7	23	240	T
7	24	315	T
7	25	302	T
7	26	225	T
7	27	240	T
7	28	392	T
7	29	262	T
7	30	216	T
8	1	223	T
8	2	232	T
8	3	271	T
8	4	276	T
8	5	263	T
8	6	263	T
8	7	310	T
8	8	323	T
8	9	307	T
8	10	237	T
8	11	345	T
8	12	342	T
8	13	214	T
8	14	303	T
8	15	318	T
8	16	271	T
8	17	252	T
8	18	255	T
8	19	345	T
8	20	396	T
8	21	221	T
8	22	235	T
8	23	283	T
8	24	228	T
8	25	246	T
8	26	265	T
8	27	310	T
8	28	346	T
8	29	318	T
8	30	265	T
9	1	311	T
9	2	211	T
9	3	247	T
9	4	234	T
9	5	231	T
9	6	295	T
9	7	262	T
9	8	243	T
9	9	241	T
9	10	245	T
9	11	266	T
9	12	282	T
9	13	267	T
9	14	284	T
9	15	275	T
9	16	264	T
9	17	293	T
9	18	246	T
9	19	260	T
9	20	257	T
9	21	270	T
9	22	301	T
9	23	268	T
9	24	313	T
9	25	389	T
9	26	256	T
9	27	316	T
9	28	259	T
9	29	270	T
9	30	343	T
10	1	308	T
10	2	268	T
10	3	282	T
10	4	309	T
10	5	231	T
10	6	221	T
10	7	278	T
10	8	276	T
10	9	332	T
10	10	242	T
10	11	235	T
10	12	372	T
10	13	250	T
10	14	319	T
10	15	346	T
10	16	213	T
10	17	304	T
10	18	318	T
10	19	308	T
10	20	191	T
10	21	253	T
10	22	313	T
10	23	197	F
10	24	278	T
10	25	331	T
10	26	287	T
10	27	280	T
10	28	280	T
10	29	313	T
10	30	277	T
11	1	252	T
11	2	345	T
11	3	293	T
11	4	247	T
11	5	252	T
11	6	299	T
11	7	333	T
11	8	282	T
11	9	286	T
11	10	244	T
11	11	233	T
11	12	302	T
11	13	277	T
11	14	246	T
11	15	335	T
11	16	247	T
11	17	247	T
11	18	245	T
11	19	271	T
11	20	300	T
11	21	249	T
11	22	273	T
11	23	325	T
11	24	263	T
11	25	215	T
11	26	254	T
11	27	251	T
11	28	236	T
11	29	317	T
11	30	296	T
12	1	313	T
12	2	266	T
12	3	221	T
12	4	232	T
12	5	262	T
12	6	219	T
12	7	274	F
12	8	251	T
12	9	281	T
12	10	315	T
12	11	235	T
12	12	247	T
12	13	231	T
12	14	290	T
12	15	208	T
12	16	221	F
12	17	270	T
12	18	348	T
12	19	284	T
12	20	280	T
12	21	295	T
12	22	283	T
12	23	224	T
12	24	255	T
12	25	229	T
12	26	262	T
12	27	264	T
12	28	230	T
12	29	274	T
12	30	224	T
13	1	334	T
13	2	261	T
13	3	282	T
13	4	264	T
13	5	300	T
13	6	347	T
13	7	358	T
13	8	219	T
13	9	227	T
13	10	307	T
13	11	333	T
13	12	280	T
13	13	259	T
13	14	261	T
13	15	282	T
13	16	228	T
13	17	335	T
13	18	305	T
13	19	252	T
13	20	225	T
13	21	229	T
13	22	239	T
13	23	257	T
13	24	335	T
13	25	343	T
13	26	336	T
13	27	268	T
13	28	245	T
13	29	261	T
13	30	298	T
14	1	258	T
14	2	310	T
14	3	268	T
14	4	274	T
14	5	402	T
14	6	192	T
14	7	228	T
14	8	250	T
14	9	213	T
14	10	281	T
14	11	236	T
14	12	294	T
14	13	392	T
14	14	266	T
14	15	228	T
14	16	277	T
14	17	291	T
14	18	252	T
14	19	294	T
14	20	243	T
14	21	227	T
14	22	285	T
14	23	259	T
14	24	385	T
14	25	210	T
14	26	250	T
14	27	321	T
14	28	279	T
14	29	402	T
14	30	209	T
15	1	235	T
15	2	241	T
15	3	237	T
15	4	260	T
15	5	242	T
15	6	241	T
15	7	302	T
15	8	338	T
15	9	333	T
15	10	286	T
15	11	218	T
15	12	405	T
15	13	300	T
15	14	316	T
15	15	283	T
15	16	241	T
15	17	303	T
15	18	313	T
15	19	326	T
15	20	336	T
15	21	229	T
15	22	299	T
15	23	201	T
15	24	215	T
15	25	253	T
15	26	238	T
15	27	264	T
15	28	231	T
15	29	274	T
15	30	260	T
16	1	337	T
16	2	500	T
16	3	404	T
16	4	346	T
16	5	271	T
16	6	280	T
16	7	283	T
16	8	292	T
16	9	279	T
16	10	266	T
16	11	325	T
16	12	333	T
16	13	209	T
16	14	298	T
16	15	320	T
16	16	404	T
16	17	231	T
16	18	276	T
16	19	293	T
16	20	253	T
16	21	439	T
16	22	237	F
16	23	257	T
16	24	245	T
16	25	278	T
16	26	177	T
16	27	294	T
16	28	271	T
16	29	274	T
16	30	291	T
17	1	235	T
17	2	323	T
17	3	340	T
17	4	246	T
17	5	359	T
17	6	276	T
17	7	314	T
17	8	246	T
17	9	273	T
17	10	246	T
17	11	328	T
17	12	200	T
17	13	249	T
17	14	240	T
17	15	316	T
17	16	307	T
17	17	271	T
17	18	298	T
17	19	188	T
17	20	250	T
17	21	277	T
17	22	294	T
17	23	281	T
17	24	288	T
17	25	225	T
17	26	240	T
17	27	300	T
17	28	350	T
17	29	230	T
17	30	229	T
18	1	308	T
18	2	261	T
18	3	343	T
18	4	244	T
18	5	243	T
18	6	249	T
18	7	287	T
18	8	230	T
18	9	226	T
18	10	236	T
18	11	348	T
18	12	244	T
18	13	273	T
18	14	245	T
18	15	237	T
18	16	252	F
18	17	225	T
18	18	253	T
18	19	246	T
18	20	408	T
18	21	280	T
18	22	259	T
18	23	296	T
18	24	204	T
18	25	294	T
18	26	283	T
18	27	268	T
18	28	192	F
18	29	190	T
18	30	301	T
19	1	289	T
19	2	248	T
19	3	263	T
19	4	282	T
19	5	264	T
19	6	314	T
19	7	341	T
19	8	201	F
19	9	279	T
19	10	259	T
19	11	271	T
19	12	291	T
19	13	318	T
19	14	414	T
19	15	300	T
19	16	228	T
19	17	256	T
19	18	249	T
19	19	330	T
19	20	271	T
19	21	236	T
19	22	276	T
19	23	274	T
19	24	236	T
19	25	224	T
19	26	267	T
19	27	289	T
19	28	303	T
19	29	217	T
19	30	222	T
20	1	266	T
20	2	226	T
20	3	242	T
20	4	277	T
20	5	237	T
20	6	295	T
20	7	316	T
20	8	193	T
20	9	223	T
20	10	241	T
20	11	224	T
20	12	250	T
20	13	276	T
20	14	260	T
20	15	214	T
20	16	214	T
20	17	240	T
20	18	241	T
20	19	238	T
20	20	292	T
20	21	214	F
20	22	274	T
20	23	303	T
20	24	369	T
20	25	273	T
20	26	350	T
20	27	229	T
20	28	267	T
20	29	221	F
20	30	299	T
21	1	399	T
21	2	284	T
21	3	235	T
21	4	290	T
21	5	230	T
21	6	235	T
21	7	274	T
21	8	282	T
21	9	286	T
21	10	218	T
21	11	237	T
21	12	301	T
21	13	230	T
21	14	254	T
21	15	245	T
21	16	254	T
21	17	236	T
21	18	230	T
21	19	229	T
21	20	249	T
21	21	242	T
21	22	248	T
21	23	281	T
21	24	196	T
21	25	211	T
21	26	284	T
21	27	279	T
21	28	433	T
21	29	199	T
21	30	339	T
22	1	334	T
22	2	303	T
22	3	206	T
22	4	251	T
22	5	240	T
22	6	258	T
22	7	396	T
22	8	253	T
22	9	294	T
22	10	275	T
22	11	239	T
22	12	316	T
22	13	329	T
22	14	364	T
22	15	253	T
22	16	449	T
22	17	289	T
22	18	311	T
22	19	340	T
22	20	270	T
22	21	285	T
22	22	230	T
22	23	273	T
22	24	196	T
22	25	264	T
22	26	351	T
22	27	282	T
22	28	283	T
22	29	290	T
22	30	270	T
23	1	324	T
23	2	212	T
23	3	264	T
23	4	208	T
23	5	204	T
23	6	384	T
23	7	211	F
23	8	308	T
23	9	242	T
23	10	249	T
23	11	263	T
23	12	239	T
23	13	237	T
23	14	317	T
23	15	365	T
23	16	243	T
23	17	237	T
23	18	310	T
23	19	269	T
23	20	389	T
23	21	235	T
23	22	300	T
23	23	202	T
23	24	232	T
23	25	240	T
23	26	230	T
23	27	292	T
23	28	304	T
23	29	193	T
23	30	237	T
24	1	214	T
24	2	301	T
24	3	374	T
24	4	247	T
24	5	276	T
24	6	245	T
24	7	468	T
24	8	273	T
24	9	228	T
24	10	329	T
24	11	258	T
24	12	266	T
24	13	203	T
24	14	282	T
24	15	299	T
24	16	368	T
24	17	179	T
24	18	282	T
24	19	265	T
24	20	279	T
24	21	335	T
24	22	258	T
24	23	200	T
24	24	198	T
24	25	243	T
24	26	273	T
24	27	221	T
24	28	229	T
24	29	320	T
24	30	304	T
25	1	342	T
25	2	326	T
25	3	298	T
25	4	254	T
25	5	290	T
25	6	261	T
25	7	216	T
25	8	276	T
25	9	222	T
25	10	244	T
25	11	287	T
25	12	242	T
25	13	230	T
25	14	261	T
25	15	244	T
25	16	226	T
25	17	273	T
25	18	210	T
25	19	219	F
25	20	217	F
25	21	330	T
25	22	262	T
25	23	214	T
25	24	171	T
25	25	305	T
25	26	227	T
25	27	230	T
25	28	272	T
25	29	203	T
25	30	213	T
26	1	456	T
26	2	355	T
26	3	282	T
26	4	261	T
26	5	165	F
26	6	217	T
26	7	261	T
26	8	290	T
26	9	204	T
26	10	270	T
26	11	367	T
26	12	323	F
26	13	294	T
26	14	234	T
26	15	239	T
26	16	234	T
26	17	325	T
26	18	205	T
26	19	245	T
26	20	228	T
26	21	239	T
26	22	225	T
26	23	263	T
26	24	292	T
26	25	255	T
26	26	227	T
26	27	263	T
26	28	278	T
26	29	259	T
26	30	287	F
27	1	192	T
27	2	234	T
27	3	344	T
27	4	237	T
27	5	289	T
27	6	185	T
27	7	297	T
27	8	171	T
27	9	207	T
27	10	280	T
27	11	178	T
27	12	214	T
27	13	270	T
27	14	319	T
27	15	309	T
27	16	375	T
27	17	251	T
27	18	254	T
27	19	236	T
27	20	247	T
27	21	211	T
27	22	234	T
27	23	229	T
27	24	359	T
27	25	211	T
27	26	252	T
27	27	215	T
27	28	192	T
27	29	277	T
27	30	230	T
28	1	321	T
28	2	404	T
28	3	404	F
28	4	310	T
28	5	241	T
28	6	184	T
28	7	228	T
28	8	284	T
28	9	247	T
28	10	198	T
28	11	282	T
28	12	298	T
28	13	372	T
28	14	206	T
28	15	331	T
28	16	245	F
28	17	218	T
28	18	256	T
28	19	237	T
28	20	368	T
28	21	291	T
28	22	215	T
28	23	234	T
28	24	296	T
28	25	234	T
28	26	217	T
28	27	244	T
28	28	266	T
28	29	316	T
28	30	194	F
29	1	269	T
29	2	288	T
29	3	373	T
29	4	295	T
29	5	262	T
29	6	322	T
29	7	347	T
29	8	282	T
29	9	228	T
29	10	287	T
29	11	237	T
29	12	235	T
29	13	201	T
29	14	293	T
29	15	361	T
29	16	195	F
29	17	273	T
29	18	314	T
29	19	244	T
29	20	233	F
29	21	242	T
29	22	264	T
29	23	217	T
29	24	327	T
29	25	237	T
29	26	247	T
29	27	266	T
29	28	270	T
29	29	234	T
29	30	215	T
30	1	256	T
30	2	197	T
30	3	207	T
30	4	249	T
30	5	238	T
30	6	245	T
30	7	201	T
30	8	240	T
30	9	272	T
30	10	210	T
30	11	339	T
30	12	206	T
30	13	238	T
30	14	282	T
30	15	271	T
30	16	207	F
30	17	266	T
30	18	320	T
30	19	259	T
30	20	236	T
30	21	269	T
30	22	243	T
30	23	248	T
30	24	217	T
30	25	288	T
30	26	279	T
30	27	264	T
30	28	241	T
30	29	289	T
30	30	219	T
31	1	313	T
31	2	298	T
31	3	293	T
31	4	242	T
31	5	241	T
31	6	271	T
31	7	247	T
31	8	249	T
31	9	233	T
31	10	274	T
31	11	228	T
31	12	273	T
31	13	365	T
31	14	248	T
31	15	275	T
31	16	267	T
31	17	273	T
31	18	235	T
31	19	286	T
31	20	374	T
31	21	224	T
31	22	273	T
31	23	252	T
31	24	277	T
31	25	246	T
31	26	269	T
31	27	254	T
31	28	267	T
31	29	197	T
31	30	313	T
32	1	255	T
32	2	261	T
32	3	285	T
32	4	226	T
32	5	272	T
32	6	296	T
32	7	365	T
32	8	233	F
32	9	276	T
32	10	285	T
32	11	257	T
32	12	228	T
32	13	218	T
32	14	183	T
32	15	296	T
32	16	257	T
32	17	258	T
32	18	192	T
32	19	183	T
32	20	259	F
32	21	234	T
32	22	250	T
32	23	254	T
32	24	241	T
32	25	305	T
32	26	270	T
32	27	278	T
32	28	223	T
32	29	231	T
32	30	267	T
33	1	322	T
33	2	303	T
33	3	245	T
33	4	239	T
33	5	297	T
33	6	265	T
33	7	245	T
33	8	286	T
33	9	278	T
33	10	361	T
33	11	319	T
33	12	268	T
33	13	222	T
33	14	235	T
33	15	252	T
33	16	260	F
33	17	241	T
33	18	285	T
33	19	283	T
33	20	216	T
33	21	234	T
33	22	229	T
33	23	278	T
33	24	326	T
33	25	320	T
33	26	208	T
33	27	273	T
33	28	196	T
33	29	204	T
33	30	258	F
34	1	246	T
34	2	283	T
34	3	266	T
34	4	339	T
34	5	264	T
34	6	243	T
34	7	323	T
34	8	350	T
34	9	243	T
34	10	189	T
34	11	238	T
34	12	241	T
34	13	216	T
34	14	179	T
34	15	221	T
34	16	317	T
34	17	335	T
34	18	376	T
34	19	271	T
34	20	338	T
34	21	276	T
34	22	213	T
34	23	251	T
34	24	204	T
34	25	209	T
34	26	198	T
34	27	227	T
34	28	434	T
34	29	249	T
34	30	270	T
35	1	391	T
35	2	251	T
35	3	270	T
35	4	265	T
35	5	226	T
35	6	269	T
35	7	412	T
35	8	246	T
35	9	235	T
35	10	290	T
35	11	440	T
35	12	240	T
35	13	279	T
35	14	181	T
35	15	249	T
35	16	273	T
35	17	200	T
35	18	244	T
35	19	275	T
35	20	179	T
35	21	229	T
35	22	293	T
35	23	307	T
35	24	262	T
35	25	226	T
35	26	223	T
35	27	239	T
35	28	337	T
35	29	248	T
35	30	268	T
36	1	288	T
36	2	252	T
36	3	216	T
36	4	304	T
36	5	322	T
36	6	251	T
36	7	262	T
36	8	278	T
36	9	239	T
36	10	222	T
36	11	228	T
36	12	275	T
36	13	324	T
36	14	242	F
36	15	254	T
36	16	383	T
36	17	339	T
36	18	370	T
36	19	239	T
36	20	203	T
36	21	211	T
36	22	276	T
36	23	229	T
36	24	208	T
36	25	242	T
36	26	270	T
36	27	325	T
36	28	254	T
36	29	257	T
36	30	197	T
37	1	367	T
37	2	259	T
37	3	353	T
37	4	248	T
37	5	211	T
37	6	269	T
37	7	263	T
37	8	269	T
37	9	244	T
37	10	259	T
37	11	238	T
37	12	295	T
37	13	233	T
37	14	210	T
37	15	300	T
37	16	221	T
37	17	210	T
37	18	265	T
37	19	255	T
37	20	210	F
37	21	315	T
37	22	257	T
37	23	204	T
37	24	248	T
37	25	224	F
37	26	232	T
37	27	282	T
37	28	268	T
37	29	209	T
37	30	254	T
38	1	269	T
38	2	298	T
38	3	260	T
38	4	219	T
38	5	236	T
38	6	259	T
38	7	236	T
38	8	326	T
38	9	272	T
38	10	181	T
38	11	257	T
38	12	295	T
38	13	302	T
38	14	355	T
38	15	204	T
38	16	231	T
38	17	310	T
38	18	209	F
38	19	277	T
38	20	244	T
38	21	346	T
38	22	253	F
38	23	227	T
38	24	228	T
38	25	306	T
38	26	324	T
38	27	217	T
38	28	369	T
38	29	224	T
38	30	424	T
39	1	194	F
39	2	226	T
39	3	179	T
39	4	289	T
39	5	257	T
39	6	240	T
39	7	199	T
39	8	235	T
39	9	195	T
39	10	250	T
39	11	166	T
39	12	257	T
39	13	192	T
39	14	247	T
39	15	384	T
39	16	238	F
39	17	308	T
39	18	196	T
39	19	253	T
39	20	232	T
39	21	249	T
39	22	308	T
39	23	268	T
39	24	214	T
39	25	190	T
39	26	211	T
39	27	230	T
39	28	225	T
39	29	295	T
39	30	306	T
40	1	261	T
40	2	244	T
40	3	256	T
40	4	328	T
40	5	269	T
40	6	261	T
40	7	163	T
40	8	212	T
40	9	262	T
40	10	174	T
40	11	216	F
40	12	102	T
40	13	263	T
40	14	193	T
40	15	228	T
40	16	82	T
40	17	286	T
40	18	182	F
40	19	237	T
40	20	267	T
40	21	260	T
40	22	262	T
40	23	382	T
40	24	266	T
