NAME: 	Lisa_4day_rhand
Completed cycles:	40
Failed cycles:	1
1	1	631
1	2	152
1	3	227
1	4	241
1	5	261
1	6	277
1	7	173
1	8	231
1	9	153
1	10	262
1	11	202
1	12	175
1	13	315
1	14	170
1	15	216
1	16	204
1	17	205
1	18	231
1	19	160
1	20	197
1	21	184
1	22	232
1	23	186
1	24	175
1	25	173
1	26	255
1	27	173
1	28	281
1	29	221
1	30	157
2	1	264
2	2	203
2	3	291
2	4	208
2	5	402
2	6	230
2	7	201
2	8	310
2	9	175
2	10	261
2	11	320
2	12	326
2	13	290
2	14	233
2	15	262
2	16	283
2	17	151
2	18	286
2	19	211
2	20	294
2	21	248
2	22	282
2	23	257
2	24	240
2	25	190
2	26	202
2	27	218
2	28	259
2	29	178
2	30	277
3	1	204
3	2	262
3	3	222
3	4	229
3	5	198
3	6	243
3	7	183
3	8	209
3	9	199
3	10	196
3	11	205
3	12	275
3	13	272
3	14	402
3	15	286
3	16	199
3	17	201
3	18	403
3	19	258
3	20	213
3	21	206
3	22	288
3	23	162
3	24	321
3	25	185
3	26	195
3	27	198
3	28	268
3	29	288
3	30	247
4	1	354
4	2	184
4	3	150
4	4	284
4	5	271
4	6	191
4	7	375
4	8	184
4	9	228
4	10	242
4	11	210
4	12	277
4	13	182
4	14	159
4	15	210
4	16	171
4	17	215
4	18	230
4	19	206
4	20	205
4	21	246
4	22	207
4	23	308
4	24	255
4	25	155
4	26	341
4	27	203
4	28	213
4	29	304
4	30	215
5	1	346
5	2	231
5	3	264
5	4	311
5	5	177
5	6	145
5	7	290
5	8	344
5	9	257
5	10	165
5	11	227
5	12	237
5	13	281
5	14	281
5	15	200
5	16	308
5	17	249
5	18	182
5	19	284
5	20	398
5	21	330
5	22	191
5	23	210
5	24	228
5	25	246
5	26	387
5	27	429
5	28	181
5	29	143
5	30	323
6	1	286
6	2	229
6	3	172
6	4	342
6	5	278
6	6	284
6	7	167
6	8	196
6	9	187
6	10	237
6	11	216
6	12	221
6	13	293
6	14	222
6	15	219
6	16	232
6	17	238
6	18	184
6	19	204
6	20	487
6	21	253
6	22	184
6	23	151
6	24	356
6	25	227
6	26	480
6	27	237
6	28	256
6	29	178
6	30	204
7	1	195
7	2	269
7	3	294
7	4	176
7	5	258
7	6	184
7	7	244
7	8	252
7	9	249
7	10	208
7	11	198
7	12	288
7	13	242
7	14	439
7	15	172
7	16	162
7	17	298
7	18	375
7	19	189
7	20	170
7	21	225
7	22	481
7	23	222
7	24	239
7	25	192
7	26	334
7	27	265
7	28	293
7	29	276
7	30	380
8	1	359
8	2	343
8	3	252
8	4	292
8	5	233
8	6	266
8	7	262
8	8	175
8	9	242
8	10	231
8	11	265
8	12	389
8	13	231
8	14	381
8	15	301
8	16	191
8	17	250
8	18	273
8	19	236
8	20	344
8	21	160
8	22	418
8	23	329
8	24	216
8	25	201
8	26	264
8	27	204
8	28	199
8	29	238
8	30	268
9	1	409
9	2	288
9	3	184
9	4	212
9	5	271
9	6	252
9	7	176
9	8	191
9	9	265
9	10	210
9	11	200
9	12	197
9	13	197
9	14	217
9	15	519
9	16	277
9	17	214
9	18	181
9	19	204
9	20	181
9	21	410
9	22	204
9	23	209
9	24	388
9	25	179
9	26	200
9	27	273
9	28	351
9	29	205
9	30	329
10	1	315
10	2	275
10	3	283
10	4	338
10	5	169
10	6	283
10	7	218
10	8	379
10	9	213
10	10	214
10	11	226
10	12	243
10	13	195
10	14	380
10	15	232
10	16	249
10	17	338
10	18	200
10	19	178
10	20	207
10	21	176
10	22	258
10	23	176
10	24	285
10	25	195
10	26	292
10	27	340
10	28	361
10	29	370
10	30	369
11	1	197
11	2	220
11	3	177
11	4	188
11	5	180
11	6	227
11	7	268
11	8	196
11	9	415
11	10	230
11	11	265
11	12	309
11	13	316
11	14	226
11	15	237
11	16	215
11	17	288
11	18	186
11	19	227
11	20	269
11	21	213
11	22	250
11	23	190
11	24	166
11	25	209
11	26	260
11	27	450
11	28	319
11	29	222
11	30	220
12	1	256
12	2	398
12	3	198
12	4	289
12	5	257
12	6	222
12	7	246
12	8	226
12	9	281
12	10	194
12	11	339
12	12	260
12	13	177
12	14	143
12	15	280
12	16	175
12	17	276
12	18	255
12	19	213
12	20	232
12	21	149
12	22	177
12	23	243
12	24	188
12	25	228
12	26	363
12	27	219
12	28	260
12	29	176
12	30	186
13	1	178
13	2	278
13	3	235
13	4	359
13	5	206
13	6	192
13	7	198
13	8	347
13	9	200
13	10	191
13	11	253
13	12	197
13	13	158
13	14	277
13	15	144
13	16	211
13	17	271
13	18	243
13	19	218
13	20	266
13	21	236
13	22	173
13	23	200
13	24	269
13	25	360
13	26	222
13	27	235
13	28	293
13	29	288
13	30	254
14	1	212
14	2	344
14	3	301
14	4	195
14	5	184
14	6	208
14	7	473
14	8	268
14	9	224
14	10	400
14	11	236
14	12	304
14	13	201
14	14	226
14	15	232
14	16	239
14	17	258
14	18	277
14	19	259
14	20	180
14	21	240
14	22	317
14	23	594
14	24	235
14	25	155
14	26	218
14	27	250
14	28	177
14	29	234
14	30	367
15	1	404
15	2	289
15	3	284
15	4	257
15	5	163
15	6	265
15	7	204
15	8	346
15	9	155
15	10	199
15	11	227
15	12	187
15	13	275
15	14	196
15	15	212
15	16	235
15	17	236
15	18	215
15	19	241
15	20	297
15	21	333
15	22	299
15	23	271
15	24	319
15	25	260
15	26	308
15	27	449
15	28	324
15	29	239
15	30	224
16	1	589
16	2	288
16	3	210
16	4	209
16	5	241
16	6	335
16	7	275
16	8	204
16	9	193
16	10	363
16	11	220
16	12	309
16	13	255
16	14	176
16	15	413
16	16	217
16	17	462
16	18	245
16	19	263
16	20	287
16	21	224
16	22	167
16	23	204
16	24	183
16	25	218
16	26	300
16	27	211
16	28	218
16	29	200
16	30	557
17	1	209
17	2	231
17	3	209
17	4	274
17	5	236
17	6	388
17	7	303
17	8	265
17	9	197
17	10	228
17	11	284
17	12	141
17	13	191
17	14	226
17	15	191
17	16	271
17	17	218
17	18	177
17	19	237
17	20	201
17	21	304
17	22	422
17	23	290
17	24	410
17	25	193
17	26	191
17	27	259
17	28	189
17	29	178
17	30	263
18	1	272
18	2	347
18	3	142
18	4	237
18	5	195
18	6	296
18	7	232
18	8	144
18	9	257
18	10	282
18	11	159
18	12	289
18	13	280
18	14	258
18	15	302
18	16	471
18	17	291
18	18	242
18	19	116
18	20	259
18	21	282
18	22	286
18	23	188
18	24	189
18	25	282
18	26	311
18	27	247
18	28	205
18	29	284
18	30	409
19	1	206
19	2	242
19	3	180
19	4	297
19	5	239
19	6	180
19	7	162
19	8	282
19	9	202
19	10	190
19	11	300
19	12	210
19	13	382
19	14	323
19	15	283
19	16	322
19	17	204
19	18	178
19	19	286
19	20	282
19	21	261
19	22	210
19	23	264
19	24	507
19	25	183
19	26	107
19	27	264
19	28	231
19	29	333
19	30	270
20	1	131
20	2	223
20	3	312
20	4	429
20	5	334
20	6	274
20	7	236
20	8	444
20	9	239
20	10	217
20	11	219
20	12	187
20	13	258
20	14	291
20	15	234
20	16	150
20	17	318
20	18	206
20	19	223
20	20	220
20	21	214
20	22	327
20	23	201
20	24	270
20	25	197
20	26	288
20	27	257
20	28	179
20	29	248
20	30	266
21	1	203
21	2	360
21	3	493
21	4	304
21	5	306
21	6	309
21	7	189
21	8	239
21	9	205
21	10	375
21	11	189
21	12	245
21	13	452
21	14	246
21	15	207
21	16	243
21	17	270
21	18	247
21	19	250
21	20	194
21	21	243
21	22	351
21	23	225
21	24	380
21	25	225
21	26	206
21	27	192
21	28	147
21	29	295
21	30	185
22	1	341
22	2	209
22	3	248
22	4	160
22	5	217
22	6	302
22	7	284
22	8	237
22	9	322
22	10	254
22	11	234
22	12	287
22	13	189
22	14	251
22	15	267
22	16	249
22	17	177
22	18	173
22	19	266
22	20	420
22	21	184
22	22	378
22	23	261
22	24	176
22	25	523
22	26	216
22	27	231
22	28	291
22	29	245
22	30	274
23	1	292
23	2	298
23	3	247
23	4	160
23	5	232
23	6	254
23	7	156
23	8	230
23	9	227
23	10	184
23	11	245
23	12	237
23	13	257
23	14	202
23	15	279
23	16	201
23	17	188
23	18	270
23	19	184
23	20	317
23	21	297
23	22	185
23	23	266
23	24	251
23	25	334
23	26	295
23	27	205
23	28	423
23	29	271
23	30	299
24	1	309
24	2	381
24	3	456
24	4	201
24	5	84
24	6	341
24	7	242
24	8	406
24	9	298
24	10	187
24	11	195
24	12	301
24	13	273
24	14	338
24	15	346
24	16	273
24	17	268
24	18	354
24	19	225
24	20	189
24	21	261
24	22	235
24	23	217
24	24	203
24	25	307
24	26	213
24	27	161
24	28	194
24	29	200
24	30	334
25	1	266
25	2	189
25	3	113
25	4	177
25	5	192
25	6	430
25	7	226
25	8	251
25	9	160
25	10	244
25	11	231
25	12	220
25	13	205
25	14	204
25	15	343
25	16	267
25	17	355
25	18	327
25	19	277
25	20	287
25	21	269
25	22	142
25	23	199
25	24	236
25	25	144
25	26	272
25	27	175
25	28	190
25	29	432
25	30	219
26	1	259
26	2	207
26	3	182
26	4	411
26	5	351
26	6	341
26	7	258
26	8	175
26	9	283
26	10	184
26	11	220
26	12	279
26	13	231
26	14	204
26	15	249
26	16	255
26	17	173
26	18	165
26	19	318
26	20	210
26	21	172
26	22	256
26	23	218
26	24	180
26	25	182
26	26	183
26	27	172
26	28	196
26	29	161
26	30	192
27	1	243
27	2	172
27	3	501
27	4	200
27	5	219
27	6	260
27	7	262
27	8	210
27	9	284
27	10	276
27	11	252
27	12	140
27	13	126
27	14	139
27	15	224
27	16	475
27	17	233
27	18	313
27	19	172
27	20	316
27	21	367
27	22	324
27	23	197
27	24	145
27	25	187
27	26	453
27	27	271
27	28	301
27	29	243
27	30	275
28	1	210
28	2	300
28	3	213
28	4	102
28	5	231
28	6	276
28	7	162
28	8	265
28	9	206
28	10	275
28	11	195
28	12	157
28	13	211
28	14	467
28	15	364
28	16	212
28	17	198
28	18	209
28	19	282
28	20	239
28	21	301
28	22	290
28	23	187
28	24	104
28	25	285
28	26	169
28	27	316
28	28	198
28	29	251
28	30	238
29	1	266
29	2	286
29	3	180
29	4	139
29	5	304
29	6	185
29	7	219
29	8	392
29	9	276
29	10	276
29	11	195
29	12	213
29	13	218
29	14	188
29	15	172
29	16	352
29	17	175
29	18	214
29	19	197
29	20	215
29	21	198
29	22	197
29	23	304
29	24	190
29	25	250
29	26	338
29	27	247
29	28	249
29	29	296
29	30	323
30	1	268
30	2	277
30	3	242
30	4	258
30	5	208
30	6	366
30	7	242
30	8	264
30	9	180
30	10	316
30	11	109
30	12	214
30	13	206
30	14	273
30	15	179
30	16	363
30	17	190
30	18	182
30	19	216
30	20	221
30	21	202
30	22	266
30	23	187
30	24	164
30	25	291
30	26	176
30	27	216
30	28	265
30	29	253
30	30	188
31	1	240
31	2	259
31	3	368
31	4	254
31	5	236
31	6	313
31	7	258
31	8	176
31	9	207
31	10	326
31	11	234
31	12	149
31	13	267
31	14	196
31	15	272
31	16	149
31	17	160
31	18	240
31	19	208
31	20	361
31	21	277
31	22	222
31	23	204
31	24	402
31	25	167
31	26	178
31	27	174
31	28	200
31	29	369
31	30	190
32	1	198
32	2	318
32	3	189
32	4	218
32	5	289
32	6	280
32	7	203
32	8	232
32	9	178
32	10	180
32	11	203
32	12	184
32	13	212
32	14	223
32	15	263
32	16	219
32	17	218
32	18	200
32	19	251
32	20	223
32	21	210
32	22	207
32	23	274
32	24	224
32	25	196
32	26	181
32	27	369
32	28	427
32	29	202
32	30	327
33	1	323
33	2	231
33	3	279
33	4	216
33	5	213
33	6	229
33	7	179
33	8	333
33	9	261
33	10	271
33	11	161
33	12	235
33	13	214
33	14	191
33	15	194
33	16	212
33	17	253
33	18	318
33	19	262
33	20	211
33	21	197
33	22	183
33	23	241
33	24	518
33	25	366
33	26	208
33	27	194
33	28	373
33	29	184
33	30	214
34	1	360
34	2	247
34	3	254
34	4	362
34	5	219
34	6	184
34	7	276
34	8	290
34	9	399
34	10	239
34	11	241
34	12	242
34	13	260
34	14	233
34	15	145
34	16	268
34	17	320
34	18	188
34	19	233
34	20	276
34	21	179
34	22	277
34	23	153
34	24	288
34	25	364
34	26	154
34	27	254
34	28	194
34	29	332
34	30	362
35	1	213
35	2	368
35	3	259
35	4	212
35	5	516
35	6	220
35	7	207
35	8	192
35	9	242
35	10	232
35	11	225
35	12	292
35	13	224
35	14	415
35	15	289
35	16	201
35	17	286
35	18	429
35	19	202
35	20	199
35	21	200
35	22	170
35	23	215
35	24	196
35	25	250
35	26	207
35	27	165
35	28	218
35	29	189
35	30	203
36	1	229
36	2	344
36	3	214
36	4	202
36	5	213
36	6	276
36	7	192
36	8	242
36	9	493
36	10	255
36	11	181
36	12	164
36	13	216
36	14	189
36	15	222
36	16	271
36	17	234
36	18	279
36	19	189
36	20	342
36	21	234
36	22	304
36	23	270
36	24	239
36	25	302
36	26	248
36	27	268
36	28	293
36	29	198
36	30	227
37	1	279
37	2	282
37	3	309
37	4	349
37	5	175
37	6	93
37	7	288
37	8	289
37	9	255
37	10	290
37	11	161
37	12	200
37	13	285
37	14	177
37	15	299
37	16	164
37	17	111
37	18	177
37	19	283
37	20	208
37	21	361
37	22	167
37	23	309
37	24	199
37	25	184
37	26	365
37	27	208
37	28	213
37	29	151
37	30	305
38	1	245
38	2	327
38	3	198
38	4	280
38	5	257
38	6	430
38	7	285
38	8	207
38	9	213
38	10	168
38	11	229
38	12	321
38	13	448
38	14	485
38	15	306
38	16	153
38	17	223
38	18	161
38	19	279
38	20	353
38	21	208
38	22	247
38	23	188
38	24	192
38	25	190
38	26	209
38	27	272
38	28	216
38	29	333
38	30	174
39	1	202
39	2	290
39	3	203
39	4	189
39	5	237
39	6	265
39	7	264
39	8	378
39	9	205
39	10	191
39	11	192
39	12	191
39	13	216
39	14	202
39	15	221
39	16	232
39	17	212
39	18	163
39	19	236
39	20	225
39	21	216
39	22	277
39	23	291
39	24	194
39	25	181
39	26	242
39	27	240
39	28	174
39	29	323
39	30	307
40	1	228
40	2	203
40	3	203
40	4	285
40	5	262
40	6	218
40	7	233
40	8	274
40	9	151
40	10	268
40	11	100
40	12	311
40	13	218
40	14	306
40	15	214
40	16	242
40	17	300
40	18	272
40	19	271
40	20	274
40	21	222
40	22	116
40	23	288
40	24	198
40	25	257
40	26	333
40	27	241
40	28	213
40	29	190
40	30	251
41	1	271
41	2	294
41	3	209
41	4	239
