NAME: 	Lisa_4day_lhand
Completed cycles:	40
Failed cycles:	1
1	1	328
1	2	253
1	3	259
1	4	259
1	5	236
1	6	282
1	7	307
1	8	202
1	9	278
1	10	226
1	11	271
1	12	260
1	13	223
1	14	294
1	15	256
1	16	202
1	17	307
1	18	220
1	19	252
1	20	248
1	21	199
1	22	271
1	23	175
1	24	194
1	25	229
1	26	225
1	27	262
1	28	206
1	29	248
1	30	213
2	1	245
2	2	224
2	3	206
2	4	268
2	5	279
2	6	271
2	7	214
2	8	313
2	9	188
2	10	218
2	11	202
2	12	274
2	13	186
2	14	223
2	15	329
2	16	253
2	17	218
2	18	255
2	19	178
2	20	221
2	21	325
2	22	227
2	23	208
2	24	220
2	25	203
2	26	227
2	27	169
2	28	254
2	29	326
2	30	191
3	1	252
3	2	282
3	3	209
3	4	213
3	5	325
3	6	231
3	7	190
3	8	216
3	9	247
3	10	342
3	11	173
3	12	266
3	13	185
3	14	278
3	15	402
3	16	143
3	17	198
3	18	213
3	19	272
3	20	256
3	21	177
3	22	178
3	23	229
3	24	326
3	25	226
3	26	296
3	27	189
3	28	356
3	29	242
3	30	258
4	1	250
4	2	222
4	3	187
4	4	183
4	5	154
4	6	185
4	7	188
4	8	278
4	9	236
4	10	332
4	11	272
4	12	413
4	13	241
4	14	323
4	15	243
4	16	303
4	17	209
4	18	209
4	19	230
4	20	330
4	21	219
4	22	416
4	23	223
4	24	281
4	25	216
4	26	516
4	27	254
4	28	256
4	29	164
4	30	218
5	1	249
5	2	223
5	3	339
5	4	324
5	5	230
5	6	235
5	7	314
5	8	207
5	9	233
5	10	277
5	11	285
5	12	298
5	13	255
5	14	185
5	15	253
5	16	405
5	17	310
5	18	218
5	19	293
5	20	209
5	21	223
5	22	224
5	23	265
5	24	319
5	25	257
5	26	443
5	27	196
5	28	240
5	29	287
5	30	267
6	1	405
6	2	210
6	3	217
6	4	277
6	5	338
6	6	209
6	7	183
6	8	278
6	9	228
6	10	195
6	11	210
6	12	292
6	13	330
6	14	267
6	15	294
6	16	223
6	17	192
6	18	301
6	19	250
6	20	279
6	21	328
6	22	195
6	23	286
6	24	280
6	25	197
6	26	400
6	27	184
6	28	326
6	29	216
6	30	251
7	1	160
7	2	203
7	3	307
7	4	302
7	5	273
7	6	230
7	7	194
7	8	268
7	9	287
7	10	276
7	11	196
7	12	190
7	13	216
7	14	226
7	15	204
7	16	195
7	17	201
7	18	260
7	19	253
7	20	290
7	21	167
7	22	190
7	23	194
7	24	265
7	25	252
7	26	249
7	27	294
7	28	260
7	29	310
7	30	294
8	1	192
8	2	231
8	3	216
8	4	241
8	5	174
8	6	309
8	7	278
8	8	265
8	9	218
8	10	218
8	11	147
8	12	214
8	13	441
8	14	184
8	15	151
8	16	460
8	17	240
8	18	231
8	19	188
8	20	208
8	21	339
8	22	228
8	23	253
8	24	286
8	25	194
8	26	288
8	27	511
8	28	289
8	29	183
8	30	257
9	1	214
9	2	320
9	3	225
9	4	274
9	5	195
9	6	296
9	7	244
9	8	212
9	9	247
9	10	271
9	11	282
9	12	214
9	13	192
9	14	260
9	15	241
9	16	170
9	17	202
9	18	195
9	19	218
9	20	242
9	21	198
9	22	213
9	23	521
9	24	214
9	25	333
9	26	417
9	27	183
9	28	213
9	29	215
9	30	531
10	1	252
10	2	508
10	3	280
10	4	255
10	5	190
10	6	199
10	7	268
10	8	136
10	9	244
10	10	205
10	11	225
10	12	302
10	13	267
10	14	219
10	15	228
10	16	248
10	17	226
10	18	268
10	19	232
10	20	218
10	21	254
10	22	253
10	23	182
10	24	249
10	25	226
10	26	224
10	27	219
10	28	424
10	29	290
10	30	290
11	1	285
11	2	361
11	3	394
11	4	347
11	5	265
11	6	200
11	7	233
11	8	233
11	9	277
11	10	216
11	11	265
11	12	235
11	13	238
11	14	247
11	15	286
11	16	417
11	17	380
11	18	244
11	19	269
11	20	243
11	21	233
11	22	214
11	23	220
11	24	321
11	25	241
11	26	211
11	27	204
11	28	497
11	29	224
11	30	194
12	1	371
12	2	250
12	3	241
12	4	211
12	5	196
12	6	300
12	7	186
12	8	210
12	9	265
12	10	224
12	11	303
12	12	282
12	13	202
12	14	207
12	15	209
12	16	233
12	17	221
12	18	175
12	19	300
12	20	201
12	21	238
12	22	482
12	23	305
12	24	220
12	25	211
12	26	320
12	27	267
12	28	229
12	29	174
12	30	273
13	1	294
13	2	252
13	3	216
13	4	273
13	5	305
13	6	289
13	7	250
13	8	259
13	9	202
13	10	217
13	11	226
13	12	188
13	13	335
13	14	234
13	15	225
13	16	180
13	17	265
13	18	253
13	19	373
13	20	215
13	21	269
13	22	179
13	23	383
13	24	210
13	25	194
13	26	303
13	27	310
13	28	248
13	29	214
13	30	239
14	1	278
14	2	293
14	3	221
14	4	301
14	5	196
14	6	222
14	7	284
14	8	170
14	9	257
14	10	155
14	11	215
14	12	233
14	13	183
14	14	264
14	15	196
14	16	276
14	17	213
14	18	227
14	19	261
14	20	192
14	21	259
14	22	184
14	23	414
14	24	270
14	25	187
14	26	223
14	27	221
14	28	222
14	29	190
14	30	213
15	1	332
15	2	249
15	3	203
15	4	243
15	5	244
15	6	313
15	7	198
15	8	197
15	9	225
15	10	178
15	11	200
15	12	249
15	13	434
15	14	230
15	15	193
15	16	194
15	17	220
15	18	225
15	19	257
15	20	230
15	21	268
15	22	275
15	23	209
15	24	247
15	25	212
15	26	228
15	27	262
15	28	172
15	29	149
15	30	223
16	1	323
16	2	335
16	3	195
16	4	186
16	5	187
16	6	352
16	7	210
16	8	322
16	9	258
16	10	491
16	11	305
16	12	164
16	13	326
16	14	197
16	15	227
16	16	261
16	17	237
16	18	211
16	19	248
16	20	302
16	21	287
16	22	166
16	23	267
16	24	278
16	25	336
16	26	244
16	27	276
16	28	235
16	29	590
16	30	264
17	1	269
17	2	204
17	3	202
17	4	185
17	5	283
17	6	190
17	7	228
17	8	268
17	9	216
17	10	177
17	11	177
17	12	212
17	13	210
17	14	304
17	15	178
17	16	359
17	17	266
17	18	213
17	19	186
17	20	388
17	21	297
17	22	435
17	23	278
17	24	227
17	25	213
17	26	297
17	27	286
17	28	239
17	29	265
17	30	212
18	1	332
18	2	256
18	3	177
18	4	228
18	5	449
18	6	280
18	7	318
18	8	291
18	9	570
18	10	191
18	11	381
18	12	209
18	13	225
18	14	183
18	15	157
18	16	377
18	17	224
18	18	241
18	19	383
18	20	231
18	21	198
18	22	199
18	23	333
18	24	243
18	25	207
18	26	222
18	27	367
18	28	256
18	29	240
18	30	191
19	1	191
19	2	206
19	3	228
19	4	247
19	5	290
19	6	174
19	7	150
19	8	249
19	9	226
19	10	221
19	11	309
19	12	201
19	13	182
19	14	162
19	15	270
19	16	445
19	17	197
19	18	302
19	19	225
19	20	381
19	21	210
19	22	244
19	23	276
19	24	282
19	25	204
19	26	273
19	27	336
19	28	348
19	29	244
19	30	301
20	1	255
20	2	247
20	3	209
20	4	229
20	5	369
20	6	253
20	7	248
20	8	283
20	9	256
20	10	259
20	11	205
20	12	216
20	13	233
20	14	233
20	15	167
20	16	167
20	17	211
20	18	455
20	19	253
20	20	147
20	21	274
20	22	180
20	23	226
20	24	284
20	25	156
20	26	290
20	27	203
20	28	205
20	29	297
20	30	243
21	1	399
21	2	291
21	3	244
21	4	215
21	5	250
21	6	315
21	7	259
21	8	178
21	9	330
21	10	254
21	11	273
21	12	180
21	13	272
21	14	216
21	15	275
21	16	331
21	17	478
21	18	185
21	19	209
21	20	213
21	21	212
21	22	464
21	23	223
21	24	233
21	25	190
21	26	212
21	27	220
21	28	275
21	29	297
21	30	189
22	1	196
22	2	237
22	3	201
22	4	245
22	5	194
22	6	222
22	7	181
22	8	200
22	9	218
22	10	119
22	11	265
22	12	205
22	13	213
22	14	369
22	15	212
22	16	249
22	17	192
22	18	196
22	19	180
22	20	213
22	21	198
22	22	228
22	23	218
22	24	251
22	25	194
22	26	171
22	27	227
22	28	229
22	29	206
22	30	274
23	1	261
23	2	206
23	3	171
23	4	364
23	5	213
23	6	190
23	7	292
23	8	172
23	9	210
23	10	199
23	11	469
23	12	175
23	13	278
23	14	132
23	15	254
23	16	309
23	17	223
23	18	279
23	19	232
23	20	124
23	21	281
23	22	249
23	23	243
23	24	278
23	25	259
23	26	238
23	27	196
23	28	188
23	29	202
23	30	300
24	1	364
24	2	152
24	3	290
24	4	272
24	5	182
24	6	166
24	7	351
24	8	201
24	9	226
24	10	272
24	11	392
24	12	214
24	13	605
24	14	238
24	15	225
24	16	201
24	17	178
24	18	216
24	19	470
24	20	276
24	21	171
24	22	268
24	23	245
24	24	207
24	25	283
24	26	275
24	27	284
24	28	244
24	29	324
24	30	196
25	1	291
25	2	231
25	3	362
25	4	230
25	5	198
25	6	260
25	7	271
25	8	256
25	9	271
25	10	322
25	11	210
25	12	298
25	13	312
25	14	332
25	15	145
25	16	259
25	17	187
25	18	433
25	19	267
25	20	344
25	21	218
25	22	204
25	23	296
25	24	197
25	25	232
25	26	215
25	27	406
25	28	327
25	29	242
25	30	266
26	1	243
26	2	110
26	3	248
26	4	317
26	5	203
26	6	282
26	7	227
26	8	221
26	9	201
26	10	183
26	11	306
26	12	297
26	13	353
26	14	160
26	15	217
26	16	207
26	17	318
26	18	326
26	19	291
26	20	436
26	21	377
26	22	184
26	23	303
26	24	314
26	25	212
26	26	238
26	27	185
26	28	201
26	29	327
26	30	177
27	1	297
27	2	557
27	3	259
27	4	230
27	5	236
27	6	332
27	7	261
27	8	233
27	9	210
27	10	261
27	11	175
27	12	242
27	13	225
27	14	282
27	15	281
27	16	154
27	17	265
27	18	233
27	19	335
27	20	217
27	21	265
27	22	194
27	23	206
27	24	220
27	25	186
27	26	285
27	27	276
27	28	440
27	29	276
27	30	287
28	1	183
28	2	206
28	3	258
28	4	201
28	5	237
28	6	215
28	7	239
28	8	228
28	9	223
28	10	181
28	11	222
28	12	266
28	13	276
28	14	219
28	15	204
28	16	200
28	17	237
28	18	229
28	19	198
28	20	316
28	21	326
28	22	407
28	23	174
28	24	156
28	25	270
28	26	346
28	27	195
28	28	229
28	29	232
28	30	216
29	1	491
29	2	269
29	3	523
29	4	235
29	5	290
29	6	208
29	7	269
29	8	209
29	9	297
29	10	240
29	11	205
29	12	303
29	13	257
29	14	210
29	15	264
29	16	174
29	17	161
29	18	185
29	19	249
29	20	206
29	21	375
29	22	210
29	23	294
29	24	220
29	25	221
29	26	303
29	27	228
29	28	355
29	29	156
29	30	252
30	1	183
30	2	254
30	3	366
30	4	232
30	5	203
30	6	226
30	7	249
30	8	341
30	9	241
30	10	186
30	11	297
30	12	208
30	13	244
30	14	225
30	15	235
30	16	214
30	17	217
30	18	294
30	19	179
30	20	252
30	21	194
30	22	221
30	23	173
30	24	454
30	25	245
30	26	270
30	27	547
30	28	224
30	29	278
30	30	299
31	1	258
31	2	238
31	3	182
31	4	222
31	5	412
31	6	458
31	7	270
31	8	259
31	9	179
31	10	304
31	11	199
31	12	183
31	13	176
31	14	172
31	15	322
31	16	228
31	17	220
31	18	201
31	19	223
31	20	365
31	21	222
31	22	238
31	23	147
31	24	335
31	25	232
31	26	403
31	27	392
31	28	204
31	29	156
31	30	239
32	1	447
32	2	313
32	3	171
32	4	239
32	5	206
32	6	189
32	7	177
32	8	282
32	9	198
32	10	214
32	11	283
32	12	213
32	13	224
32	14	200
32	15	155
32	16	264
32	17	179
32	18	352
32	19	198
32	20	128
32	21	425
32	22	191
32	23	227
32	24	518
32	25	186
32	26	181
32	27	265
32	28	204
32	29	303
32	30	218
33	1	240
33	2	198
33	3	198
33	4	336
33	5	320
33	6	155
33	7	211
33	8	304
33	9	260
33	10	241
33	11	122
33	12	340
33	13	187
33	14	220
33	15	331
33	16	249
33	17	221
33	18	229
33	19	337
33	20	183
33	21	223
33	22	184
33	23	167
33	24	193
33	25	121
33	26	189
33	27	206
33	28	220
33	29	235
33	30	342
34	1	243
34	2	341
34	3	191
34	4	233
34	5	436
34	6	308
34	7	209
34	8	263
34	9	187
34	10	281
34	11	205
34	12	220
34	13	385
34	14	350
34	15	226
34	16	256
34	17	233
34	18	220
34	19	229
34	20	406
34	21	320
34	22	207
34	23	388
34	24	207
34	25	243
34	26	298
34	27	191
34	28	206
34	29	412
34	30	204
35	1	285
35	2	215
35	3	375
35	4	437
35	5	174
35	6	304
35	7	200
35	8	471
35	9	312
35	10	222
35	11	209
35	12	314
35	13	322
35	14	271
35	15	323
35	16	275
35	17	163
35	18	241
35	19	345
35	20	234
35	21	234
35	22	243
35	23	187
35	24	252
35	25	275
35	26	186
35	27	255
35	28	433
35	29	218
35	30	296
36	1	220
36	2	372
36	3	224
36	4	249
36	5	172
36	6	247
36	7	210
36	8	319
36	9	332
36	10	183
36	11	404
36	12	200
36	13	339
36	14	193
36	15	441
36	16	144
36	17	338
36	18	202
36	19	165
36	20	247
36	21	273
36	22	279
36	23	218
36	24	172
36	25	255
36	26	212
36	27	215
36	28	199
36	29	277
36	30	340
37	1	232
37	2	198
37	3	279
37	4	176
37	5	399
37	6	207
37	7	225
37	8	264
37	9	281
37	10	191
37	11	186
37	12	216
37	13	367
37	14	392
37	15	348
37	16	356
37	17	235
37	18	276
37	19	127
37	20	241
37	21	240
37	22	185
37	23	203
37	24	321
37	25	233
37	26	243
37	27	247
37	28	197
37	29	364
37	30	224
38	1	350
38	2	203
38	3	215
38	4	210
38	5	308
38	6	247
38	7	182
38	8	189
38	9	235
38	10	215
38	11	229
38	12	230
38	13	281
38	14	183
38	15	288
38	16	255
38	17	235
38	18	319
38	19	207
38	20	251
38	21	191
38	22	212
38	23	224
38	24	215
38	25	202
38	26	198
38	27	280
38	28	253
38	29	284
38	30	251
39	1	520
39	2	188
39	3	235
39	4	249
39	5	258
39	6	214
39	7	189
39	8	250
39	9	249
39	10	228
39	11	309
39	12	225
39	13	329
39	14	229
39	15	211
39	16	195
39	17	302
39	18	210
39	19	220
39	20	164
39	21	242
39	22	283
39	23	326
39	24	391
39	25	316
39	26	206
39	27	215
39	28	319
39	29	172
39	30	206
40	1	211
40	2	188
40	3	185
40	4	254
40	5	367
40	6	299
40	7	250
40	8	211
40	9	257
40	10	193
40	11	239
40	12	208
40	13	189
40	14	292
40	15	244
40	16	239
40	17	178
40	18	237
40	19	275
40	20	186
40	21	218
40	22	300
40	23	323
40	24	275
40	25	197
40	26	188
40	27	230
40	28	200
40	29	181
40	30	228
41	1	336
41	2	198
41	3	227
